#
# A fatal error has been detected by the Java Runtime Environment:
#
#  SIGSEGV (0xb) at pc=0x00007faf705d1cf0, pid=19600, tid=0x00007faf89215700
#
# JRE version: OpenJDK Runtime Environment (8.0_212-b03) (build 1.8.0_212-8u212-b03-0ubuntu1.16.04.1-b03)
# Java VM: OpenJDK 64-Bit Server VM (25.212-b03 mixed mode linux-amd64 compressed oops)
# Problematic frame:
# C  0x00007faf705d1cf0
#
# Failed to write core dump. Core dumps have been disabled. To enable core dumping, try "ulimit -c unlimited" before starting Java again
#
# If you would like to submit a bug report, please visit:
#   http://bugreport.java.com/bugreport/crash.jsp
# The crash happened outside the Java Virtual Machine in native code.
# See problematic frame for where to report the bug.
#

---------------  T H R E A D  ---------------

Current thread (0x00007fafe442f000):  JavaThread "LWJGL Application" [_thread_in_native, id=19625, stack(0x00007faf89115000,0x00007faf89216000)]

siginfo: si_signo: 11 (SIGSEGV), si_code: 2 (SEGV_ACCERR), si_addr: 0x00007faf705d1cf0

Registers:
RAX=0x00007faf70000078, RBX=0x00007faf70a24380, RCX=0x00007faf89214650, RDX=0x00007faf70a203d0
RSP=0x00007faf892145e8, RBP=0x00007faf89214650, RSI=0x00007faf705507e0, RDI=0x00007faf705d1d00
R8 =0x0000000000000000, R9 =0x0000000000000001, R10=0x00007fafd4bfd3db, R11=0x00007fafe9f3b780
R12=0x00007faf705507e0, R13=0x00007faf705507e0, R14=0x00007faf892147b0, R15=0x00007fafe442f000
RIP=0x00007faf705d1cf0, EFLAGS=0x0000000000010206, CSGSFS=0x002b000000000033, ERR=0x0000000000000015
  TRAPNO=0x000000000000000e

Top of Stack: (sp=0x00007faf892145e8)
0x00007faf892145e8:   00007faf7cc966f9 00007faf70a203d0
0x00007faf892145f8:   00007faf70a203d0 00007faf70a24380
0x00007faf89214608:   00007faf705507e0 00007faf89214650
0x00007faf89214618:   00007faf7cc95151 00000000ecdd50f0
0x00007faf89214628:   00007faf7ca7c8f8 00007faf89214738
0x00007faf89214638:   0000000000000000 00007faf7ca7c8f8
0x00007faf89214648:   00007faf7cc9c5de 00007faf705d1d00
0x00007faf89214658:   0000000000000000 000000003f000000
0x00007faf89214668:   0001ae0000000000 00007faf0000ffff
0x00007faf89214678:   75010546655ca600 00007fafcdde2ff0
0x00007faf89214688:   00007fafd4bfd407 00007fafffffffff
0x00007faf89214698:   0000000000000000 00007fafcdde3028
0x00007faf892146a8:   0000000000000000 00007faf892146c8
0x00007faf892146b8:   00007faf89214720 00007fafd4beca40
0x00007faf892146c8:   0000000000000001 00000000ecb93e48
0x00007faf892146d8:   0000000000000001 00007faf892146e0
0x00007faf892146e8:   00007fafcdde0f97 00007faf892147b0
0x00007faf892146f8:   00007faf892146f8 0000000000000000
0x00007faf89214708:   00007faf892147b0 00007faf7ca81028
0x00007faf89214718:   0000000000000000 00007faf7ca7c8f8
0x00007faf89214728:   0000000000000000 00007faf89214758
0x00007faf89214738:   00007faf892147f8 00007fafd4becb10
0x00007faf89214748:   0000000000000000 00007fafd4bf6a57
0x00007faf89214758:   0000000000000000 00000000ffffffff
0x00007faf89214768:   0000000000000001 0000000000000000
0x00007faf89214778:   0000000000000000 0000000000000000
0x00007faf89214788:   000000003f000000 00007faf705d1d00
0x00007faf89214798:   00000000ecdd4e98 00007faf70a203d0
0x00007faf892147a8:   00007fafd4becd80 00000000ecdd4e98
0x00007faf892147b8:   00007faf892147b8 00007faf7ca7c7f9
0x00007faf892147c8:   00007faf89214828 00007faf7ca81028
0x00007faf892147d8:   0000000000000000 00007faf7ca7c870 

Instructions: (pc=0x00007faf705d1cf0)
0x00007faf705d1cd0:   00 00 00 00 6f 64 65 6c 00 00 00 00 00 00 00 00
0x00007faf705d1ce0:   20 d3 72 7f af 7f 00 00 b0 84 5d 70 af 7f 00 00
0x00007faf705d1cf0:   73 70 6f 73 65 00 00 00 b1 00 00 00 00 00 00 00
0x00007faf705d1d00:   78 00 00 70 af 7f 00 00 78 00 00 70 af 7f 00 00 

Register to memory mapping:

RAX=0x00007faf70000078 is an unknown value
RBX=0x00007faf70a24380 is an unknown value
RCX=0x00007faf89214650 is pointing into the stack for thread: 0x00007fafe442f000
RDX=0x00007faf70a203d0 is an unknown value
RSP=0x00007faf892145e8 is pointing into the stack for thread: 0x00007fafe442f000
RBP=0x00007faf89214650 is pointing into the stack for thread: 0x00007fafe442f000
RSI=0x00007faf705507e0 is an unknown value
RDI=0x00007faf705d1d00 is an unknown value
R8 =0x0000000000000000 is an unknown value
R9 =0x0000000000000001 is an unknown value
R10=0x00007fafd4bfd3db is at code_begin+859 in an Interpreter codelet
method entry point (kind = native)  [0x00007fafd4bfd080, 0x00007fafd4bfda00]  2432 bytes
R11=0x00007fafe9f3b780: <offset 0x969780> in /usr/lib/jvm/java-8-openjdk-amd64/jre/lib/amd64/server/libjvm.so at 0x00007fafe95d2000
R12=0x00007faf705507e0 is an unknown value
R13=0x00007faf705507e0 is an unknown value
R14=0x00007faf892147b0 is pointing into the stack for thread: 0x00007fafe442f000
R15=0x00007fafe442f000 is a thread


Stack: [0x00007faf89115000,0x00007faf89216000],  sp=0x00007faf892145e8,  free space=1021k
Native frames: (J=compiled Java code, j=interpreted, Vv=VM code, C=native code)
C  0x00007faf705d1cf0
C  0x0000000000000000

Java frames: (J=compiled Java code, j=interpreted, Vv=VM code)
j  com.badlogic.gdx.physics.box2d.Body.jniCreateFixture(JJFFFZSSS)J+0
j  com.badlogic.gdx.physics.box2d.Body.createFixture(Lcom/badlogic/gdx/physics/box2d/FixtureDef;)Lcom/badlogic/gdx/physics/box2d/Fixture;+49
j  com.mygdx.game.Play.show()V+220
j  com.badlogic.gdx.Game.setScreen(Lcom/badlogic/gdx/Screen;)V+32
j  com.mygdx.game.gameClass.create()V+8
j  com.badlogic.gdx.backends.lwjgl.LwjglApplication.mainLoop()V+29
j  com.badlogic.gdx.backends.lwjgl.LwjglApplication$1.run()V+27
v  ~StubRoutines::call_stub

---------------  P R O C E S S  ---------------

Java Threads: ( => current thread )
  0x00007faf70002800 JavaThread "process reaper" daemon [_thread_blocked, id=19628, stack(0x00007fafc4036000,0x00007fafc406f000)]
  0x00007fafe400c000 JavaThread "DestroyJavaVM" [_thread_blocked, id=19605, stack(0x00007fafeb236000,0x00007fafeb337000)]
=>0x00007fafe442f000 JavaThread "LWJGL Application" [_thread_in_native, id=19625, stack(0x00007faf89115000,0x00007faf89216000)]
  0x00007fafe4385800 JavaThread "AWT-XAWT" daemon [_thread_in_native, id=19621, stack(0x00007fafc4d9e000,0x00007fafc4e9f000)]
  0x00007fafe4364800 JavaThread "Java2D Disposer" daemon [_thread_blocked, id=19620, stack(0x00007fafc52af000,0x00007fafc53b0000)]
  0x00007fafe40ca800 JavaThread "Service Thread" daemon [_thread_blocked, id=19617, stack(0x00007fafc74f0000,0x00007fafc75f1000)]
  0x00007fafe40bf000 JavaThread "C1 CompilerThread2" daemon [_thread_blocked, id=19616, stack(0x00007fafcc019000,0x00007fafcc11a000)]
  0x00007fafe40bd800 JavaThread "C2 CompilerThread1" daemon [_thread_blocked, id=19615, stack(0x00007fafcc11a000,0x00007fafcc21b000)]
  0x00007fafe40ba800 JavaThread "C2 CompilerThread0" daemon [_thread_blocked, id=19614, stack(0x00007fafcc21b000,0x00007fafcc31c000)]
  0x00007fafe40b9000 JavaThread "Signal Dispatcher" daemon [_thread_blocked, id=19613, stack(0x00007fafcc31c000,0x00007fafcc41d000)]
  0x00007fafe4086000 JavaThread "Finalizer" daemon [_thread_blocked, id=19612, stack(0x00007fafcc41d000,0x00007fafcc51e000)]
  0x00007fafe4083000 JavaThread "Reference Handler" daemon [_thread_blocked, id=19611, stack(0x00007fafcc51e000,0x00007fafcc61f000)]

Other Threads:
  0x00007fafe4079800 VMThread [stack: 0x00007fafcc61f000,0x00007fafcc720000] [id=19610]
  0x00007fafe40cd000 WatcherThread [stack: 0x00007fafc73ef000,0x00007fafc74f0000] [id=19618]

VM state:not at safepoint (normal execution)

VM Mutex/Monitor currently owned by a thread: None

heap address: 0x00000000c3c00000, size: 964 MB, Compressed Oops mode: 32-bit
Narrow klass base: 0x0000000000000000, Narrow klass shift: 3
Compressed class space size: 1073741824 Address: 0x0000000100000000

Heap:
 PSYoungGen      total 18432K, used 15421K [0x00000000ebf00000, 0x00000000ed380000, 0x0000000100000000)
  eden space 15872K, 97% used [0x00000000ebf00000,0x00000000ece0f660,0x00000000ece80000)
  from space 2560K, 0% used [0x00000000ed100000,0x00000000ed100000,0x00000000ed380000)
  to   space 2560K, 0% used [0x00000000ece80000,0x00000000ece80000,0x00000000ed100000)
 ParOldGen       total 42496K, used 0K [0x00000000c3c00000, 0x00000000c6580000, 0x00000000ebf00000)
  object space 42496K, 0% used [0x00000000c3c00000,0x00000000c3c00000,0x00000000c6580000)
 Metaspace       used 9119K, capacity 9309K, committed 9472K, reserved 1058816K
  class space    used 863K, capacity 935K, committed 1024K, reserved 1048576K

Card table byte_map: [0x00007fafd4642000,0x00007fafd4825000] byte_map_base: 0x00007fafd4024000

Marking Bits: (ParMarkBitMap*) 0x00007fafea505580
 Begin Bits: [0x00007fafce1e0000, 0x00007fafcf0f0000)
 End Bits:   [0x00007fafcf0f0000, 0x00007fafd0000000)

Polling page: 0x00007fafeb358000

CodeCache: size=245760Kb used=2564Kb max_used=2564Kb free=243195Kb
 bounds [0x00007fafd4be5000, 0x00007fafd4e75000, 0x00007fafe3be5000]
 total_blobs=1180 nmethods=588 adapters=507
 compilation: enabled

Compilation events (10 events):
Event: 1.088 Thread 0x00007fafe40bf000  584       3       java.util.jar.Attributes::getValue (9 bytes)
Event: 1.088 Thread 0x00007fafe40bf000 nmethod 584 0x00007fafd4e63b10 code [0x00007fafd4e63ca0, 0x00007fafd4e64008]
Event: 1.088 Thread 0x00007fafe40bf000  585       3       java.util.jar.Attributes::get (11 bytes)
Event: 1.088 Thread 0x00007fafe40bf000 nmethod 585 0x00007fafd4e64150 code [0x00007fafd4e642c0, 0x00007fafd4e644e8]
Event: 1.089 Thread 0x00007fafe40bf000  586   !   3       java.util.zip.ZipFile$ZipFileInflaterInputStream::close (67 bytes)
Event: 1.090 Thread 0x00007fafe40bf000 nmethod 586 0x00007fafd4e64590 code [0x00007fafd4e64760, 0x00007fafd4e64f58]
Event: 1.090 Thread 0x00007fafe40bf000  587       3       java.util.zip.InflaterInputStream::close (34 bytes)
Event: 1.090 Thread 0x00007fafe40bf000 nmethod 587 0x00007fafd4e65310 code [0x00007fafd4e654a0, 0x00007fafd4e65798]
Event: 1.091 Thread 0x00007fafe40bf000  588       3       java.util.zip.ZipEntry::getSize (5 bytes)
Event: 1.091 Thread 0x00007fafe40bf000 nmethod 588 0x00007fafd4e65890 code [0x00007fafd4e659e0, 0x00007fafd4e65b30]

GC Heap History (0 events):
No events

Deoptimization events (3 events):
Event: 0.176 Thread 0x00007fafe400c000 Uncommon trap: reason=unstable_if action=reinterpret pc=0x00007fafd4d2b2b8 method=java.lang.String.indexOf([CII[CIII)I @ 134
Event: 0.205 Thread 0x00007fafe400c000 Uncommon trap: reason=unstable_if action=reinterpret pc=0x00007fafd4d209c4 method=java.lang.String.indexOf(II)I @ 49
Event: 0.512 Thread 0x00007fafe442f000 Uncommon trap: reason=unstable_if action=reinterpret pc=0x00007fafd4da76bc method=java.lang.String.replace(CC)Ljava/lang/String; @ 26

Classes redefined (0 events):
No events

Internal exceptions (10 events):
Event: 0.416 Thread 0x00007fafe400c000 Exception <a 'java/security/PrivilegedActionException'> (0x00000000ec4f38f8) thrown at [/build/openjdk-8-lHVHKD/openjdk-8-8u212-b03/src/hotspot/src/share/vm/prims/jvm.cpp, line 1502]
Event: 0.416 Thread 0x00007fafe400c000 Exception <a 'java/security/PrivilegedActionException'> (0x00000000ec4f4550) thrown at [/build/openjdk-8-lHVHKD/openjdk-8-8u212-b03/src/hotspot/src/share/vm/prims/jvm.cpp, line 1502]
Event: 0.416 Thread 0x00007fafe400c000 Exception <a 'java/security/PrivilegedActionException'> (0x00000000ec4f5178) thrown at [/build/openjdk-8-lHVHKD/openjdk-8-8u212-b03/src/hotspot/src/share/vm/prims/jvm.cpp, line 1502]
Event: 0.416 Thread 0x00007fafe400c000 Exception <a 'java/security/PrivilegedActionException'> (0x00000000ec4f72c8) thrown at [/build/openjdk-8-lHVHKD/openjdk-8-8u212-b03/src/hotspot/src/share/vm/prims/jvm.cpp, line 1502]
Event: 0.416 Thread 0x00007fafe400c000 Exception <a 'java/security/PrivilegedActionException'> (0x00000000ec4f7f20) thrown at [/build/openjdk-8-lHVHKD/openjdk-8-8u212-b03/src/hotspot/src/share/vm/prims/jvm.cpp, line 1502]
Event: 0.416 Thread 0x00007fafe400c000 Exception <a 'java/security/PrivilegedActionException'> (0x00000000ec4f8b48) thrown at [/build/openjdk-8-lHVHKD/openjdk-8-8u212-b03/src/hotspot/src/share/vm/prims/jvm.cpp, line 1502]
Event: 0.416 Thread 0x00007fafe400c000 Exception <a 'java/security/PrivilegedActionException'> (0x00000000ec4faa50) thrown at [/build/openjdk-8-lHVHKD/openjdk-8-8u212-b03/src/hotspot/src/share/vm/prims/jvm.cpp, line 1502]
Event: 0.416 Thread 0x00007fafe400c000 Exception <a 'java/security/PrivilegedActionException'> (0x00000000ec4fb6a8) thrown at [/build/openjdk-8-lHVHKD/openjdk-8-8u212-b03/src/hotspot/src/share/vm/prims/jvm.cpp, line 1502]
Event: 0.416 Thread 0x00007fafe400c000 Exception <a 'java/security/PrivilegedActionException'> (0x00000000ec4fc2d0) thrown at [/build/openjdk-8-lHVHKD/openjdk-8-8u212-b03/src/hotspot/src/share/vm/prims/jvm.cpp, line 1502]
Event: 0.545 Thread 0x00007fafe442f000 Exception <a 'java/lang/NoClassDefFoundError': org/lwjgl/opengles/GLContext> (0x00000000ec7ef738) thrown at [/build/openjdk-8-lHVHKD/openjdk-8-8u212-b03/src/hotspot/src/share/vm/classfile/systemDictionary.cpp, line 199]

Events (10 events):
Event: 1.092 loading class com/badlogic/gdx/physics/box2d/MassData
Event: 1.092 loading class com/badlogic/gdx/physics/box2d/MassData done
Event: 1.092 loading class com/badlogic/gdx/physics/box2d/Fixture
Event: 1.093 loading class com/badlogic/gdx/physics/box2d/Fixture done
Event: 1.093 loading class com/badlogic/gdx/physics/box2d/CircleShape
Event: 1.093 loading class com/badlogic/gdx/physics/box2d/CircleShape done
Event: 1.093 loading class com/badlogic/gdx/physics/box2d/EdgeShape
Event: 1.093 loading class com/badlogic/gdx/physics/box2d/EdgeShape done
Event: 1.094 loading class com/badlogic/gdx/physics/box2d/ChainShape
Event: 1.094 loading class com/badlogic/gdx/physics/box2d/ChainShape done


Dynamic libraries:
00400000-00401000 r-xp 00000000 08:01 4723398                            /usr/lib/jvm/java-8-openjdk-amd64/jre/bin/java
00600000-00601000 r--p 00000000 08:01 4723398                            /usr/lib/jvm/java-8-openjdk-amd64/jre/bin/java
00601000-00602000 rw-p 00001000 08:01 4723398                            /usr/lib/jvm/java-8-openjdk-amd64/jre/bin/java
0151c000-0153d000 rw-p 00000000 00:00 0                                  [heap]
c3c00000-c6580000 rw-p 00000000 00:00 0 
c6580000-ebf00000 ---p 00000000 00:00 0 
ebf00000-ed380000 rw-p 00000000 00:00 0 
ed380000-100000000 ---p 00000000 00:00 0 
100000000-100100000 rw-p 00000000 00:00 0 
100100000-140000000 ---p 00000000 00:00 0 
7faf70000000-7faf70a31000 rw-p 00000000 00:00 0 
7faf70a31000-7faf74000000 ---p 00000000 00:00 0 
7faf74000000-7faf74021000 rw-p 00000000 00:00 0 
7faf74021000-7faf78000000 ---p 00000000 00:00 0 
7faf78000000-7faf78021000 rw-p 00000000 00:00 0 
7faf78021000-7faf7c000000 ---p 00000000 00:00 0 
7faf7ca61000-7faf7caa1000 rw-p 00000000 00:00 0 
7faf7caa1000-7faf7cc61000 ---p 00000000 00:00 0 
7faf7cc61000-7faf7ccad000 r-xp 00000000 08:01 1970585                    /tmp/libgdxfoysal/38f2459b/libgdx-box2d64.so
7faf7ccad000-7faf7ceac000 ---p 0004c000 08:01 1970585                    /tmp/libgdxfoysal/38f2459b/libgdx-box2d64.so
7faf7ceac000-7faf7ceae000 r--p 0004b000 08:01 1970585                    /tmp/libgdxfoysal/38f2459b/libgdx-box2d64.so
7faf7ceae000-7faf7ceaf000 rw-p 0004d000 08:01 1970585                    /tmp/libgdxfoysal/38f2459b/libgdx-box2d64.so
7faf7ceaf000-7faf7e260000 rw-p 00000000 00:00 0 
7faf7e260000-7faf7e2d4000 rw-p 00000000 00:00 0 
7faf7e3ab000-7faf7e3b3000 r-xp 00000000 08:01 4728267                    /usr/lib/x86_64-linux-gnu/libpciaccess.so.0.11.1
7faf7e3b3000-7faf7e5b3000 ---p 00008000 08:01 4728267                    /usr/lib/x86_64-linux-gnu/libpciaccess.so.0.11.1
7faf7e5b3000-7faf7e5b4000 r--p 00008000 08:01 4728267                    /usr/lib/x86_64-linux-gnu/libpciaccess.so.0.11.1
7faf7e5b4000-7faf7e5b5000 rw-p 00009000 08:01 4728267                    /usr/lib/x86_64-linux-gnu/libpciaccess.so.0.11.1
7faf7e5b5000-7faf7e5c0000 r-xp 00000000 08:01 4727612                    /usr/lib/x86_64-linux-gnu/libdrm_radeon.so.1.0.1
7faf7e5c0000-7faf7e7bf000 ---p 0000b000 08:01 4727612                    /usr/lib/x86_64-linux-gnu/libdrm_radeon.so.1.0.1
7faf7e7bf000-7faf7e7c0000 r--p 0000a000 08:01 4727612                    /usr/lib/x86_64-linux-gnu/libdrm_radeon.so.1.0.1
7faf7e7c0000-7faf7e7c1000 rw-p 0000b000 08:01 4727612                    /usr/lib/x86_64-linux-gnu/libdrm_radeon.so.1.0.1
7faf7e7c1000-7faf7e7c8000 r-xp 00000000 08:01 4727610                    /usr/lib/x86_64-linux-gnu/libdrm_nouveau.so.2.0.0
7faf7e7c8000-7faf7e9c7000 ---p 00007000 08:01 4727610                    /usr/lib/x86_64-linux-gnu/libdrm_nouveau.so.2.0.0
7faf7e9c7000-7faf7e9c8000 r--p 00006000 08:01 4727610                    /usr/lib/x86_64-linux-gnu/libdrm_nouveau.so.2.0.0
7faf7e9c8000-7faf7e9c9000 rw-p 00007000 08:01 4727610                    /usr/lib/x86_64-linux-gnu/libdrm_nouveau.so.2.0.0
7faf7e9c9000-7faf7e9eb000 r-xp 00000000 08:01 4727608                    /usr/lib/x86_64-linux-gnu/libdrm_intel.so.1.0.0
7faf7e9eb000-7faf7ebeb000 ---p 00022000 08:01 4727608                    /usr/lib/x86_64-linux-gnu/libdrm_intel.so.1.0.0
7faf7ebeb000-7faf7ebec000 r--p 00022000 08:01 4727608                    /usr/lib/x86_64-linux-gnu/libdrm_intel.so.1.0.0
7faf7ebec000-7faf7ebed000 rw-p 00023000 08:01 4727608                    /usr/lib/x86_64-linux-gnu/libdrm_intel.so.1.0.0
7faf7ebed000-7faf7f4cd000 r-xp 00000000 08:01 4983000                    /usr/lib/x86_64-linux-gnu/dri/i965_dri.so
7faf7f4cd000-7faf7f6cd000 ---p 008e0000 08:01 4983000                    /usr/lib/x86_64-linux-gnu/dri/i965_dri.so
7faf7f6cd000-7faf7f71d000 r--p 008e0000 08:01 4983000                    /usr/lib/x86_64-linux-gnu/dri/i965_dri.so
7faf7f71d000-7faf7f728000 rw-p 00930000 08:01 4983000                    /usr/lib/x86_64-linux-gnu/dri/i965_dri.so
7faf7f728000-7faf7f7cd000 rw-p 00000000 00:00 0 
7faf7f7cd000-7faf7f7dd000 r-xp 00000000 08:01 4727604                    /usr/lib/x86_64-linux-gnu/libdrm.so.2.4.0
7faf7f7dd000-7faf7f9dd000 ---p 00010000 08:01 4727604                    /usr/lib/x86_64-linux-gnu/libdrm.so.2.4.0
7faf7f9dd000-7faf7f9de000 r--p 00010000 08:01 4727604                    /usr/lib/x86_64-linux-gnu/libdrm.so.2.4.0
7faf7f9de000-7faf7f9df000 rw-p 00011000 08:01 4727604                    /usr/lib/x86_64-linux-gnu/libdrm.so.2.4.0
7faf7f9df000-7faf7f9e3000 r-xp 00000000 08:01 4728684                    /usr/lib/x86_64-linux-gnu/libxcb-dri2.so.0.0.0
7faf7f9e3000-7faf7fbe2000 ---p 00004000 08:01 4728684                    /usr/lib/x86_64-linux-gnu/libxcb-dri2.so.0.0.0
7faf7fbe2000-7faf7fbe3000 r--p 00003000 08:01 4728684                    /usr/lib/x86_64-linux-gnu/libxcb-dri2.so.0.0.0
7faf7fbe3000-7faf7fbe4000 rw-p 00004000 08:01 4728684                    /usr/lib/x86_64-linux-gnu/libxcb-dri2.so.0.0.0
7faf7fbe4000-7faf7fbfb000 r-xp 00000000 08:01 4728688                    /usr/lib/x86_64-linux-gnu/libxcb-glx.so.0.0.0
7faf7fbfb000-7faf7fdfa000 ---p 00017000 08:01 4728688                    /usr/lib/x86_64-linux-gnu/libxcb-glx.so.0.0.0
7faf7fdfa000-7faf7fdfc000 r--p 00016000 08:01 4728688                    /usr/lib/x86_64-linux-gnu/libxcb-glx.so.0.0.0
7faf7fdfc000-7faf7fdfd000 rw-p 00018000 08:01 4728688                    /usr/lib/x86_64-linux-gnu/libxcb-glx.so.0.0.0
7faf7fdfd000-7faf7fdfe000 r-xp 00000000 08:01 4727286                    /usr/lib/x86_64-linux-gnu/libX11-xcb.so.1.0.0
7faf7fdfe000-7faf7fffd000 ---p 00001000 08:01 4727286                    /usr/lib/x86_64-linux-gnu/libX11-xcb.so.1.0.0
7faf7fffd000-7faf7fffe000 r--p 00000000 08:01 4727286                    /usr/lib/x86_64-linux-gnu/libX11-xcb.so.1.0.0
7faf7fffe000-7faf7ffff000 rw-p 00001000 08:01 4727286                    /usr/lib/x86_64-linux-gnu/libX11-xcb.so.1.0.0
7faf7ffff000-7faf84000000 rw-s 00000000 00:19 20                         /dev/shm/pulse-shm-1812835152
7faf84000000-7faf84021000 rw-p 00000000 00:00 0 
7faf84021000-7faf88000000 ---p 00000000 00:00 0 
7faf88034000-7faf88036000 r-xp 00000000 08:01 4727301                    /usr/lib/x86_64-linux-gnu/libXdamage.so.1.1.0
7faf88036000-7faf88235000 ---p 00002000 08:01 4727301                    /usr/lib/x86_64-linux-gnu/libXdamage.so.1.1.0
7faf88235000-7faf88236000 r--p 00001000 08:01 4727301                    /usr/lib/x86_64-linux-gnu/libXdamage.so.1.1.0
7faf88236000-7faf88237000 rw-p 00002000 08:01 4727301                    /usr/lib/x86_64-linux-gnu/libXdamage.so.1.1.0
7faf88237000-7faf88263000 r-xp 00000000 08:01 4727805                    /usr/lib/x86_64-linux-gnu/libglapi.so.0.0.0
7faf88263000-7faf88462000 ---p 0002c000 08:01 4727805                    /usr/lib/x86_64-linux-gnu/libglapi.so.0.0.0
7faf88462000-7faf88466000 r--p 0002b000 08:01 4727805                    /usr/lib/x86_64-linux-gnu/libglapi.so.0.0.0
7faf88466000-7faf88467000 rw-p 0002f000 08:01 4727805                    /usr/lib/x86_64-linux-gnu/libglapi.so.0.0.0
7faf88467000-7faf88468000 rw-p 00000000 00:00 0 
7faf88468000-7faf88469000 r-xp 00000000 08:01 4728728                    /usr/lib/x86_64-linux-gnu/libxshmfence.so.1.0.0
7faf88469000-7faf88669000 ---p 00001000 08:01 4728728                    /usr/lib/x86_64-linux-gnu/libxshmfence.so.1.0.0
7faf88669000-7faf8866a000 r--p 00001000 08:01 4728728                    /usr/lib/x86_64-linux-gnu/libxshmfence.so.1.0.0
7faf8866a000-7faf8866b000 rw-p 00002000 08:01 4728728                    /usr/lib/x86_64-linux-gnu/libxshmfence.so.1.0.0
7faf8866b000-7faf88670000 r-xp 00000000 08:01 4728708                    /usr/lib/x86_64-linux-gnu/libxcb-sync.so.1.0.0
7faf88670000-7faf88870000 ---p 00005000 08:01 4728708                    /usr/lib/x86_64-linux-gnu/libxcb-sync.so.1.0.0
7faf88870000-7faf88871000 r--p 00005000 08:01 4728708                    /usr/lib/x86_64-linux-gnu/libxcb-sync.so.1.0.0
7faf88871000-7faf88872000 rw-p 00006000 08:01 4728708                    /usr/lib/x86_64-linux-gnu/libxcb-sync.so.1.0.0
7faf88872000-7faf88874000 r-xp 00000000 08:01 4728696                    /usr/lib/x86_64-linux-gnu/libxcb-present.so.0.0.0
7faf88874000-7faf88a73000 ---p 00002000 08:01 4728696                    /usr/lib/x86_64-linux-gnu/libxcb-present.so.0.0.0
7faf88a73000-7faf88a74000 r--p 00001000 08:01 4728696                    /usr/lib/x86_64-linux-gnu/libxcb-present.so.0.0.0
7faf88a74000-7faf88a75000 rw-p 00002000 08:01 4728696                    /usr/lib/x86_64-linux-gnu/libxcb-present.so.0.0.0
7faf88a75000-7faf88a77000 r-xp 00000000 08:01 4728686                    /usr/lib/x86_64-linux-gnu/libxcb-dri3.so.0.0.0
7faf88a77000-7faf88c76000 ---p 00002000 08:01 4728686                    /usr/lib/x86_64-linux-gnu/libxcb-dri3.so.0.0.0
7faf88c76000-7faf88c77000 r--p 00001000 08:01 4728686                    /usr/lib/x86_64-linux-gnu/libxcb-dri3.so.0.0.0
7faf88c77000-7faf88c78000 rw-p 00002000 08:01 4728686                    /usr/lib/x86_64-linux-gnu/libxcb-dri3.so.0.0.0
7faf88c78000-7faf88c9e000 r-xp 00000000 08:01 2757058                    /lib/x86_64-linux-gnu/libexpat.so.1.6.0
7faf88c9e000-7faf88e9e000 ---p 00026000 08:01 2757058                    /lib/x86_64-linux-gnu/libexpat.so.1.6.0
7faf88e9e000-7faf88ea0000 r--p 00026000 08:01 2757058                    /lib/x86_64-linux-gnu/libexpat.so.1.6.0
7faf88ea0000-7faf88ea1000 rw-p 00028000 08:01 2757058                    /lib/x86_64-linux-gnu/libexpat.so.1.6.0
7faf88ea1000-7faf88f11000 r-xp 00000000 08:01 4984410                    /usr/lib/x86_64-linux-gnu/mesa/libGL.so.1.2.0
7faf88f11000-7faf89110000 ---p 00070000 08:01 4984410                    /usr/lib/x86_64-linux-gnu/mesa/libGL.so.1.2.0
7faf89110000-7faf89113000 r--p 0006f000 08:01 4984410                    /usr/lib/x86_64-linux-gnu/mesa/libGL.so.1.2.0
7faf89113000-7faf89114000 rw-p 00072000 08:01 4984410                    /usr/lib/x86_64-linux-gnu/mesa/libGL.so.1.2.0
7faf89114000-7faf89115000 rw-p 00000000 00:00 0 
7faf89115000-7faf89118000 ---p 00000000 00:00 0 
7faf89118000-7faf89216000 rw-p 00000000 00:00 0 
7faf89216000-7faf89217000 ---p 00000000 00:00 0 
7faf89217000-7faf89317000 rw-p 00000000 00:00 0 
7faf89317000-7faf8d318000 rw-s 00000000 00:19 41                         /dev/shm/pulse-shm-1096394166
7faf8d318000-7faf8d319000 ---p 00000000 00:00 0 
7faf8d319000-7faf8db19000 rw-p 00000000 00:00 0 
7faf8db19000-7faf8db43000 r-xp 00000000 08:01 4728589                    /usr/lib/x86_64-linux-gnu/libvorbis.so.0.4.8
7faf8db43000-7faf8dd42000 ---p 0002a000 08:01 4728589                    /usr/lib/x86_64-linux-gnu/libvorbis.so.0.4.8
7faf8dd42000-7faf8dd43000 r--p 00029000 08:01 4728589                    /usr/lib/x86_64-linux-gnu/libvorbis.so.0.4.8
7faf8dd43000-7faf8dd44000 rw-p 0002a000 08:01 4728589                    /usr/lib/x86_64-linux-gnu/libvorbis.so.0.4.8
7faf8dd44000-7faf8dd4b000 r-xp 00000000 08:01 4728225                    /usr/lib/x86_64-linux-gnu/libogg.so.0.8.2
7faf8dd4b000-7faf8df4b000 ---p 00007000 08:01 4728225                    /usr/lib/x86_64-linux-gnu/libogg.so.0.8.2
7faf8df4b000-7faf8df4c000 r--p 00007000 08:01 4728225                    /usr/lib/x86_64-linux-gnu/libogg.so.0.8.2
7faf8df4c000-7faf8df4d000 rw-p 00008000 08:01 4728225                    /usr/lib/x86_64-linux-gnu/libogg.so.0.8.2
7faf8df4d000-7faf8df5f000 r-xp 00000000 08:01 2757434                    /lib/x86_64-linux-gnu/libgpg-error.so.0.17.0
7faf8df5f000-7faf8e15f000 ---p 00012000 08:01 2757434                    /lib/x86_64-linux-gnu/libgpg-error.so.0.17.0
7faf8e15f000-7faf8e160000 r--p 00012000 08:01 2757434                    /lib/x86_64-linux-gnu/libgpg-error.so.0.17.0
7faf8e160000-7faf8e161000 rw-p 00013000 08:01 2757434                    /lib/x86_64-linux-gnu/libgpg-error.so.0.17.0
7faf8e161000-7faf8e1cf000 r-xp 00000000 08:01 2757519                    /lib/x86_64-linux-gnu/libpcre.so.3.13.2
7faf8e1cf000-7faf8e3cf000 ---p 0006e000 08:01 2757519                    /lib/x86_64-linux-gnu/libpcre.so.3.13.2
7faf8e3cf000-7faf8e3d0000 r--p 0006e000 08:01 2757519                    /lib/x86_64-linux-gnu/libpcre.so.3.13.2
7faf8e3d0000-7faf8e3d1000 rw-p 0006f000 08:01 2757519                    /lib/x86_64-linux-gnu/libpcre.so.3.13.2
7faf8e3d1000-7faf8e3e8000 r-xp 00000000 08:01 2757542                    /lib/x86_64-linux-gnu/libresolv-2.23.so
7faf8e3e8000-7faf8e5e8000 ---p 00017000 08:01 2757542                    /lib/x86_64-linux-gnu/libresolv-2.23.so
7faf8e5e8000-7faf8e5e9000 r--p 00017000 08:01 2757542                    /lib/x86_64-linux-gnu/libresolv-2.23.so
7faf8e5e9000-7faf8e5ea000 rw-p 00018000 08:01 2757542                    /lib/x86_64-linux-gnu/libresolv-2.23.so
7faf8e5ea000-7faf8e5ec000 rw-p 00000000 00:00 0 
7faf8e5ec000-7faf8e679000 r-xp 00000000 08:01 4728591                    /usr/lib/x86_64-linux-gnu/libvorbisenc.so.2.0.11
7faf8e679000-7faf8e878000 ---p 0008d000 08:01 4728591                    /usr/lib/x86_64-linux-gnu/libvorbisenc.so.2.0.11
7faf8e878000-7faf8e894000 r--p 0008c000 08:01 4728591                    /usr/lib/x86_64-linux-gnu/libvorbisenc.so.2.0.11
7faf8e894000-7faf8e895000 rw-p 000a8000 08:01 4728591                    /usr/lib/x86_64-linux-gnu/libvorbisenc.so.2.0.11
7faf8e895000-7faf8e908000 r-xp 00000000 08:01 4727142                    /usr/lib/x86_64-linux-gnu/libFLAC.so.8.3.0
7faf8e908000-7faf8eb08000 ---p 00073000 08:01 4727142                    /usr/lib/x86_64-linux-gnu/libFLAC.so.8.3.0
7faf8eb08000-7faf8eb09000 r--p 00073000 08:01 4727142                    /usr/lib/x86_64-linux-gnu/libFLAC.so.8.3.0
7faf8eb09000-7faf8eb0a000 rw-p 00074000 08:01 4727142                    /usr/lib/x86_64-linux-gnu/libFLAC.so.8.3.0
7faf8eb0a000-7faf8ebe1000 r-xp 00000000 08:01 2757430                    /lib/x86_64-linux-gnu/libgcrypt.so.20.0.5
7faf8ebe1000-7faf8ede1000 ---p 000d7000 08:01 2757430                    /lib/x86_64-linux-gnu/libgcrypt.so.20.0.5
7faf8ede1000-7faf8ede2000 r--p 000d7000 08:01 2757430                    /lib/x86_64-linux-gnu/libgcrypt.so.20.0.5
7faf8ede2000-7faf8edea000 rw-p 000d8000 08:01 2757430                    /lib/x86_64-linux-gnu/libgcrypt.so.20.0.5
7faf8edea000-7faf8edeb000 rw-p 00000000 00:00 0 
7faf8edeb000-7faf8ee0c000 r-xp 00000000 08:01 2757457                    /lib/x86_64-linux-gnu/liblzma.so.5.0.0
7faf8ee0c000-7faf8f00b000 ---p 00021000 08:01 2757457                    /lib/x86_64-linux-gnu/liblzma.so.5.0.0
7faf8f00b000-7faf8f00c000 r--p 00020000 08:01 2757457                    /lib/x86_64-linux-gnu/liblzma.so.5.0.0
7faf8f00c000-7faf8f00d000 rw-p 00021000 08:01 2757457                    /lib/x86_64-linux-gnu/liblzma.so.5.0.0
7faf8f00d000-7faf8f02c000 r-xp 00000000 08:01 2757548                    /lib/x86_64-linux-gnu/libselinux.so.1
7faf8f02c000-7faf8f22b000 ---p 0001f000 08:01 2757548                    /lib/x86_64-linux-gnu/libselinux.so.1
7faf8f22b000-7faf8f22c000 r--p 0001e000 08:01 2757548                    /lib/x86_64-linux-gnu/libselinux.so.1
7faf8f22c000-7faf8f22d000 rw-p 0001f000 08:01 2757548                    /lib/x86_64-linux-gnu/libselinux.so.1
7faf8f22d000-7faf8f22f000 rw-p 00000000 00:00 0 
7faf8f22f000-7faf8f234000 r-xp 00000000 08:01 4727396                    /usr/lib/x86_64-linux-gnu/libasyncns.so.0.3.1
7faf8f234000-7faf8f433000 ---p 00005000 08:01 4727396                    /usr/lib/x86_64-linux-gnu/libasyncns.so.0.3.1
7faf8f433000-7faf8f434000 r--p 00004000 08:01 4727396                    /usr/lib/x86_64-linux-gnu/libasyncns.so.0.3.1
7faf8f434000-7faf8f435000 rw-p 00005000 08:01 4727396                    /usr/lib/x86_64-linux-gnu/libasyncns.so.0.3.1
7faf8f435000-7faf8f498000 r-xp 00000000 08:01 4725157                    /usr/lib/x86_64-linux-gnu/libsndfile.so.1.0.25
7faf8f498000-7faf8f698000 ---p 00063000 08:01 4725157                    /usr/lib/x86_64-linux-gnu/libsndfile.so.1.0.25
7faf8f698000-7faf8f69a000 r--p 00063000 08:01 4725157                    /usr/lib/x86_64-linux-gnu/libsndfile.so.1.0.25
7faf8f69a000-7faf8f69b000 rw-p 00065000 08:01 4725157                    /usr/lib/x86_64-linux-gnu/libsndfile.so.1.0.25
7faf8f69b000-7faf8f69f000 rw-p 00000000 00:00 0 
7faf8f69f000-7faf8f6a7000 r-xp 00000000 08:01 2757576                    /lib/x86_64-linux-gnu/libwrap.so.0.7.6
7faf8f6a7000-7faf8f8a6000 ---p 00008000 08:01 2757576                    /lib/x86_64-linux-gnu/libwrap.so.0.7.6
7faf8f8a6000-7faf8f8a7000 r--p 00007000 08:01 2757576                    /lib/x86_64-linux-gnu/libwrap.so.0.7.6
7faf8f8a7000-7faf8f8a8000 rw-p 00008000 08:01 2757576                    /lib/x86_64-linux-gnu/libwrap.so.0.7.6
7faf8f8a8000-7faf8f8a9000 rw-p 00000000 00:00 0 
7faf8f8a9000-7faf8f929000 r-xp 00000000 08:01 2752517                    /lib/x86_64-linux-gnu/libsystemd.so.0.14.0
7faf8f929000-7faf8f92c000 r--p 0007f000 08:01 2752517                    /lib/x86_64-linux-gnu/libsystemd.so.0.14.0
7faf8f92c000-7faf8f92d000 rw-p 00082000 08:01 2752517                    /lib/x86_64-linux-gnu/libsystemd.so.0.14.0
7faf8f92d000-7faf8f92e000 rw-p 00000000 00:00 0 
7faf8f92e000-7faf8f978000 r-xp 00000000 08:01 2752540                    /lib/x86_64-linux-gnu/libdbus-1.so.3.14.6
7faf8f978000-7faf8fb78000 ---p 0004a000 08:01 2752540                    /lib/x86_64-linux-gnu/libdbus-1.so.3.14.6
7faf8fb78000-7faf8fb79000 r--p 0004a000 08:01 2752540                    /lib/x86_64-linux-gnu/libdbus-1.so.3.14.6
7faf8fb79000-7faf8fb7a000 rw-p 0004b000 08:01 2752540                    /lib/x86_64-linux-gnu/libdbus-1.so.3.14.6
7faf8fb7a000-7faf8fbf4000 r-xp 00000000 08:01 4984918                    /usr/lib/x86_64-linux-gnu/pulseaudio/libpulsecommon-8.0.so
7faf8fbf4000-7faf8fdf3000 ---p 0007a000 08:01 4984918                    /usr/lib/x86_64-linux-gnu/pulseaudio/libpulsecommon-8.0.so
7faf8fdf3000-7faf8fdf4000 r--p 00079000 08:01 4984918                    /usr/lib/x86_64-linux-gnu/pulseaudio/libpulsecommon-8.0.so
7faf8fdf4000-7faf8fdf5000 rw-p 0007a000 08:01 4984918                    /usr/lib/x86_64-linux-gnu/pulseaudio/libpulsecommon-8.0.so
7faf8fdf5000-7faf8fdff000 r-xp 00000000 08:01 2757449                    /lib/x86_64-linux-gnu/libjson-c.so.2.0.0
7faf8fdff000-7faf8fffe000 ---p 0000a000 08:01 2757449                    /lib/x86_64-linux-gnu/libjson-c.so.2.0.0
7faf8fffe000-7faf8ffff000 r--p 00009000 08:01 2757449                    /lib/x86_64-linux-gnu/libjson-c.so.2.0.0
7faf8ffff000-7faf90000000 rw-p 0000a000 08:01 2757449                    /lib/x86_64-linux-gnu/libjson-c.so.2.0.0
7faf90000000-7faf90021000 rw-p 00000000 00:00 0 
7faf90021000-7faf94000000 ---p 00000000 00:00 0 
7faf94000000-7faf94021000 rw-p 00000000 00:00 0 
7faf94021000-7faf98000000 ---p 00000000 00:00 0 
7faf98000000-7faf98021000 rw-p 00000000 00:00 0 
7faf98021000-7faf9c000000 ---p 00000000 00:00 0 
7faf9c000000-7faf9c021000 rw-p 00000000 00:00 0 
7faf9c021000-7fafa0000000 ---p 00000000 00:00 0 
7fafa0000000-7fafa00c2000 rw-p 00000000 00:00 0 
7fafa00c2000-7fafa4000000 ---p 00000000 00:00 0 
7fafa4000000-7fafa426f000 rw-p 00000000 00:00 0 
7fafa426f000-7fafa8000000 ---p 00000000 00:00 0 
7fafa8000000-7fafa8021000 rw-p 00000000 00:00 0 
7fafa8021000-7fafac000000 ---p 00000000 00:00 0 
7fafac000000-7fafac0c5000 rw-p 00000000 00:00 0 
7fafac0c5000-7fafb0000000 ---p 00000000 00:00 0 
7fafb0000000-7fafb0021000 rw-p 00000000 00:00 0 
7fafb0021000-7fafb4000000 ---p 00000000 00:00 0 
7fafb4000000-7fafb4021000 rw-p 00000000 00:00 0 
7fafb4021000-7fafb8000000 ---p 00000000 00:00 0 
7fafb8000000-7fafb8021000 rw-p 00000000 00:00 0 
7fafb8021000-7fafbc000000 ---p 00000000 00:00 0 
7fafbc000000-7fafbc021000 rw-p 00000000 00:00 0 
7fafbc021000-7fafc0000000 ---p 00000000 00:00 0 
7fafc0000000-7fafc0021000 rw-p 00000000 00:00 0 
7fafc0021000-7fafc4000000 ---p 00000000 00:00 0 
7fafc4036000-7fafc4039000 ---p 00000000 00:00 0 
7fafc4039000-7fafc406f000 rw-p 00000000 00:00 0 
7fafc406f000-7fafc40bd000 r-xp 00000000 08:01 4728317                    /usr/lib/x86_64-linux-gnu/libpulse.so.0.19.0
7fafc40bd000-7fafc42bd000 ---p 0004e000 08:01 4728317                    /usr/lib/x86_64-linux-gnu/libpulse.so.0.19.0
7fafc42bd000-7fafc42be000 r--p 0004e000 08:01 4728317                    /usr/lib/x86_64-linux-gnu/libpulse.so.0.19.0
7fafc42be000-7fafc42bf000 rw-p 0004f000 08:01 4728317                    /usr/lib/x86_64-linux-gnu/libpulse.so.0.19.0
7fafc42bf000-7fafc4314000 r-xp 00000000 08:01 1970581                    /tmp/libgdxfoysal/31ce78a2/libopenal64.so
7fafc4314000-7fafc4513000 ---p 00055000 08:01 1970581                    /tmp/libgdxfoysal/31ce78a2/libopenal64.so
7fafc4513000-7fafc4516000 r--p 00054000 08:01 1970581                    /tmp/libgdxfoysal/31ce78a2/libopenal64.so
7fafc4516000-7fafc4517000 rw-p 00057000 08:01 1970581                    /tmp/libgdxfoysal/31ce78a2/libopenal64.so
7fafc4517000-7fafc4518000 rw-p 00000000 00:00 0 
7fafc4518000-7fafc451d000 r-xp 00000000 08:01 4727343                    /usr/lib/x86_64-linux-gnu/libXxf86vm.so.1.0.0
7fafc451d000-7fafc471c000 ---p 00005000 08:01 4727343                    /usr/lib/x86_64-linux-gnu/libXxf86vm.so.1.0.0
7fafc471c000-7fafc471d000 r--p 00004000 08:01 4727343                    /usr/lib/x86_64-linux-gnu/libXxf86vm.so.1.0.0
7fafc471d000-7fafc471e000 rw-p 00005000 08:01 4727343                    /usr/lib/x86_64-linux-gnu/libXxf86vm.so.1.0.0
7fafc471e000-7fafc4728000 r-xp 00000000 08:01 4727325                    /usr/lib/x86_64-linux-gnu/libXrandr.so.2.2.0
7fafc4728000-7fafc4927000 ---p 0000a000 08:01 4727325                    /usr/lib/x86_64-linux-gnu/libXrandr.so.2.2.0
7fafc4927000-7fafc4928000 r--p 00009000 08:01 4727325                    /usr/lib/x86_64-linux-gnu/libXrandr.so.2.2.0
7fafc4928000-7fafc4929000 rw-p 0000a000 08:01 4727325                    /usr/lib/x86_64-linux-gnu/libXrandr.so.2.2.0
7fafc4929000-7fafc4999000 r-xp 00000000 08:01 1970580                    /tmp/libgdxfoysal/31ce78a2/liblwjgl64.so
7fafc4999000-7fafc4b99000 ---p 00070000 08:01 1970580                    /tmp/libgdxfoysal/31ce78a2/liblwjgl64.so
7fafc4b99000-7fafc4b9b000 r--p 00070000 08:01 1970580                    /tmp/libgdxfoysal/31ce78a2/liblwjgl64.so
7fafc4b9b000-7fafc4b9c000 rw-p 00072000 08:01 1970580                    /tmp/libgdxfoysal/31ce78a2/liblwjgl64.so
7fafc4b9c000-7fafc4b9d000 r-xp 00000000 08:01 4723430                    /usr/lib/jvm/java-8-openjdk-amd64/jre/lib/amd64/libjawt.so
7fafc4b9d000-7fafc4d9c000 ---p 00001000 08:01 4723430                    /usr/lib/jvm/java-8-openjdk-amd64/jre/lib/amd64/libjawt.so
7fafc4d9c000-7fafc4d9d000 r--p 00000000 08:01 4723430                    /usr/lib/jvm/java-8-openjdk-amd64/jre/lib/amd64/libjawt.so
7fafc4d9d000-7fafc4d9e000 rw-p 00001000 08:01 4723430                    /usr/lib/jvm/java-8-openjdk-amd64/jre/lib/amd64/libjawt.so
7fafc4d9e000-7fafc4da1000 ---p 00000000 00:00 0 
7fafc4da1000-7fafc4e9f000 rw-p 00000000 00:00 0 
7fafc4e9f000-7fafc4ea4000 r-xp 00000000 08:01 4727307                    /usr/lib/x86_64-linux-gnu/libXfixes.so.3.1.0
7fafc4ea4000-7fafc50a3000 ---p 00005000 08:01 4727307                    /usr/lib/x86_64-linux-gnu/libXfixes.so.3.1.0
7fafc50a3000-7fafc50a4000 r--p 00004000 08:01 4727307                    /usr/lib/x86_64-linux-gnu/libXfixes.so.3.1.0
7fafc50a4000-7fafc50a5000 rw-p 00005000 08:01 4727307                    /usr/lib/x86_64-linux-gnu/libXfixes.so.3.1.0
7fafc50a5000-7fafc50ae000 r-xp 00000000 08:01 4727299                    /usr/lib/x86_64-linux-gnu/libXcursor.so.1.0.2
7fafc50ae000-7fafc52ad000 ---p 00009000 08:01 4727299                    /usr/lib/x86_64-linux-gnu/libXcursor.so.1.0.2
7fafc52ad000-7fafc52ae000 r--p 00008000 08:01 4727299                    /usr/lib/x86_64-linux-gnu/libXcursor.so.1.0.2
7fafc52ae000-7fafc52af000 rw-p 00009000 08:01 4727299                    /usr/lib/x86_64-linux-gnu/libXcursor.so.1.0.2
7fafc52af000-7fafc52b2000 ---p 00000000 00:00 0 
7fafc52b2000-7fafc53b0000 rw-p 00000000 00:00 0 
7fafc53b0000-7fafc53d4000 r-xp 00000000 08:01 2757531                    /lib/x86_64-linux-gnu/libpng12.so.0.54.0
7fafc53d4000-7fafc55d3000 ---p 00024000 08:01 2757531                    /lib/x86_64-linux-gnu/libpng12.so.0.54.0
7fafc55d3000-7fafc55d4000 r--p 00023000 08:01 2757531                    /lib/x86_64-linux-gnu/libpng12.so.0.54.0
7fafc55d4000-7fafc55d5000 rw-p 00024000 08:01 2757531                    /lib/x86_64-linux-gnu/libpng12.so.0.54.0
7fafc55d5000-7fafc5679000 r-xp 00000000 08:01 4727730                    /usr/lib/x86_64-linux-gnu/libfreetype.so.6.12.1
7fafc5679000-7fafc5878000 ---p 000a4000 08:01 4727730                    /usr/lib/x86_64-linux-gnu/libfreetype.so.6.12.1
7fafc5878000-7fafc587e000 r--p 000a3000 08:01 4727730                    /usr/lib/x86_64-linux-gnu/libfreetype.so.6.12.1
7fafc587e000-7fafc587f000 rw-p 000a9000 08:01 4727730                    /usr/lib/x86_64-linux-gnu/libfreetype.so.6.12.1
7fafc587f000-7fafc58d0000 r-xp 00000000 08:01 4723441                    /usr/lib/jvm/java-8-openjdk-amd64/jre/lib/amd64/libfontmanager.so
7fafc58d0000-7fafc5ad0000 ---p 00051000 08:01 4723441                    /usr/lib/jvm/java-8-openjdk-amd64/jre/lib/amd64/libfontmanager.so
7fafc5ad0000-7fafc5ad2000 r--p 00051000 08:01 4723441                    /usr/lib/jvm/java-8-openjdk-amd64/jre/lib/amd64/libfontmanager.so
7fafc5ad2000-7fafc5ad3000 rw-p 00053000 08:01 4723441                    /usr/lib/jvm/java-8-openjdk-amd64/jre/lib/amd64/libfontmanager.so
7fafc5ad3000-7fafc5ad8000 r-xp 00000000 08:01 4727303                    /usr/lib/x86_64-linux-gnu/libXdmcp.so.6.0.0
7fafc5ad8000-7fafc5cd7000 ---p 00005000 08:01 4727303                    /usr/lib/x86_64-linux-gnu/libXdmcp.so.6.0.0
7fafc5cd7000-7fafc5cd8000 r--p 00004000 08:01 4727303                    /usr/lib/x86_64-linux-gnu/libXdmcp.so.6.0.0
7fafc5cd8000-7fafc5cd9000 rw-p 00005000 08:01 4727303                    /usr/lib/x86_64-linux-gnu/libXdmcp.so.6.0.0
7fafc5cd9000-7fafc5cdb000 r-xp 00000000 08:01 4727292                    /usr/lib/x86_64-linux-gnu/libXau.so.6.0.0
7fafc5cdb000-7fafc5edb000 ---p 00002000 08:01 4727292                    /usr/lib/x86_64-linux-gnu/libXau.so.6.0.0
7fafc5edb000-7fafc5edc000 r--p 00002000 08:01 4727292                    /usr/lib/x86_64-linux-gnu/libXau.so.6.0.0
7fafc5edc000-7fafc5edd000 rw-p 00003000 08:01 4727292                    /usr/lib/x86_64-linux-gnu/libXau.so.6.0.0
7fafc5edd000-7fafc5efe000 r-xp 00000000 08:01 4728716                    /usr/lib/x86_64-linux-gnu/libxcb.so.1.1.0
7fafc5efe000-7fafc60fd000 ---p 00021000 08:01 4728716                    /usr/lib/x86_64-linux-gnu/libxcb.so.1.1.0
7fafc60fd000-7fafc60fe000 r--p 00020000 08:01 4728716                    /usr/lib/x86_64-linux-gnu/libxcb.so.1.1.0
7fafc60fe000-7fafc60ff000 rw-p 00021000 08:01 4728716                    /usr/lib/x86_64-linux-gnu/libxcb.so.1.1.0
7fafc60ff000-7fafc610e000 r-xp 00000000 08:01 4727315                    /usr/lib/x86_64-linux-gnu/libXi.so.6.1.0
7fafc610e000-7fafc630d000 ---p 0000f000 08:01 4727315                    /usr/lib/x86_64-linux-gnu/libXi.so.6.1.0
7fafc630d000-7fafc630e000 r--p 0000e000 08:01 4727315                    /usr/lib/x86_64-linux-gnu/libXi.so.6.1.0
7fafc630e000-7fafc630f000 rw-p 0000f000 08:01 4727315                    /usr/lib/x86_64-linux-gnu/libXi.so.6.1.0
7fafc630f000-7fafc6314000 r-xp 00000000 08:01 4727333                    /usr/lib/x86_64-linux-gnu/libXtst.so.6.1.0
7fafc6314000-7fafc6513000 ---p 00005000 08:01 4727333                    /usr/lib/x86_64-linux-gnu/libXtst.so.6.1.0
7fafc6513000-7fafc6514000 r--p 00004000 08:01 4727333                    /usr/lib/x86_64-linux-gnu/libXtst.so.6.1.0
7fafc6514000-7fafc6515000 rw-p 00005000 08:01 4727333                    /usr/lib/x86_64-linux-gnu/libXtst.so.6.1.0
7fafc6515000-7fafc651e000 r-xp 00000000 08:01 4727327                    /usr/lib/x86_64-linux-gnu/libXrender.so.1.3.0
7fafc651e000-7fafc671d000 ---p 00009000 08:01 4727327                    /usr/lib/x86_64-linux-gnu/libXrender.so.1.3.0
7fafc671d000-7fafc671e000 r--p 00008000 08:01 4727327                    /usr/lib/x86_64-linux-gnu/libXrender.so.1.3.0
7fafc671e000-7fafc671f000 rw-p 00009000 08:01 4727327                    /usr/lib/x86_64-linux-gnu/libXrender.so.1.3.0
7fafc671f000-7fafc6854000 r-xp 00000000 08:01 4727288                    /usr/lib/x86_64-linux-gnu/libX11.so.6.3.0
7fafc6854000-7fafc6a54000 ---p 00135000 08:01 4727288                    /usr/lib/x86_64-linux-gnu/libX11.so.6.3.0
7fafc6a54000-7fafc6a55000 r--p 00135000 08:01 4727288                    /usr/lib/x86_64-linux-gnu/libX11.so.6.3.0
7fafc6a55000-7fafc6a59000 rw-p 00136000 08:01 4727288                    /usr/lib/x86_64-linux-gnu/libX11.so.6.3.0
7fafc6a59000-7fafc6a6a000 r-xp 00000000 08:01 4727305                    /usr/lib/x86_64-linux-gnu/libXext.so.6.4.0
7fafc6a6a000-7fafc6c69000 ---p 00011000 08:01 4727305                    /usr/lib/x86_64-linux-gnu/libXext.so.6.4.0
7fafc6c69000-7fafc6c6a000 r--p 00010000 08:01 4727305                    /usr/lib/x86_64-linux-gnu/libXext.so.6.4.0
7fafc6c6a000-7fafc6c6b000 rw-p 00011000 08:01 4727305                    /usr/lib/x86_64-linux-gnu/libXext.so.6.4.0
7fafc6c78000-7fafc6c7c000 rw-s 00000000 00:18 679                        /i915 (deleted)
7fafc6c7c000-7fafc6c81000 rw-s 00000000 00:18 676                        /i915 (deleted)
7fafc6c81000-7fafc6c85000 rw-s 00000000 00:18 548                        /i915 (deleted)
7fafc6c85000-7fafc6c89000 rw-s 00000000 00:18 534                        /i915 (deleted)
7fafc6c89000-7fafc6ce4000 r-xp 00000000 08:01 4723422                    /usr/lib/jvm/java-8-openjdk-amd64/jre/lib/amd64/libawt_xawt.so
7fafc6ce4000-7fafc6ee3000 ---p 0005b000 08:01 4723422                    /usr/lib/jvm/java-8-openjdk-amd64/jre/lib/amd64/libawt_xawt.so
7fafc6ee3000-7fafc6ee4000 r--p 0005a000 08:01 4723422                    /usr/lib/jvm/java-8-openjdk-amd64/jre/lib/amd64/libawt_xawt.so
7fafc6ee4000-7fafc6ee7000 rw-p 0005b000 08:01 4723422                    /usr/lib/jvm/java-8-openjdk-amd64/jre/lib/amd64/libawt_xawt.so
7fafc6ee7000-7fafc6ee9000 rw-p 00000000 00:00 0 
7fafc6ee9000-7fafc6f88000 r-xp 00000000 08:01 4723424                    /usr/lib/jvm/java-8-openjdk-amd64/jre/lib/amd64/libawt.so
7fafc6f88000-7fafc7188000 ---p 0009f000 08:01 4723424                    /usr/lib/jvm/java-8-openjdk-amd64/jre/lib/amd64/libawt.so
7fafc7188000-7fafc7189000 r--p 0009f000 08:01 4723424                    /usr/lib/jvm/java-8-openjdk-amd64/jre/lib/amd64/libawt.so
7fafc7189000-7fafc7194000 rw-p 000a0000 08:01 4723424                    /usr/lib/jvm/java-8-openjdk-amd64/jre/lib/amd64/libawt.so
7fafc7194000-7fafc71b9000 rw-p 00000000 00:00 0 
7fafc71b9000-7fafc71ed000 r-xp 00000000 08:01 1970578                    /tmp/libgdxfoysal/3db1ff57/libgdx64.so
7fafc71ed000-7fafc73ed000 ---p 00034000 08:01 1970578                    /tmp/libgdxfoysal/3db1ff57/libgdx64.so
7fafc73ed000-7fafc73ee000 r--p 00034000 08:01 1970578                    /tmp/libgdxfoysal/3db1ff57/libgdx64.so
7fafc73ee000-7fafc73ef000 rw-p 00035000 08:01 1970578                    /tmp/libgdxfoysal/3db1ff57/libgdx64.so
7fafc73ef000-7fafc73f0000 ---p 00000000 00:00 0 
7fafc73f0000-7fafc74f0000 rw-p 00000000 00:00 0 
7fafc74f0000-7fafc74f3000 ---p 00000000 00:00 0 
7fafc74f3000-7fafc75f1000 rw-p 00000000 00:00 0 
7fafc75f1000-7fafc8000000 r--p 00000000 08:01 4726095                    /usr/lib/locale/locale-archive
7fafc8000000-7fafc8021000 rw-p 00000000 00:00 0 
7fafc8021000-7fafcc000000 ---p 00000000 00:00 0 
7fafcc000000-7fafcc001000 rwxp 00000000 00:00 0 
7fafcc001000-7fafcc006000 rw-s 00000000 00:18 532                        /i915 (deleted)
7fafcc006000-7fafcc019000 r--s 00346000 08:01 4724250                    /usr/lib/jvm/java-8-openjdk-amd64/jre/lib/resources.jar
7fafcc019000-7fafcc01c000 ---p 00000000 00:00 0 
7fafcc01c000-7fafcc11a000 rw-p 00000000 00:00 0 
7fafcc11a000-7fafcc11d000 ---p 00000000 00:00 0 
7fafcc11d000-7fafcc21b000 rw-p 00000000 00:00 0 
7fafcc21b000-7fafcc21e000 ---p 00000000 00:00 0 
7fafcc21e000-7fafcc31c000 rw-p 00000000 00:00 0 
7fafcc31c000-7fafcc31f000 ---p 00000000 00:00 0 
7fafcc31f000-7fafcc41d000 rw-p 00000000 00:00 0 
7fafcc41d000-7fafcc420000 ---p 00000000 00:00 0 
7fafcc420000-7fafcc51e000 rw-p 00000000 00:00 0 
7fafcc51e000-7fafcc521000 ---p 00000000 00:00 0 
7fafcc521000-7fafcc61f000 rw-p 00000000 00:00 0 
7fafcc61f000-7fafcc620000 ---p 00000000 00:00 0 
7fafcc620000-7fafcd62f000 rw-p 00000000 00:00 0 
7fafcd62f000-7fafcd7fe000 r--s 03c3b000 08:01 4724248                    /usr/lib/jvm/java-8-openjdk-amd64/jre/lib/rt.jar
7fafcd7fe000-7fafd0000000 rw-p 00000000 00:00 0 
7fafd0000000-7fafd0021000 rw-p 00000000 00:00 0 
7fafd0021000-7fafd4000000 ---p 00000000 00:00 0 
7fafd4000000-7fafd4001000 rw-s 00000000 00:05 133669                     /memfd:xshmfence (deleted)
7fafd4001000-7fafd4008000 r--s 00000000 08:01 4983605                    /usr/lib/x86_64-linux-gnu/gconv/gconv-modules.cache
7fafd4008000-7fafd400c000 r--s 000a1000 08:01 4724252                    /usr/lib/jvm/java-8-openjdk-amd64/jre/lib/jsse.jar
7fafd400c000-7fafd400d000 r--s 00002000 08:03 1966785                    /home/foysal/.gradle/caches/modules-2/files-2.1/net.java.jinput/jinput-platform/2.0.5/53f9c919f34d2ca9de8c51fc4e1e8282029a9232/jinput-platform-2.0.5-natives-osx.jar
7fafd400d000-7fafd400e000 r--s 00025000 08:03 1966783                    /home/foysal/.gradle/caches/modules-2/files-2.1/net.java.jinput/jinput-platform/2.0.5/385ee093e01f587f30ee1c8a2ee7d408fd732e16/jinput-platform-2.0.5-natives-windows.jar
7fafd400e000-7fafd400f000 r--s 00002000 08:03 1966781                    /home/foysal/.gradle/caches/modules-2/files-2.1/net.java.jinput/jinput-platform/2.0.5/7ff832a6eb9ab6a767f1ade2b548092d0fa64795/jinput-platform-2.0.5-natives-linux.jar
7fafd400f000-7fafd4010000 r--s 00001000 08:03 1966779                    /home/foysal/.gradle/caches/modules-2/files-2.1/net.java.jutils/jutils/1.0.0/e12fe1fda814bd348c1579329c86943d2cd3c6a6/jutils-1.0.0.jar
7fafd4010000-7fafd4014000 r--s 0002f000 08:03 1966777                    /home/foysal/.gradle/caches/modules-2/files-2.1/net.java.jinput/jinput/2.0.5/39c7796b469a600f72380316f6b1f11db6c2c7c4/jinput-2.0.5.jar
7fafd4014000-7fafd4015000 r--s 00068000 08:03 1966789                    /home/foysal/.gradle/caches/modules-2/files-2.1/org.lwjgl.lwjgl/lwjgl-platform/2.9.2/d55b46b40b40249d627a83a7f7f22649709d70c3/lwjgl-platform-2.9.2-natives-osx.jar
7fafd4015000-7fafd4016000 r--s 0008d000 08:03 1966791                    /home/foysal/.gradle/caches/modules-2/files-2.1/org.lwjgl.lwjgl/lwjgl-platform/2.9.2/d276cdf61fe2b516c7b7f4aa1b8dea91dbdc8d56/lwjgl-platform-2.9.2-natives-linux.jar
7fafd4016000-7fafd4017000 r--s 00095000 08:03 1966775                    /home/foysal/.gradle/caches/modules-2/files-2.1/org.lwjgl.lwjgl/lwjgl-platform/2.9.2/510c7d317f5e9e700b9cfaac5fd38bdebf0702e0/lwjgl-platform-2.9.2-natives-windows.jar
7fafd4017000-7fafd4019000 r--s 00017000 08:03 1966769                    /home/foysal/.gradle/caches/modules-2/files-2.1/org.jcraft/jorbis/0.0.17/8872d22b293e8f5d7d56ff92be966e6dc28ebdc6/jorbis-0.0.17.jar
7fafd4019000-7fafd401a000 r--s 00015000 08:03 1966767                    /home/foysal/.gradle/caches/modules-2/files-2.1/com.badlogicgames.jlayer/jlayer/1.0.1-gdx/7cca83cec5c1b2f011362f4d85aabd71a73b049d/jlayer-1.0.1-gdx.jar
7fafd401a000-7fafd4028000 r--s 000f2000 08:03 1966793                    /home/foysal/.gradle/caches/modules-2/files-2.1/org.lwjgl.lwjgl/lwjgl/2.9.2/a9d80fe5935c7a9149f6584d9777cfd471f65489/lwjgl-2.9.2.jar
7fafd4028000-7fafd402c000 r--s 00027000 08:03 1966771                    /home/foysal/.gradle/caches/modules-2/files-2.1/org.lwjgl.lwjgl/lwjgl_util/2.9.2/4b9e37300a87799856e0bd15ed81663cdb6b0947/lwjgl_util-2.9.2.jar
7fafd402c000-7fafd402d000 r--s 000e8000 08:03 2097429                    /home/foysal/.gradle/caches/modules-2/files-2.1/com.badlogicgames.gdx/gdx-box2d-platform/1.9.9/72b2916f45f3f948896eda931cd597f7e698340f/gdx-box2d-platform-1.9.9-natives-desktop.jar
7fafd402d000-7fafd4030000 r--s 00021000 08:03 1966773                    /home/foysal/.gradle/caches/modules-2/files-2.1/com.badlogicgames.gdx/gdx-backend-lwjgl/1.9.9/ca8911cb94c0bfeb59f99e46ca9b92440958fb0e/gdx-backend-lwjgl-1.9.9.jar
7fafd4030000-7fafd404c000 r--s 001be000 08:03 1966665                    /home/foysal/.gradle/caches/modules-2/files-2.1/com.badlogicgames.gdx/gdx/1.9.9/bf26f2f816b3cfe37ac6e66615391c30714b7030/gdx-1.9.9.jar
7fafd404c000-7fafd4050000 r--s 00029000 08:03 2885163                    /home/foysal/.gradle/caches/modules-2/files-2.1/net.dermetfan.libgdx-utils/libgdx-utils/0.13.4/27affad2873d1c9c366a2290fc51f3927f3a5f83/libgdx-utils-0.13.4.jar
7fafd4050000-7fafd4054000 r--s 0001e000 08:03 2885157                    /home/foysal/.gradle/caches/modules-2/files-2.1/net.dermetfan.libgdx-utils/libgdx-utils-box2d/0.13.4/918d79a20ea3c898cdb3611782c5b2bfa6ec575b/libgdx-utils-box2d-0.13.4.jar
7fafd4054000-7fafd406f000 r--s 001d6000 08:01 4724280                    /usr/lib/jvm/java-8-openjdk-amd64/jre/lib/ext/nashorn.jar
7fafd406f000-7fafd408a000 r--s 00394000 08:01 4724279                    /usr/lib/jvm/java-8-openjdk-amd64/jre/lib/ext/cldrdata.jar
7fafd408a000-7fafd4094000 r--s 00116000 08:01 4724287                    /usr/lib/jvm/java-8-openjdk-amd64/jre/lib/ext/localedata.jar
7fafd4094000-7fafd4099000 r--s 0003c000 08:01 4724284                    /usr/lib/jvm/java-8-openjdk-amd64/jre/lib/ext/sunjce_provider.jar
7fafd4099000-7fafd40fc000 rw-p 00000000 00:00 0 
7fafd40fc000-7fafd40fd000 ---p 00000000 00:00 0 
7fafd40fd000-7fafd41fd000 rw-p 00000000 00:00 0 
7fafd41fd000-7fafd41fe000 ---p 00000000 00:00 0 
7fafd41fe000-7fafd42fe000 rw-p 00000000 00:00 0 
7fafd42fe000-7fafd42ff000 ---p 00000000 00:00 0 
7fafd42ff000-7fafd43ff000 rw-p 00000000 00:00 0 
7fafd43ff000-7fafd4400000 ---p 00000000 00:00 0 
7fafd4400000-7fafd4515000 rw-p 00000000 00:00 0 
7fafd4515000-7fafd4642000 ---p 00000000 00:00 0 
7fafd4642000-7fafd4657000 rw-p 00000000 00:00 0 
7fafd4657000-7fafd4783000 ---p 00000000 00:00 0 
7fafd4783000-7fafd478e000 rw-p 00000000 00:00 0 
7fafd478e000-7fafd4824000 ---p 00000000 00:00 0 
7fafd4824000-7fafd4830000 rw-p 00000000 00:00 0 
7fafd4830000-7fafd4be5000 ---p 00000000 00:00 0 
7fafd4be5000-7fafd4e75000 rwxp 00000000 00:00 0 
7fafd4e75000-7fafe3be5000 ---p 00000000 00:00 0 
7fafe3be5000-7fafe3bed000 r-xp 00000000 08:01 4724246                    /usr/lib/jvm/java-8-openjdk-amd64/jre/lib/amd64/libzip.so
7fafe3bed000-7fafe3dec000 ---p 00008000 08:01 4724246                    /usr/lib/jvm/java-8-openjdk-amd64/jre/lib/amd64/libzip.so
7fafe3dec000-7fafe3ded000 r--p 00007000 08:01 4724246                    /usr/lib/jvm/java-8-openjdk-amd64/jre/lib/amd64/libzip.so
7fafe3ded000-7fafe3dee000 rw-p 00008000 08:01 4724246                    /usr/lib/jvm/java-8-openjdk-amd64/jre/lib/amd64/libzip.so
7fafe3dee000-7fafe3df9000 r-xp 00000000 08:01 2757489                    /lib/x86_64-linux-gnu/libnss_files-2.23.so
7fafe3df9000-7fafe3ff8000 ---p 0000b000 08:01 2757489                    /lib/x86_64-linux-gnu/libnss_files-2.23.so
7fafe3ff8000-7fafe3ff9000 r--p 0000a000 08:01 2757489                    /lib/x86_64-linux-gnu/libnss_files-2.23.so
7fafe3ff9000-7fafe3ffa000 rw-p 0000b000 08:01 2757489                    /lib/x86_64-linux-gnu/libnss_files-2.23.so
7fafe3ffa000-7fafe4000000 rw-p 00000000 00:00 0 
7fafe4000000-7fafe443a000 rw-p 00000000 00:00 0 
7fafe443a000-7fafe8000000 ---p 00000000 00:00 0 
7fafe8000000-7fafe8002000 r--s 00010000 08:03 2097417                    /home/foysal/.gradle/caches/modules-2/files-2.1/com.badlogicgames.gdx/gdx-box2d/1.9.9/e9a43c50fbe4f1e26dd0af5d2e78d125549e7f6b/gdx-box2d-1.9.9.jar
7fafe8002000-7fafe8004000 r--s 00008000 08:01 4724283                    /usr/lib/jvm/java-8-openjdk-amd64/jre/lib/ext/sunec.jar
7fafe8004000-7fafe80bc000 rw-p 00000000 00:00 0 
7fafe80bc000-7fafe80c7000 r-xp 00000000 08:01 2757499                    /lib/x86_64-linux-gnu/libnss_nis-2.23.so
7fafe80c7000-7fafe82c6000 ---p 0000b000 08:01 2757499                    /lib/x86_64-linux-gnu/libnss_nis-2.23.so
7fafe82c6000-7fafe82c7000 r--p 0000a000 08:01 2757499                    /lib/x86_64-linux-gnu/libnss_nis-2.23.so
7fafe82c7000-7fafe82c8000 rw-p 0000b000 08:01 2757499                    /lib/x86_64-linux-gnu/libnss_nis-2.23.so
7fafe82c8000-7fafe82de000 r-xp 00000000 08:01 2757483                    /lib/x86_64-linux-gnu/libnsl-2.23.so
7fafe82de000-7fafe84dd000 ---p 00016000 08:01 2757483                    /lib/x86_64-linux-gnu/libnsl-2.23.so
7fafe84dd000-7fafe84de000 r--p 00015000 08:01 2757483                    /lib/x86_64-linux-gnu/libnsl-2.23.so
7fafe84de000-7fafe84df000 rw-p 00016000 08:01 2757483                    /lib/x86_64-linux-gnu/libnsl-2.23.so
7fafe84df000-7fafe84e1000 rw-p 00000000 00:00 0 
7fafe84e1000-7fafe84e9000 r-xp 00000000 08:01 2757485                    /lib/x86_64-linux-gnu/libnss_compat-2.23.so
7fafe84e9000-7fafe86e8000 ---p 00008000 08:01 2757485                    /lib/x86_64-linux-gnu/libnss_compat-2.23.so
7fafe86e8000-7fafe86e9000 r--p 00007000 08:01 2757485                    /lib/x86_64-linux-gnu/libnss_compat-2.23.so
7fafe86e9000-7fafe86ea000 rw-p 00008000 08:01 2757485                    /lib/x86_64-linux-gnu/libnss_compat-2.23.so
7fafe86ea000-7fafe8716000 r-xp 00000000 08:01 4723440                    /usr/lib/jvm/java-8-openjdk-amd64/jre/lib/amd64/libjava.so
7fafe8716000-7fafe8915000 ---p 0002c000 08:01 4723440                    /usr/lib/jvm/java-8-openjdk-amd64/jre/lib/amd64/libjava.so
7fafe8915000-7fafe8916000 r--p 0002b000 08:01 4723440                    /usr/lib/jvm/java-8-openjdk-amd64/jre/lib/amd64/libjava.so
7fafe8916000-7fafe8918000 rw-p 0002c000 08:01 4723440                    /usr/lib/jvm/java-8-openjdk-amd64/jre/lib/amd64/libjava.so
7fafe8918000-7fafe8927000 r-xp 00000000 08:01 4723428                    /usr/lib/jvm/java-8-openjdk-amd64/jre/lib/amd64/libverify.so
7fafe8927000-7fafe8b26000 ---p 0000f000 08:01 4723428                    /usr/lib/jvm/java-8-openjdk-amd64/jre/lib/amd64/libverify.so
7fafe8b26000-7fafe8b28000 r--p 0000e000 08:01 4723428                    /usr/lib/jvm/java-8-openjdk-amd64/jre/lib/amd64/libverify.so
7fafe8b28000-7fafe8b29000 rw-p 00010000 08:01 4723428                    /usr/lib/jvm/java-8-openjdk-amd64/jre/lib/amd64/libverify.so
7fafe8b29000-7fafe8b30000 r-xp 00000000 08:01 2757544                    /lib/x86_64-linux-gnu/librt-2.23.so
7fafe8b30000-7fafe8d2f000 ---p 00007000 08:01 2757544                    /lib/x86_64-linux-gnu/librt-2.23.so
7fafe8d2f000-7fafe8d30000 r--p 00006000 08:01 2757544                    /lib/x86_64-linux-gnu/librt-2.23.so
7fafe8d30000-7fafe8d31000 rw-p 00007000 08:01 2757544                    /lib/x86_64-linux-gnu/librt-2.23.so
7fafe8d31000-7fafe8d47000 r-xp 00000000 08:01 2757428                    /lib/x86_64-linux-gnu/libgcc_s.so.1
7fafe8d47000-7fafe8f46000 ---p 00016000 08:01 2757428                    /lib/x86_64-linux-gnu/libgcc_s.so.1
7fafe8f46000-7fafe8f47000 rw-p 00015000 08:01 2757428                    /lib/x86_64-linux-gnu/libgcc_s.so.1
7fafe8f47000-7fafe904f000 r-xp 00000000 08:01 2757460                    /lib/x86_64-linux-gnu/libm-2.23.so
7fafe904f000-7fafe924e000 ---p 00108000 08:01 2757460                    /lib/x86_64-linux-gnu/libm-2.23.so
7fafe924e000-7fafe924f000 r--p 00107000 08:01 2757460                    /lib/x86_64-linux-gnu/libm-2.23.so
7fafe924f000-7fafe9250000 rw-p 00108000 08:01 2757460                    /lib/x86_64-linux-gnu/libm-2.23.so
7fafe9250000-7fafe93c2000 r-xp 00000000 08:01 4728465                    /usr/lib/x86_64-linux-gnu/libstdc++.so.6.0.21
7fafe93c2000-7fafe95c2000 ---p 00172000 08:01 4728465                    /usr/lib/x86_64-linux-gnu/libstdc++.so.6.0.21
7fafe95c2000-7fafe95cc000 r--p 00172000 08:01 4728465                    /usr/lib/x86_64-linux-gnu/libstdc++.so.6.0.21
7fafe95cc000-7fafe95ce000 rw-p 0017c000 08:01 4728465                    /usr/lib/x86_64-linux-gnu/libstdc++.so.6.0.21
7fafe95ce000-7fafe95d2000 rw-p 00000000 00:00 0 
7fafe95d2000-7fafea236000 r-xp 00000000 08:01 4723438                    /usr/lib/jvm/java-8-openjdk-amd64/jre/lib/amd64/server/libjvm.so
7fafea236000-7fafea435000 ---p 00c64000 08:01 4723438                    /usr/lib/jvm/java-8-openjdk-amd64/jre/lib/amd64/server/libjvm.so
7fafea435000-7fafea4c9000 r--p 00c63000 08:01 4723438                    /usr/lib/jvm/java-8-openjdk-amd64/jre/lib/amd64/server/libjvm.so
7fafea4c9000-7fafea4f2000 rw-p 00cf7000 08:01 4723438                    /usr/lib/jvm/java-8-openjdk-amd64/jre/lib/amd64/server/libjvm.so
7fafea4f2000-7fafea522000 rw-p 00000000 00:00 0 
7fafea522000-7fafea53a000 r-xp 00000000 08:01 2757536                    /lib/x86_64-linux-gnu/libpthread-2.23.so
7fafea53a000-7fafea739000 ---p 00018000 08:01 2757536                    /lib/x86_64-linux-gnu/libpthread-2.23.so
7fafea739000-7fafea73a000 r--p 00017000 08:01 2757536                    /lib/x86_64-linux-gnu/libpthread-2.23.so
7fafea73a000-7fafea73b000 rw-p 00018000 08:01 2757536                    /lib/x86_64-linux-gnu/libpthread-2.23.so
7fafea73b000-7fafea73f000 rw-p 00000000 00:00 0 
7fafea73f000-7fafea742000 r-xp 00000000 08:01 2757414                    /lib/x86_64-linux-gnu/libdl-2.23.so
7fafea742000-7fafea941000 ---p 00003000 08:01 2757414                    /lib/x86_64-linux-gnu/libdl-2.23.so
7fafea941000-7fafea942000 r--p 00002000 08:01 2757414                    /lib/x86_64-linux-gnu/libdl-2.23.so
7fafea942000-7fafea943000 rw-p 00003000 08:01 2757414                    /lib/x86_64-linux-gnu/libdl-2.23.so
7fafea943000-7fafea95c000 r-xp 00000000 08:01 2757581                    /lib/x86_64-linux-gnu/libz.so.1.2.8
7fafea95c000-7fafeab5b000 ---p 00019000 08:01 2757581                    /lib/x86_64-linux-gnu/libz.so.1.2.8
7fafeab5b000-7fafeab5c000 r--p 00018000 08:01 2757581                    /lib/x86_64-linux-gnu/libz.so.1.2.8
7fafeab5c000-7fafeab5d000 rw-p 00019000 08:01 2757581                    /lib/x86_64-linux-gnu/libz.so.1.2.8
7fafeab5d000-7fafead1d000 r-xp 00000000 08:01 2757390                    /lib/x86_64-linux-gnu/libc-2.23.so
7fafead1d000-7fafeaf1d000 ---p 001c0000 08:01 2757390                    /lib/x86_64-linux-gnu/libc-2.23.so
7fafeaf1d000-7fafeaf21000 r--p 001c0000 08:01 2757390                    /lib/x86_64-linux-gnu/libc-2.23.so
7fafeaf21000-7fafeaf23000 rw-p 001c4000 08:01 2757390                    /lib/x86_64-linux-gnu/libc-2.23.so
7fafeaf23000-7fafeaf27000 rw-p 00000000 00:00 0 
7fafeaf27000-7fafeaf34000 r-xp 00000000 08:01 4723477                    /usr/lib/jvm/java-8-openjdk-amd64/jre/lib/amd64/jli/libjli.so
7fafeaf34000-7fafeb133000 ---p 0000d000 08:01 4723477                    /usr/lib/jvm/java-8-openjdk-amd64/jre/lib/amd64/jli/libjli.so
7fafeb133000-7fafeb134000 r--p 0000c000 08:01 4723477                    /usr/lib/jvm/java-8-openjdk-amd64/jre/lib/amd64/jli/libjli.so
7fafeb134000-7fafeb135000 rw-p 0000d000 08:01 4723477                    /usr/lib/jvm/java-8-openjdk-amd64/jre/lib/amd64/jli/libjli.so
7fafeb135000-7fafeb15b000 r-xp 00000000 08:01 2757362                    /lib/x86_64-linux-gnu/ld-2.23.so
7fafeb15b000-7fafeb15c000 r--s 000ba000 08:03 1966787                    /home/foysal/.gradle/caches/modules-2/files-2.1/com.badlogicgames.gdx/gdx-platform/1.9.9/7e644cfafdb436b13b24ac7993ffab17f306b64d/gdx-platform-1.9.9-natives-desktop.jar
7fafeb15c000-7fafeb15e000 r--s 00001000 08:01 4724286                    /usr/lib/jvm/java-8-openjdk-amd64/jre/lib/ext/dnsns.jar
7fafeb15e000-7fafeb15f000 r--s 00010000 08:01 4724282                    /usr/lib/jvm/java-8-openjdk-amd64/jre/lib/ext/zipfs.jar
7fafeb15f000-7fafeb162000 r--s 0000f000 08:01 4724278                    /usr/lib/jvm/java-8-openjdk-amd64/jre/lib/ext/icedtea-sound.jar
7fafeb162000-7fafeb165000 r--s 00039000 08:01 4724288                    /usr/lib/jvm/java-8-openjdk-amd64/jre/lib/ext/sunpkcs11.jar
7fafeb165000-7fafeb236000 rw-p 00000000 00:00 0 
7fafeb236000-7fafeb239000 ---p 00000000 00:00 0 
7fafeb239000-7fafeb33b000 rw-p 00000000 00:00 0 
7fafeb33b000-7fafeb33c000 r--s 0000a000 08:01 4724285                    /usr/lib/jvm/java-8-openjdk-amd64/jre/lib/ext/jaccess.jar
7fafeb33c000-7fafeb34f000 rw-p 00000000 00:00 0 
7fafeb34f000-7fafeb357000 rw-s 00000000 08:01 1970564                    /tmp/hsperfdata_foysal/19600
7fafeb357000-7fafeb358000 rw-p 00000000 00:00 0 
7fafeb358000-7fafeb359000 r--p 00000000 00:00 0 
7fafeb359000-7fafeb35a000 rw-p 00000000 00:00 0 
7fafeb35a000-7fafeb35b000 r--p 00025000 08:01 2757362                    /lib/x86_64-linux-gnu/ld-2.23.so
7fafeb35b000-7fafeb35c000 rw-p 00026000 08:01 2757362                    /lib/x86_64-linux-gnu/ld-2.23.so
7fafeb35c000-7fafeb35d000 rw-p 00000000 00:00 0 
7fff2abb3000-7fff2abd5000 rw-p 00000000 00:00 0                          [stack]
7fff2abf5000-7fff2abf8000 r--p 00000000 00:00 0                          [vvar]
7fff2abf8000-7fff2abfa000 r-xp 00000000 00:00 0                          [vdso]
ffffffffff600000-ffffffffff601000 r-xp 00000000 00:00 0                  [vsyscall]

VM Arguments:
jvm_args: -Dfile.encoding=UTF-8 
java_command: com.mygdx.game.desktop.DesktopLauncher
java_class_path (initial): /home/foysal/Documents/project/desktop/bin/main:/home/foysal/Documents/project/desktop/bin/default:/home/foysal/Documents/project/core/bin/main:/home/foysal/.gradle/caches/modules-2/files-2.1/net.dermetfan.libgdx-utils/libgdx-utils-box2d/0.13.4/918d79a20ea3c898cdb3611782c5b2bfa6ec575b/libgdx-utils-box2d-0.13.4.jar:/home/foysal/.gradle/caches/modules-2/files-2.1/net.dermetfan.libgdx-utils/libgdx-utils/0.13.4/27affad2873d1c9c366a2290fc51f3927f3a5f83/libgdx-utils-0.13.4.jar:/home/foysal/.gradle/caches/modules-2/files-2.1/com.badlogicgames.gdx/gdx-box2d/1.9.9/e9a43c50fbe4f1e26dd0af5d2e78d125549e7f6b/gdx-box2d-1.9.9.jar:/home/foysal/.gradle/caches/modules-2/files-2.1/com.badlogicgames.gdx/gdx/1.9.9/bf26f2f816b3cfe37ac6e66615391c30714b7030/gdx-1.9.9.jar:/home/foysal/.gradle/caches/modules-2/files-2.1/com.badlogicgames.gdx/gdx-backend-lwjgl/1.9.9/ca8911cb94c0bfeb59f99e46ca9b92440958fb0e/gdx-backend-lwjgl-1.9.9.jar:/home/foysal/.gradle/caches/modules-2/files-2.1/com.badlogicgames.gdx/gdx-platform/1.9.9/7e644cfafdb436b13b24ac7993ffab17f306b64d/gdx-platform-1.9.9-natives-desktop.jar:/home/foysal/.gradle/caches/modules-2/files-2.1/com.badlogicgames.gdx/gdx-box2d-platform/1.9.9/72b2916f45f3f948896eda931cd597f7e698340f/gdx-box2d-platform-1.9.9-natives-desktop.jar:/home/foysal/.gradle/caches/modules-2/files-2.1/org.lwjgl.lwjgl/lwjgl_util/2.9.2/4b9e37300a87799856e0bd15ed81663cdb6b0947/lwjgl_util-2.9.2.jar:/home/foysal/.gradle/caches/modules-2/files-2.1/org.lwjgl.lwjgl/lwjgl/2.9.2/a9d80fe5935c7a9149f6584d9777cfd471f65489/lwjgl-2.9.2.jar:/home/foysal/.gradle/caches/modules-2/files-2.1/com.badlogicgames.jlayer/jlayer/1.0.1-gdx/7cca83cec5c1b2f011362f4d85aabd71a73b049d/jlayer-1.0.1-gdx.jar:/home/foysal/.gradle/caches/modules-2/files-2.1/org.jcraft/jorbis/0.0.17/8872d22b293e8f5d7d56ff92be966e6dc28ebdc6/jorbis-0.0.17.jar:/home/foysal/.gradle/caches/modules-2/files-2.1/org.lwjgl.lwjgl/lwjgl-platform/2.9.2/510c7d317f5e9e700b9cfaac5fd38bdebf0702e0/lwjgl-platform
Launcher Type: SUN_STANDARD

Environment Variables:
PATH=/home/foysal/bin:/home/foysal/.local/bin:/usr/local/sbin:/usr/local/bin:/usr/sbin:/usr/bin:/sbin:/bin:/usr/games:/usr/local/games:/snap/bin
SHELL=/bin/bash
DISPLAY=:0

Signal Handlers:
SIGSEGV: [libjvm.so+0xa765a0], sa_mask[0]=11111111011111111101111111111110, sa_flags=SA_RESTART|SA_SIGINFO
SIGBUS: [libjvm.so+0xa765a0], sa_mask[0]=11111111011111111101111111111110, sa_flags=SA_RESTART|SA_SIGINFO
SIGFPE: [libjvm.so+0x8bd800], sa_mask[0]=11111111011111111101111111111110, sa_flags=SA_RESTART|SA_SIGINFO
SIGPIPE: [libjvm.so+0x8bd800], sa_mask[0]=11111111011111111101111111111110, sa_flags=SA_RESTART|SA_SIGINFO
SIGXFSZ: [libjvm.so+0x8bd800], sa_mask[0]=11111111011111111101111111111110, sa_flags=SA_RESTART|SA_SIGINFO
SIGILL: [libjvm.so+0x8bd800], sa_mask[0]=11111111011111111101111111111110, sa_flags=SA_RESTART|SA_SIGINFO
SIGUSR1: SIG_DFL, sa_mask[0]=00000000000000000000000000000000, sa_flags=none
SIGUSR2: [libjvm.so+0x8bd6b0], sa_mask[0]=00100000000000000000000000000000, sa_flags=SA_RESTART|SA_SIGINFO
SIGHUP: [libjvm.so+0x8bdd40], sa_mask[0]=11111111011111111101111111111110, sa_flags=SA_RESTART|SA_SIGINFO
SIGINT: [libjvm.so+0x8bdd40], sa_mask[0]=11111111011111111101111111111110, sa_flags=SA_RESTART|SA_SIGINFO
SIGTERM: [libjvm.so+0x8bdd40], sa_mask[0]=11111111011111111101111111111110, sa_flags=SA_RESTART|SA_SIGINFO
SIGQUIT: [libjvm.so+0x8bdd40], sa_mask[0]=11111111011111111101111111111110, sa_flags=SA_RESTART|SA_SIGINFO


---------------  S Y S T E M  ---------------

OS:DISTRIB_ID=Ubuntu
DISTRIB_RELEASE=16.04
DISTRIB_CODENAME=xenial
DISTRIB_DESCRIPTION="Ubuntu 16.04.6 LTS"

uname:Linux 4.15.0-54-generic #58~16.04.1-Ubuntu SMP Mon Jun 24 13:21:41 UTC 2019 x86_64
libc:glibc 2.23 NPTL 2.23 
rlimit: STACK 8192k, CORE 0k, NPROC 15175, NOFILE 1048576, AS infinity
load average:1.93 1.81 1.92

/proc/meminfo:
MemTotal:        3945256 kB
MemFree:          133984 kB
MemAvailable:     639380 kB
Buffers:           30764 kB
Cached:          1060384 kB
SwapCached:         1300 kB
Active:          2630740 kB
Inactive:         943804 kB
Active(anon):    2285736 kB
Inactive(anon):   616220 kB
Active(file):     345004 kB
Inactive(file):   327584 kB
Unevictable:         160 kB
Mlocked:             160 kB
SwapTotal:       3999740 kB
SwapFree:        3963644 kB
Dirty:             15832 kB
Writeback:             0 kB
AnonPages:       2482392 kB
Mapped:           462448 kB
Shmem:            418560 kB
Slab:             114128 kB
SReclaimable:      70756 kB
SUnreclaim:        43372 kB
KernelStack:       11600 kB
PageTables:        57624 kB
NFS_Unstable:          0 kB
Bounce:                0 kB
WritebackTmp:          0 kB
CommitLimit:     5972368 kB
Committed_AS:    8893584 kB
VmallocTotal:   34359738367 kB
VmallocUsed:           0 kB
VmallocChunk:          0 kB
HardwareCorrupted:     0 kB
AnonHugePages:      6144 kB
ShmemHugePages:        0 kB
ShmemPmdMapped:        0 kB
CmaTotal:              0 kB
CmaFree:               0 kB
HugePages_Total:       0
HugePages_Free:        0
HugePages_Rsvd:        0
HugePages_Surp:        0
Hugepagesize:       2048 kB
DirectMap4k:      192800 kB
DirectMap2M:     3907584 kB

container (cgroup) information:
container_type: cgroupv1
cpu_cpuset_cpus: 0-3
cpu_memory_nodes: 0
active_processor_count: 4
cpu_quota: -1
cpu_period: 100000
cpu_shares: -1
memory_limit_in_bytes: -1
memory_and_swap_limit_in_bytes: -2
memory_soft_limit_in_bytes: -1
memory_usage_in_bytes: 3660652544
memory_max_usage_in_bytes: 2097152


CPU:total 4 (initial active 4) (2 cores per cpu, 2 threads per core) family 6 model 42 stepping 7, cmov, cx8, fxsr, mmx, sse, sse2, sse3, ssse3, sse4.1, sse4.2, popcnt, avx, clmul, ht, tsc, tscinvbit

/proc/cpuinfo:
processor	: 0
vendor_id	: GenuineIntel
cpu family	: 6
model		: 42
model name	: Intel(R) Core(TM) i3-2350M CPU @ 2.30GHz
stepping	: 7
microcode	: 0x2f
cpu MHz		: 1409.048
cache size	: 3072 KB
physical id	: 0
siblings	: 4
core id		: 0
cpu cores	: 2
apicid		: 0
initial apicid	: 0
fpu		: yes
fpu_exception	: yes
cpuid level	: 13
wp		: yes
flags		: fpu vme de pse tsc msr pae mce cx8 apic sep mtrr pge mca cmov pat pse36 clflush dts acpi mmx fxsr sse sse2 ss ht tm pbe syscall nx rdtscp lm constant_tsc arch_perfmon pebs bts rep_good nopl xtopology nonstop_tsc cpuid aperfmperf pni pclmulqdq dtes64 monitor ds_cpl vmx est tm2 ssse3 cx16 xtpr pdcm pcid sse4_1 sse4_2 x2apic popcnt tsc_deadline_timer xsave avx lahf_lm epb pti ssbd ibrs ibpb stibp tpr_shadow vnmi flexpriority ept vpid xsaveopt dtherm arat pln pts md_clear flush_l1d
bugs		: cpu_meltdown spectre_v1 spectre_v2 spec_store_bypass l1tf mds
bogomips	: 4589.43
clflush size	: 64
cache_alignment	: 64
address sizes	: 36 bits physical, 48 bits virtual
power management:

processor	: 1
vendor_id	: GenuineIntel
cpu family	: 6
model		: 42
model name	: Intel(R) Core(TM) i3-2350M CPU @ 2.30GHz
stepping	: 7
microcode	: 0x2f
cpu MHz		: 1110.775
cache size	: 3072 KB
physical id	: 0
siblings	: 4
core id		: 1
cpu cores	: 2
apicid		: 2
initial apicid	: 2
fpu		: yes
fpu_exception	: yes
cpuid level	: 13
wp		: yes
flags		: fpu vme de pse tsc msr pae mce cx8 apic sep mtrr pge mca cmov pat pse36 clflush dts acpi mmx fxsr sse sse2 ss ht tm pbe syscall nx rdtscp lm constant_tsc arch_perfmon pebs bts rep_good nopl xtopology nonstop_tsc cpuid aperfmperf pni pclmulqdq dtes64 monitor ds_cpl vmx est tm2 ssse3 cx16 xtpr pdcm pcid sse4_1 sse4_2 x2apic popcnt tsc_deadline_timer xsave avx lahf_lm epb pti ssbd ibrs ibpb stibp tpr_shadow vnmi flexpriority ept vpid xsaveopt dtherm arat pln pts md_clear flush_l1d
bugs		: cpu_meltdown spectre_v1 spectre_v2 spec_store_bypass l1tf mds
bogomips	: 4589.43
clflush size	: 64
cache_alignment	: 64
address sizes	: 36 bits physical, 48 bits virtual
power management:

processor	: 2
vendor_id	: GenuineIntel
cpu family	: 6
model		: 42
model name	: Intel(R) Core(TM) i3-2350M CPU @ 2.30GHz
stepping	: 7
microcode	: 0x2f
cpu MHz		: 1115.688
cache size	: 3072 KB
physical id	: 0
siblings	: 4
core id		: 0
cpu cores	: 2
apicid		: 1
initial apicid	: 1
fpu		: yes
fpu_exception	: yes
cpuid level	: 13
wp		: yes
flags		: fpu vme de pse tsc msr pae mce cx8 apic sep mtrr pge mca cmov pat pse36 clflush dts acpi mmx fxsr sse sse2 ss ht tm pbe syscall nx rdtscp lm constant_tsc arch_perfmon pebs bts rep_good nopl xtopology nonstop_tsc cpuid aperfmperf pni pclmulqdq dtes64 monitor ds_cpl vmx est tm2 ssse3 cx16 xtpr pdcm pcid sse4_1 sse4_2 x2apic popcnt tsc_deadline_timer xsave avx lahf_lm epb pti ssbd ibrs ibpb stibp tpr_shadow vnmi flexpriority ept vpid xsaveopt dtherm arat pln pts md_clear flush_l1d
bugs		: cpu_meltdown spectre_v1 spectre_v2 spec_store_bypass l1tf mds
bogomips	: 4589.43
clflush size	: 64
cache_alignment	: 64
address sizes	: 36 bits physical, 48 bits virtual
power management:

processor	: 3
vendor_id	: GenuineIntel
cpu family	: 6
model		: 42
model name	: Intel(R) Core(TM) i3-2350M CPU @ 2.30GHz
stepping	: 7
microcode	: 0x2f
cpu MHz		: 1105.648
cache size	: 3072 KB
physical id	: 0
siblings	: 4
core id		: 1
cpu cores	: 2
apicid		: 3
initial apicid	: 3
fpu		: yes
fpu_exception	: yes
cpuid level	: 13
wp		: yes
flags		: fpu vme de pse tsc msr pae mce cx8 apic sep mtrr pge mca cmov pat pse36 clflush dts acpi mmx fxsr sse sse2 ss ht tm pbe syscall nx rdtscp lm constant_tsc arch_perfmon pebs bts rep_good nopl xtopology nonstop_tsc cpuid aperfmperf pni pclmulqdq dtes64 monitor ds_cpl vmx est tm2 ssse3 cx16 xtpr pdcm pcid sse4_1 sse4_2 x2apic popcnt tsc_deadline_timer xsave avx lahf_lm epb pti ssbd ibrs ibpb stibp tpr_shadow vnmi flexpriority ept vpid xsaveopt dtherm arat pln pts md_clear flush_l1d
bugs		: cpu_meltdown spectre_v1 spectre_v2 spec_store_bypass l1tf mds
bogomips	: 4589.43
clflush size	: 64
cache_alignment	: 64
address sizes	: 36 bits physical, 48 bits virtual
power management:



Memory: 4k page, physical 3945256k(133984k free), swap 3999740k(3963644k free)

vm_info: OpenJDK 64-Bit Server VM (25.212-b03) for linux-amd64 JRE (1.8.0_212-8u212-b03-0ubuntu1.16.04.1-b03), built on Apr 26 2019 02:02:50 by "buildd" with gcc 5.4.0 20160609

time: Fri Jul 12 16:59:37 2019
timezone: +06
elapsed time: 1 seconds (0d 0h 0m 1s)

