#
# A fatal error has been detected by the Java Runtime Environment:
#
#  SIGSEGV (0xb) at pc=0x00007f2f4ed216f6, pid=19185, tid=0x00007f2f5b3ca700
#
# JRE version: OpenJDK Runtime Environment (8.0_212-b03) (build 1.8.0_212-8u212-b03-0ubuntu1.16.04.1-b03)
# Java VM: OpenJDK 64-Bit Server VM (25.212-b03 mixed mode linux-amd64 compressed oops)
# Problematic frame:
# C  [libgdx-box2d64.so+0x356f6]  b2Fixture::Create(b2BlockAllocator*, b2Body*, b2FixtureDef const*)+0x56
#
# Failed to write core dump. Core dumps have been disabled. To enable core dumping, try "ulimit -c unlimited" before starting Java again
#
# If you would like to submit a bug report, please visit:
#   http://bugreport.java.com/bugreport/crash.jsp
# The crash happened outside the Java Virtual Machine in native code.
# See problematic frame for where to report the bug.
#

---------------  T H R E A D  ---------------

Current thread (0x00007f2fac447000):  JavaThread "LWJGL Application" [_thread_in_native, id=19212, stack(0x00007f2f5b2ca000,0x00007f2f5b3cb000)]

siginfo: si_signo: 11 (SIGSEGV), si_code: 1 (SEGV_MAPERR), si_addr: 0x0000000000000010

Registers:
RAX=0x0000000000000000, RBX=0x00007f2f34a24300, RCX=0x00007f2f5b3c9650, RDX=0x00007f2f34a20350
RSP=0x00007f2f5b3c95f0, RBP=0x00007f2f5b3c9650, RSI=0x00007f2f345505d0, RDI=0x00007f2f34593d80
R8 =0x0000000000000000, R9 =0x0000000000000001, R10=0x00007f2f9d0183db, R11=0x00007f2fb4170780
R12=0x00007f2f345505d0, R13=0x00007f2f345505d0, R14=0x00007f2f5b3c97b0, R15=0x00007f2fac447000
RIP=0x00007f2f4ed216f6, EFLAGS=0x0000000000010206, CSGSFS=0x002b000000000033, ERR=0x0000000000000004
  TRAPNO=0x000000000000000e

Top of Stack: (sp=0x00007f2f5b3c95f0)
0x00007f2f5b3c95f0:   00007f2f34a20350 00007f2f34a20350
0x00007f2f5b3c9600:   00007f2f34a24300 00007f2f345505d0
0x00007f2f5b3c9610:   00007f2f5b3c9650 00007f2f4ed20151
0x00007f2f5b3c9620:   00000000ecdd55b0 00007f2f4eb078f8
0x00007f2f5b3c9630:   00007f2f5b3c9738 0000000000000000
0x00007f2f5b3c9640:   00007f2f4eb078f8 00007f2f4ed275de
0x00007f2f5b3c9650:   00007f2f34593d80 0000000000000000
0x00007f2f5b3c9660:   000000003f000000 0001640000000000
0x00007f2f5b3c9670:   00007f2f0000ffff 06ff7b5f9f79c100
0x00007f2f5b3c9680:   00007f2fb0fefff0 00007f2f9d018407
0x00007f2f5b3c9690:   00007f2fffffffff 0000000000000000
0x00007f2f5b3c96a0:   00007f2fb0ff0028 0000000000000000
0x00007f2f5b3c96b0:   00007f2f5b3c96c8 00007f2f5b3c9720
0x00007f2f5b3c96c0:   00007f2f9d007a40 0000000000000001
0x00007f2f5b3c96d0:   00000000ecb94590 0000000000000001
0x00007f2f5b3c96e0:   00007f2f5b3c96e0 00007f2fb0fedf97
0x00007f2f5b3c96f0:   00007f2f5b3c97b0 00007f2f5b3c96f8
0x00007f2f5b3c9700:   0000000000000000 00007f2f5b3c97b0
0x00007f2f5b3c9710:   00007f2f4eb0c028 0000000000000000
0x00007f2f5b3c9720:   00007f2f4eb078f8 0000000000000000
0x00007f2f5b3c9730:   00007f2f5b3c9758 00007f2f5b3c97f8
0x00007f2f5b3c9740:   00007f2f9d007b10 0000000000000000
0x00007f2f5b3c9750:   00007f2f9d011a57 0000000000000000
0x00007f2f5b3c9760:   00000000ffffffff 0000000000000001
0x00007f2f5b3c9770:   0000000000000000 0000000000000000
0x00007f2f5b3c9780:   0000000000000000 000000003f000000
0x00007f2f5b3c9790:   00007f2f34593d80 00000000ecdd5358
0x00007f2f5b3c97a0:   00007f2f34a20350 00007f2f9d007d80
0x00007f2f5b3c97b0:   00000000ecdd5358 00007f2f5b3c97b8
0x00007f2f5b3c97c0:   00007f2f4eb077f9 00007f2f5b3c9828
0x00007f2f5b3c97d0:   00007f2f4eb0c028 0000000000000000
0x00007f2f5b3c97e0:   00007f2f4eb07870 00007f2f5b3c9758 

Instructions: (pc=0x00007f2f4ed216f6)
0x00007f2f4ed216d6:   48 c7 47 08 00 00 00 00 89 47 34 0f b7 41 22 66
0x00007f2f4ed216e6:   89 47 38 0f b6 41 1c 88 47 3a 48 8b 39 48 8b 07
0x00007f2f4ed216f6:   ff 50 10 48 8b 10 48 89 c7 48 89 43 18 ff 52 18
0x00007f2f4ed21706:   89 c6 41 89 c4 4c 89 ef c1 e6 05 e8 fa 12 fe ff 

Register to memory mapping:

RAX=0x0000000000000000 is an unknown value
RBX=0x00007f2f34a24300 is an unknown value
RCX=0x00007f2f5b3c9650 is pointing into the stack for thread: 0x00007f2fac447000
RDX=0x00007f2f34a20350 is an unknown value
RSP=0x00007f2f5b3c95f0 is pointing into the stack for thread: 0x00007f2fac447000
RBP=0x00007f2f5b3c9650 is pointing into the stack for thread: 0x00007f2fac447000
RSI=0x00007f2f345505d0 is an unknown value
RDI=0x00007f2f34593d80 is an unknown value
R8 =0x0000000000000000 is an unknown value
R9 =0x0000000000000001 is an unknown value
R10=0x00007f2f9d0183db is at code_begin+859 in an Interpreter codelet
method entry point (kind = native)  [0x00007f2f9d018080, 0x00007f2f9d018a00]  2432 bytes
R11=0x00007f2fb4170780: <offset 0x969780> in /usr/lib/jvm/java-8-openjdk-amd64/jre/lib/amd64/server/libjvm.so at 0x00007f2fb3807000
R12=0x00007f2f345505d0 is an unknown value
R13=0x00007f2f345505d0 is an unknown value
R14=0x00007f2f5b3c97b0 is pointing into the stack for thread: 0x00007f2fac447000
R15=0x00007f2fac447000 is a thread


Stack: [0x00007f2f5b2ca000,0x00007f2f5b3cb000],  sp=0x00007f2f5b3c95f0,  free space=1021k
Native frames: (J=compiled Java code, j=interpreted, Vv=VM code, C=native code)
C  [libgdx-box2d64.so+0x356f6]  b2Fixture::Create(b2BlockAllocator*, b2Body*, b2FixtureDef const*)+0x56
C  0x0000000000000000

Java frames: (J=compiled Java code, j=interpreted, Vv=VM code)
j  com.badlogic.gdx.physics.box2d.Body.jniCreateFixture(JJFFFZSSS)J+0
j  com.badlogic.gdx.physics.box2d.Body.createFixture(Lcom/badlogic/gdx/physics/box2d/FixtureDef;)Lcom/badlogic/gdx/physics/box2d/Fixture;+49
j  com.mygdx.game.Play.show()V+220
j  com.badlogic.gdx.Game.setScreen(Lcom/badlogic/gdx/Screen;)V+32
j  com.mygdx.game.gameClass.create()V+8
j  com.badlogic.gdx.backends.lwjgl.LwjglApplication.mainLoop()V+29
j  com.badlogic.gdx.backends.lwjgl.LwjglApplication$1.run()V+27
v  ~StubRoutines::call_stub

---------------  P R O C E S S  ---------------

Java Threads: ( => current thread )
  0x00007f2f3401b000 JavaThread "process reaper" daemon [_thread_blocked, id=19214, stack(0x00007f2f9c023000,0x00007f2f9c05c000)]
  0x00007f2fac00c000 JavaThread "DestroyJavaVM" [_thread_blocked, id=19191, stack(0x00007f2fb546b000,0x00007f2fb556c000)]
=>0x00007f2fac447000 JavaThread "LWJGL Application" [_thread_in_native, id=19212, stack(0x00007f2f5b2ca000,0x00007f2f5b3cb000)]
  0x00007f2fac39d800 JavaThread "AWT-XAWT" daemon [_thread_in_native, id=19207, stack(0x00007f2f66ec1000,0x00007f2f66fc2000)]
  0x00007f2fac37c800 JavaThread "Java2D Disposer" daemon [_thread_blocked, id=19206, stack(0x00007f2f673d2000,0x00007f2f674d3000)]
  0x00007f2fac0c2800 JavaThread "Service Thread" daemon [_thread_blocked, id=19204, stack(0x00007f2f956d0000,0x00007f2f957d1000)]
  0x00007f2fac0bf000 JavaThread "C1 CompilerThread2" daemon [_thread_blocked, id=19203, stack(0x00007f2f9c0f1000,0x00007f2f9c1f2000)]
  0x00007f2fac0bd800 JavaThread "C2 CompilerThread1" daemon [_thread_blocked, id=19202, stack(0x00007f2f9c1f2000,0x00007f2f9c2f3000)]
  0x00007f2fac0ba800 JavaThread "C2 CompilerThread0" daemon [_thread_blocked, id=19201, stack(0x00007f2f9c2f3000,0x00007f2f9c3f4000)]
  0x00007f2fac0b9000 JavaThread "Signal Dispatcher" daemon [_thread_blocked, id=19200, stack(0x00007f2f9c3f4000,0x00007f2f9c4f5000)]
  0x00007f2fac086000 JavaThread "Finalizer" daemon [_thread_blocked, id=19198, stack(0x00007f2f9c4f5000,0x00007f2f9c5f6000)]
  0x00007f2fac083000 JavaThread "Reference Handler" daemon [_thread_blocked, id=19197, stack(0x00007f2f9c5f6000,0x00007f2f9c6f7000)]

Other Threads:
  0x00007f2fac079800 VMThread [stack: 0x00007f2f9c6f7000,0x00007f2f9c7f8000] [id=19196]
  0x00007f2fac0c5000 WatcherThread [stack: 0x00007f2f955cf000,0x00007f2f956d0000] [id=19205]

VM state:not at safepoint (normal execution)

VM Mutex/Monitor currently owned by a thread: None

heap address: 0x00000000c3c00000, size: 964 MB, Compressed Oops mode: 32-bit
Narrow klass base: 0x0000000000000000, Narrow klass shift: 3
Compressed class space size: 1073741824 Address: 0x0000000100000000

Heap:
 PSYoungGen      total 18432K, used 15205K [0x00000000ebf00000, 0x00000000ed380000, 0x0000000100000000)
  eden space 15872K, 95% used [0x00000000ebf00000,0x00000000ecdd9528,0x00000000ece80000)
  from space 2560K, 0% used [0x00000000ed100000,0x00000000ed100000,0x00000000ed380000)
  to   space 2560K, 0% used [0x00000000ece80000,0x00000000ece80000,0x00000000ed100000)
 ParOldGen       total 42496K, used 0K [0x00000000c3c00000, 0x00000000c6580000, 0x00000000ebf00000)
  object space 42496K, 0% used [0x00000000c3c00000,0x00000000c3c00000,0x00000000c6580000)
 Metaspace       used 9118K, capacity 9309K, committed 9472K, reserved 1058816K
  class space    used 863K, capacity 935K, committed 1024K, reserved 1048576K

Card table byte_map: [0x00007f2fb1933000,0x00007f2fb1b16000] byte_map_base: 0x00007f2fb1315000

Marking Bits: (ParMarkBitMap*) 0x00007f2fb473a580
 Begin Bits: [0x00007f2f961e0000, 0x00007f2f970f0000)
 End Bits:   [0x00007f2f970f0000, 0x00007f2f98000000)

Polling page: 0x00007f2fb558d000

CodeCache: size=245760Kb used=2590Kb max_used=2590Kb free=243169Kb
 bounds [0x00007f2f9d000000, 0x00007f2f9d290000, 0x00007f2fac000000]
 total_blobs=1182 nmethods=590 adapters=507
 compilation: enabled

Compilation events (10 events):
Event: 1.340 Thread 0x00007f2fac0bf000  586       3       java.util.jar.Attributes::getValue (9 bytes)
Event: 1.340 Thread 0x00007f2fac0bf000 nmethod 586 0x00007f2f9d2857d0 code [0x00007f2f9d285960, 0x00007f2f9d285cc8]
Event: 1.340 Thread 0x00007f2fac0bf000  587       3       java.util.jar.Attributes::get (11 bytes)
Event: 1.340 Thread 0x00007f2fac0bf000 nmethod 587 0x00007f2f9d285e10 code [0x00007f2f9d285f80, 0x00007f2f9d2861a8]
Event: 1.341 Thread 0x00007f2fac0bf000  588   !   3       java.util.zip.ZipFile$ZipFileInflaterInputStream::close (67 bytes)
Event: 1.343 Thread 0x00007f2fac0bf000 nmethod 588 0x00007f2f9d286450 code [0x00007f2f9d286620, 0x00007f2f9d286e18]
Event: 1.343 Thread 0x00007f2fac0bf000  589       3       java.util.zip.InflaterInputStream::close (34 bytes)
Event: 1.343 Thread 0x00007f2fac0bf000 nmethod 589 0x00007f2f9d2871d0 code [0x00007f2f9d287360, 0x00007f2f9d287658]
Event: 1.343 Thread 0x00007f2fac0bf000  590       3       java.util.zip.ZipEntry::getSize (5 bytes)
Event: 1.343 Thread 0x00007f2fac0bf000 nmethod 590 0x00007f2f9d287750 code [0x00007f2f9d2878a0, 0x00007f2f9d2879f0]

GC Heap History (0 events):
No events

Deoptimization events (3 events):
Event: 0.198 Thread 0x00007f2fac00c000 Uncommon trap: reason=unstable_if action=reinterpret pc=0x00007f2f9d146838 method=java.lang.String.indexOf([CII[CIII)I @ 134
Event: 0.232 Thread 0x00007f2fac00c000 Uncommon trap: reason=unstable_if action=reinterpret pc=0x00007f2f9d13b704 method=java.lang.String.indexOf(II)I @ 49
Event: 0.619 Thread 0x00007f2fac447000 Uncommon trap: reason=unstable_if action=reinterpret pc=0x00007f2f9d1c7ffc method=java.lang.String.replace(CC)Ljava/lang/String; @ 26

Classes redefined (0 events):
No events

Internal exceptions (10 events):
Event: 0.499 Thread 0x00007f2fac00c000 Exception <a 'java/security/PrivilegedActionException'> (0x00000000ec4f38f8) thrown at [/build/openjdk-8-lHVHKD/openjdk-8-8u212-b03/src/hotspot/src/share/vm/prims/jvm.cpp, line 1502]
Event: 0.499 Thread 0x00007f2fac00c000 Exception <a 'java/security/PrivilegedActionException'> (0x00000000ec4f4550) thrown at [/build/openjdk-8-lHVHKD/openjdk-8-8u212-b03/src/hotspot/src/share/vm/prims/jvm.cpp, line 1502]
Event: 0.500 Thread 0x00007f2fac00c000 Exception <a 'java/security/PrivilegedActionException'> (0x00000000ec4f5178) thrown at [/build/openjdk-8-lHVHKD/openjdk-8-8u212-b03/src/hotspot/src/share/vm/prims/jvm.cpp, line 1502]
Event: 0.500 Thread 0x00007f2fac00c000 Exception <a 'java/security/PrivilegedActionException'> (0x00000000ec4f72c8) thrown at [/build/openjdk-8-lHVHKD/openjdk-8-8u212-b03/src/hotspot/src/share/vm/prims/jvm.cpp, line 1502]
Event: 0.500 Thread 0x00007f2fac00c000 Exception <a 'java/security/PrivilegedActionException'> (0x00000000ec4f7f20) thrown at [/build/openjdk-8-lHVHKD/openjdk-8-8u212-b03/src/hotspot/src/share/vm/prims/jvm.cpp, line 1502]
Event: 0.500 Thread 0x00007f2fac00c000 Exception <a 'java/security/PrivilegedActionException'> (0x00000000ec4f8b48) thrown at [/build/openjdk-8-lHVHKD/openjdk-8-8u212-b03/src/hotspot/src/share/vm/prims/jvm.cpp, line 1502]
Event: 0.500 Thread 0x00007f2fac00c000 Exception <a 'java/security/PrivilegedActionException'> (0x00000000ec4faa50) thrown at [/build/openjdk-8-lHVHKD/openjdk-8-8u212-b03/src/hotspot/src/share/vm/prims/jvm.cpp, line 1502]
Event: 0.500 Thread 0x00007f2fac00c000 Exception <a 'java/security/PrivilegedActionException'> (0x00000000ec4fb6a8) thrown at [/build/openjdk-8-lHVHKD/openjdk-8-8u212-b03/src/hotspot/src/share/vm/prims/jvm.cpp, line 1502]
Event: 0.500 Thread 0x00007f2fac00c000 Exception <a 'java/security/PrivilegedActionException'> (0x00000000ec4fc2d0) thrown at [/build/openjdk-8-lHVHKD/openjdk-8-8u212-b03/src/hotspot/src/share/vm/prims/jvm.cpp, line 1502]
Event: 0.665 Thread 0x00007f2fac447000 Exception <a 'java/lang/NoClassDefFoundError': org/lwjgl/opengles/GLContext> (0x00000000ec7efa50) thrown at [/build/openjdk-8-lHVHKD/openjdk-8-8u212-b03/src/hotspot/src/share/vm/classfile/systemDictionary.cpp, line 199]

Events (10 events):
Event: 1.345 loading class com/badlogic/gdx/physics/box2d/MassData
Event: 1.345 loading class com/badlogic/gdx/physics/box2d/MassData done
Event: 1.346 loading class com/badlogic/gdx/physics/box2d/Fixture
Event: 1.346 loading class com/badlogic/gdx/physics/box2d/Fixture done
Event: 1.347 loading class com/badlogic/gdx/physics/box2d/CircleShape
Event: 1.347 loading class com/badlogic/gdx/physics/box2d/CircleShape done
Event: 1.348 loading class com/badlogic/gdx/physics/box2d/EdgeShape
Event: 1.348 loading class com/badlogic/gdx/physics/box2d/EdgeShape done
Event: 1.349 loading class com/badlogic/gdx/physics/box2d/ChainShape
Event: 1.349 loading class com/badlogic/gdx/physics/box2d/ChainShape done


Dynamic libraries:
00400000-00401000 r-xp 00000000 08:01 4723398                            /usr/lib/jvm/java-8-openjdk-amd64/jre/bin/java
00600000-00601000 r--p 00000000 08:01 4723398                            /usr/lib/jvm/java-8-openjdk-amd64/jre/bin/java
00601000-00602000 rw-p 00001000 08:01 4723398                            /usr/lib/jvm/java-8-openjdk-amd64/jre/bin/java
02518000-02539000 rw-p 00000000 00:00 0                                  [heap]
c3c00000-c6580000 rw-p 00000000 00:00 0 
c6580000-ebf00000 ---p 00000000 00:00 0 
ebf00000-ed380000 rw-p 00000000 00:00 0 
ed380000-100000000 ---p 00000000 00:00 0 
100000000-100100000 rw-p 00000000 00:00 0 
100100000-140000000 ---p 00000000 00:00 0 
7f2f34000000-7f2f34a31000 rw-p 00000000 00:00 0 
7f2f34a31000-7f2f38000000 ---p 00000000 00:00 0 
7f2f38000000-7f2f38021000 rw-p 00000000 00:00 0 
7f2f38021000-7f2f3c000000 ---p 00000000 00:00 0 
7f2f3c000000-7f2f3c021000 rw-p 00000000 00:00 0 
7f2f3c021000-7f2f40000000 ---p 00000000 00:00 0 
7f2f43fff000-7f2f48000000 rw-s 00000000 00:19 20                         /dev/shm/pulse-shm-1812835152
7f2f48000000-7f2f48021000 rw-p 00000000 00:00 0 
7f2f48021000-7f2f4c000000 ---p 00000000 00:00 0 
7f2f4eaec000-7f2f4eb2c000 rw-p 00000000 00:00 0 
7f2f4eb2c000-7f2f4ecec000 ---p 00000000 00:00 0 
7f2f4ecec000-7f2f4ed38000 r-xp 00000000 08:01 1970585                    /tmp/libgdxfoysal/38f2459b/libgdx-box2d64.so
7f2f4ed38000-7f2f4ef37000 ---p 0004c000 08:01 1970585                    /tmp/libgdxfoysal/38f2459b/libgdx-box2d64.so
7f2f4ef37000-7f2f4ef39000 r--p 0004b000 08:01 1970585                    /tmp/libgdxfoysal/38f2459b/libgdx-box2d64.so
7f2f4ef39000-7f2f4ef3a000 rw-p 0004d000 08:01 1970585                    /tmp/libgdxfoysal/38f2459b/libgdx-box2d64.so
7f2f4ef3a000-7f2f4ffff000 rw-p 00000000 00:00 0 
7f2f4ffff000-7f2f54000000 rw-s 00000000 00:19 37                         /dev/shm/pulse-shm-648599699
7f2f54000000-7f2f54021000 rw-p 00000000 00:00 0 
7f2f54021000-7f2f58000000 ---p 00000000 00:00 0 
7f2f581ab000-7f2f58497000 rw-p 00000000 00:00 0 
7f2f58497000-7f2f5850b000 rw-p 00000000 00:00 0 
7f2f58595000-7f2f5859d000 r-xp 00000000 08:01 4728267                    /usr/lib/x86_64-linux-gnu/libpciaccess.so.0.11.1
7f2f5859d000-7f2f5879d000 ---p 00008000 08:01 4728267                    /usr/lib/x86_64-linux-gnu/libpciaccess.so.0.11.1
7f2f5879d000-7f2f5879e000 r--p 00008000 08:01 4728267                    /usr/lib/x86_64-linux-gnu/libpciaccess.so.0.11.1
7f2f5879e000-7f2f5879f000 rw-p 00009000 08:01 4728267                    /usr/lib/x86_64-linux-gnu/libpciaccess.so.0.11.1
7f2f5879f000-7f2f587aa000 r-xp 00000000 08:01 4727612                    /usr/lib/x86_64-linux-gnu/libdrm_radeon.so.1.0.1
7f2f587aa000-7f2f589a9000 ---p 0000b000 08:01 4727612                    /usr/lib/x86_64-linux-gnu/libdrm_radeon.so.1.0.1
7f2f589a9000-7f2f589aa000 r--p 0000a000 08:01 4727612                    /usr/lib/x86_64-linux-gnu/libdrm_radeon.so.1.0.1
7f2f589aa000-7f2f589ab000 rw-p 0000b000 08:01 4727612                    /usr/lib/x86_64-linux-gnu/libdrm_radeon.so.1.0.1
7f2f589ab000-7f2f589b2000 r-xp 00000000 08:01 4727610                    /usr/lib/x86_64-linux-gnu/libdrm_nouveau.so.2.0.0
7f2f589b2000-7f2f58bb1000 ---p 00007000 08:01 4727610                    /usr/lib/x86_64-linux-gnu/libdrm_nouveau.so.2.0.0
7f2f58bb1000-7f2f58bb2000 r--p 00006000 08:01 4727610                    /usr/lib/x86_64-linux-gnu/libdrm_nouveau.so.2.0.0
7f2f58bb2000-7f2f58bb3000 rw-p 00007000 08:01 4727610                    /usr/lib/x86_64-linux-gnu/libdrm_nouveau.so.2.0.0
7f2f58bb3000-7f2f58bd5000 r-xp 00000000 08:01 4727608                    /usr/lib/x86_64-linux-gnu/libdrm_intel.so.1.0.0
7f2f58bd5000-7f2f58dd5000 ---p 00022000 08:01 4727608                    /usr/lib/x86_64-linux-gnu/libdrm_intel.so.1.0.0
7f2f58dd5000-7f2f58dd6000 r--p 00022000 08:01 4727608                    /usr/lib/x86_64-linux-gnu/libdrm_intel.so.1.0.0
7f2f58dd6000-7f2f58dd7000 rw-p 00023000 08:01 4727608                    /usr/lib/x86_64-linux-gnu/libdrm_intel.so.1.0.0
7f2f58dd7000-7f2f596b7000 r-xp 00000000 08:01 4983000                    /usr/lib/x86_64-linux-gnu/dri/i965_dri.so
7f2f596b7000-7f2f598b7000 ---p 008e0000 08:01 4983000                    /usr/lib/x86_64-linux-gnu/dri/i965_dri.so
7f2f598b7000-7f2f59907000 r--p 008e0000 08:01 4983000                    /usr/lib/x86_64-linux-gnu/dri/i965_dri.so
7f2f59907000-7f2f59912000 rw-p 00930000 08:01 4983000                    /usr/lib/x86_64-linux-gnu/dri/i965_dri.so
7f2f59912000-7f2f599b7000 rw-p 00000000 00:00 0 
7f2f599b7000-7f2f599c7000 r-xp 00000000 08:01 4727604                    /usr/lib/x86_64-linux-gnu/libdrm.so.2.4.0
7f2f599c7000-7f2f59bc7000 ---p 00010000 08:01 4727604                    /usr/lib/x86_64-linux-gnu/libdrm.so.2.4.0
7f2f59bc7000-7f2f59bc8000 r--p 00010000 08:01 4727604                    /usr/lib/x86_64-linux-gnu/libdrm.so.2.4.0
7f2f59bc8000-7f2f59bc9000 rw-p 00011000 08:01 4727604                    /usr/lib/x86_64-linux-gnu/libdrm.so.2.4.0
7f2f59bc9000-7f2f59bcd000 r-xp 00000000 08:01 4728684                    /usr/lib/x86_64-linux-gnu/libxcb-dri2.so.0.0.0
7f2f59bcd000-7f2f59dcc000 ---p 00004000 08:01 4728684                    /usr/lib/x86_64-linux-gnu/libxcb-dri2.so.0.0.0
7f2f59dcc000-7f2f59dcd000 r--p 00003000 08:01 4728684                    /usr/lib/x86_64-linux-gnu/libxcb-dri2.so.0.0.0
7f2f59dcd000-7f2f59dce000 rw-p 00004000 08:01 4728684                    /usr/lib/x86_64-linux-gnu/libxcb-dri2.so.0.0.0
7f2f59dce000-7f2f59de5000 r-xp 00000000 08:01 4728688                    /usr/lib/x86_64-linux-gnu/libxcb-glx.so.0.0.0
7f2f59de5000-7f2f59fe4000 ---p 00017000 08:01 4728688                    /usr/lib/x86_64-linux-gnu/libxcb-glx.so.0.0.0
7f2f59fe4000-7f2f59fe6000 r--p 00016000 08:01 4728688                    /usr/lib/x86_64-linux-gnu/libxcb-glx.so.0.0.0
7f2f59fe6000-7f2f59fe7000 rw-p 00018000 08:01 4728688                    /usr/lib/x86_64-linux-gnu/libxcb-glx.so.0.0.0
7f2f59fe7000-7f2f59fe8000 r-xp 00000000 08:01 4727286                    /usr/lib/x86_64-linux-gnu/libX11-xcb.so.1.0.0
7f2f59fe8000-7f2f5a1e7000 ---p 00001000 08:01 4727286                    /usr/lib/x86_64-linux-gnu/libX11-xcb.so.1.0.0
7f2f5a1e7000-7f2f5a1e8000 r--p 00000000 08:01 4727286                    /usr/lib/x86_64-linux-gnu/libX11-xcb.so.1.0.0
7f2f5a1e8000-7f2f5a1e9000 rw-p 00001000 08:01 4727286                    /usr/lib/x86_64-linux-gnu/libX11-xcb.so.1.0.0
7f2f5a1e9000-7f2f5a1eb000 r-xp 00000000 08:01 4727301                    /usr/lib/x86_64-linux-gnu/libXdamage.so.1.1.0
7f2f5a1eb000-7f2f5a3ea000 ---p 00002000 08:01 4727301                    /usr/lib/x86_64-linux-gnu/libXdamage.so.1.1.0
7f2f5a3ea000-7f2f5a3eb000 r--p 00001000 08:01 4727301                    /usr/lib/x86_64-linux-gnu/libXdamage.so.1.1.0
7f2f5a3eb000-7f2f5a3ec000 rw-p 00002000 08:01 4727301                    /usr/lib/x86_64-linux-gnu/libXdamage.so.1.1.0
7f2f5a3ec000-7f2f5a418000 r-xp 00000000 08:01 4727805                    /usr/lib/x86_64-linux-gnu/libglapi.so.0.0.0
7f2f5a418000-7f2f5a617000 ---p 0002c000 08:01 4727805                    /usr/lib/x86_64-linux-gnu/libglapi.so.0.0.0
7f2f5a617000-7f2f5a61b000 r--p 0002b000 08:01 4727805                    /usr/lib/x86_64-linux-gnu/libglapi.so.0.0.0
7f2f5a61b000-7f2f5a61c000 rw-p 0002f000 08:01 4727805                    /usr/lib/x86_64-linux-gnu/libglapi.so.0.0.0
7f2f5a61c000-7f2f5a61d000 rw-p 00000000 00:00 0 
7f2f5a61d000-7f2f5a61e000 r-xp 00000000 08:01 4728728                    /usr/lib/x86_64-linux-gnu/libxshmfence.so.1.0.0
7f2f5a61e000-7f2f5a81e000 ---p 00001000 08:01 4728728                    /usr/lib/x86_64-linux-gnu/libxshmfence.so.1.0.0
7f2f5a81e000-7f2f5a81f000 r--p 00001000 08:01 4728728                    /usr/lib/x86_64-linux-gnu/libxshmfence.so.1.0.0
7f2f5a81f000-7f2f5a820000 rw-p 00002000 08:01 4728728                    /usr/lib/x86_64-linux-gnu/libxshmfence.so.1.0.0
7f2f5a820000-7f2f5a825000 r-xp 00000000 08:01 4728708                    /usr/lib/x86_64-linux-gnu/libxcb-sync.so.1.0.0
7f2f5a825000-7f2f5aa25000 ---p 00005000 08:01 4728708                    /usr/lib/x86_64-linux-gnu/libxcb-sync.so.1.0.0
7f2f5aa25000-7f2f5aa26000 r--p 00005000 08:01 4728708                    /usr/lib/x86_64-linux-gnu/libxcb-sync.so.1.0.0
7f2f5aa26000-7f2f5aa27000 rw-p 00006000 08:01 4728708                    /usr/lib/x86_64-linux-gnu/libxcb-sync.so.1.0.0
7f2f5aa27000-7f2f5aa29000 r-xp 00000000 08:01 4728696                    /usr/lib/x86_64-linux-gnu/libxcb-present.so.0.0.0
7f2f5aa29000-7f2f5ac28000 ---p 00002000 08:01 4728696                    /usr/lib/x86_64-linux-gnu/libxcb-present.so.0.0.0
7f2f5ac28000-7f2f5ac29000 r--p 00001000 08:01 4728696                    /usr/lib/x86_64-linux-gnu/libxcb-present.so.0.0.0
7f2f5ac29000-7f2f5ac2a000 rw-p 00002000 08:01 4728696                    /usr/lib/x86_64-linux-gnu/libxcb-present.so.0.0.0
7f2f5ac2a000-7f2f5ac2c000 r-xp 00000000 08:01 4728686                    /usr/lib/x86_64-linux-gnu/libxcb-dri3.so.0.0.0
7f2f5ac2c000-7f2f5ae2b000 ---p 00002000 08:01 4728686                    /usr/lib/x86_64-linux-gnu/libxcb-dri3.so.0.0.0
7f2f5ae2b000-7f2f5ae2c000 r--p 00001000 08:01 4728686                    /usr/lib/x86_64-linux-gnu/libxcb-dri3.so.0.0.0
7f2f5ae2c000-7f2f5ae2d000 rw-p 00002000 08:01 4728686                    /usr/lib/x86_64-linux-gnu/libxcb-dri3.so.0.0.0
7f2f5ae2d000-7f2f5ae53000 r-xp 00000000 08:01 2757058                    /lib/x86_64-linux-gnu/libexpat.so.1.6.0
7f2f5ae53000-7f2f5b053000 ---p 00026000 08:01 2757058                    /lib/x86_64-linux-gnu/libexpat.so.1.6.0
7f2f5b053000-7f2f5b055000 r--p 00026000 08:01 2757058                    /lib/x86_64-linux-gnu/libexpat.so.1.6.0
7f2f5b055000-7f2f5b056000 rw-p 00028000 08:01 2757058                    /lib/x86_64-linux-gnu/libexpat.so.1.6.0
7f2f5b056000-7f2f5b0c6000 r-xp 00000000 08:01 4984410                    /usr/lib/x86_64-linux-gnu/mesa/libGL.so.1.2.0
7f2f5b0c6000-7f2f5b2c5000 ---p 00070000 08:01 4984410                    /usr/lib/x86_64-linux-gnu/mesa/libGL.so.1.2.0
7f2f5b2c5000-7f2f5b2c8000 r--p 0006f000 08:01 4984410                    /usr/lib/x86_64-linux-gnu/mesa/libGL.so.1.2.0
7f2f5b2c8000-7f2f5b2c9000 rw-p 00072000 08:01 4984410                    /usr/lib/x86_64-linux-gnu/mesa/libGL.so.1.2.0
7f2f5b2c9000-7f2f5b2ca000 rw-p 00000000 00:00 0 
7f2f5b2ca000-7f2f5b2cd000 ---p 00000000 00:00 0 
7f2f5b2cd000-7f2f5b3cb000 rw-p 00000000 00:00 0 
7f2f5b3cb000-7f2f5b3cc000 ---p 00000000 00:00 0 
7f2f5b3cc000-7f2f5bbcc000 rw-p 00000000 00:00 0 
7f2f5bbcc000-7f2f5bbf6000 r-xp 00000000 08:01 4728589                    /usr/lib/x86_64-linux-gnu/libvorbis.so.0.4.8
7f2f5bbf6000-7f2f5bdf5000 ---p 0002a000 08:01 4728589                    /usr/lib/x86_64-linux-gnu/libvorbis.so.0.4.8
7f2f5bdf5000-7f2f5bdf6000 r--p 00029000 08:01 4728589                    /usr/lib/x86_64-linux-gnu/libvorbis.so.0.4.8
7f2f5bdf6000-7f2f5bdf7000 rw-p 0002a000 08:01 4728589                    /usr/lib/x86_64-linux-gnu/libvorbis.so.0.4.8
7f2f5bdf7000-7f2f5bdfe000 r-xp 00000000 08:01 4728225                    /usr/lib/x86_64-linux-gnu/libogg.so.0.8.2
7f2f5bdfe000-7f2f5bffe000 ---p 00007000 08:01 4728225                    /usr/lib/x86_64-linux-gnu/libogg.so.0.8.2
7f2f5bffe000-7f2f5bfff000 r--p 00007000 08:01 4728225                    /usr/lib/x86_64-linux-gnu/libogg.so.0.8.2
7f2f5bfff000-7f2f5c000000 rw-p 00008000 08:01 4728225                    /usr/lib/x86_64-linux-gnu/libogg.so.0.8.2
7f2f5c000000-7f2f5c021000 rw-p 00000000 00:00 0 
7f2f5c021000-7f2f60000000 ---p 00000000 00:00 0 
7f2f60000000-7f2f60021000 rw-p 00000000 00:00 0 
7f2f60021000-7f2f64000000 ---p 00000000 00:00 0 
7f2f64063000-7f2f64064000 ---p 00000000 00:00 0 
7f2f64064000-7f2f64164000 rw-p 00000000 00:00 0 
7f2f64164000-7f2f64176000 r-xp 00000000 08:01 2757434                    /lib/x86_64-linux-gnu/libgpg-error.so.0.17.0
7f2f64176000-7f2f64376000 ---p 00012000 08:01 2757434                    /lib/x86_64-linux-gnu/libgpg-error.so.0.17.0
7f2f64376000-7f2f64377000 r--p 00012000 08:01 2757434                    /lib/x86_64-linux-gnu/libgpg-error.so.0.17.0
7f2f64377000-7f2f64378000 rw-p 00013000 08:01 2757434                    /lib/x86_64-linux-gnu/libgpg-error.so.0.17.0
7f2f64378000-7f2f643e6000 r-xp 00000000 08:01 2757519                    /lib/x86_64-linux-gnu/libpcre.so.3.13.2
7f2f643e6000-7f2f645e6000 ---p 0006e000 08:01 2757519                    /lib/x86_64-linux-gnu/libpcre.so.3.13.2
7f2f645e6000-7f2f645e7000 r--p 0006e000 08:01 2757519                    /lib/x86_64-linux-gnu/libpcre.so.3.13.2
7f2f645e7000-7f2f645e8000 rw-p 0006f000 08:01 2757519                    /lib/x86_64-linux-gnu/libpcre.so.3.13.2
7f2f645e8000-7f2f645ff000 r-xp 00000000 08:01 2757542                    /lib/x86_64-linux-gnu/libresolv-2.23.so
7f2f645ff000-7f2f647ff000 ---p 00017000 08:01 2757542                    /lib/x86_64-linux-gnu/libresolv-2.23.so
7f2f647ff000-7f2f64800000 r--p 00017000 08:01 2757542                    /lib/x86_64-linux-gnu/libresolv-2.23.so
7f2f64800000-7f2f64801000 rw-p 00018000 08:01 2757542                    /lib/x86_64-linux-gnu/libresolv-2.23.so
7f2f64801000-7f2f64803000 rw-p 00000000 00:00 0 
7f2f64803000-7f2f64890000 r-xp 00000000 08:01 4728591                    /usr/lib/x86_64-linux-gnu/libvorbisenc.so.2.0.11
7f2f64890000-7f2f64a8f000 ---p 0008d000 08:01 4728591                    /usr/lib/x86_64-linux-gnu/libvorbisenc.so.2.0.11
7f2f64a8f000-7f2f64aab000 r--p 0008c000 08:01 4728591                    /usr/lib/x86_64-linux-gnu/libvorbisenc.so.2.0.11
7f2f64aab000-7f2f64aac000 rw-p 000a8000 08:01 4728591                    /usr/lib/x86_64-linux-gnu/libvorbisenc.so.2.0.11
7f2f64aac000-7f2f64b1f000 r-xp 00000000 08:01 4727142                    /usr/lib/x86_64-linux-gnu/libFLAC.so.8.3.0
7f2f64b1f000-7f2f64d1f000 ---p 00073000 08:01 4727142                    /usr/lib/x86_64-linux-gnu/libFLAC.so.8.3.0
7f2f64d1f000-7f2f64d20000 r--p 00073000 08:01 4727142                    /usr/lib/x86_64-linux-gnu/libFLAC.so.8.3.0
7f2f64d20000-7f2f64d21000 rw-p 00074000 08:01 4727142                    /usr/lib/x86_64-linux-gnu/libFLAC.so.8.3.0
7f2f64d21000-7f2f64df8000 r-xp 00000000 08:01 2757430                    /lib/x86_64-linux-gnu/libgcrypt.so.20.0.5
7f2f64df8000-7f2f64ff8000 ---p 000d7000 08:01 2757430                    /lib/x86_64-linux-gnu/libgcrypt.so.20.0.5
7f2f64ff8000-7f2f64ff9000 r--p 000d7000 08:01 2757430                    /lib/x86_64-linux-gnu/libgcrypt.so.20.0.5
7f2f64ff9000-7f2f65001000 rw-p 000d8000 08:01 2757430                    /lib/x86_64-linux-gnu/libgcrypt.so.20.0.5
7f2f65001000-7f2f65002000 rw-p 00000000 00:00 0 
7f2f65002000-7f2f65023000 r-xp 00000000 08:01 2757457                    /lib/x86_64-linux-gnu/liblzma.so.5.0.0
7f2f65023000-7f2f65222000 ---p 00021000 08:01 2757457                    /lib/x86_64-linux-gnu/liblzma.so.5.0.0
7f2f65222000-7f2f65223000 r--p 00020000 08:01 2757457                    /lib/x86_64-linux-gnu/liblzma.so.5.0.0
7f2f65223000-7f2f65224000 rw-p 00021000 08:01 2757457                    /lib/x86_64-linux-gnu/liblzma.so.5.0.0
7f2f65224000-7f2f65243000 r-xp 00000000 08:01 2757548                    /lib/x86_64-linux-gnu/libselinux.so.1
7f2f65243000-7f2f65442000 ---p 0001f000 08:01 2757548                    /lib/x86_64-linux-gnu/libselinux.so.1
7f2f65442000-7f2f65443000 r--p 0001e000 08:01 2757548                    /lib/x86_64-linux-gnu/libselinux.so.1
7f2f65443000-7f2f65444000 rw-p 0001f000 08:01 2757548                    /lib/x86_64-linux-gnu/libselinux.so.1
7f2f65444000-7f2f65446000 rw-p 00000000 00:00 0 
7f2f65446000-7f2f6544b000 r-xp 00000000 08:01 4727396                    /usr/lib/x86_64-linux-gnu/libasyncns.so.0.3.1
7f2f6544b000-7f2f6564a000 ---p 00005000 08:01 4727396                    /usr/lib/x86_64-linux-gnu/libasyncns.so.0.3.1
7f2f6564a000-7f2f6564b000 r--p 00004000 08:01 4727396                    /usr/lib/x86_64-linux-gnu/libasyncns.so.0.3.1
7f2f6564b000-7f2f6564c000 rw-p 00005000 08:01 4727396                    /usr/lib/x86_64-linux-gnu/libasyncns.so.0.3.1
7f2f6564c000-7f2f656af000 r-xp 00000000 08:01 4725157                    /usr/lib/x86_64-linux-gnu/libsndfile.so.1.0.25
7f2f656af000-7f2f658af000 ---p 00063000 08:01 4725157                    /usr/lib/x86_64-linux-gnu/libsndfile.so.1.0.25
7f2f658af000-7f2f658b1000 r--p 00063000 08:01 4725157                    /usr/lib/x86_64-linux-gnu/libsndfile.so.1.0.25
7f2f658b1000-7f2f658b2000 rw-p 00065000 08:01 4725157                    /usr/lib/x86_64-linux-gnu/libsndfile.so.1.0.25
7f2f658b2000-7f2f658b6000 rw-p 00000000 00:00 0 
7f2f658b6000-7f2f658be000 r-xp 00000000 08:01 2757576                    /lib/x86_64-linux-gnu/libwrap.so.0.7.6
7f2f658be000-7f2f65abd000 ---p 00008000 08:01 2757576                    /lib/x86_64-linux-gnu/libwrap.so.0.7.6
7f2f65abd000-7f2f65abe000 r--p 00007000 08:01 2757576                    /lib/x86_64-linux-gnu/libwrap.so.0.7.6
7f2f65abe000-7f2f65abf000 rw-p 00008000 08:01 2757576                    /lib/x86_64-linux-gnu/libwrap.so.0.7.6
7f2f65abf000-7f2f65ac0000 rw-p 00000000 00:00 0 
7f2f65ac0000-7f2f65b0a000 r-xp 00000000 08:01 2752540                    /lib/x86_64-linux-gnu/libdbus-1.so.3.14.6
7f2f65b0a000-7f2f65d0a000 ---p 0004a000 08:01 2752540                    /lib/x86_64-linux-gnu/libdbus-1.so.3.14.6
7f2f65d0a000-7f2f65d0b000 r--p 0004a000 08:01 2752540                    /lib/x86_64-linux-gnu/libdbus-1.so.3.14.6
7f2f65d0b000-7f2f65d0c000 rw-p 0004b000 08:01 2752540                    /lib/x86_64-linux-gnu/libdbus-1.so.3.14.6
7f2f65d0c000-7f2f65d86000 r-xp 00000000 08:01 4984918                    /usr/lib/x86_64-linux-gnu/pulseaudio/libpulsecommon-8.0.so
7f2f65d86000-7f2f65f85000 ---p 0007a000 08:01 4984918                    /usr/lib/x86_64-linux-gnu/pulseaudio/libpulsecommon-8.0.so
7f2f65f85000-7f2f65f86000 r--p 00079000 08:01 4984918                    /usr/lib/x86_64-linux-gnu/pulseaudio/libpulsecommon-8.0.so
7f2f65f86000-7f2f65f87000 rw-p 0007a000 08:01 4984918                    /usr/lib/x86_64-linux-gnu/pulseaudio/libpulsecommon-8.0.so
7f2f65f87000-7f2f65f91000 r-xp 00000000 08:01 2757449                    /lib/x86_64-linux-gnu/libjson-c.so.2.0.0
7f2f65f91000-7f2f66190000 ---p 0000a000 08:01 2757449                    /lib/x86_64-linux-gnu/libjson-c.so.2.0.0
7f2f66190000-7f2f66191000 r--p 00009000 08:01 2757449                    /lib/x86_64-linux-gnu/libjson-c.so.2.0.0
7f2f66191000-7f2f66192000 rw-p 0000a000 08:01 2757449                    /lib/x86_64-linux-gnu/libjson-c.so.2.0.0
7f2f66192000-7f2f661e0000 r-xp 00000000 08:01 4728317                    /usr/lib/x86_64-linux-gnu/libpulse.so.0.19.0
7f2f661e0000-7f2f663e0000 ---p 0004e000 08:01 4728317                    /usr/lib/x86_64-linux-gnu/libpulse.so.0.19.0
7f2f663e0000-7f2f663e1000 r--p 0004e000 08:01 4728317                    /usr/lib/x86_64-linux-gnu/libpulse.so.0.19.0
7f2f663e1000-7f2f663e2000 rw-p 0004f000 08:01 4728317                    /usr/lib/x86_64-linux-gnu/libpulse.so.0.19.0
7f2f663e2000-7f2f66437000 r-xp 00000000 08:01 1970581                    /tmp/libgdxfoysal/31ce78a2/libopenal64.so
7f2f66437000-7f2f66636000 ---p 00055000 08:01 1970581                    /tmp/libgdxfoysal/31ce78a2/libopenal64.so
7f2f66636000-7f2f66639000 r--p 00054000 08:01 1970581                    /tmp/libgdxfoysal/31ce78a2/libopenal64.so
7f2f66639000-7f2f6663a000 rw-p 00057000 08:01 1970581                    /tmp/libgdxfoysal/31ce78a2/libopenal64.so
7f2f6663a000-7f2f6663b000 rw-p 00000000 00:00 0 
7f2f6663b000-7f2f66640000 r-xp 00000000 08:01 4727343                    /usr/lib/x86_64-linux-gnu/libXxf86vm.so.1.0.0
7f2f66640000-7f2f6683f000 ---p 00005000 08:01 4727343                    /usr/lib/x86_64-linux-gnu/libXxf86vm.so.1.0.0
7f2f6683f000-7f2f66840000 r--p 00004000 08:01 4727343                    /usr/lib/x86_64-linux-gnu/libXxf86vm.so.1.0.0
7f2f66840000-7f2f66841000 rw-p 00005000 08:01 4727343                    /usr/lib/x86_64-linux-gnu/libXxf86vm.so.1.0.0
7f2f66841000-7f2f6684b000 r-xp 00000000 08:01 4727325                    /usr/lib/x86_64-linux-gnu/libXrandr.so.2.2.0
7f2f6684b000-7f2f66a4a000 ---p 0000a000 08:01 4727325                    /usr/lib/x86_64-linux-gnu/libXrandr.so.2.2.0
7f2f66a4a000-7f2f66a4b000 r--p 00009000 08:01 4727325                    /usr/lib/x86_64-linux-gnu/libXrandr.so.2.2.0
7f2f66a4b000-7f2f66a4c000 rw-p 0000a000 08:01 4727325                    /usr/lib/x86_64-linux-gnu/libXrandr.so.2.2.0
7f2f66a4c000-7f2f66abc000 r-xp 00000000 08:01 1970580                    /tmp/libgdxfoysal/31ce78a2/liblwjgl64.so
7f2f66abc000-7f2f66cbc000 ---p 00070000 08:01 1970580                    /tmp/libgdxfoysal/31ce78a2/liblwjgl64.so
7f2f66cbc000-7f2f66cbe000 r--p 00070000 08:01 1970580                    /tmp/libgdxfoysal/31ce78a2/liblwjgl64.so
7f2f66cbe000-7f2f66cbf000 rw-p 00072000 08:01 1970580                    /tmp/libgdxfoysal/31ce78a2/liblwjgl64.so
7f2f66cbf000-7f2f66cc0000 r-xp 00000000 08:01 4723430                    /usr/lib/jvm/java-8-openjdk-amd64/jre/lib/amd64/libjawt.so
7f2f66cc0000-7f2f66ebf000 ---p 00001000 08:01 4723430                    /usr/lib/jvm/java-8-openjdk-amd64/jre/lib/amd64/libjawt.so
7f2f66ebf000-7f2f66ec0000 r--p 00000000 08:01 4723430                    /usr/lib/jvm/java-8-openjdk-amd64/jre/lib/amd64/libjawt.so
7f2f66ec0000-7f2f66ec1000 rw-p 00001000 08:01 4723430                    /usr/lib/jvm/java-8-openjdk-amd64/jre/lib/amd64/libjawt.so
7f2f66ec1000-7f2f66ec4000 ---p 00000000 00:00 0 
7f2f66ec4000-7f2f66fc2000 rw-p 00000000 00:00 0 
7f2f66fc2000-7f2f66fc7000 r-xp 00000000 08:01 4727307                    /usr/lib/x86_64-linux-gnu/libXfixes.so.3.1.0
7f2f66fc7000-7f2f671c6000 ---p 00005000 08:01 4727307                    /usr/lib/x86_64-linux-gnu/libXfixes.so.3.1.0
7f2f671c6000-7f2f671c7000 r--p 00004000 08:01 4727307                    /usr/lib/x86_64-linux-gnu/libXfixes.so.3.1.0
7f2f671c7000-7f2f671c8000 rw-p 00005000 08:01 4727307                    /usr/lib/x86_64-linux-gnu/libXfixes.so.3.1.0
7f2f671c8000-7f2f671d1000 r-xp 00000000 08:01 4727299                    /usr/lib/x86_64-linux-gnu/libXcursor.so.1.0.2
7f2f671d1000-7f2f673d0000 ---p 00009000 08:01 4727299                    /usr/lib/x86_64-linux-gnu/libXcursor.so.1.0.2
7f2f673d0000-7f2f673d1000 r--p 00008000 08:01 4727299                    /usr/lib/x86_64-linux-gnu/libXcursor.so.1.0.2
7f2f673d1000-7f2f673d2000 rw-p 00009000 08:01 4727299                    /usr/lib/x86_64-linux-gnu/libXcursor.so.1.0.2
7f2f673d2000-7f2f673d5000 ---p 00000000 00:00 0 
7f2f673d5000-7f2f674d3000 rw-p 00000000 00:00 0 
7f2f674d3000-7f2f674f7000 r-xp 00000000 08:01 2757531                    /lib/x86_64-linux-gnu/libpng12.so.0.54.0
7f2f674f7000-7f2f676f6000 ---p 00024000 08:01 2757531                    /lib/x86_64-linux-gnu/libpng12.so.0.54.0
7f2f676f6000-7f2f676f7000 r--p 00023000 08:01 2757531                    /lib/x86_64-linux-gnu/libpng12.so.0.54.0
7f2f676f7000-7f2f676f8000 rw-p 00024000 08:01 2757531                    /lib/x86_64-linux-gnu/libpng12.so.0.54.0
7f2f676f8000-7f2f6779c000 r-xp 00000000 08:01 4727730                    /usr/lib/x86_64-linux-gnu/libfreetype.so.6.12.1
7f2f6779c000-7f2f6799b000 ---p 000a4000 08:01 4727730                    /usr/lib/x86_64-linux-gnu/libfreetype.so.6.12.1
7f2f6799b000-7f2f679a1000 r--p 000a3000 08:01 4727730                    /usr/lib/x86_64-linux-gnu/libfreetype.so.6.12.1
7f2f679a1000-7f2f679a2000 rw-p 000a9000 08:01 4727730                    /usr/lib/x86_64-linux-gnu/libfreetype.so.6.12.1
7f2f679a2000-7f2f679f3000 r-xp 00000000 08:01 4723441                    /usr/lib/jvm/java-8-openjdk-amd64/jre/lib/amd64/libfontmanager.so
7f2f679f3000-7f2f67bf3000 ---p 00051000 08:01 4723441                    /usr/lib/jvm/java-8-openjdk-amd64/jre/lib/amd64/libfontmanager.so
7f2f67bf3000-7f2f67bf5000 r--p 00051000 08:01 4723441                    /usr/lib/jvm/java-8-openjdk-amd64/jre/lib/amd64/libfontmanager.so
7f2f67bf5000-7f2f67bf6000 rw-p 00053000 08:01 4723441                    /usr/lib/jvm/java-8-openjdk-amd64/jre/lib/amd64/libfontmanager.so
7f2f67bf6000-7f2f67bfb000 r-xp 00000000 08:01 4727303                    /usr/lib/x86_64-linux-gnu/libXdmcp.so.6.0.0
7f2f67bfb000-7f2f67dfa000 ---p 00005000 08:01 4727303                    /usr/lib/x86_64-linux-gnu/libXdmcp.so.6.0.0
7f2f67dfa000-7f2f67dfb000 r--p 00004000 08:01 4727303                    /usr/lib/x86_64-linux-gnu/libXdmcp.so.6.0.0
7f2f67dfb000-7f2f67dfc000 rw-p 00005000 08:01 4727303                    /usr/lib/x86_64-linux-gnu/libXdmcp.so.6.0.0
7f2f67dfc000-7f2f67dfe000 r-xp 00000000 08:01 4727292                    /usr/lib/x86_64-linux-gnu/libXau.so.6.0.0
7f2f67dfe000-7f2f67ffe000 ---p 00002000 08:01 4727292                    /usr/lib/x86_64-linux-gnu/libXau.so.6.0.0
7f2f67ffe000-7f2f67fff000 r--p 00002000 08:01 4727292                    /usr/lib/x86_64-linux-gnu/libXau.so.6.0.0
7f2f67fff000-7f2f68000000 rw-p 00003000 08:01 4727292                    /usr/lib/x86_64-linux-gnu/libXau.so.6.0.0
7f2f68000000-7f2f68289000 rw-p 00000000 00:00 0 
7f2f68289000-7f2f6c000000 ---p 00000000 00:00 0 
7f2f6c000000-7f2f6c021000 rw-p 00000000 00:00 0 
7f2f6c021000-7f2f70000000 ---p 00000000 00:00 0 
7f2f70000000-7f2f70063000 rw-p 00000000 00:00 0 
7f2f70063000-7f2f74000000 ---p 00000000 00:00 0 
7f2f74000000-7f2f740a6000 rw-p 00000000 00:00 0 
7f2f740a6000-7f2f78000000 ---p 00000000 00:00 0 
7f2f78000000-7f2f78021000 rw-p 00000000 00:00 0 
7f2f78021000-7f2f7c000000 ---p 00000000 00:00 0 
7f2f7c000000-7f2f7c021000 rw-p 00000000 00:00 0 
7f2f7c021000-7f2f80000000 ---p 00000000 00:00 0 
7f2f80000000-7f2f80021000 rw-p 00000000 00:00 0 
7f2f80021000-7f2f84000000 ---p 00000000 00:00 0 
7f2f84000000-7f2f84021000 rw-p 00000000 00:00 0 
7f2f84021000-7f2f88000000 ---p 00000000 00:00 0 
7f2f88000000-7f2f88021000 rw-p 00000000 00:00 0 
7f2f88021000-7f2f8c000000 ---p 00000000 00:00 0 
7f2f8c000000-7f2f8c021000 rw-p 00000000 00:00 0 
7f2f8c021000-7f2f90000000 ---p 00000000 00:00 0 
7f2f90000000-7f2f90021000 rw-p 00000000 00:00 0 
7f2f90021000-7f2f94000000 ---p 00000000 00:00 0 
7f2f94056000-7f2f940d6000 r-xp 00000000 08:01 2752517                    /lib/x86_64-linux-gnu/libsystemd.so.0.14.0
7f2f940d6000-7f2f940d9000 r--p 0007f000 08:01 2752517                    /lib/x86_64-linux-gnu/libsystemd.so.0.14.0
7f2f940d9000-7f2f940da000 rw-p 00082000 08:01 2752517                    /lib/x86_64-linux-gnu/libsystemd.so.0.14.0
7f2f940da000-7f2f940db000 rw-p 00000000 00:00 0 
7f2f940db000-7f2f940fc000 r-xp 00000000 08:01 4728716                    /usr/lib/x86_64-linux-gnu/libxcb.so.1.1.0
7f2f940fc000-7f2f942fb000 ---p 00021000 08:01 4728716                    /usr/lib/x86_64-linux-gnu/libxcb.so.1.1.0
7f2f942fb000-7f2f942fc000 r--p 00020000 08:01 4728716                    /usr/lib/x86_64-linux-gnu/libxcb.so.1.1.0
7f2f942fc000-7f2f942fd000 rw-p 00021000 08:01 4728716                    /usr/lib/x86_64-linux-gnu/libxcb.so.1.1.0
7f2f942fd000-7f2f9430c000 r-xp 00000000 08:01 4727315                    /usr/lib/x86_64-linux-gnu/libXi.so.6.1.0
7f2f9430c000-7f2f9450b000 ---p 0000f000 08:01 4727315                    /usr/lib/x86_64-linux-gnu/libXi.so.6.1.0
7f2f9450b000-7f2f9450c000 r--p 0000e000 08:01 4727315                    /usr/lib/x86_64-linux-gnu/libXi.so.6.1.0
7f2f9450c000-7f2f9450d000 rw-p 0000f000 08:01 4727315                    /usr/lib/x86_64-linux-gnu/libXi.so.6.1.0
7f2f9450d000-7f2f94512000 r-xp 00000000 08:01 4727333                    /usr/lib/x86_64-linux-gnu/libXtst.so.6.1.0
7f2f94512000-7f2f94711000 ---p 00005000 08:01 4727333                    /usr/lib/x86_64-linux-gnu/libXtst.so.6.1.0
7f2f94711000-7f2f94712000 r--p 00004000 08:01 4727333                    /usr/lib/x86_64-linux-gnu/libXtst.so.6.1.0
7f2f94712000-7f2f94713000 rw-p 00005000 08:01 4727333                    /usr/lib/x86_64-linux-gnu/libXtst.so.6.1.0
7f2f94713000-7f2f9471c000 r-xp 00000000 08:01 4727327                    /usr/lib/x86_64-linux-gnu/libXrender.so.1.3.0
7f2f9471c000-7f2f9491b000 ---p 00009000 08:01 4727327                    /usr/lib/x86_64-linux-gnu/libXrender.so.1.3.0
7f2f9491b000-7f2f9491c000 r--p 00008000 08:01 4727327                    /usr/lib/x86_64-linux-gnu/libXrender.so.1.3.0
7f2f9491c000-7f2f9491d000 rw-p 00009000 08:01 4727327                    /usr/lib/x86_64-linux-gnu/libXrender.so.1.3.0
7f2f9491d000-7f2f94a52000 r-xp 00000000 08:01 4727288                    /usr/lib/x86_64-linux-gnu/libX11.so.6.3.0
7f2f94a52000-7f2f94c52000 ---p 00135000 08:01 4727288                    /usr/lib/x86_64-linux-gnu/libX11.so.6.3.0
7f2f94c52000-7f2f94c53000 r--p 00135000 08:01 4727288                    /usr/lib/x86_64-linux-gnu/libX11.so.6.3.0
7f2f94c53000-7f2f94c57000 rw-p 00136000 08:01 4727288                    /usr/lib/x86_64-linux-gnu/libX11.so.6.3.0
7f2f94c57000-7f2f94c68000 r-xp 00000000 08:01 4727305                    /usr/lib/x86_64-linux-gnu/libXext.so.6.4.0
7f2f94c68000-7f2f94e67000 ---p 00011000 08:01 4727305                    /usr/lib/x86_64-linux-gnu/libXext.so.6.4.0
7f2f94e67000-7f2f94e68000 r--p 00010000 08:01 4727305                    /usr/lib/x86_64-linux-gnu/libXext.so.6.4.0
7f2f94e68000-7f2f94e69000 rw-p 00011000 08:01 4727305                    /usr/lib/x86_64-linux-gnu/libXext.so.6.4.0
7f2f94e69000-7f2f94ec4000 r-xp 00000000 08:01 4723422                    /usr/lib/jvm/java-8-openjdk-amd64/jre/lib/amd64/libawt_xawt.so
7f2f94ec4000-7f2f950c3000 ---p 0005b000 08:01 4723422                    /usr/lib/jvm/java-8-openjdk-amd64/jre/lib/amd64/libawt_xawt.so
7f2f950c3000-7f2f950c4000 r--p 0005a000 08:01 4723422                    /usr/lib/jvm/java-8-openjdk-amd64/jre/lib/amd64/libawt_xawt.so
7f2f950c4000-7f2f950c7000 rw-p 0005b000 08:01 4723422                    /usr/lib/jvm/java-8-openjdk-amd64/jre/lib/amd64/libawt_xawt.so
7f2f950c7000-7f2f950c9000 rw-p 00000000 00:00 0 
7f2f950c9000-7f2f95168000 r-xp 00000000 08:01 4723424                    /usr/lib/jvm/java-8-openjdk-amd64/jre/lib/amd64/libawt.so
7f2f95168000-7f2f95368000 ---p 0009f000 08:01 4723424                    /usr/lib/jvm/java-8-openjdk-amd64/jre/lib/amd64/libawt.so
7f2f95368000-7f2f95369000 r--p 0009f000 08:01 4723424                    /usr/lib/jvm/java-8-openjdk-amd64/jre/lib/amd64/libawt.so
7f2f95369000-7f2f95374000 rw-p 000a0000 08:01 4723424                    /usr/lib/jvm/java-8-openjdk-amd64/jre/lib/amd64/libawt.so
7f2f95374000-7f2f95399000 rw-p 00000000 00:00 0 
7f2f95399000-7f2f953cd000 r-xp 00000000 08:01 1970578                    /tmp/libgdxfoysal/3db1ff57/libgdx64.so
7f2f953cd000-7f2f955cd000 ---p 00034000 08:01 1970578                    /tmp/libgdxfoysal/3db1ff57/libgdx64.so
7f2f955cd000-7f2f955ce000 r--p 00034000 08:01 1970578                    /tmp/libgdxfoysal/3db1ff57/libgdx64.so
7f2f955ce000-7f2f955cf000 rw-p 00035000 08:01 1970578                    /tmp/libgdxfoysal/3db1ff57/libgdx64.so
7f2f955cf000-7f2f955d0000 ---p 00000000 00:00 0 
7f2f955d0000-7f2f956d0000 rw-p 00000000 00:00 0 
7f2f956d0000-7f2f956d3000 ---p 00000000 00:00 0 
7f2f956d3000-7f2f957d1000 rw-p 00000000 00:00 0 
7f2f957d1000-7f2f961e0000 r--p 00000000 08:01 4726095                    /usr/lib/locale/locale-archive
7f2f961e0000-7f2f98000000 rw-p 00000000 00:00 0 
7f2f98000000-7f2f98021000 rw-p 00000000 00:00 0 
7f2f98021000-7f2f9c000000 ---p 00000000 00:00 0 
7f2f9c00b000-7f2f9c00f000 rw-s 00000000 00:18 498                        /i915 (deleted)
7f2f9c00f000-7f2f9c014000 rw-s 00000000 00:18 491                        /i915 (deleted)
7f2f9c014000-7f2f9c015000 rwxp 00000000 00:00 0 
7f2f9c015000-7f2f9c016000 rw-s 00000000 00:05 128800                     /memfd:xshmfence (deleted)
7f2f9c016000-7f2f9c01a000 rw-s 00000000 00:18 570                        /i915 (deleted)
7f2f9c01a000-7f2f9c01e000 rw-s 00000000 00:18 567                        /i915 (deleted)
7f2f9c01e000-7f2f9c023000 rw-s 00000000 00:18 562                        /i915 (deleted)
7f2f9c023000-7f2f9c026000 ---p 00000000 00:00 0 
7f2f9c026000-7f2f9c05c000 rw-p 00000000 00:00 0 
7f2f9c05c000-7f2f9c063000 r--s 00000000 08:01 4983605                    /usr/lib/x86_64-linux-gnu/gconv/gconv-modules.cache
7f2f9c063000-7f2f9c076000 r--s 00346000 08:01 4724250                    /usr/lib/jvm/java-8-openjdk-amd64/jre/lib/resources.jar
7f2f9c076000-7f2f9c07a000 r--s 000a1000 08:01 4724252                    /usr/lib/jvm/java-8-openjdk-amd64/jre/lib/jsse.jar
7f2f9c07a000-7f2f9c07b000 r--s 00002000 08:03 1966785                    /home/foysal/.gradle/caches/modules-2/files-2.1/net.java.jinput/jinput-platform/2.0.5/53f9c919f34d2ca9de8c51fc4e1e8282029a9232/jinput-platform-2.0.5-natives-osx.jar
7f2f9c07b000-7f2f9c07c000 r--s 00025000 08:03 1966783                    /home/foysal/.gradle/caches/modules-2/files-2.1/net.java.jinput/jinput-platform/2.0.5/385ee093e01f587f30ee1c8a2ee7d408fd732e16/jinput-platform-2.0.5-natives-windows.jar
7f2f9c07c000-7f2f9c07d000 r--s 00002000 08:03 1966781                    /home/foysal/.gradle/caches/modules-2/files-2.1/net.java.jinput/jinput-platform/2.0.5/7ff832a6eb9ab6a767f1ade2b548092d0fa64795/jinput-platform-2.0.5-natives-linux.jar
7f2f9c07d000-7f2f9c07e000 r--s 00001000 08:03 1966779                    /home/foysal/.gradle/caches/modules-2/files-2.1/net.java.jutils/jutils/1.0.0/e12fe1fda814bd348c1579329c86943d2cd3c6a6/jutils-1.0.0.jar
7f2f9c07e000-7f2f9c082000 r--s 0002f000 08:03 1966777                    /home/foysal/.gradle/caches/modules-2/files-2.1/net.java.jinput/jinput/2.0.5/39c7796b469a600f72380316f6b1f11db6c2c7c4/jinput-2.0.5.jar
7f2f9c082000-7f2f9c083000 r--s 00068000 08:03 1966789                    /home/foysal/.gradle/caches/modules-2/files-2.1/org.lwjgl.lwjgl/lwjgl-platform/2.9.2/d55b46b40b40249d627a83a7f7f22649709d70c3/lwjgl-platform-2.9.2-natives-osx.jar
7f2f9c083000-7f2f9c084000 r--s 0008d000 08:03 1966791                    /home/foysal/.gradle/caches/modules-2/files-2.1/org.lwjgl.lwjgl/lwjgl-platform/2.9.2/d276cdf61fe2b516c7b7f4aa1b8dea91dbdc8d56/lwjgl-platform-2.9.2-natives-linux.jar
7f2f9c084000-7f2f9c085000 r--s 00095000 08:03 1966775                    /home/foysal/.gradle/caches/modules-2/files-2.1/org.lwjgl.lwjgl/lwjgl-platform/2.9.2/510c7d317f5e9e700b9cfaac5fd38bdebf0702e0/lwjgl-platform-2.9.2-natives-windows.jar
7f2f9c085000-7f2f9c087000 r--s 00017000 08:03 1966769                    /home/foysal/.gradle/caches/modules-2/files-2.1/org.jcraft/jorbis/0.0.17/8872d22b293e8f5d7d56ff92be966e6dc28ebdc6/jorbis-0.0.17.jar
7f2f9c087000-7f2f9c088000 r--s 00015000 08:03 1966767                    /home/foysal/.gradle/caches/modules-2/files-2.1/com.badlogicgames.jlayer/jlayer/1.0.1-gdx/7cca83cec5c1b2f011362f4d85aabd71a73b049d/jlayer-1.0.1-gdx.jar
7f2f9c088000-7f2f9c096000 r--s 000f2000 08:03 1966793                    /home/foysal/.gradle/caches/modules-2/files-2.1/org.lwjgl.lwjgl/lwjgl/2.9.2/a9d80fe5935c7a9149f6584d9777cfd471f65489/lwjgl-2.9.2.jar
7f2f9c096000-7f2f9c09a000 r--s 00027000 08:03 1966771                    /home/foysal/.gradle/caches/modules-2/files-2.1/org.lwjgl.lwjgl/lwjgl_util/2.9.2/4b9e37300a87799856e0bd15ed81663cdb6b0947/lwjgl_util-2.9.2.jar
7f2f9c09a000-7f2f9c09d000 r--s 00021000 08:03 1966773                    /home/foysal/.gradle/caches/modules-2/files-2.1/com.badlogicgames.gdx/gdx-backend-lwjgl/1.9.9/ca8911cb94c0bfeb59f99e46ca9b92440958fb0e/gdx-backend-lwjgl-1.9.9.jar
7f2f9c09d000-7f2f9c0b9000 r--s 001be000 08:03 1966665                    /home/foysal/.gradle/caches/modules-2/files-2.1/com.badlogicgames.gdx/gdx/1.9.9/bf26f2f816b3cfe37ac6e66615391c30714b7030/gdx-1.9.9.jar
7f2f9c0b9000-7f2f9c0bb000 r--s 00010000 08:03 2097417                    /home/foysal/.gradle/caches/modules-2/files-2.1/com.badlogicgames.gdx/gdx-box2d/1.9.9/e9a43c50fbe4f1e26dd0af5d2e78d125549e7f6b/gdx-box2d-1.9.9.jar
7f2f9c0bb000-7f2f9c0d6000 r--s 001d6000 08:01 4724280                    /usr/lib/jvm/java-8-openjdk-amd64/jre/lib/ext/nashorn.jar
7f2f9c0d6000-7f2f9c0f1000 r--s 00394000 08:01 4724279                    /usr/lib/jvm/java-8-openjdk-amd64/jre/lib/ext/cldrdata.jar
7f2f9c0f1000-7f2f9c0f4000 ---p 00000000 00:00 0 
7f2f9c0f4000-7f2f9c1f2000 rw-p 00000000 00:00 0 
7f2f9c1f2000-7f2f9c1f5000 ---p 00000000 00:00 0 
7f2f9c1f5000-7f2f9c2f3000 rw-p 00000000 00:00 0 
7f2f9c2f3000-7f2f9c2f6000 ---p 00000000 00:00 0 
7f2f9c2f6000-7f2f9c3f4000 rw-p 00000000 00:00 0 
7f2f9c3f4000-7f2f9c3f7000 ---p 00000000 00:00 0 
7f2f9c3f7000-7f2f9c4f5000 rw-p 00000000 00:00 0 
7f2f9c4f5000-7f2f9c4f8000 ---p 00000000 00:00 0 
7f2f9c4f8000-7f2f9c5f6000 rw-p 00000000 00:00 0 
7f2f9c5f6000-7f2f9c5f9000 ---p 00000000 00:00 0 
7f2f9c5f9000-7f2f9c6f7000 rw-p 00000000 00:00 0 
7f2f9c6f7000-7f2f9c6f8000 ---p 00000000 00:00 0 
7f2f9c6f8000-7f2f9d000000 rw-p 00000000 00:00 0 
7f2f9d000000-7f2f9d290000 rwxp 00000000 00:00 0 
7f2f9d290000-7f2fac000000 ---p 00000000 00:00 0 
7f2fac000000-7f2fac452000 rw-p 00000000 00:00 0 
7f2fac452000-7f2fb0000000 ---p 00000000 00:00 0 
7f2fb0000000-7f2fb0001000 r--s 000e8000 08:03 2097429                    /home/foysal/.gradle/caches/modules-2/files-2.1/com.badlogicgames.gdx/gdx-box2d-platform/1.9.9/72b2916f45f3f948896eda931cd597f7e698340f/gdx-box2d-platform-1.9.9-natives-desktop.jar
7f2fb0001000-7f2fb0005000 r--s 00029000 08:03 2885163                    /home/foysal/.gradle/caches/modules-2/files-2.1/net.dermetfan.libgdx-utils/libgdx-utils/0.13.4/27affad2873d1c9c366a2290fc51f3927f3a5f83/libgdx-utils-0.13.4.jar
7f2fb0005000-7f2fb0009000 r--s 0001e000 08:03 2885157                    /home/foysal/.gradle/caches/modules-2/files-2.1/net.dermetfan.libgdx-utils/libgdx-utils-box2d/0.13.4/918d79a20ea3c898cdb3611782c5b2bfa6ec575b/libgdx-utils-box2d-0.13.4.jar
7f2fb0009000-7f2fb000b000 r--s 00008000 08:01 4724283                    /usr/lib/jvm/java-8-openjdk-amd64/jre/lib/ext/sunec.jar
7f2fb000b000-7f2fb0015000 r--s 00116000 08:01 4724287                    /usr/lib/jvm/java-8-openjdk-amd64/jre/lib/ext/localedata.jar
7f2fb0015000-7f2fb001a000 r--s 0003c000 08:01 4724284                    /usr/lib/jvm/java-8-openjdk-amd64/jre/lib/ext/sunjce_provider.jar
7f2fb001a000-7f2fb07c6000 rw-p 00000000 00:00 0 
7f2fb07c6000-7f2fb0995000 r--s 03c3b000 08:01 4724248                    /usr/lib/jvm/java-8-openjdk-amd64/jre/lib/rt.jar
7f2fb0995000-7f2fb13ed000 rw-p 00000000 00:00 0 
7f2fb13ed000-7f2fb13ee000 ---p 00000000 00:00 0 
7f2fb13ee000-7f2fb14ee000 rw-p 00000000 00:00 0 
7f2fb14ee000-7f2fb14ef000 ---p 00000000 00:00 0 
7f2fb14ef000-7f2fb15ef000 rw-p 00000000 00:00 0 
7f2fb15ef000-7f2fb15f0000 ---p 00000000 00:00 0 
7f2fb15f0000-7f2fb16f0000 rw-p 00000000 00:00 0 
7f2fb16f0000-7f2fb16f1000 ---p 00000000 00:00 0 
7f2fb16f1000-7f2fb1806000 rw-p 00000000 00:00 0 
7f2fb1806000-7f2fb1933000 ---p 00000000 00:00 0 
7f2fb1933000-7f2fb1948000 rw-p 00000000 00:00 0 
7f2fb1948000-7f2fb1a74000 ---p 00000000 00:00 0 
7f2fb1a74000-7f2fb1a7f000 rw-p 00000000 00:00 0 
7f2fb1a7f000-7f2fb1b15000 ---p 00000000 00:00 0 
7f2fb1b15000-7f2fb1b21000 rw-p 00000000 00:00 0 
7f2fb1b21000-7f2fb1ed6000 ---p 00000000 00:00 0 
7f2fb1ed6000-7f2fb1ede000 r-xp 00000000 08:01 4724246                    /usr/lib/jvm/java-8-openjdk-amd64/jre/lib/amd64/libzip.so
7f2fb1ede000-7f2fb20dd000 ---p 00008000 08:01 4724246                    /usr/lib/jvm/java-8-openjdk-amd64/jre/lib/amd64/libzip.so
7f2fb20dd000-7f2fb20de000 r--p 00007000 08:01 4724246                    /usr/lib/jvm/java-8-openjdk-amd64/jre/lib/amd64/libzip.so
7f2fb20de000-7f2fb20df000 rw-p 00008000 08:01 4724246                    /usr/lib/jvm/java-8-openjdk-amd64/jre/lib/amd64/libzip.so
7f2fb20df000-7f2fb20ea000 r-xp 00000000 08:01 2757489                    /lib/x86_64-linux-gnu/libnss_files-2.23.so
7f2fb20ea000-7f2fb22e9000 ---p 0000b000 08:01 2757489                    /lib/x86_64-linux-gnu/libnss_files-2.23.so
7f2fb22e9000-7f2fb22ea000 r--p 0000a000 08:01 2757489                    /lib/x86_64-linux-gnu/libnss_files-2.23.so
7f2fb22ea000-7f2fb22eb000 rw-p 0000b000 08:01 2757489                    /lib/x86_64-linux-gnu/libnss_files-2.23.so
7f2fb22eb000-7f2fb22f1000 rw-p 00000000 00:00 0 
7f2fb22f1000-7f2fb22fc000 r-xp 00000000 08:01 2757499                    /lib/x86_64-linux-gnu/libnss_nis-2.23.so
7f2fb22fc000-7f2fb24fb000 ---p 0000b000 08:01 2757499                    /lib/x86_64-linux-gnu/libnss_nis-2.23.so
7f2fb24fb000-7f2fb24fc000 r--p 0000a000 08:01 2757499                    /lib/x86_64-linux-gnu/libnss_nis-2.23.so
7f2fb24fc000-7f2fb24fd000 rw-p 0000b000 08:01 2757499                    /lib/x86_64-linux-gnu/libnss_nis-2.23.so
7f2fb24fd000-7f2fb2513000 r-xp 00000000 08:01 2757483                    /lib/x86_64-linux-gnu/libnsl-2.23.so
7f2fb2513000-7f2fb2712000 ---p 00016000 08:01 2757483                    /lib/x86_64-linux-gnu/libnsl-2.23.so
7f2fb2712000-7f2fb2713000 r--p 00015000 08:01 2757483                    /lib/x86_64-linux-gnu/libnsl-2.23.so
7f2fb2713000-7f2fb2714000 rw-p 00016000 08:01 2757483                    /lib/x86_64-linux-gnu/libnsl-2.23.so
7f2fb2714000-7f2fb2716000 rw-p 00000000 00:00 0 
7f2fb2716000-7f2fb271e000 r-xp 00000000 08:01 2757485                    /lib/x86_64-linux-gnu/libnss_compat-2.23.so
7f2fb271e000-7f2fb291d000 ---p 00008000 08:01 2757485                    /lib/x86_64-linux-gnu/libnss_compat-2.23.so
7f2fb291d000-7f2fb291e000 r--p 00007000 08:01 2757485                    /lib/x86_64-linux-gnu/libnss_compat-2.23.so
7f2fb291e000-7f2fb291f000 rw-p 00008000 08:01 2757485                    /lib/x86_64-linux-gnu/libnss_compat-2.23.so
7f2fb291f000-7f2fb294b000 r-xp 00000000 08:01 4723440                    /usr/lib/jvm/java-8-openjdk-amd64/jre/lib/amd64/libjava.so
7f2fb294b000-7f2fb2b4a000 ---p 0002c000 08:01 4723440                    /usr/lib/jvm/java-8-openjdk-amd64/jre/lib/amd64/libjava.so
7f2fb2b4a000-7f2fb2b4b000 r--p 0002b000 08:01 4723440                    /usr/lib/jvm/java-8-openjdk-amd64/jre/lib/amd64/libjava.so
7f2fb2b4b000-7f2fb2b4d000 rw-p 0002c000 08:01 4723440                    /usr/lib/jvm/java-8-openjdk-amd64/jre/lib/amd64/libjava.so
7f2fb2b4d000-7f2fb2b5c000 r-xp 00000000 08:01 4723428                    /usr/lib/jvm/java-8-openjdk-amd64/jre/lib/amd64/libverify.so
7f2fb2b5c000-7f2fb2d5b000 ---p 0000f000 08:01 4723428                    /usr/lib/jvm/java-8-openjdk-amd64/jre/lib/amd64/libverify.so
7f2fb2d5b000-7f2fb2d5d000 r--p 0000e000 08:01 4723428                    /usr/lib/jvm/java-8-openjdk-amd64/jre/lib/amd64/libverify.so
7f2fb2d5d000-7f2fb2d5e000 rw-p 00010000 08:01 4723428                    /usr/lib/jvm/java-8-openjdk-amd64/jre/lib/amd64/libverify.so
7f2fb2d5e000-7f2fb2d65000 r-xp 00000000 08:01 2757544                    /lib/x86_64-linux-gnu/librt-2.23.so
7f2fb2d65000-7f2fb2f64000 ---p 00007000 08:01 2757544                    /lib/x86_64-linux-gnu/librt-2.23.so
7f2fb2f64000-7f2fb2f65000 r--p 00006000 08:01 2757544                    /lib/x86_64-linux-gnu/librt-2.23.so
7f2fb2f65000-7f2fb2f66000 rw-p 00007000 08:01 2757544                    /lib/x86_64-linux-gnu/librt-2.23.so
7f2fb2f66000-7f2fb2f7c000 r-xp 00000000 08:01 2757428                    /lib/x86_64-linux-gnu/libgcc_s.so.1
7f2fb2f7c000-7f2fb317b000 ---p 00016000 08:01 2757428                    /lib/x86_64-linux-gnu/libgcc_s.so.1
7f2fb317b000-7f2fb317c000 rw-p 00015000 08:01 2757428                    /lib/x86_64-linux-gnu/libgcc_s.so.1
7f2fb317c000-7f2fb3284000 r-xp 00000000 08:01 2757460                    /lib/x86_64-linux-gnu/libm-2.23.so
7f2fb3284000-7f2fb3483000 ---p 00108000 08:01 2757460                    /lib/x86_64-linux-gnu/libm-2.23.so
7f2fb3483000-7f2fb3484000 r--p 00107000 08:01 2757460                    /lib/x86_64-linux-gnu/libm-2.23.so
7f2fb3484000-7f2fb3485000 rw-p 00108000 08:01 2757460                    /lib/x86_64-linux-gnu/libm-2.23.so
7f2fb3485000-7f2fb35f7000 r-xp 00000000 08:01 4728465                    /usr/lib/x86_64-linux-gnu/libstdc++.so.6.0.21
7f2fb35f7000-7f2fb37f7000 ---p 00172000 08:01 4728465                    /usr/lib/x86_64-linux-gnu/libstdc++.so.6.0.21
7f2fb37f7000-7f2fb3801000 r--p 00172000 08:01 4728465                    /usr/lib/x86_64-linux-gnu/libstdc++.so.6.0.21
7f2fb3801000-7f2fb3803000 rw-p 0017c000 08:01 4728465                    /usr/lib/x86_64-linux-gnu/libstdc++.so.6.0.21
7f2fb3803000-7f2fb3807000 rw-p 00000000 00:00 0 
7f2fb3807000-7f2fb446b000 r-xp 00000000 08:01 4723438                    /usr/lib/jvm/java-8-openjdk-amd64/jre/lib/amd64/server/libjvm.so
7f2fb446b000-7f2fb466a000 ---p 00c64000 08:01 4723438                    /usr/lib/jvm/java-8-openjdk-amd64/jre/lib/amd64/server/libjvm.so
7f2fb466a000-7f2fb46fe000 r--p 00c63000 08:01 4723438                    /usr/lib/jvm/java-8-openjdk-amd64/jre/lib/amd64/server/libjvm.so
7f2fb46fe000-7f2fb4727000 rw-p 00cf7000 08:01 4723438                    /usr/lib/jvm/java-8-openjdk-amd64/jre/lib/amd64/server/libjvm.so
7f2fb4727000-7f2fb4757000 rw-p 00000000 00:00 0 
7f2fb4757000-7f2fb476f000 r-xp 00000000 08:01 2757536                    /lib/x86_64-linux-gnu/libpthread-2.23.so
7f2fb476f000-7f2fb496e000 ---p 00018000 08:01 2757536                    /lib/x86_64-linux-gnu/libpthread-2.23.so
7f2fb496e000-7f2fb496f000 r--p 00017000 08:01 2757536                    /lib/x86_64-linux-gnu/libpthread-2.23.so
7f2fb496f000-7f2fb4970000 rw-p 00018000 08:01 2757536                    /lib/x86_64-linux-gnu/libpthread-2.23.so
7f2fb4970000-7f2fb4974000 rw-p 00000000 00:00 0 
7f2fb4974000-7f2fb4977000 r-xp 00000000 08:01 2757414                    /lib/x86_64-linux-gnu/libdl-2.23.so
7f2fb4977000-7f2fb4b76000 ---p 00003000 08:01 2757414                    /lib/x86_64-linux-gnu/libdl-2.23.so
7f2fb4b76000-7f2fb4b77000 r--p 00002000 08:01 2757414                    /lib/x86_64-linux-gnu/libdl-2.23.so
7f2fb4b77000-7f2fb4b78000 rw-p 00003000 08:01 2757414                    /lib/x86_64-linux-gnu/libdl-2.23.so
7f2fb4b78000-7f2fb4b91000 r-xp 00000000 08:01 2757581                    /lib/x86_64-linux-gnu/libz.so.1.2.8
7f2fb4b91000-7f2fb4d90000 ---p 00019000 08:01 2757581                    /lib/x86_64-linux-gnu/libz.so.1.2.8
7f2fb4d90000-7f2fb4d91000 r--p 00018000 08:01 2757581                    /lib/x86_64-linux-gnu/libz.so.1.2.8
7f2fb4d91000-7f2fb4d92000 rw-p 00019000 08:01 2757581                    /lib/x86_64-linux-gnu/libz.so.1.2.8
7f2fb4d92000-7f2fb4f52000 r-xp 00000000 08:01 2757390                    /lib/x86_64-linux-gnu/libc-2.23.so
7f2fb4f52000-7f2fb5152000 ---p 001c0000 08:01 2757390                    /lib/x86_64-linux-gnu/libc-2.23.so
7f2fb5152000-7f2fb5156000 r--p 001c0000 08:01 2757390                    /lib/x86_64-linux-gnu/libc-2.23.so
7f2fb5156000-7f2fb5158000 rw-p 001c4000 08:01 2757390                    /lib/x86_64-linux-gnu/libc-2.23.so
7f2fb5158000-7f2fb515c000 rw-p 00000000 00:00 0 
7f2fb515c000-7f2fb5169000 r-xp 00000000 08:01 4723477                    /usr/lib/jvm/java-8-openjdk-amd64/jre/lib/amd64/jli/libjli.so
7f2fb5169000-7f2fb5368000 ---p 0000d000 08:01 4723477                    /usr/lib/jvm/java-8-openjdk-amd64/jre/lib/amd64/jli/libjli.so
7f2fb5368000-7f2fb5369000 r--p 0000c000 08:01 4723477                    /usr/lib/jvm/java-8-openjdk-amd64/jre/lib/amd64/jli/libjli.so
7f2fb5369000-7f2fb536a000 rw-p 0000d000 08:01 4723477                    /usr/lib/jvm/java-8-openjdk-amd64/jre/lib/amd64/jli/libjli.so
7f2fb536a000-7f2fb5390000 r-xp 00000000 08:01 2757362                    /lib/x86_64-linux-gnu/ld-2.23.so
7f2fb5390000-7f2fb5391000 r--s 000ba000 08:03 1966787                    /home/foysal/.gradle/caches/modules-2/files-2.1/com.badlogicgames.gdx/gdx-platform/1.9.9/7e644cfafdb436b13b24ac7993ffab17f306b64d/gdx-platform-1.9.9-natives-desktop.jar
7f2fb5391000-7f2fb5393000 r--s 00001000 08:01 4724286                    /usr/lib/jvm/java-8-openjdk-amd64/jre/lib/ext/dnsns.jar
7f2fb5393000-7f2fb5394000 r--s 00010000 08:01 4724282                    /usr/lib/jvm/java-8-openjdk-amd64/jre/lib/ext/zipfs.jar
7f2fb5394000-7f2fb5397000 r--s 0000f000 08:01 4724278                    /usr/lib/jvm/java-8-openjdk-amd64/jre/lib/ext/icedtea-sound.jar
7f2fb5397000-7f2fb539a000 r--s 00039000 08:01 4724288                    /usr/lib/jvm/java-8-openjdk-amd64/jre/lib/ext/sunpkcs11.jar
7f2fb539a000-7f2fb546b000 rw-p 00000000 00:00 0 
7f2fb546b000-7f2fb546e000 ---p 00000000 00:00 0 
7f2fb546e000-7f2fb5570000 rw-p 00000000 00:00 0 
7f2fb5570000-7f2fb5571000 r--s 0000a000 08:01 4724285                    /usr/lib/jvm/java-8-openjdk-amd64/jre/lib/ext/jaccess.jar
7f2fb5571000-7f2fb5584000 rw-p 00000000 00:00 0 
7f2fb5584000-7f2fb558c000 rw-s 00000000 08:01 1970564                    /tmp/hsperfdata_foysal/19185
7f2fb558c000-7f2fb558d000 rw-p 00000000 00:00 0 
7f2fb558d000-7f2fb558e000 r--p 00000000 00:00 0 
7f2fb558e000-7f2fb558f000 rw-p 00000000 00:00 0 
7f2fb558f000-7f2fb5590000 r--p 00025000 08:01 2757362                    /lib/x86_64-linux-gnu/ld-2.23.so
7f2fb5590000-7f2fb5591000 rw-p 00026000 08:01 2757362                    /lib/x86_64-linux-gnu/ld-2.23.so
7f2fb5591000-7f2fb5592000 rw-p 00000000 00:00 0 
7fffd260a000-7fffd262c000 rw-p 00000000 00:00 0                          [stack]
7fffd2748000-7fffd274b000 r--p 00000000 00:00 0                          [vvar]
7fffd274b000-7fffd274d000 r-xp 00000000 00:00 0                          [vdso]
ffffffffff600000-ffffffffff601000 r-xp 00000000 00:00 0                  [vsyscall]

VM Arguments:
jvm_args: -Dfile.encoding=UTF-8 
java_command: com.mygdx.game.desktop.DesktopLauncher
java_class_path (initial): /home/foysal/Documents/project/desktop/bin/main:/home/foysal/Documents/project/desktop/bin/default:/home/foysal/Documents/project/core/bin/main:/home/foysal/.gradle/caches/modules-2/files-2.1/net.dermetfan.libgdx-utils/libgdx-utils-box2d/0.13.4/918d79a20ea3c898cdb3611782c5b2bfa6ec575b/libgdx-utils-box2d-0.13.4.jar:/home/foysal/.gradle/caches/modules-2/files-2.1/net.dermetfan.libgdx-utils/libgdx-utils/0.13.4/27affad2873d1c9c366a2290fc51f3927f3a5f83/libgdx-utils-0.13.4.jar:/home/foysal/.gradle/caches/modules-2/files-2.1/com.badlogicgames.gdx/gdx-box2d/1.9.9/e9a43c50fbe4f1e26dd0af5d2e78d125549e7f6b/gdx-box2d-1.9.9.jar:/home/foysal/.gradle/caches/modules-2/files-2.1/com.badlogicgames.gdx/gdx/1.9.9/bf26f2f816b3cfe37ac6e66615391c30714b7030/gdx-1.9.9.jar:/home/foysal/.gradle/caches/modules-2/files-2.1/com.badlogicgames.gdx/gdx-backend-lwjgl/1.9.9/ca8911cb94c0bfeb59f99e46ca9b92440958fb0e/gdx-backend-lwjgl-1.9.9.jar:/home/foysal/.gradle/caches/modules-2/files-2.1/com.badlogicgames.gdx/gdx-platform/1.9.9/7e644cfafdb436b13b24ac7993ffab17f306b64d/gdx-platform-1.9.9-natives-desktop.jar:/home/foysal/.gradle/caches/modules-2/files-2.1/com.badlogicgames.gdx/gdx-box2d-platform/1.9.9/72b2916f45f3f948896eda931cd597f7e698340f/gdx-box2d-platform-1.9.9-natives-desktop.jar:/home/foysal/.gradle/caches/modules-2/files-2.1/org.lwjgl.lwjgl/lwjgl_util/2.9.2/4b9e37300a87799856e0bd15ed81663cdb6b0947/lwjgl_util-2.9.2.jar:/home/foysal/.gradle/caches/modules-2/files-2.1/org.lwjgl.lwjgl/lwjgl/2.9.2/a9d80fe5935c7a9149f6584d9777cfd471f65489/lwjgl-2.9.2.jar:/home/foysal/.gradle/caches/modules-2/files-2.1/com.badlogicgames.jlayer/jlayer/1.0.1-gdx/7cca83cec5c1b2f011362f4d85aabd71a73b049d/jlayer-1.0.1-gdx.jar:/home/foysal/.gradle/caches/modules-2/files-2.1/org.jcraft/jorbis/0.0.17/8872d22b293e8f5d7d56ff92be966e6dc28ebdc6/jorbis-0.0.17.jar:/home/foysal/.gradle/caches/modules-2/files-2.1/org.lwjgl.lwjgl/lwjgl-platform/2.9.2/510c7d317f5e9e700b9cfaac5fd38bdebf0702e0/lwjgl-platform
Launcher Type: SUN_STANDARD

Environment Variables:
PATH=/home/foysal/bin:/home/foysal/.local/bin:/usr/local/sbin:/usr/local/bin:/usr/sbin:/usr/bin:/sbin:/bin:/usr/games:/usr/local/games:/snap/bin
SHELL=/bin/bash
DISPLAY=:0

Signal Handlers:
SIGSEGV: [libjvm.so+0xa765a0], sa_mask[0]=11111111011111111101111111111110, sa_flags=SA_RESTART|SA_SIGINFO
SIGBUS: [libjvm.so+0xa765a0], sa_mask[0]=11111111011111111101111111111110, sa_flags=SA_RESTART|SA_SIGINFO
SIGFPE: [libjvm.so+0x8bd800], sa_mask[0]=11111111011111111101111111111110, sa_flags=SA_RESTART|SA_SIGINFO
SIGPIPE: [libjvm.so+0x8bd800], sa_mask[0]=11111111011111111101111111111110, sa_flags=SA_RESTART|SA_SIGINFO
SIGXFSZ: [libjvm.so+0x8bd800], sa_mask[0]=11111111011111111101111111111110, sa_flags=SA_RESTART|SA_SIGINFO
SIGILL: [libjvm.so+0x8bd800], sa_mask[0]=11111111011111111101111111111110, sa_flags=SA_RESTART|SA_SIGINFO
SIGUSR1: SIG_DFL, sa_mask[0]=00000000000000000000000000000000, sa_flags=none
SIGUSR2: [libjvm.so+0x8bd6b0], sa_mask[0]=00100000000000000000000000000000, sa_flags=SA_RESTART|SA_SIGINFO
SIGHUP: [libjvm.so+0x8bdd40], sa_mask[0]=11111111011111111101111111111110, sa_flags=SA_RESTART|SA_SIGINFO
SIGINT: [libjvm.so+0x8bdd40], sa_mask[0]=11111111011111111101111111111110, sa_flags=SA_RESTART|SA_SIGINFO
SIGTERM: [libjvm.so+0x8bdd40], sa_mask[0]=11111111011111111101111111111110, sa_flags=SA_RESTART|SA_SIGINFO
SIGQUIT: [libjvm.so+0x8bdd40], sa_mask[0]=11111111011111111101111111111110, sa_flags=SA_RESTART|SA_SIGINFO


---------------  S Y S T E M  ---------------

OS:DISTRIB_ID=Ubuntu
DISTRIB_RELEASE=16.04
DISTRIB_CODENAME=xenial
DISTRIB_DESCRIPTION="Ubuntu 16.04.6 LTS"

uname:Linux 4.15.0-54-generic #58~16.04.1-Ubuntu SMP Mon Jun 24 13:21:41 UTC 2019 x86_64
libc:glibc 2.23 NPTL 2.23 
rlimit: STACK 8192k, CORE 0k, NPROC 15175, NOFILE 1048576, AS infinity
load average:1.39 1.73 1.95

/proc/meminfo:
MemTotal:        3945256 kB
MemFree:          109204 kB
MemAvailable:     633572 kB
Buffers:           31308 kB
Cached:          1078608 kB
SwapCached:          640 kB
Active:          2637144 kB
Inactive:         962480 kB
Active(anon):    2291536 kB
Inactive(anon):   616724 kB
Active(file):     345608 kB
Inactive(file):   345756 kB
Unevictable:         160 kB
Mlocked:             160 kB
SwapTotal:       3999740 kB
SwapFree:        3966972 kB
Dirty:              9136 kB
Writeback:             0 kB
AnonPages:       2489240 kB
Mapped:           462588 kB
Shmem:            418552 kB
Slab:             114520 kB
SReclaimable:      71152 kB
SUnreclaim:        43368 kB
KernelStack:       11552 kB
PageTables:        57660 kB
NFS_Unstable:          0 kB
Bounce:                0 kB
WritebackTmp:          0 kB
CommitLimit:     5972368 kB
Committed_AS:    8902732 kB
VmallocTotal:   34359738367 kB
VmallocUsed:           0 kB
VmallocChunk:          0 kB
HardwareCorrupted:     0 kB
AnonHugePages:      6144 kB
ShmemHugePages:        0 kB
ShmemPmdMapped:        0 kB
CmaTotal:              0 kB
CmaFree:               0 kB
HugePages_Total:       0
HugePages_Free:        0
HugePages_Rsvd:        0
HugePages_Surp:        0
Hugepagesize:       2048 kB
DirectMap4k:      192800 kB
DirectMap2M:     3907584 kB

container (cgroup) information:
container_type: cgroupv1
cpu_cpuset_cpus: 0-3
cpu_memory_nodes: 0
active_processor_count: 4
cpu_quota: -1
cpu_period: 100000
cpu_shares: -1
memory_limit_in_bytes: -1
memory_and_swap_limit_in_bytes: -2
memory_soft_limit_in_bytes: -1
memory_usage_in_bytes: 3686203392
memory_max_usage_in_bytes: 2097152


CPU:total 4 (initial active 4) (2 cores per cpu, 2 threads per core) family 6 model 42 stepping 7, cmov, cx8, fxsr, mmx, sse, sse2, sse3, ssse3, sse4.1, sse4.2, popcnt, avx, clmul, ht, tsc, tscinvbit

/proc/cpuinfo:
processor	: 0
vendor_id	: GenuineIntel
cpu family	: 6
model		: 42
model name	: Intel(R) Core(TM) i3-2350M CPU @ 2.30GHz
stepping	: 7
microcode	: 0x2f
cpu MHz		: 1949.390
cache size	: 3072 KB
physical id	: 0
siblings	: 4
core id		: 0
cpu cores	: 2
apicid		: 0
initial apicid	: 0
fpu		: yes
fpu_exception	: yes
cpuid level	: 13
wp		: yes
flags		: fpu vme de pse tsc msr pae mce cx8 apic sep mtrr pge mca cmov pat pse36 clflush dts acpi mmx fxsr sse sse2 ss ht tm pbe syscall nx rdtscp lm constant_tsc arch_perfmon pebs bts rep_good nopl xtopology nonstop_tsc cpuid aperfmperf pni pclmulqdq dtes64 monitor ds_cpl vmx est tm2 ssse3 cx16 xtpr pdcm pcid sse4_1 sse4_2 x2apic popcnt tsc_deadline_timer xsave avx lahf_lm epb pti ssbd ibrs ibpb stibp tpr_shadow vnmi flexpriority ept vpid xsaveopt dtherm arat pln pts md_clear flush_l1d
bugs		: cpu_meltdown spectre_v1 spectre_v2 spec_store_bypass l1tf mds
bogomips	: 4589.43
clflush size	: 64
cache_alignment	: 64
address sizes	: 36 bits physical, 48 bits virtual
power management:

processor	: 1
vendor_id	: GenuineIntel
cpu family	: 6
model		: 42
model name	: Intel(R) Core(TM) i3-2350M CPU @ 2.30GHz
stepping	: 7
microcode	: 0x2f
cpu MHz		: 1912.949
cache size	: 3072 KB
physical id	: 0
siblings	: 4
core id		: 1
cpu cores	: 2
apicid		: 2
initial apicid	: 2
fpu		: yes
fpu_exception	: yes
cpuid level	: 13
wp		: yes
flags		: fpu vme de pse tsc msr pae mce cx8 apic sep mtrr pge mca cmov pat pse36 clflush dts acpi mmx fxsr sse sse2 ss ht tm pbe syscall nx rdtscp lm constant_tsc arch_perfmon pebs bts rep_good nopl xtopology nonstop_tsc cpuid aperfmperf pni pclmulqdq dtes64 monitor ds_cpl vmx est tm2 ssse3 cx16 xtpr pdcm pcid sse4_1 sse4_2 x2apic popcnt tsc_deadline_timer xsave avx lahf_lm epb pti ssbd ibrs ibpb stibp tpr_shadow vnmi flexpriority ept vpid xsaveopt dtherm arat pln pts md_clear flush_l1d
bugs		: cpu_meltdown spectre_v1 spectre_v2 spec_store_bypass l1tf mds
bogomips	: 4589.43
clflush size	: 64
cache_alignment	: 64
address sizes	: 36 bits physical, 48 bits virtual
power management:

processor	: 2
vendor_id	: GenuineIntel
cpu family	: 6
model		: 42
model name	: Intel(R) Core(TM) i3-2350M CPU @ 2.30GHz
stepping	: 7
microcode	: 0x2f
cpu MHz		: 1916.901
cache size	: 3072 KB
physical id	: 0
siblings	: 4
core id		: 0
cpu cores	: 2
apicid		: 1
initial apicid	: 1
fpu		: yes
fpu_exception	: yes
cpuid level	: 13
wp		: yes
flags		: fpu vme de pse tsc msr pae mce cx8 apic sep mtrr pge mca cmov pat pse36 clflush dts acpi mmx fxsr sse sse2 ss ht tm pbe syscall nx rdtscp lm constant_tsc arch_perfmon pebs bts rep_good nopl xtopology nonstop_tsc cpuid aperfmperf pni pclmulqdq dtes64 monitor ds_cpl vmx est tm2 ssse3 cx16 xtpr pdcm pcid sse4_1 sse4_2 x2apic popcnt tsc_deadline_timer xsave avx lahf_lm epb pti ssbd ibrs ibpb stibp tpr_shadow vnmi flexpriority ept vpid xsaveopt dtherm arat pln pts md_clear flush_l1d
bugs		: cpu_meltdown spectre_v1 spectre_v2 spec_store_bypass l1tf mds
bogomips	: 4589.43
clflush size	: 64
cache_alignment	: 64
address sizes	: 36 bits physical, 48 bits virtual
power management:

processor	: 3
vendor_id	: GenuineIntel
cpu family	: 6
model		: 42
model name	: Intel(R) Core(TM) i3-2350M CPU @ 2.30GHz
stepping	: 7
microcode	: 0x2f
cpu MHz		: 1989.076
cache size	: 3072 KB
physical id	: 0
siblings	: 4
core id		: 1
cpu cores	: 2
apicid		: 3
initial apicid	: 3
fpu		: yes
fpu_exception	: yes
cpuid level	: 13
wp		: yes
flags		: fpu vme de pse tsc msr pae mce cx8 apic sep mtrr pge mca cmov pat pse36 clflush dts acpi mmx fxsr sse sse2 ss ht tm pbe syscall nx rdtscp lm constant_tsc arch_perfmon pebs bts rep_good nopl xtopology nonstop_tsc cpuid aperfmperf pni pclmulqdq dtes64 monitor ds_cpl vmx est tm2 ssse3 cx16 xtpr pdcm pcid sse4_1 sse4_2 x2apic popcnt tsc_deadline_timer xsave avx lahf_lm epb pti ssbd ibrs ibpb stibp tpr_shadow vnmi flexpriority ept vpid xsaveopt dtherm arat pln pts md_clear flush_l1d
bugs		: cpu_meltdown spectre_v1 spectre_v2 spec_store_bypass l1tf mds
bogomips	: 4589.43
clflush size	: 64
cache_alignment	: 64
address sizes	: 36 bits physical, 48 bits virtual
power management:



Memory: 4k page, physical 3945256k(109204k free), swap 3999740k(3966972k free)

vm_info: OpenJDK 64-Bit Server VM (25.212-b03) for linux-amd64 JRE (1.8.0_212-8u212-b03-0ubuntu1.16.04.1-b03), built on Apr 26 2019 02:02:50 by "buildd" with gcc 5.4.0 20160609

time: Fri Jul 12 16:55:37 2019
timezone: +06
elapsed time: 1 seconds (0d 0h 0m 1s)

