#
# A fatal error has been detected by the Java Runtime Environment:
#
#  SIGSEGV (0xb) at pc=0x00007fa43c5d3b80, pid=20363, tid=0x00007fa46270c700
#
# JRE version: OpenJDK Runtime Environment (8.0_212-b03) (build 1.8.0_212-8u212-b03-0ubuntu1.16.04.1-b03)
# Java VM: OpenJDK 64-Bit Server VM (25.212-b03 mixed mode linux-amd64 compressed oops)
# Problematic frame:
# C  0x00007fa43c5d3b80
#
# Failed to write core dump. Core dumps have been disabled. To enable core dumping, try "ulimit -c unlimited" before starting Java again
#
# If you would like to submit a bug report, please visit:
#   http://bugreport.java.com/bugreport/crash.jsp
# The crash happened outside the Java Virtual Machine in native code.
# See problematic frame for where to report the bug.
#

---------------  T H R E A D  ---------------

Current thread (0x00007fa4b4427000):  JavaThread "LWJGL Application" [_thread_in_native, id=20387, stack(0x00007fa46260c000,0x00007fa46270d000)]

siginfo: si_signo: 11 (SIGSEGV), si_code: 2 (SEGV_ACCERR), si_addr: 0x00007fa43c5d3b80

Registers:
RAX=0x00007fa43c000078, RBX=0x00007fa43ca24380, RCX=0x00007fa46270b650, RDX=0x00007fa43ca203d0
RSP=0x00007fa46270b5e8, RBP=0x00007fa46270b650, RSI=0x00007fa43c5508c0, RDI=0x00007fa43c5d3b90
R8 =0x0000000000000000, R9 =0x0000000000000001, R10=0x00007fa4a50183db, R11=0x00007fa4bb407780
R12=0x00007fa43c5508c0, R13=0x00007fa43c5508c0, R14=0x00007fa46270b7b0, R15=0x00007fa4b4427000
RIP=0x00007fa43c5d3b80, EFLAGS=0x0000000000010206, CSGSFS=0x002b000000000033, ERR=0x0000000000000015
  TRAPNO=0x000000000000000e

Top of Stack: (sp=0x00007fa46270b5e8)
0x00007fa46270b5e8:   00007fa45617f6f9 00007fa43ca203d0
0x00007fa46270b5f8:   00007fa43ca203d0 00007fa43ca24380
0x00007fa46270b608:   00007fa43c5508c0 00007fa46270b650
0x00007fa46270b618:   00007fa45617e151 00000000ecdd4f48
0x00007fa46270b628:   00007fa455f658f8 00007fa46270b738
0x00007fa46270b638:   0000000000000000 00007fa455f658f8
0x00007fa46270b648:   00007fa4561855de 00007fa43c5d3b90
0x00007fa46270b658:   0000000000000000 000000003f000000
0x00007fa46270b668:   0001ba0000000000 00007fa40000ffff
0x00007fa46270b678:   38eedb141c749b00 00007fa4a4de4ff0
0x00007fa46270b688:   00007fa4a5018407 00007fa4ffffffff
0x00007fa46270b698:   0000000000000000 00007fa4a4de5028
0x00007fa46270b6a8:   0000000000000000 00007fa46270b6c8
0x00007fa46270b6b8:   00007fa46270b720 00007fa4a5007a40
0x00007fa46270b6c8:   0000000000000001 00000000ecb93f28
0x00007fa46270b6d8:   0000000000000001 00007fa46270b6e0
0x00007fa46270b6e8:   00007fa4a4de2f97 00007fa46270b7b0
0x00007fa46270b6f8:   00007fa46270b6f8 0000000000000000
0x00007fa46270b708:   00007fa46270b7b0 00007fa455f6a028
0x00007fa46270b718:   0000000000000000 00007fa455f658f8
0x00007fa46270b728:   0000000000000000 00007fa46270b758
0x00007fa46270b738:   00007fa46270b7f8 00007fa4a5007b10
0x00007fa46270b748:   0000000000000000 00007fa4a5011a57
0x00007fa46270b758:   0000000000000000 00000000ffffffff
0x00007fa46270b768:   0000000000000001 0000000000000000
0x00007fa46270b778:   0000000000000000 0000000000000000
0x00007fa46270b788:   000000003f000000 00007fa43c5d3b90
0x00007fa46270b798:   00000000ecdd4cf0 00007fa43ca203d0
0x00007fa46270b7a8:   00007fa4a5007d80 00000000ecdd4cf0
0x00007fa46270b7b8:   00007fa46270b7b8 00007fa455f657f9
0x00007fa46270b7c8:   00007fa46270b828 00007fa455f6a028
0x00007fa46270b7d8:   0000000000000000 00007fa455f65870 

Instructions: (pc=0x00007fa43c5d3b80)
0x00007fa43c5d3b60:   00 00 00 00 00 00 00 00 00 00 00 00 00 00 00 00
0x00007fa43c5d3b70:   67 6c 5f 42 61 63 6b 53 65 63 6f 6e 64 61 72 79
0x00007fa43c5d3b80:   43 6f 6c 6f 72 00 00 00 b1 00 00 00 00 00 00 00
0x00007fa43c5d3b90:   78 00 00 3c a4 7f 00 00 78 00 00 3c a4 7f 00 00 

Register to memory mapping:

RAX=0x00007fa43c000078 is an unknown value
RBX=0x00007fa43ca24380 is an unknown value
RCX=0x00007fa46270b650 is pointing into the stack for thread: 0x00007fa4b4427000
RDX=0x00007fa43ca203d0 is an unknown value
RSP=0x00007fa46270b5e8 is pointing into the stack for thread: 0x00007fa4b4427000
RBP=0x00007fa46270b650 is pointing into the stack for thread: 0x00007fa4b4427000
RSI=0x00007fa43c5508c0 is an unknown value
RDI=0x00007fa43c5d3b90 is an unknown value
R8 =0x0000000000000000 is an unknown value
R9 =0x0000000000000001 is an unknown value
R10=0x00007fa4a50183db is at code_begin+859 in an Interpreter codelet
method entry point (kind = native)  [0x00007fa4a5018080, 0x00007fa4a5018a00]  2432 bytes
R11=0x00007fa4bb407780: <offset 0x969780> in /usr/lib/jvm/java-8-openjdk-amd64/jre/lib/amd64/server/libjvm.so at 0x00007fa4baa9e000
R12=0x00007fa43c5508c0 is an unknown value
R13=0x00007fa43c5508c0 is an unknown value
R14=0x00007fa46270b7b0 is pointing into the stack for thread: 0x00007fa4b4427000
R15=0x00007fa4b4427000 is a thread


Stack: [0x00007fa46260c000,0x00007fa46270d000],  sp=0x00007fa46270b5e8,  free space=1021k
Native frames: (J=compiled Java code, j=interpreted, Vv=VM code, C=native code)
C  0x00007fa43c5d3b80
C  0x0000000000000000

Java frames: (J=compiled Java code, j=interpreted, Vv=VM code)
j  com.badlogic.gdx.physics.box2d.Body.jniCreateFixture(JJFFFZSSS)J+0
j  com.badlogic.gdx.physics.box2d.Body.createFixture(Lcom/badlogic/gdx/physics/box2d/FixtureDef;)Lcom/badlogic/gdx/physics/box2d/Fixture;+49
j  com.mygdx.game.Play.show()V+219
j  com.badlogic.gdx.Game.setScreen(Lcom/badlogic/gdx/Screen;)V+32
j  com.mygdx.game.gameClass.create()V+8
j  com.badlogic.gdx.backends.lwjgl.LwjglApplication.mainLoop()V+29
j  com.badlogic.gdx.backends.lwjgl.LwjglApplication$1.run()V+27
v  ~StubRoutines::call_stub

---------------  P R O C E S S  ---------------

Java Threads: ( => current thread )
  0x00007fa43c019800 JavaThread "process reaper" daemon [_thread_blocked, id=20389, stack(0x00007fa49c022000,0x00007fa49c05b000)]
  0x00007fa4b400c000 JavaThread "DestroyJavaVM" [_thread_blocked, id=20368, stack(0x00007fa4bc702000,0x00007fa4bc803000)]
=>0x00007fa4b4427000 JavaThread "LWJGL Application" [_thread_in_native, id=20387, stack(0x00007fa46260c000,0x00007fa46270d000)]
  0x00007fa4b437d800 JavaThread "AWT-XAWT" daemon [_thread_in_native, id=20383, stack(0x00007fa46a234000,0x00007fa46a335000)]
  0x00007fa4b435c800 JavaThread "Java2D Disposer" daemon [_thread_blocked, id=20382, stack(0x00007fa49c05b000,0x00007fa49c15c000)]
  0x00007fa4b40ca800 JavaThread "Service Thread" daemon [_thread_blocked, id=20380, stack(0x00007fa49c9c3000,0x00007fa49cac4000)]
  0x00007fa4b40bf000 JavaThread "C1 CompilerThread2" daemon [_thread_blocked, id=20379, stack(0x00007fa49cac4000,0x00007fa49cbc5000)]
  0x00007fa4b40bd800 JavaThread "C2 CompilerThread1" daemon [_thread_blocked, id=20378, stack(0x00007fa49cbc5000,0x00007fa49ccc6000)]
  0x00007fa4b40ba800 JavaThread "C2 CompilerThread0" daemon [_thread_blocked, id=20377, stack(0x00007fa49ccc6000,0x00007fa49cdc7000)]
  0x00007fa4b40b9000 JavaThread "Signal Dispatcher" daemon [_thread_blocked, id=20376, stack(0x00007fa49cdc7000,0x00007fa49cec8000)]
  0x00007fa4b4086000 JavaThread "Finalizer" daemon [_thread_blocked, id=20375, stack(0x00007fa49d8d7000,0x00007fa49d9d8000)]
  0x00007fa4b4083000 JavaThread "Reference Handler" daemon [_thread_blocked, id=20374, stack(0x00007fa49d9d8000,0x00007fa49dad9000)]

Other Threads:
  0x00007fa4b4079800 VMThread [stack: 0x00007fa49dad9000,0x00007fa49dbda000] [id=20373]
  0x00007fa4b40cd000 WatcherThread [stack: 0x00007fa49c8c2000,0x00007fa49c9c3000] [id=20381]

VM state:not at safepoint (normal execution)

VM Mutex/Monitor currently owned by a thread: None

heap address: 0x00000000c3c00000, size: 964 MB, Compressed Oops mode: 32-bit
Narrow klass base: 0x0000000000000000, Narrow klass shift: 3
Compressed class space size: 1073741824 Address: 0x0000000100000000

Heap:
 PSYoungGen      total 18432K, used 15421K [0x00000000ebf00000, 0x00000000ed380000, 0x0000000100000000)
  eden space 15872K, 97% used [0x00000000ebf00000,0x00000000ece0f4b8,0x00000000ece80000)
  from space 2560K, 0% used [0x00000000ed100000,0x00000000ed100000,0x00000000ed380000)
  to   space 2560K, 0% used [0x00000000ece80000,0x00000000ece80000,0x00000000ed100000)
 ParOldGen       total 42496K, used 0K [0x00000000c3c00000, 0x00000000c6580000, 0x00000000ebf00000)
  object space 42496K, 0% used [0x00000000c3c00000,0x00000000c3c00000,0x00000000c6580000)
 Metaspace       used 9110K, capacity 9309K, committed 9472K, reserved 1058816K
  class space    used 863K, capacity 935K, committed 1024K, reserved 1048576K

Card table byte_map: [0x00007fa4b8bca000,0x00007fa4b8dad000] byte_map_base: 0x00007fa4b85ac000

Marking Bits: (ParMarkBitMap*) 0x00007fa4bb9d1580
 Begin Bits: [0x00007fa49e1e0000, 0x00007fa49f0f0000)
 End Bits:   [0x00007fa49f0f0000, 0x00007fa4a0000000)

Polling page: 0x00007fa4bc824000

CodeCache: size=245760Kb used=2585Kb max_used=2585Kb free=243174Kb
 bounds [0x00007fa4a5000000, 0x00007fa4a5290000, 0x00007fa4b4000000]
 total_blobs=1189 nmethods=597 adapters=507
 compilation: enabled

Compilation events (10 events):
Event: 0.994 Thread 0x00007fa4b40bf000  593       3       java.util.jar.Attributes::getValue (9 bytes)
Event: 0.994 Thread 0x00007fa4b40bf000 nmethod 593 0x00007fa4a5283910 code [0x00007fa4a5283aa0, 0x00007fa4a5283e08]
Event: 0.994 Thread 0x00007fa4b40bf000  594       3       java.util.jar.Attributes::get (11 bytes)
Event: 0.995 Thread 0x00007fa4b40bf000 nmethod 594 0x00007fa4a5283f50 code [0x00007fa4a52840c0, 0x00007fa4a52842e8]
Event: 0.995 Thread 0x00007fa4b40bf000  595   !   3       java.util.zip.ZipFile$ZipFileInflaterInputStream::close (67 bytes)
Event: 0.996 Thread 0x00007fa4b40bf000 nmethod 595 0x00007fa4a5284590 code [0x00007fa4a5284760, 0x00007fa4a5284f58]
Event: 0.996 Thread 0x00007fa4b40bf000  596       3       java.util.zip.InflaterInputStream::close (34 bytes)
Event: 0.997 Thread 0x00007fa4b40bf000 nmethod 596 0x00007fa4a5285310 code [0x00007fa4a52854a0, 0x00007fa4a5285798]
Event: 0.997 Thread 0x00007fa4b40bf000  597       3       java.util.zip.ZipEntry::getSize (5 bytes)
Event: 0.998 Thread 0x00007fa4b40bf000 nmethod 597 0x00007fa4a5285890 code [0x00007fa4a52859e0, 0x00007fa4a5285b30]

GC Heap History (0 events):
No events

Deoptimization events (3 events):
Event: 0.152 Thread 0x00007fa4b400c000 Uncommon trap: reason=unstable_if action=reinterpret pc=0x00007fa4a5145dbc method=java.lang.String.indexOf([CII[CIII)I @ 134
Event: 0.171 Thread 0x00007fa4b400c000 Uncommon trap: reason=unstable_if action=reinterpret pc=0x00007fa4a5139784 method=java.lang.String.indexOf(II)I @ 49
Event: 0.443 Thread 0x00007fa4b4427000 Uncommon trap: reason=unstable_if action=reinterpret pc=0x00007fa4a51c8b3c method=java.lang.String.replace(CC)Ljava/lang/String; @ 26

Classes redefined (0 events):
No events

Internal exceptions (10 events):
Event: 0.353 Thread 0x00007fa4b400c000 Exception <a 'java/security/PrivilegedActionException'> (0x00000000ec4f38f8) thrown at [/build/openjdk-8-lHVHKD/openjdk-8-8u212-b03/src/hotspot/src/share/vm/prims/jvm.cpp, line 1502]
Event: 0.353 Thread 0x00007fa4b400c000 Exception <a 'java/security/PrivilegedActionException'> (0x00000000ec4f4550) thrown at [/build/openjdk-8-lHVHKD/openjdk-8-8u212-b03/src/hotspot/src/share/vm/prims/jvm.cpp, line 1502]
Event: 0.353 Thread 0x00007fa4b400c000 Exception <a 'java/security/PrivilegedActionException'> (0x00000000ec4f5178) thrown at [/build/openjdk-8-lHVHKD/openjdk-8-8u212-b03/src/hotspot/src/share/vm/prims/jvm.cpp, line 1502]
Event: 0.353 Thread 0x00007fa4b400c000 Exception <a 'java/security/PrivilegedActionException'> (0x00000000ec4f72c8) thrown at [/build/openjdk-8-lHVHKD/openjdk-8-8u212-b03/src/hotspot/src/share/vm/prims/jvm.cpp, line 1502]
Event: 0.353 Thread 0x00007fa4b400c000 Exception <a 'java/security/PrivilegedActionException'> (0x00000000ec4f7f20) thrown at [/build/openjdk-8-lHVHKD/openjdk-8-8u212-b03/src/hotspot/src/share/vm/prims/jvm.cpp, line 1502]
Event: 0.353 Thread 0x00007fa4b400c000 Exception <a 'java/security/PrivilegedActionException'> (0x00000000ec4f8b48) thrown at [/build/openjdk-8-lHVHKD/openjdk-8-8u212-b03/src/hotspot/src/share/vm/prims/jvm.cpp, line 1502]
Event: 0.353 Thread 0x00007fa4b400c000 Exception <a 'java/security/PrivilegedActionException'> (0x00000000ec4faa50) thrown at [/build/openjdk-8-lHVHKD/openjdk-8-8u212-b03/src/hotspot/src/share/vm/prims/jvm.cpp, line 1502]
Event: 0.354 Thread 0x00007fa4b400c000 Exception <a 'java/security/PrivilegedActionException'> (0x00000000ec4fb6a8) thrown at [/build/openjdk-8-lHVHKD/openjdk-8-8u212-b03/src/hotspot/src/share/vm/prims/jvm.cpp, line 1502]
Event: 0.354 Thread 0x00007fa4b400c000 Exception <a 'java/security/PrivilegedActionException'> (0x00000000ec4fc2d0) thrown at [/build/openjdk-8-lHVHKD/openjdk-8-8u212-b03/src/hotspot/src/share/vm/prims/jvm.cpp, line 1502]
Event: 0.481 Thread 0x00007fa4b4427000 Exception <a 'java/lang/NoClassDefFoundError': org/lwjgl/opengles/GLContext> (0x00000000ec7ef720) thrown at [/build/openjdk-8-lHVHKD/openjdk-8-8u212-b03/src/hotspot/src/share/vm/classfile/systemDictionary.cpp, line 199]

Events (10 events):
Event: 0.999 loading class com/badlogic/gdx/physics/box2d/MassData
Event: 0.999 loading class com/badlogic/gdx/physics/box2d/MassData done
Event: 0.999 loading class com/badlogic/gdx/physics/box2d/Fixture
Event: 0.999 loading class com/badlogic/gdx/physics/box2d/Fixture done
Event: 1.000 loading class com/badlogic/gdx/physics/box2d/CircleShape
Event: 1.000 loading class com/badlogic/gdx/physics/box2d/CircleShape done
Event: 1.000 loading class com/badlogic/gdx/physics/box2d/EdgeShape
Event: 1.000 loading class com/badlogic/gdx/physics/box2d/EdgeShape done
Event: 1.000 loading class com/badlogic/gdx/physics/box2d/ChainShape
Event: 1.000 loading class com/badlogic/gdx/physics/box2d/ChainShape done


Dynamic libraries:
00400000-00401000 r-xp 00000000 08:01 4723398                            /usr/lib/jvm/java-8-openjdk-amd64/jre/bin/java
00600000-00601000 r--p 00000000 08:01 4723398                            /usr/lib/jvm/java-8-openjdk-amd64/jre/bin/java
00601000-00602000 rw-p 00001000 08:01 4723398                            /usr/lib/jvm/java-8-openjdk-amd64/jre/bin/java
00801000-00822000 rw-p 00000000 00:00 0                                  [heap]
c3c00000-c6580000 rw-p 00000000 00:00 0 
c6580000-ebf00000 ---p 00000000 00:00 0 
ebf00000-ed380000 rw-p 00000000 00:00 0 
ed380000-100000000 ---p 00000000 00:00 0 
100000000-100100000 rw-p 00000000 00:00 0 
100100000-140000000 ---p 00000000 00:00 0 
7fa43c000000-7fa43ca31000 rw-p 00000000 00:00 0 
7fa43ca31000-7fa440000000 ---p 00000000 00:00 0 
7fa440000000-7fa440021000 rw-p 00000000 00:00 0 
7fa440021000-7fa444000000 ---p 00000000 00:00 0 
7fa444000000-7fa444021000 rw-p 00000000 00:00 0 
7fa444021000-7fa448000000 ---p 00000000 00:00 0 
7fa44bfff000-7fa450000000 rw-s 00000000 00:19 20                         /dev/shm/pulse-shm-1812835152
7fa450000000-7fa450021000 rw-p 00000000 00:00 0 
7fa450021000-7fa454000000 ---p 00000000 00:00 0 
7fa455f4a000-7fa455f8a000 rw-p 00000000 00:00 0 
7fa455f8a000-7fa45614a000 ---p 00000000 00:00 0 
7fa45614a000-7fa456196000 r-xp 00000000 08:01 1970585                    /tmp/libgdxfoysal/38f2459b/libgdx-box2d64.so
7fa456196000-7fa456395000 ---p 0004c000 08:01 1970585                    /tmp/libgdxfoysal/38f2459b/libgdx-box2d64.so
7fa456395000-7fa456397000 r--p 0004b000 08:01 1970585                    /tmp/libgdxfoysal/38f2459b/libgdx-box2d64.so
7fa456397000-7fa456398000 rw-p 0004d000 08:01 1970585                    /tmp/libgdxfoysal/38f2459b/libgdx-box2d64.so
7fa456398000-7fa457749000 rw-p 00000000 00:00 0 
7fa457749000-7fa4577bd000 rw-p 00000000 00:00 0 
7fa4577bd000-7fa4577c5000 r-xp 00000000 08:01 4728267                    /usr/lib/x86_64-linux-gnu/libpciaccess.so.0.11.1
7fa4577c5000-7fa4579c5000 ---p 00008000 08:01 4728267                    /usr/lib/x86_64-linux-gnu/libpciaccess.so.0.11.1
7fa4579c5000-7fa4579c6000 r--p 00008000 08:01 4728267                    /usr/lib/x86_64-linux-gnu/libpciaccess.so.0.11.1
7fa4579c6000-7fa4579c7000 rw-p 00009000 08:01 4728267                    /usr/lib/x86_64-linux-gnu/libpciaccess.so.0.11.1
7fa4579c7000-7fa4579d2000 r-xp 00000000 08:01 4727612                    /usr/lib/x86_64-linux-gnu/libdrm_radeon.so.1.0.1
7fa4579d2000-7fa457bd1000 ---p 0000b000 08:01 4727612                    /usr/lib/x86_64-linux-gnu/libdrm_radeon.so.1.0.1
7fa457bd1000-7fa457bd2000 r--p 0000a000 08:01 4727612                    /usr/lib/x86_64-linux-gnu/libdrm_radeon.so.1.0.1
7fa457bd2000-7fa457bd3000 rw-p 0000b000 08:01 4727612                    /usr/lib/x86_64-linux-gnu/libdrm_radeon.so.1.0.1
7fa457bd3000-7fa457bda000 r-xp 00000000 08:01 4727610                    /usr/lib/x86_64-linux-gnu/libdrm_nouveau.so.2.0.0
7fa457bda000-7fa457dd9000 ---p 00007000 08:01 4727610                    /usr/lib/x86_64-linux-gnu/libdrm_nouveau.so.2.0.0
7fa457dd9000-7fa457dda000 r--p 00006000 08:01 4727610                    /usr/lib/x86_64-linux-gnu/libdrm_nouveau.so.2.0.0
7fa457dda000-7fa457ddb000 rw-p 00007000 08:01 4727610                    /usr/lib/x86_64-linux-gnu/libdrm_nouveau.so.2.0.0
7fa457ddb000-7fa457dfd000 r-xp 00000000 08:01 4727608                    /usr/lib/x86_64-linux-gnu/libdrm_intel.so.1.0.0
7fa457dfd000-7fa457ffd000 ---p 00022000 08:01 4727608                    /usr/lib/x86_64-linux-gnu/libdrm_intel.so.1.0.0
7fa457ffd000-7fa457ffe000 r--p 00022000 08:01 4727608                    /usr/lib/x86_64-linux-gnu/libdrm_intel.so.1.0.0
7fa457ffe000-7fa457fff000 rw-p 00023000 08:01 4727608                    /usr/lib/x86_64-linux-gnu/libdrm_intel.so.1.0.0
7fa457fff000-7fa45c000000 rw-s 00000000 00:19 41                         /dev/shm/pulse-shm-1603104178
7fa45c000000-7fa45c021000 rw-p 00000000 00:00 0 
7fa45c021000-7fa460000000 ---p 00000000 00:00 0 
7fa460119000-7fa4609f9000 r-xp 00000000 08:01 4983000                    /usr/lib/x86_64-linux-gnu/dri/i965_dri.so
7fa4609f9000-7fa460bf9000 ---p 008e0000 08:01 4983000                    /usr/lib/x86_64-linux-gnu/dri/i965_dri.so
7fa460bf9000-7fa460c49000 r--p 008e0000 08:01 4983000                    /usr/lib/x86_64-linux-gnu/dri/i965_dri.so
7fa460c49000-7fa460c54000 rw-p 00930000 08:01 4983000                    /usr/lib/x86_64-linux-gnu/dri/i965_dri.so
7fa460c54000-7fa460cf9000 rw-p 00000000 00:00 0 
7fa460cf9000-7fa460d09000 r-xp 00000000 08:01 4727604                    /usr/lib/x86_64-linux-gnu/libdrm.so.2.4.0
7fa460d09000-7fa460f09000 ---p 00010000 08:01 4727604                    /usr/lib/x86_64-linux-gnu/libdrm.so.2.4.0
7fa460f09000-7fa460f0a000 r--p 00010000 08:01 4727604                    /usr/lib/x86_64-linux-gnu/libdrm.so.2.4.0
7fa460f0a000-7fa460f0b000 rw-p 00011000 08:01 4727604                    /usr/lib/x86_64-linux-gnu/libdrm.so.2.4.0
7fa460f0b000-7fa460f0f000 r-xp 00000000 08:01 4728684                    /usr/lib/x86_64-linux-gnu/libxcb-dri2.so.0.0.0
7fa460f0f000-7fa46110e000 ---p 00004000 08:01 4728684                    /usr/lib/x86_64-linux-gnu/libxcb-dri2.so.0.0.0
7fa46110e000-7fa46110f000 r--p 00003000 08:01 4728684                    /usr/lib/x86_64-linux-gnu/libxcb-dri2.so.0.0.0
7fa46110f000-7fa461110000 rw-p 00004000 08:01 4728684                    /usr/lib/x86_64-linux-gnu/libxcb-dri2.so.0.0.0
7fa461110000-7fa461127000 r-xp 00000000 08:01 4728688                    /usr/lib/x86_64-linux-gnu/libxcb-glx.so.0.0.0
7fa461127000-7fa461326000 ---p 00017000 08:01 4728688                    /usr/lib/x86_64-linux-gnu/libxcb-glx.so.0.0.0
7fa461326000-7fa461328000 r--p 00016000 08:01 4728688                    /usr/lib/x86_64-linux-gnu/libxcb-glx.so.0.0.0
7fa461328000-7fa461329000 rw-p 00018000 08:01 4728688                    /usr/lib/x86_64-linux-gnu/libxcb-glx.so.0.0.0
7fa461329000-7fa46132a000 r-xp 00000000 08:01 4727286                    /usr/lib/x86_64-linux-gnu/libX11-xcb.so.1.0.0
7fa46132a000-7fa461529000 ---p 00001000 08:01 4727286                    /usr/lib/x86_64-linux-gnu/libX11-xcb.so.1.0.0
7fa461529000-7fa46152a000 r--p 00000000 08:01 4727286                    /usr/lib/x86_64-linux-gnu/libX11-xcb.so.1.0.0
7fa46152a000-7fa46152b000 rw-p 00001000 08:01 4727286                    /usr/lib/x86_64-linux-gnu/libX11-xcb.so.1.0.0
7fa46152b000-7fa46152d000 r-xp 00000000 08:01 4727301                    /usr/lib/x86_64-linux-gnu/libXdamage.so.1.1.0
7fa46152d000-7fa46172c000 ---p 00002000 08:01 4727301                    /usr/lib/x86_64-linux-gnu/libXdamage.so.1.1.0
7fa46172c000-7fa46172d000 r--p 00001000 08:01 4727301                    /usr/lib/x86_64-linux-gnu/libXdamage.so.1.1.0
7fa46172d000-7fa46172e000 rw-p 00002000 08:01 4727301                    /usr/lib/x86_64-linux-gnu/libXdamage.so.1.1.0
7fa46172e000-7fa46175a000 r-xp 00000000 08:01 4727805                    /usr/lib/x86_64-linux-gnu/libglapi.so.0.0.0
7fa46175a000-7fa461959000 ---p 0002c000 08:01 4727805                    /usr/lib/x86_64-linux-gnu/libglapi.so.0.0.0
7fa461959000-7fa46195d000 r--p 0002b000 08:01 4727805                    /usr/lib/x86_64-linux-gnu/libglapi.so.0.0.0
7fa46195d000-7fa46195e000 rw-p 0002f000 08:01 4727805                    /usr/lib/x86_64-linux-gnu/libglapi.so.0.0.0
7fa46195e000-7fa46195f000 rw-p 00000000 00:00 0 
7fa46195f000-7fa461960000 r-xp 00000000 08:01 4728728                    /usr/lib/x86_64-linux-gnu/libxshmfence.so.1.0.0
7fa461960000-7fa461b60000 ---p 00001000 08:01 4728728                    /usr/lib/x86_64-linux-gnu/libxshmfence.so.1.0.0
7fa461b60000-7fa461b61000 r--p 00001000 08:01 4728728                    /usr/lib/x86_64-linux-gnu/libxshmfence.so.1.0.0
7fa461b61000-7fa461b62000 rw-p 00002000 08:01 4728728                    /usr/lib/x86_64-linux-gnu/libxshmfence.so.1.0.0
7fa461b62000-7fa461b67000 r-xp 00000000 08:01 4728708                    /usr/lib/x86_64-linux-gnu/libxcb-sync.so.1.0.0
7fa461b67000-7fa461d67000 ---p 00005000 08:01 4728708                    /usr/lib/x86_64-linux-gnu/libxcb-sync.so.1.0.0
7fa461d67000-7fa461d68000 r--p 00005000 08:01 4728708                    /usr/lib/x86_64-linux-gnu/libxcb-sync.so.1.0.0
7fa461d68000-7fa461d69000 rw-p 00006000 08:01 4728708                    /usr/lib/x86_64-linux-gnu/libxcb-sync.so.1.0.0
7fa461d69000-7fa461d6b000 r-xp 00000000 08:01 4728696                    /usr/lib/x86_64-linux-gnu/libxcb-present.so.0.0.0
7fa461d6b000-7fa461f6a000 ---p 00002000 08:01 4728696                    /usr/lib/x86_64-linux-gnu/libxcb-present.so.0.0.0
7fa461f6a000-7fa461f6b000 r--p 00001000 08:01 4728696                    /usr/lib/x86_64-linux-gnu/libxcb-present.so.0.0.0
7fa461f6b000-7fa461f6c000 rw-p 00002000 08:01 4728696                    /usr/lib/x86_64-linux-gnu/libxcb-present.so.0.0.0
7fa461f6c000-7fa461f6e000 r-xp 00000000 08:01 4728686                    /usr/lib/x86_64-linux-gnu/libxcb-dri3.so.0.0.0
7fa461f6e000-7fa46216d000 ---p 00002000 08:01 4728686                    /usr/lib/x86_64-linux-gnu/libxcb-dri3.so.0.0.0
7fa46216d000-7fa46216e000 r--p 00001000 08:01 4728686                    /usr/lib/x86_64-linux-gnu/libxcb-dri3.so.0.0.0
7fa46216e000-7fa46216f000 rw-p 00002000 08:01 4728686                    /usr/lib/x86_64-linux-gnu/libxcb-dri3.so.0.0.0
7fa46216f000-7fa462195000 r-xp 00000000 08:01 2757058                    /lib/x86_64-linux-gnu/libexpat.so.1.6.0
7fa462195000-7fa462395000 ---p 00026000 08:01 2757058                    /lib/x86_64-linux-gnu/libexpat.so.1.6.0
7fa462395000-7fa462397000 r--p 00026000 08:01 2757058                    /lib/x86_64-linux-gnu/libexpat.so.1.6.0
7fa462397000-7fa462398000 rw-p 00028000 08:01 2757058                    /lib/x86_64-linux-gnu/libexpat.so.1.6.0
7fa462398000-7fa462408000 r-xp 00000000 08:01 4984410                    /usr/lib/x86_64-linux-gnu/mesa/libGL.so.1.2.0
7fa462408000-7fa462607000 ---p 00070000 08:01 4984410                    /usr/lib/x86_64-linux-gnu/mesa/libGL.so.1.2.0
7fa462607000-7fa46260a000 r--p 0006f000 08:01 4984410                    /usr/lib/x86_64-linux-gnu/mesa/libGL.so.1.2.0
7fa46260a000-7fa46260b000 rw-p 00072000 08:01 4984410                    /usr/lib/x86_64-linux-gnu/mesa/libGL.so.1.2.0
7fa46260b000-7fa46260c000 rw-p 00000000 00:00 0 
7fa46260c000-7fa46260f000 ---p 00000000 00:00 0 
7fa46260f000-7fa46270d000 rw-p 00000000 00:00 0 
7fa46270d000-7fa46270e000 ---p 00000000 00:00 0 
7fa46270e000-7fa46280e000 rw-p 00000000 00:00 0 
7fa46280e000-7fa46280f000 ---p 00000000 00:00 0 
7fa46280f000-7fa46300f000 rw-p 00000000 00:00 0 
7fa46300f000-7fa463039000 r-xp 00000000 08:01 4728589                    /usr/lib/x86_64-linux-gnu/libvorbis.so.0.4.8
7fa463039000-7fa463238000 ---p 0002a000 08:01 4728589                    /usr/lib/x86_64-linux-gnu/libvorbis.so.0.4.8
7fa463238000-7fa463239000 r--p 00029000 08:01 4728589                    /usr/lib/x86_64-linux-gnu/libvorbis.so.0.4.8
7fa463239000-7fa46323a000 rw-p 0002a000 08:01 4728589                    /usr/lib/x86_64-linux-gnu/libvorbis.so.0.4.8
7fa46323a000-7fa463241000 r-xp 00000000 08:01 4728225                    /usr/lib/x86_64-linux-gnu/libogg.so.0.8.2
7fa463241000-7fa463441000 ---p 00007000 08:01 4728225                    /usr/lib/x86_64-linux-gnu/libogg.so.0.8.2
7fa463441000-7fa463442000 r--p 00007000 08:01 4728225                    /usr/lib/x86_64-linux-gnu/libogg.so.0.8.2
7fa463442000-7fa463443000 rw-p 00008000 08:01 4728225                    /usr/lib/x86_64-linux-gnu/libogg.so.0.8.2
7fa463443000-7fa463455000 r-xp 00000000 08:01 2757434                    /lib/x86_64-linux-gnu/libgpg-error.so.0.17.0
7fa463455000-7fa463655000 ---p 00012000 08:01 2757434                    /lib/x86_64-linux-gnu/libgpg-error.so.0.17.0
7fa463655000-7fa463656000 r--p 00012000 08:01 2757434                    /lib/x86_64-linux-gnu/libgpg-error.so.0.17.0
7fa463656000-7fa463657000 rw-p 00013000 08:01 2757434                    /lib/x86_64-linux-gnu/libgpg-error.so.0.17.0
7fa463657000-7fa4636c5000 r-xp 00000000 08:01 2757519                    /lib/x86_64-linux-gnu/libpcre.so.3.13.2
7fa4636c5000-7fa4638c5000 ---p 0006e000 08:01 2757519                    /lib/x86_64-linux-gnu/libpcre.so.3.13.2
7fa4638c5000-7fa4638c6000 r--p 0006e000 08:01 2757519                    /lib/x86_64-linux-gnu/libpcre.so.3.13.2
7fa4638c6000-7fa4638c7000 rw-p 0006f000 08:01 2757519                    /lib/x86_64-linux-gnu/libpcre.so.3.13.2
7fa4638c7000-7fa4638de000 r-xp 00000000 08:01 2757542                    /lib/x86_64-linux-gnu/libresolv-2.23.so
7fa4638de000-7fa463ade000 ---p 00017000 08:01 2757542                    /lib/x86_64-linux-gnu/libresolv-2.23.so
7fa463ade000-7fa463adf000 r--p 00017000 08:01 2757542                    /lib/x86_64-linux-gnu/libresolv-2.23.so
7fa463adf000-7fa463ae0000 rw-p 00018000 08:01 2757542                    /lib/x86_64-linux-gnu/libresolv-2.23.so
7fa463ae0000-7fa463ae2000 rw-p 00000000 00:00 0 
7fa463ae2000-7fa463b6f000 r-xp 00000000 08:01 4728591                    /usr/lib/x86_64-linux-gnu/libvorbisenc.so.2.0.11
7fa463b6f000-7fa463d6e000 ---p 0008d000 08:01 4728591                    /usr/lib/x86_64-linux-gnu/libvorbisenc.so.2.0.11
7fa463d6e000-7fa463d8a000 r--p 0008c000 08:01 4728591                    /usr/lib/x86_64-linux-gnu/libvorbisenc.so.2.0.11
7fa463d8a000-7fa463d8b000 rw-p 000a8000 08:01 4728591                    /usr/lib/x86_64-linux-gnu/libvorbisenc.so.2.0.11
7fa463d8b000-7fa463dfe000 r-xp 00000000 08:01 4727142                    /usr/lib/x86_64-linux-gnu/libFLAC.so.8.3.0
7fa463dfe000-7fa463ffe000 ---p 00073000 08:01 4727142                    /usr/lib/x86_64-linux-gnu/libFLAC.so.8.3.0
7fa463ffe000-7fa463fff000 r--p 00073000 08:01 4727142                    /usr/lib/x86_64-linux-gnu/libFLAC.so.8.3.0
7fa463fff000-7fa464000000 rw-p 00074000 08:01 4727142                    /usr/lib/x86_64-linux-gnu/libFLAC.so.8.3.0
7fa464000000-7fa464021000 rw-p 00000000 00:00 0 
7fa464021000-7fa468000000 ---p 00000000 00:00 0 
7fa46800f000-7fa4680e6000 r-xp 00000000 08:01 2757430                    /lib/x86_64-linux-gnu/libgcrypt.so.20.0.5
7fa4680e6000-7fa4682e6000 ---p 000d7000 08:01 2757430                    /lib/x86_64-linux-gnu/libgcrypt.so.20.0.5
7fa4682e6000-7fa4682e7000 r--p 000d7000 08:01 2757430                    /lib/x86_64-linux-gnu/libgcrypt.so.20.0.5
7fa4682e7000-7fa4682ef000 rw-p 000d8000 08:01 2757430                    /lib/x86_64-linux-gnu/libgcrypt.so.20.0.5
7fa4682ef000-7fa4682f0000 rw-p 00000000 00:00 0 
7fa4682f0000-7fa468311000 r-xp 00000000 08:01 2757457                    /lib/x86_64-linux-gnu/liblzma.so.5.0.0
7fa468311000-7fa468510000 ---p 00021000 08:01 2757457                    /lib/x86_64-linux-gnu/liblzma.so.5.0.0
7fa468510000-7fa468511000 r--p 00020000 08:01 2757457                    /lib/x86_64-linux-gnu/liblzma.so.5.0.0
7fa468511000-7fa468512000 rw-p 00021000 08:01 2757457                    /lib/x86_64-linux-gnu/liblzma.so.5.0.0
7fa468512000-7fa468531000 r-xp 00000000 08:01 2757548                    /lib/x86_64-linux-gnu/libselinux.so.1
7fa468531000-7fa468730000 ---p 0001f000 08:01 2757548                    /lib/x86_64-linux-gnu/libselinux.so.1
7fa468730000-7fa468731000 r--p 0001e000 08:01 2757548                    /lib/x86_64-linux-gnu/libselinux.so.1
7fa468731000-7fa468732000 rw-p 0001f000 08:01 2757548                    /lib/x86_64-linux-gnu/libselinux.so.1
7fa468732000-7fa468734000 rw-p 00000000 00:00 0 
7fa468734000-7fa468739000 r-xp 00000000 08:01 4727396                    /usr/lib/x86_64-linux-gnu/libasyncns.so.0.3.1
7fa468739000-7fa468938000 ---p 00005000 08:01 4727396                    /usr/lib/x86_64-linux-gnu/libasyncns.so.0.3.1
7fa468938000-7fa468939000 r--p 00004000 08:01 4727396                    /usr/lib/x86_64-linux-gnu/libasyncns.so.0.3.1
7fa468939000-7fa46893a000 rw-p 00005000 08:01 4727396                    /usr/lib/x86_64-linux-gnu/libasyncns.so.0.3.1
7fa46893a000-7fa46899d000 r-xp 00000000 08:01 4725157                    /usr/lib/x86_64-linux-gnu/libsndfile.so.1.0.25
7fa46899d000-7fa468b9d000 ---p 00063000 08:01 4725157                    /usr/lib/x86_64-linux-gnu/libsndfile.so.1.0.25
7fa468b9d000-7fa468b9f000 r--p 00063000 08:01 4725157                    /usr/lib/x86_64-linux-gnu/libsndfile.so.1.0.25
7fa468b9f000-7fa468ba0000 rw-p 00065000 08:01 4725157                    /usr/lib/x86_64-linux-gnu/libsndfile.so.1.0.25
7fa468ba0000-7fa468ba4000 rw-p 00000000 00:00 0 
7fa468ba4000-7fa468bac000 r-xp 00000000 08:01 2757576                    /lib/x86_64-linux-gnu/libwrap.so.0.7.6
7fa468bac000-7fa468dab000 ---p 00008000 08:01 2757576                    /lib/x86_64-linux-gnu/libwrap.so.0.7.6
7fa468dab000-7fa468dac000 r--p 00007000 08:01 2757576                    /lib/x86_64-linux-gnu/libwrap.so.0.7.6
7fa468dac000-7fa468dad000 rw-p 00008000 08:01 2757576                    /lib/x86_64-linux-gnu/libwrap.so.0.7.6
7fa468dad000-7fa468dae000 rw-p 00000000 00:00 0 
7fa468dae000-7fa468e2e000 r-xp 00000000 08:01 2752517                    /lib/x86_64-linux-gnu/libsystemd.so.0.14.0
7fa468e2e000-7fa468e31000 r--p 0007f000 08:01 2752517                    /lib/x86_64-linux-gnu/libsystemd.so.0.14.0
7fa468e31000-7fa468e32000 rw-p 00082000 08:01 2752517                    /lib/x86_64-linux-gnu/libsystemd.so.0.14.0
7fa468e32000-7fa468e33000 rw-p 00000000 00:00 0 
7fa468e33000-7fa468e7d000 r-xp 00000000 08:01 2752540                    /lib/x86_64-linux-gnu/libdbus-1.so.3.14.6
7fa468e7d000-7fa46907d000 ---p 0004a000 08:01 2752540                    /lib/x86_64-linux-gnu/libdbus-1.so.3.14.6
7fa46907d000-7fa46907e000 r--p 0004a000 08:01 2752540                    /lib/x86_64-linux-gnu/libdbus-1.so.3.14.6
7fa46907e000-7fa46907f000 rw-p 0004b000 08:01 2752540                    /lib/x86_64-linux-gnu/libdbus-1.so.3.14.6
7fa46907f000-7fa4690f9000 r-xp 00000000 08:01 4984918                    /usr/lib/x86_64-linux-gnu/pulseaudio/libpulsecommon-8.0.so
7fa4690f9000-7fa4692f8000 ---p 0007a000 08:01 4984918                    /usr/lib/x86_64-linux-gnu/pulseaudio/libpulsecommon-8.0.so
7fa4692f8000-7fa4692f9000 r--p 00079000 08:01 4984918                    /usr/lib/x86_64-linux-gnu/pulseaudio/libpulsecommon-8.0.so
7fa4692f9000-7fa4692fa000 rw-p 0007a000 08:01 4984918                    /usr/lib/x86_64-linux-gnu/pulseaudio/libpulsecommon-8.0.so
7fa4692fa000-7fa469304000 r-xp 00000000 08:01 2757449                    /lib/x86_64-linux-gnu/libjson-c.so.2.0.0
7fa469304000-7fa469503000 ---p 0000a000 08:01 2757449                    /lib/x86_64-linux-gnu/libjson-c.so.2.0.0
7fa469503000-7fa469504000 r--p 00009000 08:01 2757449                    /lib/x86_64-linux-gnu/libjson-c.so.2.0.0
7fa469504000-7fa469505000 rw-p 0000a000 08:01 2757449                    /lib/x86_64-linux-gnu/libjson-c.so.2.0.0
7fa469505000-7fa469553000 r-xp 00000000 08:01 4728317                    /usr/lib/x86_64-linux-gnu/libpulse.so.0.19.0
7fa469553000-7fa469753000 ---p 0004e000 08:01 4728317                    /usr/lib/x86_64-linux-gnu/libpulse.so.0.19.0
7fa469753000-7fa469754000 r--p 0004e000 08:01 4728317                    /usr/lib/x86_64-linux-gnu/libpulse.so.0.19.0
7fa469754000-7fa469755000 rw-p 0004f000 08:01 4728317                    /usr/lib/x86_64-linux-gnu/libpulse.so.0.19.0
7fa469755000-7fa4697aa000 r-xp 00000000 08:01 1970581                    /tmp/libgdxfoysal/31ce78a2/libopenal64.so
7fa4697aa000-7fa4699a9000 ---p 00055000 08:01 1970581                    /tmp/libgdxfoysal/31ce78a2/libopenal64.so
7fa4699a9000-7fa4699ac000 r--p 00054000 08:01 1970581                    /tmp/libgdxfoysal/31ce78a2/libopenal64.so
7fa4699ac000-7fa4699ad000 rw-p 00057000 08:01 1970581                    /tmp/libgdxfoysal/31ce78a2/libopenal64.so
7fa4699ad000-7fa4699ae000 rw-p 00000000 00:00 0 
7fa4699ae000-7fa4699b3000 r-xp 00000000 08:01 4727343                    /usr/lib/x86_64-linux-gnu/libXxf86vm.so.1.0.0
7fa4699b3000-7fa469bb2000 ---p 00005000 08:01 4727343                    /usr/lib/x86_64-linux-gnu/libXxf86vm.so.1.0.0
7fa469bb2000-7fa469bb3000 r--p 00004000 08:01 4727343                    /usr/lib/x86_64-linux-gnu/libXxf86vm.so.1.0.0
7fa469bb3000-7fa469bb4000 rw-p 00005000 08:01 4727343                    /usr/lib/x86_64-linux-gnu/libXxf86vm.so.1.0.0
7fa469bb4000-7fa469bbe000 r-xp 00000000 08:01 4727325                    /usr/lib/x86_64-linux-gnu/libXrandr.so.2.2.0
7fa469bbe000-7fa469dbd000 ---p 0000a000 08:01 4727325                    /usr/lib/x86_64-linux-gnu/libXrandr.so.2.2.0
7fa469dbd000-7fa469dbe000 r--p 00009000 08:01 4727325                    /usr/lib/x86_64-linux-gnu/libXrandr.so.2.2.0
7fa469dbe000-7fa469dbf000 rw-p 0000a000 08:01 4727325                    /usr/lib/x86_64-linux-gnu/libXrandr.so.2.2.0
7fa469dbf000-7fa469e2f000 r-xp 00000000 08:01 1970580                    /tmp/libgdxfoysal/31ce78a2/liblwjgl64.so
7fa469e2f000-7fa46a02f000 ---p 00070000 08:01 1970580                    /tmp/libgdxfoysal/31ce78a2/liblwjgl64.so
7fa46a02f000-7fa46a031000 r--p 00070000 08:01 1970580                    /tmp/libgdxfoysal/31ce78a2/liblwjgl64.so
7fa46a031000-7fa46a032000 rw-p 00072000 08:01 1970580                    /tmp/libgdxfoysal/31ce78a2/liblwjgl64.so
7fa46a032000-7fa46a033000 r-xp 00000000 08:01 4723430                    /usr/lib/jvm/java-8-openjdk-amd64/jre/lib/amd64/libjawt.so
7fa46a033000-7fa46a232000 ---p 00001000 08:01 4723430                    /usr/lib/jvm/java-8-openjdk-amd64/jre/lib/amd64/libjawt.so
7fa46a232000-7fa46a233000 r--p 00000000 08:01 4723430                    /usr/lib/jvm/java-8-openjdk-amd64/jre/lib/amd64/libjawt.so
7fa46a233000-7fa46a234000 rw-p 00001000 08:01 4723430                    /usr/lib/jvm/java-8-openjdk-amd64/jre/lib/amd64/libjawt.so
7fa46a234000-7fa46a237000 ---p 00000000 00:00 0 
7fa46a237000-7fa46a335000 rw-p 00000000 00:00 0 
7fa46a335000-7fa46a33a000 r-xp 00000000 08:01 4727307                    /usr/lib/x86_64-linux-gnu/libXfixes.so.3.1.0
7fa46a33a000-7fa46a539000 ---p 00005000 08:01 4727307                    /usr/lib/x86_64-linux-gnu/libXfixes.so.3.1.0
7fa46a539000-7fa46a53a000 r--p 00004000 08:01 4727307                    /usr/lib/x86_64-linux-gnu/libXfixes.so.3.1.0
7fa46a53a000-7fa46a53b000 rw-p 00005000 08:01 4727307                    /usr/lib/x86_64-linux-gnu/libXfixes.so.3.1.0
7fa46a53b000-7fa46a544000 r-xp 00000000 08:01 4727299                    /usr/lib/x86_64-linux-gnu/libXcursor.so.1.0.2
7fa46a544000-7fa46a743000 ---p 00009000 08:01 4727299                    /usr/lib/x86_64-linux-gnu/libXcursor.so.1.0.2
7fa46a743000-7fa46a744000 r--p 00008000 08:01 4727299                    /usr/lib/x86_64-linux-gnu/libXcursor.so.1.0.2
7fa46a744000-7fa46a745000 rw-p 00009000 08:01 4727299                    /usr/lib/x86_64-linux-gnu/libXcursor.so.1.0.2
7fa46a745000-7fa46a769000 r-xp 00000000 08:01 2757531                    /lib/x86_64-linux-gnu/libpng12.so.0.54.0
7fa46a769000-7fa46a968000 ---p 00024000 08:01 2757531                    /lib/x86_64-linux-gnu/libpng12.so.0.54.0
7fa46a968000-7fa46a969000 r--p 00023000 08:01 2757531                    /lib/x86_64-linux-gnu/libpng12.so.0.54.0
7fa46a969000-7fa46a96a000 rw-p 00024000 08:01 2757531                    /lib/x86_64-linux-gnu/libpng12.so.0.54.0
7fa46a96a000-7fa46aa0e000 r-xp 00000000 08:01 4727730                    /usr/lib/x86_64-linux-gnu/libfreetype.so.6.12.1
7fa46aa0e000-7fa46ac0d000 ---p 000a4000 08:01 4727730                    /usr/lib/x86_64-linux-gnu/libfreetype.so.6.12.1
7fa46ac0d000-7fa46ac13000 r--p 000a3000 08:01 4727730                    /usr/lib/x86_64-linux-gnu/libfreetype.so.6.12.1
7fa46ac13000-7fa46ac14000 rw-p 000a9000 08:01 4727730                    /usr/lib/x86_64-linux-gnu/libfreetype.so.6.12.1
7fa46ac14000-7fa46ac65000 r-xp 00000000 08:01 4723441                    /usr/lib/jvm/java-8-openjdk-amd64/jre/lib/amd64/libfontmanager.so
7fa46ac65000-7fa46ae65000 ---p 00051000 08:01 4723441                    /usr/lib/jvm/java-8-openjdk-amd64/jre/lib/amd64/libfontmanager.so
7fa46ae65000-7fa46ae67000 r--p 00051000 08:01 4723441                    /usr/lib/jvm/java-8-openjdk-amd64/jre/lib/amd64/libfontmanager.so
7fa46ae67000-7fa46ae68000 rw-p 00053000 08:01 4723441                    /usr/lib/jvm/java-8-openjdk-amd64/jre/lib/amd64/libfontmanager.so
7fa46ae68000-7fa46ae6d000 r-xp 00000000 08:01 4727303                    /usr/lib/x86_64-linux-gnu/libXdmcp.so.6.0.0
7fa46ae6d000-7fa46b06c000 ---p 00005000 08:01 4727303                    /usr/lib/x86_64-linux-gnu/libXdmcp.so.6.0.0
7fa46b06c000-7fa46b06d000 r--p 00004000 08:01 4727303                    /usr/lib/x86_64-linux-gnu/libXdmcp.so.6.0.0
7fa46b06d000-7fa46b06e000 rw-p 00005000 08:01 4727303                    /usr/lib/x86_64-linux-gnu/libXdmcp.so.6.0.0
7fa46b06e000-7fa46b070000 r-xp 00000000 08:01 4727292                    /usr/lib/x86_64-linux-gnu/libXau.so.6.0.0
7fa46b070000-7fa46b270000 ---p 00002000 08:01 4727292                    /usr/lib/x86_64-linux-gnu/libXau.so.6.0.0
7fa46b270000-7fa46b271000 r--p 00002000 08:01 4727292                    /usr/lib/x86_64-linux-gnu/libXau.so.6.0.0
7fa46b271000-7fa46b272000 rw-p 00003000 08:01 4727292                    /usr/lib/x86_64-linux-gnu/libXau.so.6.0.0
7fa46b272000-7fa46b293000 r-xp 00000000 08:01 4728716                    /usr/lib/x86_64-linux-gnu/libxcb.so.1.1.0
7fa46b293000-7fa46b492000 ---p 00021000 08:01 4728716                    /usr/lib/x86_64-linux-gnu/libxcb.so.1.1.0
7fa46b492000-7fa46b493000 r--p 00020000 08:01 4728716                    /usr/lib/x86_64-linux-gnu/libxcb.so.1.1.0
7fa46b493000-7fa46b494000 rw-p 00021000 08:01 4728716                    /usr/lib/x86_64-linux-gnu/libxcb.so.1.1.0
7fa46b494000-7fa46b4a3000 r-xp 00000000 08:01 4727315                    /usr/lib/x86_64-linux-gnu/libXi.so.6.1.0
7fa46b4a3000-7fa46b6a2000 ---p 0000f000 08:01 4727315                    /usr/lib/x86_64-linux-gnu/libXi.so.6.1.0
7fa46b6a2000-7fa46b6a3000 r--p 0000e000 08:01 4727315                    /usr/lib/x86_64-linux-gnu/libXi.so.6.1.0
7fa46b6a3000-7fa46b6a4000 rw-p 0000f000 08:01 4727315                    /usr/lib/x86_64-linux-gnu/libXi.so.6.1.0
7fa46b6a4000-7fa46b6a9000 r-xp 00000000 08:01 4727333                    /usr/lib/x86_64-linux-gnu/libXtst.so.6.1.0
7fa46b6a9000-7fa46b8a8000 ---p 00005000 08:01 4727333                    /usr/lib/x86_64-linux-gnu/libXtst.so.6.1.0
7fa46b8a8000-7fa46b8a9000 r--p 00004000 08:01 4727333                    /usr/lib/x86_64-linux-gnu/libXtst.so.6.1.0
7fa46b8a9000-7fa46b8aa000 rw-p 00005000 08:01 4727333                    /usr/lib/x86_64-linux-gnu/libXtst.so.6.1.0
7fa46b8aa000-7fa46b8b3000 r-xp 00000000 08:01 4727327                    /usr/lib/x86_64-linux-gnu/libXrender.so.1.3.0
7fa46b8b3000-7fa46bab2000 ---p 00009000 08:01 4727327                    /usr/lib/x86_64-linux-gnu/libXrender.so.1.3.0
7fa46bab2000-7fa46bab3000 r--p 00008000 08:01 4727327                    /usr/lib/x86_64-linux-gnu/libXrender.so.1.3.0
7fa46bab3000-7fa46bab4000 rw-p 00009000 08:01 4727327                    /usr/lib/x86_64-linux-gnu/libXrender.so.1.3.0
7fa46bab4000-7fa46bbe9000 r-xp 00000000 08:01 4727288                    /usr/lib/x86_64-linux-gnu/libX11.so.6.3.0
7fa46bbe9000-7fa46bde9000 ---p 00135000 08:01 4727288                    /usr/lib/x86_64-linux-gnu/libX11.so.6.3.0
7fa46bde9000-7fa46bdea000 r--p 00135000 08:01 4727288                    /usr/lib/x86_64-linux-gnu/libX11.so.6.3.0
7fa46bdea000-7fa46bdee000 rw-p 00136000 08:01 4727288                    /usr/lib/x86_64-linux-gnu/libX11.so.6.3.0
7fa46bdee000-7fa46bdff000 r-xp 00000000 08:01 4727305                    /usr/lib/x86_64-linux-gnu/libXext.so.6.4.0
7fa46bdff000-7fa46bffe000 ---p 00011000 08:01 4727305                    /usr/lib/x86_64-linux-gnu/libXext.so.6.4.0
7fa46bffe000-7fa46bfff000 r--p 00010000 08:01 4727305                    /usr/lib/x86_64-linux-gnu/libXext.so.6.4.0
7fa46bfff000-7fa46c000000 rw-p 00011000 08:01 4727305                    /usr/lib/x86_64-linux-gnu/libXext.so.6.4.0
7fa46c000000-7fa46c021000 rw-p 00000000 00:00 0 
7fa46c021000-7fa470000000 ---p 00000000 00:00 0 
7fa470000000-7fa470021000 rw-p 00000000 00:00 0 
7fa470021000-7fa474000000 ---p 00000000 00:00 0 
7fa474000000-7fa474064000 rw-p 00000000 00:00 0 
7fa474064000-7fa478000000 ---p 00000000 00:00 0 
7fa478000000-7fa4782b0000 rw-p 00000000 00:00 0 
7fa4782b0000-7fa47c000000 ---p 00000000 00:00 0 
7fa47c000000-7fa47c021000 rw-p 00000000 00:00 0 
7fa47c021000-7fa480000000 ---p 00000000 00:00 0 
7fa480000000-7fa4800ec000 rw-p 00000000 00:00 0 
7fa4800ec000-7fa484000000 ---p 00000000 00:00 0 
7fa484000000-7fa484021000 rw-p 00000000 00:00 0 
7fa484021000-7fa488000000 ---p 00000000 00:00 0 
7fa488000000-7fa488021000 rw-p 00000000 00:00 0 
7fa488021000-7fa48c000000 ---p 00000000 00:00 0 
7fa48c000000-7fa48c021000 rw-p 00000000 00:00 0 
7fa48c021000-7fa490000000 ---p 00000000 00:00 0 
7fa490000000-7fa490021000 rw-p 00000000 00:00 0 
7fa490021000-7fa494000000 ---p 00000000 00:00 0 
7fa494000000-7fa494021000 rw-p 00000000 00:00 0 
7fa494021000-7fa498000000 ---p 00000000 00:00 0 
7fa498000000-7fa498021000 rw-p 00000000 00:00 0 
7fa498021000-7fa49c000000 ---p 00000000 00:00 0 
7fa49c00a000-7fa49c00e000 rw-s 00000000 00:18 732                        /i915 (deleted)
7fa49c00e000-7fa49c013000 rw-s 00000000 00:18 728                        /i915 (deleted)
7fa49c013000-7fa49c014000 rwxp 00000000 00:00 0 
7fa49c014000-7fa49c015000 rw-s 00000000 00:05 139715                     /memfd:xshmfence (deleted)
7fa49c015000-7fa49c019000 rw-s 00000000 00:18 657                        /i915 (deleted)
7fa49c019000-7fa49c01d000 rw-s 00000000 00:18 655                        /i915 (deleted)
7fa49c01d000-7fa49c022000 rw-s 00000000 00:18 109                        /i915 (deleted)
7fa49c022000-7fa49c025000 ---p 00000000 00:00 0 
7fa49c025000-7fa49c05b000 rw-p 00000000 00:00 0 
7fa49c05b000-7fa49c05e000 ---p 00000000 00:00 0 
7fa49c05e000-7fa49c15c000 rw-p 00000000 00:00 0 
7fa49c15c000-7fa49c1b7000 r-xp 00000000 08:01 4723422                    /usr/lib/jvm/java-8-openjdk-amd64/jre/lib/amd64/libawt_xawt.so
7fa49c1b7000-7fa49c3b6000 ---p 0005b000 08:01 4723422                    /usr/lib/jvm/java-8-openjdk-amd64/jre/lib/amd64/libawt_xawt.so
7fa49c3b6000-7fa49c3b7000 r--p 0005a000 08:01 4723422                    /usr/lib/jvm/java-8-openjdk-amd64/jre/lib/amd64/libawt_xawt.so
7fa49c3b7000-7fa49c3ba000 rw-p 0005b000 08:01 4723422                    /usr/lib/jvm/java-8-openjdk-amd64/jre/lib/amd64/libawt_xawt.so
7fa49c3ba000-7fa49c3bc000 rw-p 00000000 00:00 0 
7fa49c3bc000-7fa49c45b000 r-xp 00000000 08:01 4723424                    /usr/lib/jvm/java-8-openjdk-amd64/jre/lib/amd64/libawt.so
7fa49c45b000-7fa49c65b000 ---p 0009f000 08:01 4723424                    /usr/lib/jvm/java-8-openjdk-amd64/jre/lib/amd64/libawt.so
7fa49c65b000-7fa49c65c000 r--p 0009f000 08:01 4723424                    /usr/lib/jvm/java-8-openjdk-amd64/jre/lib/amd64/libawt.so
7fa49c65c000-7fa49c667000 rw-p 000a0000 08:01 4723424                    /usr/lib/jvm/java-8-openjdk-amd64/jre/lib/amd64/libawt.so
7fa49c667000-7fa49c68c000 rw-p 00000000 00:00 0 
7fa49c68c000-7fa49c6c0000 r-xp 00000000 08:01 1970578                    /tmp/libgdxfoysal/3db1ff57/libgdx64.so
7fa49c6c0000-7fa49c8c0000 ---p 00034000 08:01 1970578                    /tmp/libgdxfoysal/3db1ff57/libgdx64.so
7fa49c8c0000-7fa49c8c1000 r--p 00034000 08:01 1970578                    /tmp/libgdxfoysal/3db1ff57/libgdx64.so
7fa49c8c1000-7fa49c8c2000 rw-p 00035000 08:01 1970578                    /tmp/libgdxfoysal/3db1ff57/libgdx64.so
7fa49c8c2000-7fa49c8c3000 ---p 00000000 00:00 0 
7fa49c8c3000-7fa49c9c3000 rw-p 00000000 00:00 0 
7fa49c9c3000-7fa49c9c6000 ---p 00000000 00:00 0 
7fa49c9c6000-7fa49cac4000 rw-p 00000000 00:00 0 
7fa49cac4000-7fa49cac7000 ---p 00000000 00:00 0 
7fa49cac7000-7fa49cbc5000 rw-p 00000000 00:00 0 
7fa49cbc5000-7fa49cbc8000 ---p 00000000 00:00 0 
7fa49cbc8000-7fa49ccc6000 rw-p 00000000 00:00 0 
7fa49ccc6000-7fa49ccc9000 ---p 00000000 00:00 0 
7fa49ccc9000-7fa49cdc7000 rw-p 00000000 00:00 0 
7fa49cdc7000-7fa49cdca000 ---p 00000000 00:00 0 
7fa49cdca000-7fa49cec8000 rw-p 00000000 00:00 0 
7fa49cec8000-7fa49d8d7000 r--p 00000000 08:01 4726095                    /usr/lib/locale/locale-archive
7fa49d8d7000-7fa49d8da000 ---p 00000000 00:00 0 
7fa49d8da000-7fa49d9d8000 rw-p 00000000 00:00 0 
7fa49d9d8000-7fa49d9db000 ---p 00000000 00:00 0 
7fa49d9db000-7fa49dad9000 rw-p 00000000 00:00 0 
7fa49dad9000-7fa49dada000 ---p 00000000 00:00 0 
7fa49dada000-7fa4a0000000 rw-p 00000000 00:00 0 
7fa4a0000000-7fa4a0021000 rw-p 00000000 00:00 0 
7fa4a0021000-7fa4a4000000 ---p 00000000 00:00 0 
7fa4a4000000-7fa4a4007000 r--s 00000000 08:01 4983605                    /usr/lib/x86_64-linux-gnu/gconv/gconv-modules.cache
7fa4a4007000-7fa4a401a000 r--s 00346000 08:01 4724250                    /usr/lib/jvm/java-8-openjdk-amd64/jre/lib/resources.jar
7fa4a401a000-7fa4a401e000 r--s 000a1000 08:01 4724252                    /usr/lib/jvm/java-8-openjdk-amd64/jre/lib/jsse.jar
7fa4a401e000-7fa4a401f000 r--s 00002000 08:03 1966785                    /home/foysal/.gradle/caches/modules-2/files-2.1/net.java.jinput/jinput-platform/2.0.5/53f9c919f34d2ca9de8c51fc4e1e8282029a9232/jinput-platform-2.0.5-natives-osx.jar
7fa4a401f000-7fa4a4020000 r--s 00025000 08:03 1966783                    /home/foysal/.gradle/caches/modules-2/files-2.1/net.java.jinput/jinput-platform/2.0.5/385ee093e01f587f30ee1c8a2ee7d408fd732e16/jinput-platform-2.0.5-natives-windows.jar
7fa4a4020000-7fa4a4021000 r--s 00002000 08:03 1966781                    /home/foysal/.gradle/caches/modules-2/files-2.1/net.java.jinput/jinput-platform/2.0.5/7ff832a6eb9ab6a767f1ade2b548092d0fa64795/jinput-platform-2.0.5-natives-linux.jar
7fa4a4021000-7fa4a4022000 r--s 00001000 08:03 1966779                    /home/foysal/.gradle/caches/modules-2/files-2.1/net.java.jutils/jutils/1.0.0/e12fe1fda814bd348c1579329c86943d2cd3c6a6/jutils-1.0.0.jar
7fa4a4022000-7fa4a4026000 r--s 0002f000 08:03 1966777                    /home/foysal/.gradle/caches/modules-2/files-2.1/net.java.jinput/jinput/2.0.5/39c7796b469a600f72380316f6b1f11db6c2c7c4/jinput-2.0.5.jar
7fa4a4026000-7fa4a4027000 r--s 00068000 08:03 1966789                    /home/foysal/.gradle/caches/modules-2/files-2.1/org.lwjgl.lwjgl/lwjgl-platform/2.9.2/d55b46b40b40249d627a83a7f7f22649709d70c3/lwjgl-platform-2.9.2-natives-osx.jar
7fa4a4027000-7fa4a4028000 r--s 0008d000 08:03 1966791                    /home/foysal/.gradle/caches/modules-2/files-2.1/org.lwjgl.lwjgl/lwjgl-platform/2.9.2/d276cdf61fe2b516c7b7f4aa1b8dea91dbdc8d56/lwjgl-platform-2.9.2-natives-linux.jar
7fa4a4028000-7fa4a4029000 r--s 00095000 08:03 1966775                    /home/foysal/.gradle/caches/modules-2/files-2.1/org.lwjgl.lwjgl/lwjgl-platform/2.9.2/510c7d317f5e9e700b9cfaac5fd38bdebf0702e0/lwjgl-platform-2.9.2-natives-windows.jar
7fa4a4029000-7fa4a402b000 r--s 00017000 08:03 1966769                    /home/foysal/.gradle/caches/modules-2/files-2.1/org.jcraft/jorbis/0.0.17/8872d22b293e8f5d7d56ff92be966e6dc28ebdc6/jorbis-0.0.17.jar
7fa4a402b000-7fa4a402c000 r--s 00015000 08:03 1966767                    /home/foysal/.gradle/caches/modules-2/files-2.1/com.badlogicgames.jlayer/jlayer/1.0.1-gdx/7cca83cec5c1b2f011362f4d85aabd71a73b049d/jlayer-1.0.1-gdx.jar
7fa4a402c000-7fa4a403a000 r--s 000f2000 08:03 1966793                    /home/foysal/.gradle/caches/modules-2/files-2.1/org.lwjgl.lwjgl/lwjgl/2.9.2/a9d80fe5935c7a9149f6584d9777cfd471f65489/lwjgl-2.9.2.jar
7fa4a403a000-7fa4a403e000 r--s 00027000 08:03 1966771                    /home/foysal/.gradle/caches/modules-2/files-2.1/org.lwjgl.lwjgl/lwjgl_util/2.9.2/4b9e37300a87799856e0bd15ed81663cdb6b0947/lwjgl_util-2.9.2.jar
7fa4a403e000-7fa4a403f000 r--s 000e8000 08:03 2097429                    /home/foysal/.gradle/caches/modules-2/files-2.1/com.badlogicgames.gdx/gdx-box2d-platform/1.9.9/72b2916f45f3f948896eda931cd597f7e698340f/gdx-box2d-platform-1.9.9-natives-desktop.jar
7fa4a403f000-7fa4a4042000 r--s 00021000 08:03 1966773                    /home/foysal/.gradle/caches/modules-2/files-2.1/com.badlogicgames.gdx/gdx-backend-lwjgl/1.9.9/ca8911cb94c0bfeb59f99e46ca9b92440958fb0e/gdx-backend-lwjgl-1.9.9.jar
7fa4a4042000-7fa4a405e000 r--s 001be000 08:03 1966665                    /home/foysal/.gradle/caches/modules-2/files-2.1/com.badlogicgames.gdx/gdx/1.9.9/bf26f2f816b3cfe37ac6e66615391c30714b7030/gdx-1.9.9.jar
7fa4a405e000-7fa4a4060000 r--s 00010000 08:03 2097417                    /home/foysal/.gradle/caches/modules-2/files-2.1/com.badlogicgames.gdx/gdx-box2d/1.9.9/e9a43c50fbe4f1e26dd0af5d2e78d125549e7f6b/gdx-box2d-1.9.9.jar
7fa4a4060000-7fa4a407b000 r--s 001d6000 08:01 4724280                    /usr/lib/jvm/java-8-openjdk-amd64/jre/lib/ext/nashorn.jar
7fa4a407b000-7fa4a4096000 r--s 00394000 08:01 4724279                    /usr/lib/jvm/java-8-openjdk-amd64/jre/lib/ext/cldrdata.jar
7fa4a4096000-7fa4a5000000 rw-p 00000000 00:00 0 
7fa4a5000000-7fa4a5290000 rwxp 00000000 00:00 0 
7fa4a5290000-7fa4b4000000 ---p 00000000 00:00 0 
7fa4b4000000-7fa4b4432000 rw-p 00000000 00:00 0 
7fa4b4432000-7fa4b8000000 ---p 00000000 00:00 0 
7fa4b8000000-7fa4b8004000 r--s 00029000 08:03 2885163                    /home/foysal/.gradle/caches/modules-2/files-2.1/net.dermetfan.libgdx-utils/libgdx-utils/0.13.4/27affad2873d1c9c366a2290fc51f3927f3a5f83/libgdx-utils-0.13.4.jar
7fa4b8004000-7fa4b8008000 r--s 0001e000 08:03 2885157                    /home/foysal/.gradle/caches/modules-2/files-2.1/net.dermetfan.libgdx-utils/libgdx-utils-box2d/0.13.4/918d79a20ea3c898cdb3611782c5b2bfa6ec575b/libgdx-utils-box2d-0.13.4.jar
7fa4b8008000-7fa4b800a000 r--s 00008000 08:01 4724283                    /usr/lib/jvm/java-8-openjdk-amd64/jre/lib/ext/sunec.jar
7fa4b800a000-7fa4b8014000 r--s 00116000 08:01 4724287                    /usr/lib/jvm/java-8-openjdk-amd64/jre/lib/ext/localedata.jar
7fa4b8014000-7fa4b8019000 r--s 0003c000 08:01 4724284                    /usr/lib/jvm/java-8-openjdk-amd64/jre/lib/ext/sunjce_provider.jar
7fa4b8019000-7fa4b825d000 rw-p 00000000 00:00 0 
7fa4b825d000-7fa4b842c000 r--s 03c3b000 08:01 4724248                    /usr/lib/jvm/java-8-openjdk-amd64/jre/lib/rt.jar
7fa4b842c000-7fa4b8684000 rw-p 00000000 00:00 0 
7fa4b8684000-7fa4b8685000 ---p 00000000 00:00 0 
7fa4b8685000-7fa4b8785000 rw-p 00000000 00:00 0 
7fa4b8785000-7fa4b8786000 ---p 00000000 00:00 0 
7fa4b8786000-7fa4b8886000 rw-p 00000000 00:00 0 
7fa4b8886000-7fa4b8887000 ---p 00000000 00:00 0 
7fa4b8887000-7fa4b8987000 rw-p 00000000 00:00 0 
7fa4b8987000-7fa4b8988000 ---p 00000000 00:00 0 
7fa4b8988000-7fa4b8a9d000 rw-p 00000000 00:00 0 
7fa4b8a9d000-7fa4b8bca000 ---p 00000000 00:00 0 
7fa4b8bca000-7fa4b8bdf000 rw-p 00000000 00:00 0 
7fa4b8bdf000-7fa4b8d0b000 ---p 00000000 00:00 0 
7fa4b8d0b000-7fa4b8d16000 rw-p 00000000 00:00 0 
7fa4b8d16000-7fa4b8dac000 ---p 00000000 00:00 0 
7fa4b8dac000-7fa4b8db8000 rw-p 00000000 00:00 0 
7fa4b8db8000-7fa4b916d000 ---p 00000000 00:00 0 
7fa4b916d000-7fa4b9175000 r-xp 00000000 08:01 4724246                    /usr/lib/jvm/java-8-openjdk-amd64/jre/lib/amd64/libzip.so
7fa4b9175000-7fa4b9374000 ---p 00008000 08:01 4724246                    /usr/lib/jvm/java-8-openjdk-amd64/jre/lib/amd64/libzip.so
7fa4b9374000-7fa4b9375000 r--p 00007000 08:01 4724246                    /usr/lib/jvm/java-8-openjdk-amd64/jre/lib/amd64/libzip.so
7fa4b9375000-7fa4b9376000 rw-p 00008000 08:01 4724246                    /usr/lib/jvm/java-8-openjdk-amd64/jre/lib/amd64/libzip.so
7fa4b9376000-7fa4b9381000 r-xp 00000000 08:01 2757489                    /lib/x86_64-linux-gnu/libnss_files-2.23.so
7fa4b9381000-7fa4b9580000 ---p 0000b000 08:01 2757489                    /lib/x86_64-linux-gnu/libnss_files-2.23.so
7fa4b9580000-7fa4b9581000 r--p 0000a000 08:01 2757489                    /lib/x86_64-linux-gnu/libnss_files-2.23.so
7fa4b9581000-7fa4b9582000 rw-p 0000b000 08:01 2757489                    /lib/x86_64-linux-gnu/libnss_files-2.23.so
7fa4b9582000-7fa4b9588000 rw-p 00000000 00:00 0 
7fa4b9588000-7fa4b9593000 r-xp 00000000 08:01 2757499                    /lib/x86_64-linux-gnu/libnss_nis-2.23.so
7fa4b9593000-7fa4b9792000 ---p 0000b000 08:01 2757499                    /lib/x86_64-linux-gnu/libnss_nis-2.23.so
7fa4b9792000-7fa4b9793000 r--p 0000a000 08:01 2757499                    /lib/x86_64-linux-gnu/libnss_nis-2.23.so
7fa4b9793000-7fa4b9794000 rw-p 0000b000 08:01 2757499                    /lib/x86_64-linux-gnu/libnss_nis-2.23.so
7fa4b9794000-7fa4b97aa000 r-xp 00000000 08:01 2757483                    /lib/x86_64-linux-gnu/libnsl-2.23.so
7fa4b97aa000-7fa4b99a9000 ---p 00016000 08:01 2757483                    /lib/x86_64-linux-gnu/libnsl-2.23.so
7fa4b99a9000-7fa4b99aa000 r--p 00015000 08:01 2757483                    /lib/x86_64-linux-gnu/libnsl-2.23.so
7fa4b99aa000-7fa4b99ab000 rw-p 00016000 08:01 2757483                    /lib/x86_64-linux-gnu/libnsl-2.23.so
7fa4b99ab000-7fa4b99ad000 rw-p 00000000 00:00 0 
7fa4b99ad000-7fa4b99b5000 r-xp 00000000 08:01 2757485                    /lib/x86_64-linux-gnu/libnss_compat-2.23.so
7fa4b99b5000-7fa4b9bb4000 ---p 00008000 08:01 2757485                    /lib/x86_64-linux-gnu/libnss_compat-2.23.so
7fa4b9bb4000-7fa4b9bb5000 r--p 00007000 08:01 2757485                    /lib/x86_64-linux-gnu/libnss_compat-2.23.so
7fa4b9bb5000-7fa4b9bb6000 rw-p 00008000 08:01 2757485                    /lib/x86_64-linux-gnu/libnss_compat-2.23.so
7fa4b9bb6000-7fa4b9be2000 r-xp 00000000 08:01 4723440                    /usr/lib/jvm/java-8-openjdk-amd64/jre/lib/amd64/libjava.so
7fa4b9be2000-7fa4b9de1000 ---p 0002c000 08:01 4723440                    /usr/lib/jvm/java-8-openjdk-amd64/jre/lib/amd64/libjava.so
7fa4b9de1000-7fa4b9de2000 r--p 0002b000 08:01 4723440                    /usr/lib/jvm/java-8-openjdk-amd64/jre/lib/amd64/libjava.so
7fa4b9de2000-7fa4b9de4000 rw-p 0002c000 08:01 4723440                    /usr/lib/jvm/java-8-openjdk-amd64/jre/lib/amd64/libjava.so
7fa4b9de4000-7fa4b9df3000 r-xp 00000000 08:01 4723428                    /usr/lib/jvm/java-8-openjdk-amd64/jre/lib/amd64/libverify.so
7fa4b9df3000-7fa4b9ff2000 ---p 0000f000 08:01 4723428                    /usr/lib/jvm/java-8-openjdk-amd64/jre/lib/amd64/libverify.so
7fa4b9ff2000-7fa4b9ff4000 r--p 0000e000 08:01 4723428                    /usr/lib/jvm/java-8-openjdk-amd64/jre/lib/amd64/libverify.so
7fa4b9ff4000-7fa4b9ff5000 rw-p 00010000 08:01 4723428                    /usr/lib/jvm/java-8-openjdk-amd64/jre/lib/amd64/libverify.so
7fa4b9ff5000-7fa4b9ffc000 r-xp 00000000 08:01 2757544                    /lib/x86_64-linux-gnu/librt-2.23.so
7fa4b9ffc000-7fa4ba1fb000 ---p 00007000 08:01 2757544                    /lib/x86_64-linux-gnu/librt-2.23.so
7fa4ba1fb000-7fa4ba1fc000 r--p 00006000 08:01 2757544                    /lib/x86_64-linux-gnu/librt-2.23.so
7fa4ba1fc000-7fa4ba1fd000 rw-p 00007000 08:01 2757544                    /lib/x86_64-linux-gnu/librt-2.23.so
7fa4ba1fd000-7fa4ba213000 r-xp 00000000 08:01 2757428                    /lib/x86_64-linux-gnu/libgcc_s.so.1
7fa4ba213000-7fa4ba412000 ---p 00016000 08:01 2757428                    /lib/x86_64-linux-gnu/libgcc_s.so.1
7fa4ba412000-7fa4ba413000 rw-p 00015000 08:01 2757428                    /lib/x86_64-linux-gnu/libgcc_s.so.1
7fa4ba413000-7fa4ba51b000 r-xp 00000000 08:01 2757460                    /lib/x86_64-linux-gnu/libm-2.23.so
7fa4ba51b000-7fa4ba71a000 ---p 00108000 08:01 2757460                    /lib/x86_64-linux-gnu/libm-2.23.so
7fa4ba71a000-7fa4ba71b000 r--p 00107000 08:01 2757460                    /lib/x86_64-linux-gnu/libm-2.23.so
7fa4ba71b000-7fa4ba71c000 rw-p 00108000 08:01 2757460                    /lib/x86_64-linux-gnu/libm-2.23.so
7fa4ba71c000-7fa4ba88e000 r-xp 00000000 08:01 4728465                    /usr/lib/x86_64-linux-gnu/libstdc++.so.6.0.21
7fa4ba88e000-7fa4baa8e000 ---p 00172000 08:01 4728465                    /usr/lib/x86_64-linux-gnu/libstdc++.so.6.0.21
7fa4baa8e000-7fa4baa98000 r--p 00172000 08:01 4728465                    /usr/lib/x86_64-linux-gnu/libstdc++.so.6.0.21
7fa4baa98000-7fa4baa9a000 rw-p 0017c000 08:01 4728465                    /usr/lib/x86_64-linux-gnu/libstdc++.so.6.0.21
7fa4baa9a000-7fa4baa9e000 rw-p 00000000 00:00 0 
7fa4baa9e000-7fa4bb702000 r-xp 00000000 08:01 4723438                    /usr/lib/jvm/java-8-openjdk-amd64/jre/lib/amd64/server/libjvm.so
7fa4bb702000-7fa4bb901000 ---p 00c64000 08:01 4723438                    /usr/lib/jvm/java-8-openjdk-amd64/jre/lib/amd64/server/libjvm.so
7fa4bb901000-7fa4bb995000 r--p 00c63000 08:01 4723438                    /usr/lib/jvm/java-8-openjdk-amd64/jre/lib/amd64/server/libjvm.so
7fa4bb995000-7fa4bb9be000 rw-p 00cf7000 08:01 4723438                    /usr/lib/jvm/java-8-openjdk-amd64/jre/lib/amd64/server/libjvm.so
7fa4bb9be000-7fa4bb9ee000 rw-p 00000000 00:00 0 
7fa4bb9ee000-7fa4bba06000 r-xp 00000000 08:01 2757536                    /lib/x86_64-linux-gnu/libpthread-2.23.so
7fa4bba06000-7fa4bbc05000 ---p 00018000 08:01 2757536                    /lib/x86_64-linux-gnu/libpthread-2.23.so
7fa4bbc05000-7fa4bbc06000 r--p 00017000 08:01 2757536                    /lib/x86_64-linux-gnu/libpthread-2.23.so
7fa4bbc06000-7fa4bbc07000 rw-p 00018000 08:01 2757536                    /lib/x86_64-linux-gnu/libpthread-2.23.so
7fa4bbc07000-7fa4bbc0b000 rw-p 00000000 00:00 0 
7fa4bbc0b000-7fa4bbc0e000 r-xp 00000000 08:01 2757414                    /lib/x86_64-linux-gnu/libdl-2.23.so
7fa4bbc0e000-7fa4bbe0d000 ---p 00003000 08:01 2757414                    /lib/x86_64-linux-gnu/libdl-2.23.so
7fa4bbe0d000-7fa4bbe0e000 r--p 00002000 08:01 2757414                    /lib/x86_64-linux-gnu/libdl-2.23.so
7fa4bbe0e000-7fa4bbe0f000 rw-p 00003000 08:01 2757414                    /lib/x86_64-linux-gnu/libdl-2.23.so
7fa4bbe0f000-7fa4bbe28000 r-xp 00000000 08:01 2757581                    /lib/x86_64-linux-gnu/libz.so.1.2.8
7fa4bbe28000-7fa4bc027000 ---p 00019000 08:01 2757581                    /lib/x86_64-linux-gnu/libz.so.1.2.8
7fa4bc027000-7fa4bc028000 r--p 00018000 08:01 2757581                    /lib/x86_64-linux-gnu/libz.so.1.2.8
7fa4bc028000-7fa4bc029000 rw-p 00019000 08:01 2757581                    /lib/x86_64-linux-gnu/libz.so.1.2.8
7fa4bc029000-7fa4bc1e9000 r-xp 00000000 08:01 2757390                    /lib/x86_64-linux-gnu/libc-2.23.so
7fa4bc1e9000-7fa4bc3e9000 ---p 001c0000 08:01 2757390                    /lib/x86_64-linux-gnu/libc-2.23.so
7fa4bc3e9000-7fa4bc3ed000 r--p 001c0000 08:01 2757390                    /lib/x86_64-linux-gnu/libc-2.23.so
7fa4bc3ed000-7fa4bc3ef000 rw-p 001c4000 08:01 2757390                    /lib/x86_64-linux-gnu/libc-2.23.so
7fa4bc3ef000-7fa4bc3f3000 rw-p 00000000 00:00 0 
7fa4bc3f3000-7fa4bc400000 r-xp 00000000 08:01 4723477                    /usr/lib/jvm/java-8-openjdk-amd64/jre/lib/amd64/jli/libjli.so
7fa4bc400000-7fa4bc5ff000 ---p 0000d000 08:01 4723477                    /usr/lib/jvm/java-8-openjdk-amd64/jre/lib/amd64/jli/libjli.so
7fa4bc5ff000-7fa4bc600000 r--p 0000c000 08:01 4723477                    /usr/lib/jvm/java-8-openjdk-amd64/jre/lib/amd64/jli/libjli.so
7fa4bc600000-7fa4bc601000 rw-p 0000d000 08:01 4723477                    /usr/lib/jvm/java-8-openjdk-amd64/jre/lib/amd64/jli/libjli.so
7fa4bc601000-7fa4bc627000 r-xp 00000000 08:01 2757362                    /lib/x86_64-linux-gnu/ld-2.23.so
7fa4bc627000-7fa4bc628000 r--s 000ba000 08:03 1966787                    /home/foysal/.gradle/caches/modules-2/files-2.1/com.badlogicgames.gdx/gdx-platform/1.9.9/7e644cfafdb436b13b24ac7993ffab17f306b64d/gdx-platform-1.9.9-natives-desktop.jar
7fa4bc628000-7fa4bc62a000 r--s 00001000 08:01 4724286                    /usr/lib/jvm/java-8-openjdk-amd64/jre/lib/ext/dnsns.jar
7fa4bc62a000-7fa4bc62b000 r--s 00010000 08:01 4724282                    /usr/lib/jvm/java-8-openjdk-amd64/jre/lib/ext/zipfs.jar
7fa4bc62b000-7fa4bc62e000 r--s 0000f000 08:01 4724278                    /usr/lib/jvm/java-8-openjdk-amd64/jre/lib/ext/icedtea-sound.jar
7fa4bc62e000-7fa4bc631000 r--s 00039000 08:01 4724288                    /usr/lib/jvm/java-8-openjdk-amd64/jre/lib/ext/sunpkcs11.jar
7fa4bc631000-7fa4bc702000 rw-p 00000000 00:00 0 
7fa4bc702000-7fa4bc705000 ---p 00000000 00:00 0 
7fa4bc705000-7fa4bc807000 rw-p 00000000 00:00 0 
7fa4bc807000-7fa4bc808000 r--s 0000a000 08:01 4724285                    /usr/lib/jvm/java-8-openjdk-amd64/jre/lib/ext/jaccess.jar
7fa4bc808000-7fa4bc81b000 rw-p 00000000 00:00 0 
7fa4bc81b000-7fa4bc823000 rw-s 00000000 08:01 1970564                    /tmp/hsperfdata_foysal/20363
7fa4bc823000-7fa4bc824000 rw-p 00000000 00:00 0 
7fa4bc824000-7fa4bc825000 r--p 00000000 00:00 0 
7fa4bc825000-7fa4bc826000 rw-p 00000000 00:00 0 
7fa4bc826000-7fa4bc827000 r--p 00025000 08:01 2757362                    /lib/x86_64-linux-gnu/ld-2.23.so
7fa4bc827000-7fa4bc828000 rw-p 00026000 08:01 2757362                    /lib/x86_64-linux-gnu/ld-2.23.so
7fa4bc828000-7fa4bc829000 rw-p 00000000 00:00 0 
7ffcac99e000-7ffcac9c0000 rw-p 00000000 00:00 0                          [stack]
7ffcac9cb000-7ffcac9ce000 r--p 00000000 00:00 0                          [vvar]
7ffcac9ce000-7ffcac9d0000 r-xp 00000000 00:00 0                          [vdso]
ffffffffff600000-ffffffffff601000 r-xp 00000000 00:00 0                  [vsyscall]

VM Arguments:
jvm_args: -Dfile.encoding=UTF-8 
java_command: com.mygdx.game.desktop.DesktopLauncher
java_class_path (initial): /home/foysal/Documents/project/desktop/bin/main:/home/foysal/Documents/project/desktop/bin/default:/home/foysal/Documents/project/core/bin/main:/home/foysal/.gradle/caches/modules-2/files-2.1/net.dermetfan.libgdx-utils/libgdx-utils-box2d/0.13.4/918d79a20ea3c898cdb3611782c5b2bfa6ec575b/libgdx-utils-box2d-0.13.4.jar:/home/foysal/.gradle/caches/modules-2/files-2.1/net.dermetfan.libgdx-utils/libgdx-utils/0.13.4/27affad2873d1c9c366a2290fc51f3927f3a5f83/libgdx-utils-0.13.4.jar:/home/foysal/.gradle/caches/modules-2/files-2.1/com.badlogicgames.gdx/gdx-box2d/1.9.9/e9a43c50fbe4f1e26dd0af5d2e78d125549e7f6b/gdx-box2d-1.9.9.jar:/home/foysal/.gradle/caches/modules-2/files-2.1/com.badlogicgames.gdx/gdx/1.9.9/bf26f2f816b3cfe37ac6e66615391c30714b7030/gdx-1.9.9.jar:/home/foysal/.gradle/caches/modules-2/files-2.1/com.badlogicgames.gdx/gdx-backend-lwjgl/1.9.9/ca8911cb94c0bfeb59f99e46ca9b92440958fb0e/gdx-backend-lwjgl-1.9.9.jar:/home/foysal/.gradle/caches/modules-2/files-2.1/com.badlogicgames.gdx/gdx-platform/1.9.9/7e644cfafdb436b13b24ac7993ffab17f306b64d/gdx-platform-1.9.9-natives-desktop.jar:/home/foysal/.gradle/caches/modules-2/files-2.1/com.badlogicgames.gdx/gdx-box2d-platform/1.9.9/72b2916f45f3f948896eda931cd597f7e698340f/gdx-box2d-platform-1.9.9-natives-desktop.jar:/home/foysal/.gradle/caches/modules-2/files-2.1/org.lwjgl.lwjgl/lwjgl_util/2.9.2/4b9e37300a87799856e0bd15ed81663cdb6b0947/lwjgl_util-2.9.2.jar:/home/foysal/.gradle/caches/modules-2/files-2.1/org.lwjgl.lwjgl/lwjgl/2.9.2/a9d80fe5935c7a9149f6584d9777cfd471f65489/lwjgl-2.9.2.jar:/home/foysal/.gradle/caches/modules-2/files-2.1/com.badlogicgames.jlayer/jlayer/1.0.1-gdx/7cca83cec5c1b2f011362f4d85aabd71a73b049d/jlayer-1.0.1-gdx.jar:/home/foysal/.gradle/caches/modules-2/files-2.1/org.jcraft/jorbis/0.0.17/8872d22b293e8f5d7d56ff92be966e6dc28ebdc6/jorbis-0.0.17.jar:/home/foysal/.gradle/caches/modules-2/files-2.1/org.lwjgl.lwjgl/lwjgl-platform/2.9.2/510c7d317f5e9e700b9cfaac5fd38bdebf0702e0/lwjgl-platform
Launcher Type: SUN_STANDARD

Environment Variables:
PATH=/home/foysal/bin:/home/foysal/.local/bin:/usr/local/sbin:/usr/local/bin:/usr/sbin:/usr/bin:/sbin:/bin:/usr/games:/usr/local/games:/snap/bin
SHELL=/bin/bash
DISPLAY=:0

Signal Handlers:
SIGSEGV: [libjvm.so+0xa765a0], sa_mask[0]=11111111011111111101111111111110, sa_flags=SA_RESTART|SA_SIGINFO
SIGBUS: [libjvm.so+0xa765a0], sa_mask[0]=11111111011111111101111111111110, sa_flags=SA_RESTART|SA_SIGINFO
SIGFPE: [libjvm.so+0x8bd800], sa_mask[0]=11111111011111111101111111111110, sa_flags=SA_RESTART|SA_SIGINFO
SIGPIPE: [libjvm.so+0x8bd800], sa_mask[0]=11111111011111111101111111111110, sa_flags=SA_RESTART|SA_SIGINFO
SIGXFSZ: [libjvm.so+0x8bd800], sa_mask[0]=11111111011111111101111111111110, sa_flags=SA_RESTART|SA_SIGINFO
SIGILL: [libjvm.so+0x8bd800], sa_mask[0]=11111111011111111101111111111110, sa_flags=SA_RESTART|SA_SIGINFO
SIGUSR1: SIG_DFL, sa_mask[0]=00000000000000000000000000000000, sa_flags=none
SIGUSR2: [libjvm.so+0x8bd6b0], sa_mask[0]=00100000000000000000000000000000, sa_flags=SA_RESTART|SA_SIGINFO
SIGHUP: [libjvm.so+0x8bdd40], sa_mask[0]=11111111011111111101111111111110, sa_flags=SA_RESTART|SA_SIGINFO
SIGINT: [libjvm.so+0x8bdd40], sa_mask[0]=11111111011111111101111111111110, sa_flags=SA_RESTART|SA_SIGINFO
SIGTERM: [libjvm.so+0x8bdd40], sa_mask[0]=11111111011111111101111111111110, sa_flags=SA_RESTART|SA_SIGINFO
SIGQUIT: [libjvm.so+0x8bdd40], sa_mask[0]=11111111011111111101111111111110, sa_flags=SA_RESTART|SA_SIGINFO


---------------  S Y S T E M  ---------------

OS:DISTRIB_ID=Ubuntu
DISTRIB_RELEASE=16.04
DISTRIB_CODENAME=xenial
DISTRIB_DESCRIPTION="Ubuntu 16.04.6 LTS"

uname:Linux 4.15.0-54-generic #58~16.04.1-Ubuntu SMP Mon Jun 24 13:21:41 UTC 2019 x86_64
libc:glibc 2.23 NPTL 2.23 
rlimit: STACK 8192k, CORE 0k, NPROC 15175, NOFILE 1048576, AS infinity
load average:1.78 2.10 2.04

/proc/meminfo:
MemTotal:        3945256 kB
MemFree:          179328 kB
MemAvailable:     631956 kB
Buffers:           29624 kB
Cached:          1047952 kB
SwapCached:         1972 kB
Active:          2584068 kB
Inactive:         946288 kB
Active(anon):    2263192 kB
Inactive(anon):   646892 kB
Active(file):     320876 kB
Inactive(file):   299396 kB
Unevictable:         160 kB
Mlocked:             160 kB
SwapTotal:       3999740 kB
SwapFree:        3952124 kB
Dirty:               508 kB
Writeback:             0 kB
AnonPages:       2451192 kB
Mapped:           454604 kB
Shmem:            457304 kB
Slab:             113064 kB
SReclaimable:      69856 kB
SUnreclaim:        43208 kB
KernelStack:       11616 kB
PageTables:        57820 kB
NFS_Unstable:          0 kB
Bounce:                0 kB
WritebackTmp:          0 kB
CommitLimit:     5972368 kB
Committed_AS:    8965808 kB
VmallocTotal:   34359738367 kB
VmallocUsed:           0 kB
VmallocChunk:          0 kB
HardwareCorrupted:     0 kB
AnonHugePages:      6144 kB
ShmemHugePages:        0 kB
ShmemPmdMapped:        0 kB
CmaTotal:              0 kB
CmaFree:               0 kB
HugePages_Total:       0
HugePages_Free:        0
HugePages_Rsvd:        0
HugePages_Surp:        0
Hugepagesize:       2048 kB
DirectMap4k:      196896 kB
DirectMap2M:     3903488 kB

container (cgroup) information:
container_type: cgroupv1
cpu_cpuset_cpus: 0-3
cpu_memory_nodes: 0
active_processor_count: 4
cpu_quota: -1
cpu_period: 100000
cpu_shares: -1
memory_limit_in_bytes: -1
memory_and_swap_limit_in_bytes: -2
memory_soft_limit_in_bytes: -1
memory_usage_in_bytes: 3615395840
memory_max_usage_in_bytes: 2097152


CPU:total 4 (initial active 4) (2 cores per cpu, 2 threads per core) family 6 model 42 stepping 7, cmov, cx8, fxsr, mmx, sse, sse2, sse3, ssse3, sse4.1, sse4.2, popcnt, avx, clmul, ht, tsc, tscinvbit

/proc/cpuinfo:
processor	: 0
vendor_id	: GenuineIntel
cpu family	: 6
model		: 42
model name	: Intel(R) Core(TM) i3-2350M CPU @ 2.30GHz
stepping	: 7
microcode	: 0x2f
cpu MHz		: 1050.994
cache size	: 3072 KB
physical id	: 0
siblings	: 4
core id		: 0
cpu cores	: 2
apicid		: 0
initial apicid	: 0
fpu		: yes
fpu_exception	: yes
cpuid level	: 13
wp		: yes
flags		: fpu vme de pse tsc msr pae mce cx8 apic sep mtrr pge mca cmov pat pse36 clflush dts acpi mmx fxsr sse sse2 ss ht tm pbe syscall nx rdtscp lm constant_tsc arch_perfmon pebs bts rep_good nopl xtopology nonstop_tsc cpuid aperfmperf pni pclmulqdq dtes64 monitor ds_cpl vmx est tm2 ssse3 cx16 xtpr pdcm pcid sse4_1 sse4_2 x2apic popcnt tsc_deadline_timer xsave avx lahf_lm epb pti ssbd ibrs ibpb stibp tpr_shadow vnmi flexpriority ept vpid xsaveopt dtherm arat pln pts md_clear flush_l1d
bugs		: cpu_meltdown spectre_v1 spectre_v2 spec_store_bypass l1tf mds
bogomips	: 4589.43
clflush size	: 64
cache_alignment	: 64
address sizes	: 36 bits physical, 48 bits virtual
power management:

processor	: 1
vendor_id	: GenuineIntel
cpu family	: 6
model		: 42
model name	: Intel(R) Core(TM) i3-2350M CPU @ 2.30GHz
stepping	: 7
microcode	: 0x2f
cpu MHz		: 1101.393
cache size	: 3072 KB
physical id	: 0
siblings	: 4
core id		: 1
cpu cores	: 2
apicid		: 2
initial apicid	: 2
fpu		: yes
fpu_exception	: yes
cpuid level	: 13
wp		: yes
flags		: fpu vme de pse tsc msr pae mce cx8 apic sep mtrr pge mca cmov pat pse36 clflush dts acpi mmx fxsr sse sse2 ss ht tm pbe syscall nx rdtscp lm constant_tsc arch_perfmon pebs bts rep_good nopl xtopology nonstop_tsc cpuid aperfmperf pni pclmulqdq dtes64 monitor ds_cpl vmx est tm2 ssse3 cx16 xtpr pdcm pcid sse4_1 sse4_2 x2apic popcnt tsc_deadline_timer xsave avx lahf_lm epb pti ssbd ibrs ibpb stibp tpr_shadow vnmi flexpriority ept vpid xsaveopt dtherm arat pln pts md_clear flush_l1d
bugs		: cpu_meltdown spectre_v1 spectre_v2 spec_store_bypass l1tf mds
bogomips	: 4589.43
clflush size	: 64
cache_alignment	: 64
address sizes	: 36 bits physical, 48 bits virtual
power management:

processor	: 2
vendor_id	: GenuineIntel
cpu family	: 6
model		: 42
model name	: Intel(R) Core(TM) i3-2350M CPU @ 2.30GHz
stepping	: 7
microcode	: 0x2f
cpu MHz		: 1248.661
cache size	: 3072 KB
physical id	: 0
siblings	: 4
core id		: 0
cpu cores	: 2
apicid		: 1
initial apicid	: 1
fpu		: yes
fpu_exception	: yes
cpuid level	: 13
wp		: yes
flags		: fpu vme de pse tsc msr pae mce cx8 apic sep mtrr pge mca cmov pat pse36 clflush dts acpi mmx fxsr sse sse2 ss ht tm pbe syscall nx rdtscp lm constant_tsc arch_perfmon pebs bts rep_good nopl xtopology nonstop_tsc cpuid aperfmperf pni pclmulqdq dtes64 monitor ds_cpl vmx est tm2 ssse3 cx16 xtpr pdcm pcid sse4_1 sse4_2 x2apic popcnt tsc_deadline_timer xsave avx lahf_lm epb pti ssbd ibrs ibpb stibp tpr_shadow vnmi flexpriority ept vpid xsaveopt dtherm arat pln pts md_clear flush_l1d
bugs		: cpu_meltdown spectre_v1 spectre_v2 spec_store_bypass l1tf mds
bogomips	: 4589.43
clflush size	: 64
cache_alignment	: 64
address sizes	: 36 bits physical, 48 bits virtual
power management:

processor	: 3
vendor_id	: GenuineIntel
cpu family	: 6
model		: 42
model name	: Intel(R) Core(TM) i3-2350M CPU @ 2.30GHz
stepping	: 7
microcode	: 0x2f
cpu MHz		: 944.294
cache size	: 3072 KB
physical id	: 0
siblings	: 4
core id		: 1
cpu cores	: 2
apicid		: 3
initial apicid	: 3
fpu		: yes
fpu_exception	: yes
cpuid level	: 13
wp		: yes
flags		: fpu vme de pse tsc msr pae mce cx8 apic sep mtrr pge mca cmov pat pse36 clflush dts acpi mmx fxsr sse sse2 ss ht tm pbe syscall nx rdtscp lm constant_tsc arch_perfmon pebs bts rep_good nopl xtopology nonstop_tsc cpuid aperfmperf pni pclmulqdq dtes64 monitor ds_cpl vmx est tm2 ssse3 cx16 xtpr pdcm pcid sse4_1 sse4_2 x2apic popcnt tsc_deadline_timer xsave avx lahf_lm epb pti ssbd ibrs ibpb stibp tpr_shadow vnmi flexpriority ept vpid xsaveopt dtherm arat pln pts md_clear flush_l1d
bugs		: cpu_meltdown spectre_v1 spectre_v2 spec_store_bypass l1tf mds
bogomips	: 4589.43
clflush size	: 64
cache_alignment	: 64
address sizes	: 36 bits physical, 48 bits virtual
power management:



Memory: 4k page, physical 3945256k(179080k free), swap 3999740k(3952124k free)

vm_info: OpenJDK 64-Bit Server VM (25.212-b03) for linux-amd64 JRE (1.8.0_212-8u212-b03-0ubuntu1.16.04.1-b03), built on Apr 26 2019 02:02:50 by "buildd" with gcc 5.4.0 20160609

time: Fri Jul 12 17:05:52 2019
timezone: +06
elapsed time: 1 seconds (0d 0h 0m 1s)

