#
# A fatal error has been detected by the Java Runtime Environment:
#
#  SIGSEGV (0xb) at pc=0x00007f94756136f6, pid=21302, tid=0x00007f9481b76700
#
# JRE version: OpenJDK Runtime Environment (8.0_212-b03) (build 1.8.0_212-8u212-b03-0ubuntu1.16.04.1-b03)
# Java VM: OpenJDK 64-Bit Server VM (25.212-b03 mixed mode linux-amd64 compressed oops)
# Problematic frame:
# C  [libgdx-box2d64.so+0x356f6]  b2Fixture::Create(b2BlockAllocator*, b2Body*, b2FixtureDef const*)+0x56
#
# Failed to write core dump. Core dumps have been disabled. To enable core dumping, try "ulimit -c unlimited" before starting Java again
#
# If you would like to submit a bug report, please visit:
#   http://bugreport.java.com/bugreport/crash.jsp
# The crash happened outside the Java Virtual Machine in native code.
# See problematic frame for where to report the bug.
#

---------------  T H R E A D  ---------------

Current thread (0x00007f94dc3e7000):  JavaThread "LWJGL Application" [_thread_in_native, id=21327, stack(0x00007f9481a76000,0x00007f9481b77000)]

siginfo: si_signo: 11 (SIGSEGV), si_code: 1 (SEGV_MAPERR), si_addr: 0x0000000000000010

Registers:
RAX=0x0000000000000000, RBX=0x00007f9468a242f0, RCX=0x00007f9481b75660, RDX=0x00007f9468a20340
RSP=0x00007f9481b75600, RBP=0x00007f9481b75660, RSI=0x00007f94685505c0, RDI=0x00007f94685d1310
R8 =0x0000000000000000, R9 =0x0000000000000001, R10=0x00007f94cd0183db, R11=0x00007f94e2880780
R12=0x00007f94685505c0, R13=0x00007f94685505c0, R14=0x00007f9481b757b8, R15=0x00007f94dc3e7000
RIP=0x00007f94756136f6, EFLAGS=0x0000000000010206, CSGSFS=0x002b000000000033, ERR=0x0000000000000004
  TRAPNO=0x000000000000000e

Top of Stack: (sp=0x00007f9481b75600)
0x00007f9481b75600:   00007f9468a20340 00007f9468a20340
0x00007f9481b75610:   00007f9468a242f0 00007f94685505c0
0x00007f9481b75620:   00007f9481b75660 00007f9475612151
0x00007f9481b75630:   00000000ecdd4f68 00007f94753f98f8
0x00007f9481b75640:   00007f9481b75740 0000000000000000
0x00007f9481b75650:   00007f94753f98f8 00007f94756195de
0x00007f9481b75660:   00007f94685d1310 0000000000000000
0x00007f9481b75670:   000000003f000000 00017f0000000000
0x00007f9481b75680:   00007f940000ffff 6b3f76300b11b500
0x00007f9481b75690:   00007f9481b756e0 00007f94cd018407
0x00007f9481b756a0:   00000000ffffffff 00007f9400000000
0x00007f9481b756b0:   0000000000000000 00007f9481b756d0
0x00007f9481b756c0:   00007f9481b75728 00007f94cd007a40
0x00007f9481b756d0:   0000000000000001 00000000ecb93fd8
0x00007f9481b756e0:   0000000000000001 00007f9481b756e8
0x00007f9481b756f0:   00007f94cc6baf97 00007f9481b757b8
0x00007f9481b75700:   00007f9481b75700 0000000000000000
0x00007f9481b75710:   00007f9481b757b8 00007f94753fe028
0x00007f9481b75720:   0000000000000000 00007f94753f98f8
0x00007f9481b75730:   0000000000000000 00007f9481b75760
0x00007f9481b75740:   00007f9481b75800 00007f94cd007b10
0x00007f9481b75750:   0000000000000000 00007f94cd011a57
0x00007f9481b75760:   0000000000000000 00000000ffffffff
0x00007f9481b75770:   0000000000000001 0000000000000000
0x00007f9481b75780:   0000000000000000 0000000000000000
0x00007f9481b75790:   000000003f000000 00007f94685d1310
0x00007f9481b757a0:   00000000ecdd4d10 00007f9468a20340
0x00007f9481b757b0:   00007f94cd007d80 00000000ecdd4d10
0x00007f9481b757c0:   00007f9481b757c0 00007f94753f97f9
0x00007f9481b757d0:   00007f9481b75830 00007f94753fe028
0x00007f9481b757e0:   0000000000000000 00007f94753f9870
0x00007f9481b757f0:   00007f9481b75760 00007f9481b75828 

Instructions: (pc=0x00007f94756136f6)
0x00007f94756136d6:   48 c7 47 08 00 00 00 00 89 47 34 0f b7 41 22 66
0x00007f94756136e6:   89 47 38 0f b6 41 1c 88 47 3a 48 8b 39 48 8b 07
0x00007f94756136f6:   ff 50 10 48 8b 10 48 89 c7 48 89 43 18 ff 52 18
0x00007f9475613706:   89 c6 41 89 c4 4c 89 ef c1 e6 05 e8 fa 12 fe ff 

Register to memory mapping:

RAX=0x0000000000000000 is an unknown value
RBX=0x00007f9468a242f0 is an unknown value
RCX=0x00007f9481b75660 is pointing into the stack for thread: 0x00007f94dc3e7000
RDX=0x00007f9468a20340 is an unknown value
RSP=0x00007f9481b75600 is pointing into the stack for thread: 0x00007f94dc3e7000
RBP=0x00007f9481b75660 is pointing into the stack for thread: 0x00007f94dc3e7000
RSI=0x00007f94685505c0 is an unknown value
RDI=0x00007f94685d1310 is an unknown value
R8 =0x0000000000000000 is an unknown value
R9 =0x0000000000000001 is an unknown value
R10=0x00007f94cd0183db is at code_begin+859 in an Interpreter codelet
method entry point (kind = native)  [0x00007f94cd018080, 0x00007f94cd018a00]  2432 bytes
R11=0x00007f94e2880780: <offset 0x969780> in /usr/lib/jvm/java-8-openjdk-amd64/jre/lib/amd64/server/libjvm.so at 0x00007f94e1f17000
R12=0x00007f94685505c0 is an unknown value
R13=0x00007f94685505c0 is an unknown value
R14=0x00007f9481b757b8 is pointing into the stack for thread: 0x00007f94dc3e7000
R15=0x00007f94dc3e7000 is a thread


Stack: [0x00007f9481a76000,0x00007f9481b77000],  sp=0x00007f9481b75600,  free space=1021k
Native frames: (J=compiled Java code, j=interpreted, Vv=VM code, C=native code)
C  [libgdx-box2d64.so+0x356f6]  b2Fixture::Create(b2BlockAllocator*, b2Body*, b2FixtureDef const*)+0x56
C  0x0000000000000000

Java frames: (J=compiled Java code, j=interpreted, Vv=VM code)
j  com.badlogic.gdx.physics.box2d.Body.jniCreateFixture(JJFFFZSSS)J+0
j  com.badlogic.gdx.physics.box2d.Body.createFixture(Lcom/badlogic/gdx/physics/box2d/FixtureDef;)Lcom/badlogic/gdx/physics/box2d/Fixture;+49
j  com.mygdx.game.Play.show()V+255
j  com.badlogic.gdx.Game.setScreen(Lcom/badlogic/gdx/Screen;)V+32
j  com.mygdx.game.gameClass.create()V+8
j  com.badlogic.gdx.backends.lwjgl.LwjglApplication.mainLoop()V+29
j  com.badlogic.gdx.backends.lwjgl.LwjglApplication$1.run()V+27
v  ~StubRoutines::call_stub

---------------  P R O C E S S  ---------------

Java Threads: ( => current thread )
  0x00007f9468019800 JavaThread "process reaper" daemon [_thread_blocked, id=21330, stack(0x00007f94c4005000,0x00007f94c403e000)]
  0x00007f94dc00c000 JavaThread "DestroyJavaVM" [_thread_blocked, id=21308, stack(0x00007f94e3b7b000,0x00007f94e3c7c000)]
=>0x00007f94dc3e7000 JavaThread "LWJGL Application" [_thread_in_native, id=21327, stack(0x00007f9481a76000,0x00007f9481b77000)]
  0x00007f94dc33d800 JavaThread "AWT-XAWT" daemon [_thread_in_native, id=21323, stack(0x00007f94bd6ca000,0x00007f94bd7cb000)]
  0x00007f94dc31c800 JavaThread "Java2D Disposer" daemon [_thread_blocked, id=21322, stack(0x00007f94bdbdb000,0x00007f94bdcdc000)]
  0x00007f94dc0ca800 JavaThread "Service Thread" daemon [_thread_blocked, id=21320, stack(0x00007f94bfdfe000,0x00007f94bfeff000)]
  0x00007f94dc0bf000 JavaThread "C1 CompilerThread2" daemon [_thread_blocked, id=21319, stack(0x00007f94bfeff000,0x00007f94c0000000)]
  0x00007f94dc0bd800 JavaThread "C2 CompilerThread1" daemon [_thread_blocked, id=21318, stack(0x00007f94c40cc000,0x00007f94c41cd000)]
  0x00007f94dc0ba800 JavaThread "C2 CompilerThread0" daemon [_thread_blocked, id=21317, stack(0x00007f94c41cd000,0x00007f94c42ce000)]
  0x00007f94dc0b9000 JavaThread "Signal Dispatcher" daemon [_thread_blocked, id=21316, stack(0x00007f94c42ce000,0x00007f94c43cf000)]
  0x00007f94dc086000 JavaThread "Finalizer" daemon [_thread_blocked, id=21315, stack(0x00007f94c4dde000,0x00007f94c4edf000)]
  0x00007f94dc083000 JavaThread "Reference Handler" daemon [_thread_blocked, id=21314, stack(0x00007f94c4edf000,0x00007f94c4fe0000)]

Other Threads:
  0x00007f94dc079800 VMThread [stack: 0x00007f94c4fe0000,0x00007f94c50e1000] [id=21313]
  0x00007f94dc0cd000 WatcherThread [stack: 0x00007f94bfcfd000,0x00007f94bfdfe000] [id=21321]

VM state:not at safepoint (normal execution)

VM Mutex/Monitor currently owned by a thread: None

heap address: 0x00000000c3c00000, size: 964 MB, Compressed Oops mode: 32-bit
Narrow klass base: 0x0000000000000000, Narrow klass shift: 3
Compressed class space size: 1073741824 Address: 0x0000000100000000

Heap:
 PSYoungGen      total 18432K, used 15421K [0x00000000ebf00000, 0x00000000ed380000, 0x0000000100000000)
  eden space 15872K, 97% used [0x00000000ebf00000,0x00000000ece0f568,0x00000000ece80000)
  from space 2560K, 0% used [0x00000000ed100000,0x00000000ed100000,0x00000000ed380000)
  to   space 2560K, 0% used [0x00000000ece80000,0x00000000ece80000,0x00000000ed100000)
 ParOldGen       total 42496K, used 0K [0x00000000c3c00000, 0x00000000c6580000, 0x00000000ebf00000)
  object space 42496K, 0% used [0x00000000c3c00000,0x00000000c3c00000,0x00000000c6580000)
 Metaspace       used 9119K, capacity 9309K, committed 9472K, reserved 1058816K
  class space    used 863K, capacity 935K, committed 1024K, reserved 1048576K

Card table byte_map: [0x00007f94e0043000,0x00007f94e0226000] byte_map_base: 0x00007f94dfa25000

Marking Bits: (ParMarkBitMap*) 0x00007f94e2e4a580
 Begin Bits: [0x00007f94c61e0000, 0x00007f94c70f0000)
 End Bits:   [0x00007f94c70f0000, 0x00007f94c8000000)

Polling page: 0x00007f94e3c9d000

CodeCache: size=245760Kb used=2562Kb max_used=2562Kb free=243197Kb
 bounds [0x00007f94cd000000, 0x00007f94cd290000, 0x00007f94dc000000]
 total_blobs=1182 nmethods=590 adapters=507
 compilation: enabled

Compilation events (10 events):
Event: 1.271 Thread 0x00007f94dc0bf000  586       3       java.util.jar.Attributes::getValue (9 bytes)
Event: 1.272 Thread 0x00007f94dc0bf000 nmethod 586 0x00007f94cd27e490 code [0x00007f94cd27e620, 0x00007f94cd27e988]
Event: 1.272 Thread 0x00007f94dc0bf000  587       3       java.util.jar.Attributes::get (11 bytes)
Event: 1.272 Thread 0x00007f94dc0bf000 nmethod 587 0x00007f94cd27ead0 code [0x00007f94cd27ec40, 0x00007f94cd27ee68]
Event: 1.273 Thread 0x00007f94dc0bf000  588   !   3       java.util.zip.ZipFile$ZipFileInflaterInputStream::close (67 bytes)
Event: 1.274 Thread 0x00007f94dc0bf000 nmethod 588 0x00007f94cd27f110 code [0x00007f94cd27f2e0, 0x00007f94cd27fad8]
Event: 1.274 Thread 0x00007f94dc0bf000  589       3       java.util.zip.InflaterInputStream::close (34 bytes)
Event: 1.274 Thread 0x00007f94dc0bf000 nmethod 589 0x00007f94cd27fe90 code [0x00007f94cd280020, 0x00007f94cd280318]
Event: 1.275 Thread 0x00007f94dc0bf000  590       3       java.util.zip.ZipEntry::getSize (5 bytes)
Event: 1.275 Thread 0x00007f94dc0bf000 nmethod 590 0x00007f94cd280410 code [0x00007f94cd280560, 0x00007f94cd2806b0]

GC Heap History (0 events):
No events

Deoptimization events (3 events):
Event: 0.212 Thread 0x00007f94dc00c000 Uncommon trap: reason=unstable_if action=reinterpret pc=0x00007f94cd149af8 method=java.lang.String.indexOf([CII[CIII)I @ 134
Event: 0.244 Thread 0x00007f94dc00c000 Uncommon trap: reason=unstable_if action=reinterpret pc=0x00007f94cd13af84 method=java.lang.String.indexOf(II)I @ 49
Event: 0.602 Thread 0x00007f94dc3e7000 Uncommon trap: reason=unstable_if action=reinterpret pc=0x00007f94cd1b25bc method=java.lang.String.replace(CC)Ljava/lang/String; @ 26

Classes redefined (0 events):
No events

Internal exceptions (10 events):
Event: 0.494 Thread 0x00007f94dc00c000 Exception <a 'java/security/PrivilegedActionException'> (0x00000000ec4f38f8) thrown at [/build/openjdk-8-lHVHKD/openjdk-8-8u212-b03/src/hotspot/src/share/vm/prims/jvm.cpp, line 1502]
Event: 0.494 Thread 0x00007f94dc00c000 Exception <a 'java/security/PrivilegedActionException'> (0x00000000ec4f4550) thrown at [/build/openjdk-8-lHVHKD/openjdk-8-8u212-b03/src/hotspot/src/share/vm/prims/jvm.cpp, line 1502]
Event: 0.494 Thread 0x00007f94dc00c000 Exception <a 'java/security/PrivilegedActionException'> (0x00000000ec4f5178) thrown at [/build/openjdk-8-lHVHKD/openjdk-8-8u212-b03/src/hotspot/src/share/vm/prims/jvm.cpp, line 1502]
Event: 0.495 Thread 0x00007f94dc00c000 Exception <a 'java/security/PrivilegedActionException'> (0x00000000ec4f72c8) thrown at [/build/openjdk-8-lHVHKD/openjdk-8-8u212-b03/src/hotspot/src/share/vm/prims/jvm.cpp, line 1502]
Event: 0.495 Thread 0x00007f94dc00c000 Exception <a 'java/security/PrivilegedActionException'> (0x00000000ec4f7f20) thrown at [/build/openjdk-8-lHVHKD/openjdk-8-8u212-b03/src/hotspot/src/share/vm/prims/jvm.cpp, line 1502]
Event: 0.495 Thread 0x00007f94dc00c000 Exception <a 'java/security/PrivilegedActionException'> (0x00000000ec4f8b48) thrown at [/build/openjdk-8-lHVHKD/openjdk-8-8u212-b03/src/hotspot/src/share/vm/prims/jvm.cpp, line 1502]
Event: 0.495 Thread 0x00007f94dc00c000 Exception <a 'java/security/PrivilegedActionException'> (0x00000000ec4faa50) thrown at [/build/openjdk-8-lHVHKD/openjdk-8-8u212-b03/src/hotspot/src/share/vm/prims/jvm.cpp, line 1502]
Event: 0.495 Thread 0x00007f94dc00c000 Exception <a 'java/security/PrivilegedActionException'> (0x00000000ec4fb6a8) thrown at [/build/openjdk-8-lHVHKD/openjdk-8-8u212-b03/src/hotspot/src/share/vm/prims/jvm.cpp, line 1502]
Event: 0.495 Thread 0x00007f94dc00c000 Exception <a 'java/security/PrivilegedActionException'> (0x00000000ec4fc2d0) thrown at [/build/openjdk-8-lHVHKD/openjdk-8-8u212-b03/src/hotspot/src/share/vm/prims/jvm.cpp, line 1502]
Event: 0.647 Thread 0x00007f94dc3e7000 Exception <a 'java/lang/NoClassDefFoundError': org/lwjgl/opengles/GLContext> (0x00000000ec7ef720) thrown at [/build/openjdk-8-lHVHKD/openjdk-8-8u212-b03/src/hotspot/src/share/vm/classfile/systemDictionary.cpp, line 199]

Events (10 events):
Event: 1.277 loading class com/badlogic/gdx/physics/box2d/MassData
Event: 1.277 loading class com/badlogic/gdx/physics/box2d/MassData done
Event: 1.277 loading class com/badlogic/gdx/physics/box2d/Fixture
Event: 1.277 loading class com/badlogic/gdx/physics/box2d/Fixture done
Event: 1.278 loading class com/badlogic/gdx/physics/box2d/CircleShape
Event: 1.278 loading class com/badlogic/gdx/physics/box2d/CircleShape done
Event: 1.278 loading class com/badlogic/gdx/physics/box2d/EdgeShape
Event: 1.278 loading class com/badlogic/gdx/physics/box2d/EdgeShape done
Event: 1.278 loading class com/badlogic/gdx/physics/box2d/ChainShape
Event: 1.278 loading class com/badlogic/gdx/physics/box2d/ChainShape done


Dynamic libraries:
00400000-00401000 r-xp 00000000 08:01 4723398                            /usr/lib/jvm/java-8-openjdk-amd64/jre/bin/java
00600000-00601000 r--p 00000000 08:01 4723398                            /usr/lib/jvm/java-8-openjdk-amd64/jre/bin/java
00601000-00602000 rw-p 00001000 08:01 4723398                            /usr/lib/jvm/java-8-openjdk-amd64/jre/bin/java
02559000-0257a000 rw-p 00000000 00:00 0                                  [heap]
c3c00000-c6580000 rw-p 00000000 00:00 0 
c6580000-ebf00000 ---p 00000000 00:00 0 
ebf00000-ed380000 rw-p 00000000 00:00 0 
ed380000-100000000 ---p 00000000 00:00 0 
100000000-100100000 rw-p 00000000 00:00 0 
100100000-140000000 ---p 00000000 00:00 0 
7f9468000000-7f9468a31000 rw-p 00000000 00:00 0 
7f9468a31000-7f946c000000 ---p 00000000 00:00 0 
7f946c000000-7f946c021000 rw-p 00000000 00:00 0 
7f946c021000-7f9470000000 ---p 00000000 00:00 0 
7f9470000000-7f9470021000 rw-p 00000000 00:00 0 
7f9470021000-7f9474000000 ---p 00000000 00:00 0 
7f94753de000-7f947541e000 rw-p 00000000 00:00 0 
7f947541e000-7f94755de000 ---p 00000000 00:00 0 
7f94755de000-7f947562a000 r-xp 00000000 08:01 1970585                    /tmp/libgdxfoysal/38f2459b/libgdx-box2d64.so
7f947562a000-7f9475829000 ---p 0004c000 08:01 1970585                    /tmp/libgdxfoysal/38f2459b/libgdx-box2d64.so
7f9475829000-7f947582b000 r--p 0004b000 08:01 1970585                    /tmp/libgdxfoysal/38f2459b/libgdx-box2d64.so
7f947582b000-7f947582c000 rw-p 0004d000 08:01 1970585                    /tmp/libgdxfoysal/38f2459b/libgdx-box2d64.so
7f947582c000-7f9476bdd000 rw-p 00000000 00:00 0 
7f9476bdd000-7f9476be5000 r-xp 00000000 08:01 4728267                    /usr/lib/x86_64-linux-gnu/libpciaccess.so.0.11.1
7f9476be5000-7f9476de5000 ---p 00008000 08:01 4728267                    /usr/lib/x86_64-linux-gnu/libpciaccess.so.0.11.1
7f9476de5000-7f9476de6000 r--p 00008000 08:01 4728267                    /usr/lib/x86_64-linux-gnu/libpciaccess.so.0.11.1
7f9476de6000-7f9476de7000 rw-p 00009000 08:01 4728267                    /usr/lib/x86_64-linux-gnu/libpciaccess.so.0.11.1
7f9476de7000-7f9476df2000 r-xp 00000000 08:01 4727612                    /usr/lib/x86_64-linux-gnu/libdrm_radeon.so.1.0.1
7f9476df2000-7f9476ff1000 ---p 0000b000 08:01 4727612                    /usr/lib/x86_64-linux-gnu/libdrm_radeon.so.1.0.1
7f9476ff1000-7f9476ff2000 r--p 0000a000 08:01 4727612                    /usr/lib/x86_64-linux-gnu/libdrm_radeon.so.1.0.1
7f9476ff2000-7f9476ff3000 rw-p 0000b000 08:01 4727612                    /usr/lib/x86_64-linux-gnu/libdrm_radeon.so.1.0.1
7f9476ff3000-7f9476ffa000 r-xp 00000000 08:01 4727610                    /usr/lib/x86_64-linux-gnu/libdrm_nouveau.so.2.0.0
7f9476ffa000-7f94771f9000 ---p 00007000 08:01 4727610                    /usr/lib/x86_64-linux-gnu/libdrm_nouveau.so.2.0.0
7f94771f9000-7f94771fa000 r--p 00006000 08:01 4727610                    /usr/lib/x86_64-linux-gnu/libdrm_nouveau.so.2.0.0
7f94771fa000-7f94771fb000 rw-p 00007000 08:01 4727610                    /usr/lib/x86_64-linux-gnu/libdrm_nouveau.so.2.0.0
7f94771fb000-7f947721d000 r-xp 00000000 08:01 4727608                    /usr/lib/x86_64-linux-gnu/libdrm_intel.so.1.0.0
7f947721d000-7f947741d000 ---p 00022000 08:01 4727608                    /usr/lib/x86_64-linux-gnu/libdrm_intel.so.1.0.0
7f947741d000-7f947741e000 r--p 00022000 08:01 4727608                    /usr/lib/x86_64-linux-gnu/libdrm_intel.so.1.0.0
7f947741e000-7f947741f000 rw-p 00023000 08:01 4727608                    /usr/lib/x86_64-linux-gnu/libdrm_intel.so.1.0.0
7f947741f000-7f9477cff000 r-xp 00000000 08:01 4983000                    /usr/lib/x86_64-linux-gnu/dri/i965_dri.so
7f9477cff000-7f9477eff000 ---p 008e0000 08:01 4983000                    /usr/lib/x86_64-linux-gnu/dri/i965_dri.so
7f9477eff000-7f9477f4f000 r--p 008e0000 08:01 4983000                    /usr/lib/x86_64-linux-gnu/dri/i965_dri.so
7f9477f4f000-7f9477f5a000 rw-p 00930000 08:01 4983000                    /usr/lib/x86_64-linux-gnu/dri/i965_dri.so
7f9477f5a000-7f9477fff000 rw-p 00000000 00:00 0 
7f9477fff000-7f947c000000 rw-s 00000000 00:19 20                         /dev/shm/pulse-shm-1812835152
7f947c000000-7f947c021000 rw-p 00000000 00:00 0 
7f947c021000-7f9480000000 ---p 00000000 00:00 0 
7f9480058000-7f94800cc000 rw-p 00000000 00:00 0 
7f9480163000-7f9480173000 r-xp 00000000 08:01 4727604                    /usr/lib/x86_64-linux-gnu/libdrm.so.2.4.0
7f9480173000-7f9480373000 ---p 00010000 08:01 4727604                    /usr/lib/x86_64-linux-gnu/libdrm.so.2.4.0
7f9480373000-7f9480374000 r--p 00010000 08:01 4727604                    /usr/lib/x86_64-linux-gnu/libdrm.so.2.4.0
7f9480374000-7f9480375000 rw-p 00011000 08:01 4727604                    /usr/lib/x86_64-linux-gnu/libdrm.so.2.4.0
7f9480375000-7f9480379000 r-xp 00000000 08:01 4728684                    /usr/lib/x86_64-linux-gnu/libxcb-dri2.so.0.0.0
7f9480379000-7f9480578000 ---p 00004000 08:01 4728684                    /usr/lib/x86_64-linux-gnu/libxcb-dri2.so.0.0.0
7f9480578000-7f9480579000 r--p 00003000 08:01 4728684                    /usr/lib/x86_64-linux-gnu/libxcb-dri2.so.0.0.0
7f9480579000-7f948057a000 rw-p 00004000 08:01 4728684                    /usr/lib/x86_64-linux-gnu/libxcb-dri2.so.0.0.0
7f948057a000-7f9480591000 r-xp 00000000 08:01 4728688                    /usr/lib/x86_64-linux-gnu/libxcb-glx.so.0.0.0
7f9480591000-7f9480790000 ---p 00017000 08:01 4728688                    /usr/lib/x86_64-linux-gnu/libxcb-glx.so.0.0.0
7f9480790000-7f9480792000 r--p 00016000 08:01 4728688                    /usr/lib/x86_64-linux-gnu/libxcb-glx.so.0.0.0
7f9480792000-7f9480793000 rw-p 00018000 08:01 4728688                    /usr/lib/x86_64-linux-gnu/libxcb-glx.so.0.0.0
7f9480793000-7f9480794000 r-xp 00000000 08:01 4727286                    /usr/lib/x86_64-linux-gnu/libX11-xcb.so.1.0.0
7f9480794000-7f9480993000 ---p 00001000 08:01 4727286                    /usr/lib/x86_64-linux-gnu/libX11-xcb.so.1.0.0
7f9480993000-7f9480994000 r--p 00000000 08:01 4727286                    /usr/lib/x86_64-linux-gnu/libX11-xcb.so.1.0.0
7f9480994000-7f9480995000 rw-p 00001000 08:01 4727286                    /usr/lib/x86_64-linux-gnu/libX11-xcb.so.1.0.0
7f9480995000-7f9480997000 r-xp 00000000 08:01 4727301                    /usr/lib/x86_64-linux-gnu/libXdamage.so.1.1.0
7f9480997000-7f9480b96000 ---p 00002000 08:01 4727301                    /usr/lib/x86_64-linux-gnu/libXdamage.so.1.1.0
7f9480b96000-7f9480b97000 r--p 00001000 08:01 4727301                    /usr/lib/x86_64-linux-gnu/libXdamage.so.1.1.0
7f9480b97000-7f9480b98000 rw-p 00002000 08:01 4727301                    /usr/lib/x86_64-linux-gnu/libXdamage.so.1.1.0
7f9480b98000-7f9480bc4000 r-xp 00000000 08:01 4727805                    /usr/lib/x86_64-linux-gnu/libglapi.so.0.0.0
7f9480bc4000-7f9480dc3000 ---p 0002c000 08:01 4727805                    /usr/lib/x86_64-linux-gnu/libglapi.so.0.0.0
7f9480dc3000-7f9480dc7000 r--p 0002b000 08:01 4727805                    /usr/lib/x86_64-linux-gnu/libglapi.so.0.0.0
7f9480dc7000-7f9480dc8000 rw-p 0002f000 08:01 4727805                    /usr/lib/x86_64-linux-gnu/libglapi.so.0.0.0
7f9480dc8000-7f9480dc9000 rw-p 00000000 00:00 0 
7f9480dc9000-7f9480dca000 r-xp 00000000 08:01 4728728                    /usr/lib/x86_64-linux-gnu/libxshmfence.so.1.0.0
7f9480dca000-7f9480fca000 ---p 00001000 08:01 4728728                    /usr/lib/x86_64-linux-gnu/libxshmfence.so.1.0.0
7f9480fca000-7f9480fcb000 r--p 00001000 08:01 4728728                    /usr/lib/x86_64-linux-gnu/libxshmfence.so.1.0.0
7f9480fcb000-7f9480fcc000 rw-p 00002000 08:01 4728728                    /usr/lib/x86_64-linux-gnu/libxshmfence.so.1.0.0
7f9480fcc000-7f9480fd1000 r-xp 00000000 08:01 4728708                    /usr/lib/x86_64-linux-gnu/libxcb-sync.so.1.0.0
7f9480fd1000-7f94811d1000 ---p 00005000 08:01 4728708                    /usr/lib/x86_64-linux-gnu/libxcb-sync.so.1.0.0
7f94811d1000-7f94811d2000 r--p 00005000 08:01 4728708                    /usr/lib/x86_64-linux-gnu/libxcb-sync.so.1.0.0
7f94811d2000-7f94811d3000 rw-p 00006000 08:01 4728708                    /usr/lib/x86_64-linux-gnu/libxcb-sync.so.1.0.0
7f94811d3000-7f94811d5000 r-xp 00000000 08:01 4728696                    /usr/lib/x86_64-linux-gnu/libxcb-present.so.0.0.0
7f94811d5000-7f94813d4000 ---p 00002000 08:01 4728696                    /usr/lib/x86_64-linux-gnu/libxcb-present.so.0.0.0
7f94813d4000-7f94813d5000 r--p 00001000 08:01 4728696                    /usr/lib/x86_64-linux-gnu/libxcb-present.so.0.0.0
7f94813d5000-7f94813d6000 rw-p 00002000 08:01 4728696                    /usr/lib/x86_64-linux-gnu/libxcb-present.so.0.0.0
7f94813d6000-7f94813d8000 r-xp 00000000 08:01 4728686                    /usr/lib/x86_64-linux-gnu/libxcb-dri3.so.0.0.0
7f94813d8000-7f94815d7000 ---p 00002000 08:01 4728686                    /usr/lib/x86_64-linux-gnu/libxcb-dri3.so.0.0.0
7f94815d7000-7f94815d8000 r--p 00001000 08:01 4728686                    /usr/lib/x86_64-linux-gnu/libxcb-dri3.so.0.0.0
7f94815d8000-7f94815d9000 rw-p 00002000 08:01 4728686                    /usr/lib/x86_64-linux-gnu/libxcb-dri3.so.0.0.0
7f94815d9000-7f94815ff000 r-xp 00000000 08:01 2757058                    /lib/x86_64-linux-gnu/libexpat.so.1.6.0
7f94815ff000-7f94817ff000 ---p 00026000 08:01 2757058                    /lib/x86_64-linux-gnu/libexpat.so.1.6.0
7f94817ff000-7f9481801000 r--p 00026000 08:01 2757058                    /lib/x86_64-linux-gnu/libexpat.so.1.6.0
7f9481801000-7f9481802000 rw-p 00028000 08:01 2757058                    /lib/x86_64-linux-gnu/libexpat.so.1.6.0
7f9481802000-7f9481872000 r-xp 00000000 08:01 4984410                    /usr/lib/x86_64-linux-gnu/mesa/libGL.so.1.2.0
7f9481872000-7f9481a71000 ---p 00070000 08:01 4984410                    /usr/lib/x86_64-linux-gnu/mesa/libGL.so.1.2.0
7f9481a71000-7f9481a74000 r--p 0006f000 08:01 4984410                    /usr/lib/x86_64-linux-gnu/mesa/libGL.so.1.2.0
7f9481a74000-7f9481a75000 rw-p 00072000 08:01 4984410                    /usr/lib/x86_64-linux-gnu/mesa/libGL.so.1.2.0
7f9481a75000-7f9481a76000 rw-p 00000000 00:00 0 
7f9481a76000-7f9481a79000 ---p 00000000 00:00 0 
7f9481a79000-7f9481b77000 rw-p 00000000 00:00 0 
7f9481b77000-7f9481b78000 ---p 00000000 00:00 0 
7f9481b78000-7f9481c78000 rw-p 00000000 00:00 0 
7f9481c78000-7f9485c79000 rw-s 00000000 00:19 57                         /dev/shm/pulse-shm-1320893007
7f9485c79000-7f9485c7a000 ---p 00000000 00:00 0 
7f9485c7a000-7f948647a000 rw-p 00000000 00:00 0 
7f948647a000-7f94864a4000 r-xp 00000000 08:01 4728589                    /usr/lib/x86_64-linux-gnu/libvorbis.so.0.4.8
7f94864a4000-7f94866a3000 ---p 0002a000 08:01 4728589                    /usr/lib/x86_64-linux-gnu/libvorbis.so.0.4.8
7f94866a3000-7f94866a4000 r--p 00029000 08:01 4728589                    /usr/lib/x86_64-linux-gnu/libvorbis.so.0.4.8
7f94866a4000-7f94866a5000 rw-p 0002a000 08:01 4728589                    /usr/lib/x86_64-linux-gnu/libvorbis.so.0.4.8
7f94866a5000-7f94866ac000 r-xp 00000000 08:01 4728225                    /usr/lib/x86_64-linux-gnu/libogg.so.0.8.2
7f94866ac000-7f94868ac000 ---p 00007000 08:01 4728225                    /usr/lib/x86_64-linux-gnu/libogg.so.0.8.2
7f94868ac000-7f94868ad000 r--p 00007000 08:01 4728225                    /usr/lib/x86_64-linux-gnu/libogg.so.0.8.2
7f94868ad000-7f94868ae000 rw-p 00008000 08:01 4728225                    /usr/lib/x86_64-linux-gnu/libogg.so.0.8.2
7f94868ae000-7f94868c0000 r-xp 00000000 08:01 2757434                    /lib/x86_64-linux-gnu/libgpg-error.so.0.17.0
7f94868c0000-7f9486ac0000 ---p 00012000 08:01 2757434                    /lib/x86_64-linux-gnu/libgpg-error.so.0.17.0
7f9486ac0000-7f9486ac1000 r--p 00012000 08:01 2757434                    /lib/x86_64-linux-gnu/libgpg-error.so.0.17.0
7f9486ac1000-7f9486ac2000 rw-p 00013000 08:01 2757434                    /lib/x86_64-linux-gnu/libgpg-error.so.0.17.0
7f9486ac2000-7f9486b30000 r-xp 00000000 08:01 2757519                    /lib/x86_64-linux-gnu/libpcre.so.3.13.2
7f9486b30000-7f9486d30000 ---p 0006e000 08:01 2757519                    /lib/x86_64-linux-gnu/libpcre.so.3.13.2
7f9486d30000-7f9486d31000 r--p 0006e000 08:01 2757519                    /lib/x86_64-linux-gnu/libpcre.so.3.13.2
7f9486d31000-7f9486d32000 rw-p 0006f000 08:01 2757519                    /lib/x86_64-linux-gnu/libpcre.so.3.13.2
7f9486d32000-7f9486d49000 r-xp 00000000 08:01 2757542                    /lib/x86_64-linux-gnu/libresolv-2.23.so
7f9486d49000-7f9486f49000 ---p 00017000 08:01 2757542                    /lib/x86_64-linux-gnu/libresolv-2.23.so
7f9486f49000-7f9486f4a000 r--p 00017000 08:01 2757542                    /lib/x86_64-linux-gnu/libresolv-2.23.so
7f9486f4a000-7f9486f4b000 rw-p 00018000 08:01 2757542                    /lib/x86_64-linux-gnu/libresolv-2.23.so
7f9486f4b000-7f9486f4d000 rw-p 00000000 00:00 0 
7f9486f4d000-7f9486fda000 r-xp 00000000 08:01 4728591                    /usr/lib/x86_64-linux-gnu/libvorbisenc.so.2.0.11
7f9486fda000-7f94871d9000 ---p 0008d000 08:01 4728591                    /usr/lib/x86_64-linux-gnu/libvorbisenc.so.2.0.11
7f94871d9000-7f94871f5000 r--p 0008c000 08:01 4728591                    /usr/lib/x86_64-linux-gnu/libvorbisenc.so.2.0.11
7f94871f5000-7f94871f6000 rw-p 000a8000 08:01 4728591                    /usr/lib/x86_64-linux-gnu/libvorbisenc.so.2.0.11
7f94871f6000-7f9487269000 r-xp 00000000 08:01 4727142                    /usr/lib/x86_64-linux-gnu/libFLAC.so.8.3.0
7f9487269000-7f9487469000 ---p 00073000 08:01 4727142                    /usr/lib/x86_64-linux-gnu/libFLAC.so.8.3.0
7f9487469000-7f948746a000 r--p 00073000 08:01 4727142                    /usr/lib/x86_64-linux-gnu/libFLAC.so.8.3.0
7f948746a000-7f948746b000 rw-p 00074000 08:01 4727142                    /usr/lib/x86_64-linux-gnu/libFLAC.so.8.3.0
7f948746b000-7f9487542000 r-xp 00000000 08:01 2757430                    /lib/x86_64-linux-gnu/libgcrypt.so.20.0.5
7f9487542000-7f9487742000 ---p 000d7000 08:01 2757430                    /lib/x86_64-linux-gnu/libgcrypt.so.20.0.5
7f9487742000-7f9487743000 r--p 000d7000 08:01 2757430                    /lib/x86_64-linux-gnu/libgcrypt.so.20.0.5
7f9487743000-7f948774b000 rw-p 000d8000 08:01 2757430                    /lib/x86_64-linux-gnu/libgcrypt.so.20.0.5
7f948774b000-7f948774c000 rw-p 00000000 00:00 0 
7f948774c000-7f948776d000 r-xp 00000000 08:01 2757457                    /lib/x86_64-linux-gnu/liblzma.so.5.0.0
7f948776d000-7f948796c000 ---p 00021000 08:01 2757457                    /lib/x86_64-linux-gnu/liblzma.so.5.0.0
7f948796c000-7f948796d000 r--p 00020000 08:01 2757457                    /lib/x86_64-linux-gnu/liblzma.so.5.0.0
7f948796d000-7f948796e000 rw-p 00021000 08:01 2757457                    /lib/x86_64-linux-gnu/liblzma.so.5.0.0
7f948796e000-7f948798d000 r-xp 00000000 08:01 2757548                    /lib/x86_64-linux-gnu/libselinux.so.1
7f948798d000-7f9487b8c000 ---p 0001f000 08:01 2757548                    /lib/x86_64-linux-gnu/libselinux.so.1
7f9487b8c000-7f9487b8d000 r--p 0001e000 08:01 2757548                    /lib/x86_64-linux-gnu/libselinux.so.1
7f9487b8d000-7f9487b8e000 rw-p 0001f000 08:01 2757548                    /lib/x86_64-linux-gnu/libselinux.so.1
7f9487b8e000-7f9487b90000 rw-p 00000000 00:00 0 
7f9487b90000-7f9487b95000 r-xp 00000000 08:01 4727396                    /usr/lib/x86_64-linux-gnu/libasyncns.so.0.3.1
7f9487b95000-7f9487d94000 ---p 00005000 08:01 4727396                    /usr/lib/x86_64-linux-gnu/libasyncns.so.0.3.1
7f9487d94000-7f9487d95000 r--p 00004000 08:01 4727396                    /usr/lib/x86_64-linux-gnu/libasyncns.so.0.3.1
7f9487d95000-7f9487d96000 rw-p 00005000 08:01 4727396                    /usr/lib/x86_64-linux-gnu/libasyncns.so.0.3.1
7f9487d96000-7f9487df9000 r-xp 00000000 08:01 4725157                    /usr/lib/x86_64-linux-gnu/libsndfile.so.1.0.25
7f9487df9000-7f9487ff9000 ---p 00063000 08:01 4725157                    /usr/lib/x86_64-linux-gnu/libsndfile.so.1.0.25
7f9487ff9000-7f9487ffb000 r--p 00063000 08:01 4725157                    /usr/lib/x86_64-linux-gnu/libsndfile.so.1.0.25
7f9487ffb000-7f9487ffc000 rw-p 00065000 08:01 4725157                    /usr/lib/x86_64-linux-gnu/libsndfile.so.1.0.25
7f9487ffc000-7f9488000000 rw-p 00000000 00:00 0 
7f9488000000-7f9488021000 rw-p 00000000 00:00 0 
7f9488021000-7f948c000000 ---p 00000000 00:00 0 
7f948c000000-7f948c021000 rw-p 00000000 00:00 0 
7f948c021000-7f9490000000 ---p 00000000 00:00 0 
7f9490000000-7f9490021000 rw-p 00000000 00:00 0 
7f9490021000-7f9494000000 ---p 00000000 00:00 0 
7f9494000000-7f9494021000 rw-p 00000000 00:00 0 
7f9494021000-7f9498000000 ---p 00000000 00:00 0 
7f9498000000-7f949811b000 rw-p 00000000 00:00 0 
7f949811b000-7f949c000000 ---p 00000000 00:00 0 
7f949c000000-7f949c247000 rw-p 00000000 00:00 0 
7f949c247000-7f94a0000000 ---p 00000000 00:00 0 
7f94a0000000-7f94a0021000 rw-p 00000000 00:00 0 
7f94a0021000-7f94a4000000 ---p 00000000 00:00 0 
7f94a4000000-7f94a40ee000 rw-p 00000000 00:00 0 
7f94a40ee000-7f94a8000000 ---p 00000000 00:00 0 
7f94a8000000-7f94a8021000 rw-p 00000000 00:00 0 
7f94a8021000-7f94ac000000 ---p 00000000 00:00 0 
7f94ac000000-7f94ac021000 rw-p 00000000 00:00 0 
7f94ac021000-7f94b0000000 ---p 00000000 00:00 0 
7f94b0000000-7f94b0021000 rw-p 00000000 00:00 0 
7f94b0021000-7f94b4000000 ---p 00000000 00:00 0 
7f94b4000000-7f94b4021000 rw-p 00000000 00:00 0 
7f94b4021000-7f94b8000000 ---p 00000000 00:00 0 
7f94b8000000-7f94b8021000 rw-p 00000000 00:00 0 
7f94b8021000-7f94bc000000 ---p 00000000 00:00 0 
7f94bc027000-7f94bc02b000 rw-s 00000000 00:18 431                        /i915 (deleted)
7f94bc02b000-7f94bc030000 rw-s 00000000 00:18 425                        /i915 (deleted)
7f94bc030000-7f94bc031000 rwxp 00000000 00:00 0 
7f94bc031000-7f94bc032000 rw-s 00000000 00:05 146029                     /memfd:xshmfence (deleted)
7f94bc032000-7f94bc036000 rw-s 00000000 00:18 882                        /i915 (deleted)
7f94bc036000-7f94bc03a000 rw-s 00000000 00:18 880                        /i915 (deleted)
7f94bc03a000-7f94bc042000 r-xp 00000000 08:01 2757576                    /lib/x86_64-linux-gnu/libwrap.so.0.7.6
7f94bc042000-7f94bc241000 ---p 00008000 08:01 2757576                    /lib/x86_64-linux-gnu/libwrap.so.0.7.6
7f94bc241000-7f94bc242000 r--p 00007000 08:01 2757576                    /lib/x86_64-linux-gnu/libwrap.so.0.7.6
7f94bc242000-7f94bc243000 rw-p 00008000 08:01 2757576                    /lib/x86_64-linux-gnu/libwrap.so.0.7.6
7f94bc243000-7f94bc244000 rw-p 00000000 00:00 0 
7f94bc244000-7f94bc2c4000 r-xp 00000000 08:01 2752517                    /lib/x86_64-linux-gnu/libsystemd.so.0.14.0
7f94bc2c4000-7f94bc2c7000 r--p 0007f000 08:01 2752517                    /lib/x86_64-linux-gnu/libsystemd.so.0.14.0
7f94bc2c7000-7f94bc2c8000 rw-p 00082000 08:01 2752517                    /lib/x86_64-linux-gnu/libsystemd.so.0.14.0
7f94bc2c8000-7f94bc2c9000 rw-p 00000000 00:00 0 
7f94bc2c9000-7f94bc313000 r-xp 00000000 08:01 2752540                    /lib/x86_64-linux-gnu/libdbus-1.so.3.14.6
7f94bc313000-7f94bc513000 ---p 0004a000 08:01 2752540                    /lib/x86_64-linux-gnu/libdbus-1.so.3.14.6
7f94bc513000-7f94bc514000 r--p 0004a000 08:01 2752540                    /lib/x86_64-linux-gnu/libdbus-1.so.3.14.6
7f94bc514000-7f94bc515000 rw-p 0004b000 08:01 2752540                    /lib/x86_64-linux-gnu/libdbus-1.so.3.14.6
7f94bc515000-7f94bc58f000 r-xp 00000000 08:01 4984918                    /usr/lib/x86_64-linux-gnu/pulseaudio/libpulsecommon-8.0.so
7f94bc58f000-7f94bc78e000 ---p 0007a000 08:01 4984918                    /usr/lib/x86_64-linux-gnu/pulseaudio/libpulsecommon-8.0.so
7f94bc78e000-7f94bc78f000 r--p 00079000 08:01 4984918                    /usr/lib/x86_64-linux-gnu/pulseaudio/libpulsecommon-8.0.so
7f94bc78f000-7f94bc790000 rw-p 0007a000 08:01 4984918                    /usr/lib/x86_64-linux-gnu/pulseaudio/libpulsecommon-8.0.so
7f94bc790000-7f94bc79a000 r-xp 00000000 08:01 2757449                    /lib/x86_64-linux-gnu/libjson-c.so.2.0.0
7f94bc79a000-7f94bc999000 ---p 0000a000 08:01 2757449                    /lib/x86_64-linux-gnu/libjson-c.so.2.0.0
7f94bc999000-7f94bc99a000 r--p 00009000 08:01 2757449                    /lib/x86_64-linux-gnu/libjson-c.so.2.0.0
7f94bc99a000-7f94bc99b000 rw-p 0000a000 08:01 2757449                    /lib/x86_64-linux-gnu/libjson-c.so.2.0.0
7f94bc99b000-7f94bc9e9000 r-xp 00000000 08:01 4728317                    /usr/lib/x86_64-linux-gnu/libpulse.so.0.19.0
7f94bc9e9000-7f94bcbe9000 ---p 0004e000 08:01 4728317                    /usr/lib/x86_64-linux-gnu/libpulse.so.0.19.0
7f94bcbe9000-7f94bcbea000 r--p 0004e000 08:01 4728317                    /usr/lib/x86_64-linux-gnu/libpulse.so.0.19.0
7f94bcbea000-7f94bcbeb000 rw-p 0004f000 08:01 4728317                    /usr/lib/x86_64-linux-gnu/libpulse.so.0.19.0
7f94bcbeb000-7f94bcc40000 r-xp 00000000 08:01 1970581                    /tmp/libgdxfoysal/31ce78a2/libopenal64.so
7f94bcc40000-7f94bce3f000 ---p 00055000 08:01 1970581                    /tmp/libgdxfoysal/31ce78a2/libopenal64.so
7f94bce3f000-7f94bce42000 r--p 00054000 08:01 1970581                    /tmp/libgdxfoysal/31ce78a2/libopenal64.so
7f94bce42000-7f94bce43000 rw-p 00057000 08:01 1970581                    /tmp/libgdxfoysal/31ce78a2/libopenal64.so
7f94bce43000-7f94bce44000 rw-p 00000000 00:00 0 
7f94bce44000-7f94bce49000 r-xp 00000000 08:01 4727343                    /usr/lib/x86_64-linux-gnu/libXxf86vm.so.1.0.0
7f94bce49000-7f94bd048000 ---p 00005000 08:01 4727343                    /usr/lib/x86_64-linux-gnu/libXxf86vm.so.1.0.0
7f94bd048000-7f94bd049000 r--p 00004000 08:01 4727343                    /usr/lib/x86_64-linux-gnu/libXxf86vm.so.1.0.0
7f94bd049000-7f94bd04a000 rw-p 00005000 08:01 4727343                    /usr/lib/x86_64-linux-gnu/libXxf86vm.so.1.0.0
7f94bd04a000-7f94bd054000 r-xp 00000000 08:01 4727325                    /usr/lib/x86_64-linux-gnu/libXrandr.so.2.2.0
7f94bd054000-7f94bd253000 ---p 0000a000 08:01 4727325                    /usr/lib/x86_64-linux-gnu/libXrandr.so.2.2.0
7f94bd253000-7f94bd254000 r--p 00009000 08:01 4727325                    /usr/lib/x86_64-linux-gnu/libXrandr.so.2.2.0
7f94bd254000-7f94bd255000 rw-p 0000a000 08:01 4727325                    /usr/lib/x86_64-linux-gnu/libXrandr.so.2.2.0
7f94bd255000-7f94bd2c5000 r-xp 00000000 08:01 1970580                    /tmp/libgdxfoysal/31ce78a2/liblwjgl64.so
7f94bd2c5000-7f94bd4c5000 ---p 00070000 08:01 1970580                    /tmp/libgdxfoysal/31ce78a2/liblwjgl64.so
7f94bd4c5000-7f94bd4c7000 r--p 00070000 08:01 1970580                    /tmp/libgdxfoysal/31ce78a2/liblwjgl64.so
7f94bd4c7000-7f94bd4c8000 rw-p 00072000 08:01 1970580                    /tmp/libgdxfoysal/31ce78a2/liblwjgl64.so
7f94bd4c8000-7f94bd4c9000 r-xp 00000000 08:01 4723430                    /usr/lib/jvm/java-8-openjdk-amd64/jre/lib/amd64/libjawt.so
7f94bd4c9000-7f94bd6c8000 ---p 00001000 08:01 4723430                    /usr/lib/jvm/java-8-openjdk-amd64/jre/lib/amd64/libjawt.so
7f94bd6c8000-7f94bd6c9000 r--p 00000000 08:01 4723430                    /usr/lib/jvm/java-8-openjdk-amd64/jre/lib/amd64/libjawt.so
7f94bd6c9000-7f94bd6ca000 rw-p 00001000 08:01 4723430                    /usr/lib/jvm/java-8-openjdk-amd64/jre/lib/amd64/libjawt.so
7f94bd6ca000-7f94bd6cd000 ---p 00000000 00:00 0 
7f94bd6cd000-7f94bd7cb000 rw-p 00000000 00:00 0 
7f94bd7cb000-7f94bd7d0000 r-xp 00000000 08:01 4727307                    /usr/lib/x86_64-linux-gnu/libXfixes.so.3.1.0
7f94bd7d0000-7f94bd9cf000 ---p 00005000 08:01 4727307                    /usr/lib/x86_64-linux-gnu/libXfixes.so.3.1.0
7f94bd9cf000-7f94bd9d0000 r--p 00004000 08:01 4727307                    /usr/lib/x86_64-linux-gnu/libXfixes.so.3.1.0
7f94bd9d0000-7f94bd9d1000 rw-p 00005000 08:01 4727307                    /usr/lib/x86_64-linux-gnu/libXfixes.so.3.1.0
7f94bd9d1000-7f94bd9da000 r-xp 00000000 08:01 4727299                    /usr/lib/x86_64-linux-gnu/libXcursor.so.1.0.2
7f94bd9da000-7f94bdbd9000 ---p 00009000 08:01 4727299                    /usr/lib/x86_64-linux-gnu/libXcursor.so.1.0.2
7f94bdbd9000-7f94bdbda000 r--p 00008000 08:01 4727299                    /usr/lib/x86_64-linux-gnu/libXcursor.so.1.0.2
7f94bdbda000-7f94bdbdb000 rw-p 00009000 08:01 4727299                    /usr/lib/x86_64-linux-gnu/libXcursor.so.1.0.2
7f94bdbdb000-7f94bdbde000 ---p 00000000 00:00 0 
7f94bdbde000-7f94bdcdc000 rw-p 00000000 00:00 0 
7f94bdcdc000-7f94bdd00000 r-xp 00000000 08:01 2757531                    /lib/x86_64-linux-gnu/libpng12.so.0.54.0
7f94bdd00000-7f94bdeff000 ---p 00024000 08:01 2757531                    /lib/x86_64-linux-gnu/libpng12.so.0.54.0
7f94bdeff000-7f94bdf00000 r--p 00023000 08:01 2757531                    /lib/x86_64-linux-gnu/libpng12.so.0.54.0
7f94bdf00000-7f94bdf01000 rw-p 00024000 08:01 2757531                    /lib/x86_64-linux-gnu/libpng12.so.0.54.0
7f94bdf01000-7f94bdfa5000 r-xp 00000000 08:01 4727730                    /usr/lib/x86_64-linux-gnu/libfreetype.so.6.12.1
7f94bdfa5000-7f94be1a4000 ---p 000a4000 08:01 4727730                    /usr/lib/x86_64-linux-gnu/libfreetype.so.6.12.1
7f94be1a4000-7f94be1aa000 r--p 000a3000 08:01 4727730                    /usr/lib/x86_64-linux-gnu/libfreetype.so.6.12.1
7f94be1aa000-7f94be1ab000 rw-p 000a9000 08:01 4727730                    /usr/lib/x86_64-linux-gnu/libfreetype.so.6.12.1
7f94be1ab000-7f94be1fc000 r-xp 00000000 08:01 4723441                    /usr/lib/jvm/java-8-openjdk-amd64/jre/lib/amd64/libfontmanager.so
7f94be1fc000-7f94be3fc000 ---p 00051000 08:01 4723441                    /usr/lib/jvm/java-8-openjdk-amd64/jre/lib/amd64/libfontmanager.so
7f94be3fc000-7f94be3fe000 r--p 00051000 08:01 4723441                    /usr/lib/jvm/java-8-openjdk-amd64/jre/lib/amd64/libfontmanager.so
7f94be3fe000-7f94be3ff000 rw-p 00053000 08:01 4723441                    /usr/lib/jvm/java-8-openjdk-amd64/jre/lib/amd64/libfontmanager.so
7f94be3ff000-7f94be404000 r-xp 00000000 08:01 4727303                    /usr/lib/x86_64-linux-gnu/libXdmcp.so.6.0.0
7f94be404000-7f94be603000 ---p 00005000 08:01 4727303                    /usr/lib/x86_64-linux-gnu/libXdmcp.so.6.0.0
7f94be603000-7f94be604000 r--p 00004000 08:01 4727303                    /usr/lib/x86_64-linux-gnu/libXdmcp.so.6.0.0
7f94be604000-7f94be605000 rw-p 00005000 08:01 4727303                    /usr/lib/x86_64-linux-gnu/libXdmcp.so.6.0.0
7f94be605000-7f94be607000 r-xp 00000000 08:01 4727292                    /usr/lib/x86_64-linux-gnu/libXau.so.6.0.0
7f94be607000-7f94be807000 ---p 00002000 08:01 4727292                    /usr/lib/x86_64-linux-gnu/libXau.so.6.0.0
7f94be807000-7f94be808000 r--p 00002000 08:01 4727292                    /usr/lib/x86_64-linux-gnu/libXau.so.6.0.0
7f94be808000-7f94be809000 rw-p 00003000 08:01 4727292                    /usr/lib/x86_64-linux-gnu/libXau.so.6.0.0
7f94be809000-7f94be82a000 r-xp 00000000 08:01 4728716                    /usr/lib/x86_64-linux-gnu/libxcb.so.1.1.0
7f94be82a000-7f94bea29000 ---p 00021000 08:01 4728716                    /usr/lib/x86_64-linux-gnu/libxcb.so.1.1.0
7f94bea29000-7f94bea2a000 r--p 00020000 08:01 4728716                    /usr/lib/x86_64-linux-gnu/libxcb.so.1.1.0
7f94bea2a000-7f94bea2b000 rw-p 00021000 08:01 4728716                    /usr/lib/x86_64-linux-gnu/libxcb.so.1.1.0
7f94bea2b000-7f94bea3a000 r-xp 00000000 08:01 4727315                    /usr/lib/x86_64-linux-gnu/libXi.so.6.1.0
7f94bea3a000-7f94bec39000 ---p 0000f000 08:01 4727315                    /usr/lib/x86_64-linux-gnu/libXi.so.6.1.0
7f94bec39000-7f94bec3a000 r--p 0000e000 08:01 4727315                    /usr/lib/x86_64-linux-gnu/libXi.so.6.1.0
7f94bec3a000-7f94bec3b000 rw-p 0000f000 08:01 4727315                    /usr/lib/x86_64-linux-gnu/libXi.so.6.1.0
7f94bec3b000-7f94bec40000 r-xp 00000000 08:01 4727333                    /usr/lib/x86_64-linux-gnu/libXtst.so.6.1.0
7f94bec40000-7f94bee3f000 ---p 00005000 08:01 4727333                    /usr/lib/x86_64-linux-gnu/libXtst.so.6.1.0
7f94bee3f000-7f94bee40000 r--p 00004000 08:01 4727333                    /usr/lib/x86_64-linux-gnu/libXtst.so.6.1.0
7f94bee40000-7f94bee41000 rw-p 00005000 08:01 4727333                    /usr/lib/x86_64-linux-gnu/libXtst.so.6.1.0
7f94bee41000-7f94bee4a000 r-xp 00000000 08:01 4727327                    /usr/lib/x86_64-linux-gnu/libXrender.so.1.3.0
7f94bee4a000-7f94bf049000 ---p 00009000 08:01 4727327                    /usr/lib/x86_64-linux-gnu/libXrender.so.1.3.0
7f94bf049000-7f94bf04a000 r--p 00008000 08:01 4727327                    /usr/lib/x86_64-linux-gnu/libXrender.so.1.3.0
7f94bf04a000-7f94bf04b000 rw-p 00009000 08:01 4727327                    /usr/lib/x86_64-linux-gnu/libXrender.so.1.3.0
7f94bf04b000-7f94bf180000 r-xp 00000000 08:01 4727288                    /usr/lib/x86_64-linux-gnu/libX11.so.6.3.0
7f94bf180000-7f94bf380000 ---p 00135000 08:01 4727288                    /usr/lib/x86_64-linux-gnu/libX11.so.6.3.0
7f94bf380000-7f94bf381000 r--p 00135000 08:01 4727288                    /usr/lib/x86_64-linux-gnu/libX11.so.6.3.0
7f94bf381000-7f94bf385000 rw-p 00136000 08:01 4727288                    /usr/lib/x86_64-linux-gnu/libX11.so.6.3.0
7f94bf385000-7f94bf396000 r-xp 00000000 08:01 4727305                    /usr/lib/x86_64-linux-gnu/libXext.so.6.4.0
7f94bf396000-7f94bf595000 ---p 00011000 08:01 4727305                    /usr/lib/x86_64-linux-gnu/libXext.so.6.4.0
7f94bf595000-7f94bf596000 r--p 00010000 08:01 4727305                    /usr/lib/x86_64-linux-gnu/libXext.so.6.4.0
7f94bf596000-7f94bf597000 rw-p 00011000 08:01 4727305                    /usr/lib/x86_64-linux-gnu/libXext.so.6.4.0
7f94bf597000-7f94bf5f2000 r-xp 00000000 08:01 4723422                    /usr/lib/jvm/java-8-openjdk-amd64/jre/lib/amd64/libawt_xawt.so
7f94bf5f2000-7f94bf7f1000 ---p 0005b000 08:01 4723422                    /usr/lib/jvm/java-8-openjdk-amd64/jre/lib/amd64/libawt_xawt.so
7f94bf7f1000-7f94bf7f2000 r--p 0005a000 08:01 4723422                    /usr/lib/jvm/java-8-openjdk-amd64/jre/lib/amd64/libawt_xawt.so
7f94bf7f2000-7f94bf7f5000 rw-p 0005b000 08:01 4723422                    /usr/lib/jvm/java-8-openjdk-amd64/jre/lib/amd64/libawt_xawt.so
7f94bf7f5000-7f94bf7f7000 rw-p 00000000 00:00 0 
7f94bf7f7000-7f94bf896000 r-xp 00000000 08:01 4723424                    /usr/lib/jvm/java-8-openjdk-amd64/jre/lib/amd64/libawt.so
7f94bf896000-7f94bfa96000 ---p 0009f000 08:01 4723424                    /usr/lib/jvm/java-8-openjdk-amd64/jre/lib/amd64/libawt.so
7f94bfa96000-7f94bfa97000 r--p 0009f000 08:01 4723424                    /usr/lib/jvm/java-8-openjdk-amd64/jre/lib/amd64/libawt.so
7f94bfa97000-7f94bfaa2000 rw-p 000a0000 08:01 4723424                    /usr/lib/jvm/java-8-openjdk-amd64/jre/lib/amd64/libawt.so
7f94bfaa2000-7f94bfac7000 rw-p 00000000 00:00 0 
7f94bfac7000-7f94bfafb000 r-xp 00000000 08:01 1970578                    /tmp/libgdxfoysal/3db1ff57/libgdx64.so
7f94bfafb000-7f94bfcfb000 ---p 00034000 08:01 1970578                    /tmp/libgdxfoysal/3db1ff57/libgdx64.so
7f94bfcfb000-7f94bfcfc000 r--p 00034000 08:01 1970578                    /tmp/libgdxfoysal/3db1ff57/libgdx64.so
7f94bfcfc000-7f94bfcfd000 rw-p 00035000 08:01 1970578                    /tmp/libgdxfoysal/3db1ff57/libgdx64.so
7f94bfcfd000-7f94bfcfe000 ---p 00000000 00:00 0 
7f94bfcfe000-7f94bfdfe000 rw-p 00000000 00:00 0 
7f94bfdfe000-7f94bfe01000 ---p 00000000 00:00 0 
7f94bfe01000-7f94bfeff000 rw-p 00000000 00:00 0 
7f94bfeff000-7f94bff02000 ---p 00000000 00:00 0 
7f94bff02000-7f94c0000000 rw-p 00000000 00:00 0 
7f94c0000000-7f94c0021000 rw-p 00000000 00:00 0 
7f94c0021000-7f94c4000000 ---p 00000000 00:00 0 
7f94c4000000-7f94c4005000 rw-s 00000000 00:18 662                        /i915 (deleted)
7f94c4005000-7f94c4008000 ---p 00000000 00:00 0 
7f94c4008000-7f94c403e000 rw-p 00000000 00:00 0 
7f94c403e000-7f94c4045000 r--s 00000000 08:01 4983605                    /usr/lib/x86_64-linux-gnu/gconv/gconv-modules.cache
7f94c4045000-7f94c4058000 r--s 00346000 08:01 4724250                    /usr/lib/jvm/java-8-openjdk-amd64/jre/lib/resources.jar
7f94c4058000-7f94c405c000 r--s 000a1000 08:01 4724252                    /usr/lib/jvm/java-8-openjdk-amd64/jre/lib/jsse.jar
7f94c405c000-7f94c405d000 r--s 00002000 08:03 1966785                    /home/foysal/.gradle/caches/modules-2/files-2.1/net.java.jinput/jinput-platform/2.0.5/53f9c919f34d2ca9de8c51fc4e1e8282029a9232/jinput-platform-2.0.5-natives-osx.jar
7f94c405d000-7f94c405e000 r--s 00025000 08:03 1966783                    /home/foysal/.gradle/caches/modules-2/files-2.1/net.java.jinput/jinput-platform/2.0.5/385ee093e01f587f30ee1c8a2ee7d408fd732e16/jinput-platform-2.0.5-natives-windows.jar
7f94c405e000-7f94c405f000 r--s 00002000 08:03 1966781                    /home/foysal/.gradle/caches/modules-2/files-2.1/net.java.jinput/jinput-platform/2.0.5/7ff832a6eb9ab6a767f1ade2b548092d0fa64795/jinput-platform-2.0.5-natives-linux.jar
7f94c405f000-7f94c4060000 r--s 00001000 08:03 1966779                    /home/foysal/.gradle/caches/modules-2/files-2.1/net.java.jutils/jutils/1.0.0/e12fe1fda814bd348c1579329c86943d2cd3c6a6/jutils-1.0.0.jar
7f94c4060000-7f94c4064000 r--s 0002f000 08:03 1966777                    /home/foysal/.gradle/caches/modules-2/files-2.1/net.java.jinput/jinput/2.0.5/39c7796b469a600f72380316f6b1f11db6c2c7c4/jinput-2.0.5.jar
7f94c4064000-7f94c4065000 r--s 00068000 08:03 1966789                    /home/foysal/.gradle/caches/modules-2/files-2.1/org.lwjgl.lwjgl/lwjgl-platform/2.9.2/d55b46b40b40249d627a83a7f7f22649709d70c3/lwjgl-platform-2.9.2-natives-osx.jar
7f94c4065000-7f94c4066000 r--s 0008d000 08:03 1966791                    /home/foysal/.gradle/caches/modules-2/files-2.1/org.lwjgl.lwjgl/lwjgl-platform/2.9.2/d276cdf61fe2b516c7b7f4aa1b8dea91dbdc8d56/lwjgl-platform-2.9.2-natives-linux.jar
7f94c4066000-7f94c4068000 r--s 00017000 08:03 1966769                    /home/foysal/.gradle/caches/modules-2/files-2.1/org.jcraft/jorbis/0.0.17/8872d22b293e8f5d7d56ff92be966e6dc28ebdc6/jorbis-0.0.17.jar
7f94c4068000-7f94c4076000 r--s 000f2000 08:03 1966793                    /home/foysal/.gradle/caches/modules-2/files-2.1/org.lwjgl.lwjgl/lwjgl/2.9.2/a9d80fe5935c7a9149f6584d9777cfd471f65489/lwjgl-2.9.2.jar
7f94c4076000-7f94c407a000 r--s 00027000 08:03 1966771                    /home/foysal/.gradle/caches/modules-2/files-2.1/org.lwjgl.lwjgl/lwjgl_util/2.9.2/4b9e37300a87799856e0bd15ed81663cdb6b0947/lwjgl_util-2.9.2.jar
7f94c407a000-7f94c4096000 r--s 001be000 08:03 1966665                    /home/foysal/.gradle/caches/modules-2/files-2.1/com.badlogicgames.gdx/gdx/1.9.9/bf26f2f816b3cfe37ac6e66615391c30714b7030/gdx-1.9.9.jar
7f94c4096000-7f94c40b1000 r--s 001d6000 08:01 4724280                    /usr/lib/jvm/java-8-openjdk-amd64/jre/lib/ext/nashorn.jar
7f94c40b1000-7f94c40cc000 r--s 00394000 08:01 4724279                    /usr/lib/jvm/java-8-openjdk-amd64/jre/lib/ext/cldrdata.jar
7f94c40cc000-7f94c40cf000 ---p 00000000 00:00 0 
7f94c40cf000-7f94c41cd000 rw-p 00000000 00:00 0 
7f94c41cd000-7f94c41d0000 ---p 00000000 00:00 0 
7f94c41d0000-7f94c42ce000 rw-p 00000000 00:00 0 
7f94c42ce000-7f94c42d1000 ---p 00000000 00:00 0 
7f94c42d1000-7f94c43cf000 rw-p 00000000 00:00 0 
7f94c43cf000-7f94c4dde000 r--p 00000000 08:01 4726095                    /usr/lib/locale/locale-archive
7f94c4dde000-7f94c4de1000 ---p 00000000 00:00 0 
7f94c4de1000-7f94c4edf000 rw-p 00000000 00:00 0 
7f94c4edf000-7f94c4ee2000 ---p 00000000 00:00 0 
7f94c4ee2000-7f94c4fe0000 rw-p 00000000 00:00 0 
7f94c4fe0000-7f94c4fe1000 ---p 00000000 00:00 0 
7f94c4fe1000-7f94c6011000 rw-p 00000000 00:00 0 
7f94c6011000-7f94c61e0000 r--s 03c3b000 08:01 4724248                    /usr/lib/jvm/java-8-openjdk-amd64/jre/lib/rt.jar
7f94c61e0000-7f94c8000000 rw-p 00000000 00:00 0 
7f94c8000000-7f94c8021000 rw-p 00000000 00:00 0 
7f94c8021000-7f94cc000000 ---p 00000000 00:00 0 
7f94cc000000-7f94cc001000 r--s 00095000 08:03 1966775                    /home/foysal/.gradle/caches/modules-2/files-2.1/org.lwjgl.lwjgl/lwjgl-platform/2.9.2/510c7d317f5e9e700b9cfaac5fd38bdebf0702e0/lwjgl-platform-2.9.2-natives-windows.jar
7f94cc001000-7f94cc002000 r--s 00015000 08:03 1966767                    /home/foysal/.gradle/caches/modules-2/files-2.1/com.badlogicgames.jlayer/jlayer/1.0.1-gdx/7cca83cec5c1b2f011362f4d85aabd71a73b049d/jlayer-1.0.1-gdx.jar
7f94cc002000-7f94cc005000 r--s 00021000 08:03 1966773                    /home/foysal/.gradle/caches/modules-2/files-2.1/com.badlogicgames.gdx/gdx-backend-lwjgl/1.9.9/ca8911cb94c0bfeb59f99e46ca9b92440958fb0e/gdx-backend-lwjgl-1.9.9.jar
7f94cc005000-7f94cc007000 r--s 00010000 08:03 2097417                    /home/foysal/.gradle/caches/modules-2/files-2.1/com.badlogicgames.gdx/gdx-box2d/1.9.9/e9a43c50fbe4f1e26dd0af5d2e78d125549e7f6b/gdx-box2d-1.9.9.jar
7f94cc007000-7f94cc00b000 r--s 00029000 08:03 2885163                    /home/foysal/.gradle/caches/modules-2/files-2.1/net.dermetfan.libgdx-utils/libgdx-utils/0.13.4/27affad2873d1c9c366a2290fc51f3927f3a5f83/libgdx-utils-0.13.4.jar
7f94cc00b000-7f94cc00f000 r--s 0001e000 08:03 2885157                    /home/foysal/.gradle/caches/modules-2/files-2.1/net.dermetfan.libgdx-utils/libgdx-utils-box2d/0.13.4/918d79a20ea3c898cdb3611782c5b2bfa6ec575b/libgdx-utils-box2d-0.13.4.jar
7f94cc00f000-7f94cc011000 r--s 00008000 08:01 4724283                    /usr/lib/jvm/java-8-openjdk-amd64/jre/lib/ext/sunec.jar
7f94cc011000-7f94cc01b000 r--s 00116000 08:01 4724287                    /usr/lib/jvm/java-8-openjdk-amd64/jre/lib/ext/localedata.jar
7f94cc01b000-7f94cc020000 r--s 0003c000 08:01 4724284                    /usr/lib/jvm/java-8-openjdk-amd64/jre/lib/ext/sunjce_provider.jar
7f94cc020000-7f94ccaba000 rw-p 00000000 00:00 0 
7f94ccaba000-7f94ccabb000 ---p 00000000 00:00 0 
7f94ccabb000-7f94ccbbb000 rw-p 00000000 00:00 0 
7f94ccbbb000-7f94ccbbc000 ---p 00000000 00:00 0 
7f94ccbbc000-7f94cccbc000 rw-p 00000000 00:00 0 
7f94cccbc000-7f94cccbd000 ---p 00000000 00:00 0 
7f94cccbd000-7f94ccdbd000 rw-p 00000000 00:00 0 
7f94ccdbd000-7f94ccdbe000 ---p 00000000 00:00 0 
7f94ccdbe000-7f94cced3000 rw-p 00000000 00:00 0 
7f94cced3000-7f94cd000000 ---p 00000000 00:00 0 
7f94cd000000-7f94cd290000 rwxp 00000000 00:00 0 
7f94cd290000-7f94dc000000 ---p 00000000 00:00 0 
7f94dc000000-7f94dc3f2000 rw-p 00000000 00:00 0 
7f94dc3f2000-7f94e0000000 ---p 00000000 00:00 0 
7f94e0000000-7f94e0001000 r--s 000e8000 08:03 2097429                    /home/foysal/.gradle/caches/modules-2/files-2.1/com.badlogicgames.gdx/gdx-box2d-platform/1.9.9/72b2916f45f3f948896eda931cd597f7e698340f/gdx-box2d-platform-1.9.9-natives-desktop.jar
7f94e0001000-7f94e0058000 rw-p 00000000 00:00 0 
7f94e0058000-7f94e0184000 ---p 00000000 00:00 0 
7f94e0184000-7f94e018f000 rw-p 00000000 00:00 0 
7f94e018f000-7f94e0225000 ---p 00000000 00:00 0 
7f94e0225000-7f94e0231000 rw-p 00000000 00:00 0 
7f94e0231000-7f94e05e6000 ---p 00000000 00:00 0 
7f94e05e6000-7f94e05ee000 r-xp 00000000 08:01 4724246                    /usr/lib/jvm/java-8-openjdk-amd64/jre/lib/amd64/libzip.so
7f94e05ee000-7f94e07ed000 ---p 00008000 08:01 4724246                    /usr/lib/jvm/java-8-openjdk-amd64/jre/lib/amd64/libzip.so
7f94e07ed000-7f94e07ee000 r--p 00007000 08:01 4724246                    /usr/lib/jvm/java-8-openjdk-amd64/jre/lib/amd64/libzip.so
7f94e07ee000-7f94e07ef000 rw-p 00008000 08:01 4724246                    /usr/lib/jvm/java-8-openjdk-amd64/jre/lib/amd64/libzip.so
7f94e07ef000-7f94e07fa000 r-xp 00000000 08:01 2757489                    /lib/x86_64-linux-gnu/libnss_files-2.23.so
7f94e07fa000-7f94e09f9000 ---p 0000b000 08:01 2757489                    /lib/x86_64-linux-gnu/libnss_files-2.23.so
7f94e09f9000-7f94e09fa000 r--p 0000a000 08:01 2757489                    /lib/x86_64-linux-gnu/libnss_files-2.23.so
7f94e09fa000-7f94e09fb000 rw-p 0000b000 08:01 2757489                    /lib/x86_64-linux-gnu/libnss_files-2.23.so
7f94e09fb000-7f94e0a01000 rw-p 00000000 00:00 0 
7f94e0a01000-7f94e0a0c000 r-xp 00000000 08:01 2757499                    /lib/x86_64-linux-gnu/libnss_nis-2.23.so
7f94e0a0c000-7f94e0c0b000 ---p 0000b000 08:01 2757499                    /lib/x86_64-linux-gnu/libnss_nis-2.23.so
7f94e0c0b000-7f94e0c0c000 r--p 0000a000 08:01 2757499                    /lib/x86_64-linux-gnu/libnss_nis-2.23.so
7f94e0c0c000-7f94e0c0d000 rw-p 0000b000 08:01 2757499                    /lib/x86_64-linux-gnu/libnss_nis-2.23.so
7f94e0c0d000-7f94e0c23000 r-xp 00000000 08:01 2757483                    /lib/x86_64-linux-gnu/libnsl-2.23.so
7f94e0c23000-7f94e0e22000 ---p 00016000 08:01 2757483                    /lib/x86_64-linux-gnu/libnsl-2.23.so
7f94e0e22000-7f94e0e23000 r--p 00015000 08:01 2757483                    /lib/x86_64-linux-gnu/libnsl-2.23.so
7f94e0e23000-7f94e0e24000 rw-p 00016000 08:01 2757483                    /lib/x86_64-linux-gnu/libnsl-2.23.so
7f94e0e24000-7f94e0e26000 rw-p 00000000 00:00 0 
7f94e0e26000-7f94e0e2e000 r-xp 00000000 08:01 2757485                    /lib/x86_64-linux-gnu/libnss_compat-2.23.so
7f94e0e2e000-7f94e102d000 ---p 00008000 08:01 2757485                    /lib/x86_64-linux-gnu/libnss_compat-2.23.so
7f94e102d000-7f94e102e000 r--p 00007000 08:01 2757485                    /lib/x86_64-linux-gnu/libnss_compat-2.23.so
7f94e102e000-7f94e102f000 rw-p 00008000 08:01 2757485                    /lib/x86_64-linux-gnu/libnss_compat-2.23.so
7f94e102f000-7f94e105b000 r-xp 00000000 08:01 4723440                    /usr/lib/jvm/java-8-openjdk-amd64/jre/lib/amd64/libjava.so
7f94e105b000-7f94e125a000 ---p 0002c000 08:01 4723440                    /usr/lib/jvm/java-8-openjdk-amd64/jre/lib/amd64/libjava.so
7f94e125a000-7f94e125b000 r--p 0002b000 08:01 4723440                    /usr/lib/jvm/java-8-openjdk-amd64/jre/lib/amd64/libjava.so
7f94e125b000-7f94e125d000 rw-p 0002c000 08:01 4723440                    /usr/lib/jvm/java-8-openjdk-amd64/jre/lib/amd64/libjava.so
7f94e125d000-7f94e126c000 r-xp 00000000 08:01 4723428                    /usr/lib/jvm/java-8-openjdk-amd64/jre/lib/amd64/libverify.so
7f94e126c000-7f94e146b000 ---p 0000f000 08:01 4723428                    /usr/lib/jvm/java-8-openjdk-amd64/jre/lib/amd64/libverify.so
7f94e146b000-7f94e146d000 r--p 0000e000 08:01 4723428                    /usr/lib/jvm/java-8-openjdk-amd64/jre/lib/amd64/libverify.so
7f94e146d000-7f94e146e000 rw-p 00010000 08:01 4723428                    /usr/lib/jvm/java-8-openjdk-amd64/jre/lib/amd64/libverify.so
7f94e146e000-7f94e1475000 r-xp 00000000 08:01 2757544                    /lib/x86_64-linux-gnu/librt-2.23.so
7f94e1475000-7f94e1674000 ---p 00007000 08:01 2757544                    /lib/x86_64-linux-gnu/librt-2.23.so
7f94e1674000-7f94e1675000 r--p 00006000 08:01 2757544                    /lib/x86_64-linux-gnu/librt-2.23.so
7f94e1675000-7f94e1676000 rw-p 00007000 08:01 2757544                    /lib/x86_64-linux-gnu/librt-2.23.so
7f94e1676000-7f94e168c000 r-xp 00000000 08:01 2757428                    /lib/x86_64-linux-gnu/libgcc_s.so.1
7f94e168c000-7f94e188b000 ---p 00016000 08:01 2757428                    /lib/x86_64-linux-gnu/libgcc_s.so.1
7f94e188b000-7f94e188c000 rw-p 00015000 08:01 2757428                    /lib/x86_64-linux-gnu/libgcc_s.so.1
7f94e188c000-7f94e1994000 r-xp 00000000 08:01 2757460                    /lib/x86_64-linux-gnu/libm-2.23.so
7f94e1994000-7f94e1b93000 ---p 00108000 08:01 2757460                    /lib/x86_64-linux-gnu/libm-2.23.so
7f94e1b93000-7f94e1b94000 r--p 00107000 08:01 2757460                    /lib/x86_64-linux-gnu/libm-2.23.so
7f94e1b94000-7f94e1b95000 rw-p 00108000 08:01 2757460                    /lib/x86_64-linux-gnu/libm-2.23.so
7f94e1b95000-7f94e1d07000 r-xp 00000000 08:01 4728465                    /usr/lib/x86_64-linux-gnu/libstdc++.so.6.0.21
7f94e1d07000-7f94e1f07000 ---p 00172000 08:01 4728465                    /usr/lib/x86_64-linux-gnu/libstdc++.so.6.0.21
7f94e1f07000-7f94e1f11000 r--p 00172000 08:01 4728465                    /usr/lib/x86_64-linux-gnu/libstdc++.so.6.0.21
7f94e1f11000-7f94e1f13000 rw-p 0017c000 08:01 4728465                    /usr/lib/x86_64-linux-gnu/libstdc++.so.6.0.21
7f94e1f13000-7f94e1f17000 rw-p 00000000 00:00 0 
7f94e1f17000-7f94e2b7b000 r-xp 00000000 08:01 4723438                    /usr/lib/jvm/java-8-openjdk-amd64/jre/lib/amd64/server/libjvm.so
7f94e2b7b000-7f94e2d7a000 ---p 00c64000 08:01 4723438                    /usr/lib/jvm/java-8-openjdk-amd64/jre/lib/amd64/server/libjvm.so
7f94e2d7a000-7f94e2e0e000 r--p 00c63000 08:01 4723438                    /usr/lib/jvm/java-8-openjdk-amd64/jre/lib/amd64/server/libjvm.so
7f94e2e0e000-7f94e2e37000 rw-p 00cf7000 08:01 4723438                    /usr/lib/jvm/java-8-openjdk-amd64/jre/lib/amd64/server/libjvm.so
7f94e2e37000-7f94e2e67000 rw-p 00000000 00:00 0 
7f94e2e67000-7f94e2e7f000 r-xp 00000000 08:01 2757536                    /lib/x86_64-linux-gnu/libpthread-2.23.so
7f94e2e7f000-7f94e307e000 ---p 00018000 08:01 2757536                    /lib/x86_64-linux-gnu/libpthread-2.23.so
7f94e307e000-7f94e307f000 r--p 00017000 08:01 2757536                    /lib/x86_64-linux-gnu/libpthread-2.23.so
7f94e307f000-7f94e3080000 rw-p 00018000 08:01 2757536                    /lib/x86_64-linux-gnu/libpthread-2.23.so
7f94e3080000-7f94e3084000 rw-p 00000000 00:00 0 
7f94e3084000-7f94e3087000 r-xp 00000000 08:01 2757414                    /lib/x86_64-linux-gnu/libdl-2.23.so
7f94e3087000-7f94e3286000 ---p 00003000 08:01 2757414                    /lib/x86_64-linux-gnu/libdl-2.23.so
7f94e3286000-7f94e3287000 r--p 00002000 08:01 2757414                    /lib/x86_64-linux-gnu/libdl-2.23.so
7f94e3287000-7f94e3288000 rw-p 00003000 08:01 2757414                    /lib/x86_64-linux-gnu/libdl-2.23.so
7f94e3288000-7f94e32a1000 r-xp 00000000 08:01 2757581                    /lib/x86_64-linux-gnu/libz.so.1.2.8
7f94e32a1000-7f94e34a0000 ---p 00019000 08:01 2757581                    /lib/x86_64-linux-gnu/libz.so.1.2.8
7f94e34a0000-7f94e34a1000 r--p 00018000 08:01 2757581                    /lib/x86_64-linux-gnu/libz.so.1.2.8
7f94e34a1000-7f94e34a2000 rw-p 00019000 08:01 2757581                    /lib/x86_64-linux-gnu/libz.so.1.2.8
7f94e34a2000-7f94e3662000 r-xp 00000000 08:01 2757390                    /lib/x86_64-linux-gnu/libc-2.23.so
7f94e3662000-7f94e3862000 ---p 001c0000 08:01 2757390                    /lib/x86_64-linux-gnu/libc-2.23.so
7f94e3862000-7f94e3866000 r--p 001c0000 08:01 2757390                    /lib/x86_64-linux-gnu/libc-2.23.so
7f94e3866000-7f94e3868000 rw-p 001c4000 08:01 2757390                    /lib/x86_64-linux-gnu/libc-2.23.so
7f94e3868000-7f94e386c000 rw-p 00000000 00:00 0 
7f94e386c000-7f94e3879000 r-xp 00000000 08:01 4723477                    /usr/lib/jvm/java-8-openjdk-amd64/jre/lib/amd64/jli/libjli.so
7f94e3879000-7f94e3a78000 ---p 0000d000 08:01 4723477                    /usr/lib/jvm/java-8-openjdk-amd64/jre/lib/amd64/jli/libjli.so
7f94e3a78000-7f94e3a79000 r--p 0000c000 08:01 4723477                    /usr/lib/jvm/java-8-openjdk-amd64/jre/lib/amd64/jli/libjli.so
7f94e3a79000-7f94e3a7a000 rw-p 0000d000 08:01 4723477                    /usr/lib/jvm/java-8-openjdk-amd64/jre/lib/amd64/jli/libjli.so
7f94e3a7a000-7f94e3aa0000 r-xp 00000000 08:01 2757362                    /lib/x86_64-linux-gnu/ld-2.23.so
7f94e3aa0000-7f94e3aa1000 r--s 000ba000 08:03 1966787                    /home/foysal/.gradle/caches/modules-2/files-2.1/com.badlogicgames.gdx/gdx-platform/1.9.9/7e644cfafdb436b13b24ac7993ffab17f306b64d/gdx-platform-1.9.9-natives-desktop.jar
7f94e3aa1000-7f94e3aa3000 r--s 00001000 08:01 4724286                    /usr/lib/jvm/java-8-openjdk-amd64/jre/lib/ext/dnsns.jar
7f94e3aa3000-7f94e3aa4000 r--s 00010000 08:01 4724282                    /usr/lib/jvm/java-8-openjdk-amd64/jre/lib/ext/zipfs.jar
7f94e3aa4000-7f94e3aa7000 r--s 0000f000 08:01 4724278                    /usr/lib/jvm/java-8-openjdk-amd64/jre/lib/ext/icedtea-sound.jar
7f94e3aa7000-7f94e3aaa000 r--s 00039000 08:01 4724288                    /usr/lib/jvm/java-8-openjdk-amd64/jre/lib/ext/sunpkcs11.jar
7f94e3aaa000-7f94e3b7b000 rw-p 00000000 00:00 0 
7f94e3b7b000-7f94e3b7e000 ---p 00000000 00:00 0 
7f94e3b7e000-7f94e3c80000 rw-p 00000000 00:00 0 
7f94e3c80000-7f94e3c81000 r--s 0000a000 08:01 4724285                    /usr/lib/jvm/java-8-openjdk-amd64/jre/lib/ext/jaccess.jar
7f94e3c81000-7f94e3c94000 rw-p 00000000 00:00 0 
7f94e3c94000-7f94e3c9c000 rw-s 00000000 08:01 1970587                    /tmp/hsperfdata_foysal/21302
7f94e3c9c000-7f94e3c9d000 rw-p 00000000 00:00 0 
7f94e3c9d000-7f94e3c9e000 r--p 00000000 00:00 0 
7f94e3c9e000-7f94e3c9f000 rw-p 00000000 00:00 0 
7f94e3c9f000-7f94e3ca0000 r--p 00025000 08:01 2757362                    /lib/x86_64-linux-gnu/ld-2.23.so
7f94e3ca0000-7f94e3ca1000 rw-p 00026000 08:01 2757362                    /lib/x86_64-linux-gnu/ld-2.23.so
7f94e3ca1000-7f94e3ca2000 rw-p 00000000 00:00 0 
7fffc491c000-7fffc493e000 rw-p 00000000 00:00 0                          [stack]
7fffc493f000-7fffc4942000 r--p 00000000 00:00 0                          [vvar]
7fffc4942000-7fffc4944000 r-xp 00000000 00:00 0                          [vdso]
ffffffffff600000-ffffffffff601000 r-xp 00000000 00:00 0                  [vsyscall]

VM Arguments:
jvm_args: -Dfile.encoding=UTF-8 
java_command: com.mygdx.game.desktop.DesktopLauncher
java_class_path (initial): /home/foysal/Documents/project/desktop/bin/main:/home/foysal/Documents/project/desktop/bin/default:/home/foysal/Documents/project/core/bin/main:/home/foysal/.gradle/caches/modules-2/files-2.1/net.dermetfan.libgdx-utils/libgdx-utils-box2d/0.13.4/918d79a20ea3c898cdb3611782c5b2bfa6ec575b/libgdx-utils-box2d-0.13.4.jar:/home/foysal/.gradle/caches/modules-2/files-2.1/net.dermetfan.libgdx-utils/libgdx-utils/0.13.4/27affad2873d1c9c366a2290fc51f3927f3a5f83/libgdx-utils-0.13.4.jar:/home/foysal/.gradle/caches/modules-2/files-2.1/com.badlogicgames.gdx/gdx-box2d/1.9.9/e9a43c50fbe4f1e26dd0af5d2e78d125549e7f6b/gdx-box2d-1.9.9.jar:/home/foysal/.gradle/caches/modules-2/files-2.1/com.badlogicgames.gdx/gdx/1.9.9/bf26f2f816b3cfe37ac6e66615391c30714b7030/gdx-1.9.9.jar:/home/foysal/.gradle/caches/modules-2/files-2.1/com.badlogicgames.gdx/gdx-backend-lwjgl/1.9.9/ca8911cb94c0bfeb59f99e46ca9b92440958fb0e/gdx-backend-lwjgl-1.9.9.jar:/home/foysal/.gradle/caches/modules-2/files-2.1/com.badlogicgames.gdx/gdx-platform/1.9.9/7e644cfafdb436b13b24ac7993ffab17f306b64d/gdx-platform-1.9.9-natives-desktop.jar:/home/foysal/.gradle/caches/modules-2/files-2.1/com.badlogicgames.gdx/gdx-box2d-platform/1.9.9/72b2916f45f3f948896eda931cd597f7e698340f/gdx-box2d-platform-1.9.9-natives-desktop.jar:/home/foysal/.gradle/caches/modules-2/files-2.1/org.lwjgl.lwjgl/lwjgl_util/2.9.2/4b9e37300a87799856e0bd15ed81663cdb6b0947/lwjgl_util-2.9.2.jar:/home/foysal/.gradle/caches/modules-2/files-2.1/org.lwjgl.lwjgl/lwjgl/2.9.2/a9d80fe5935c7a9149f6584d9777cfd471f65489/lwjgl-2.9.2.jar:/home/foysal/.gradle/caches/modules-2/files-2.1/com.badlogicgames.jlayer/jlayer/1.0.1-gdx/7cca83cec5c1b2f011362f4d85aabd71a73b049d/jlayer-1.0.1-gdx.jar:/home/foysal/.gradle/caches/modules-2/files-2.1/org.jcraft/jorbis/0.0.17/8872d22b293e8f5d7d56ff92be966e6dc28ebdc6/jorbis-0.0.17.jar:/home/foysal/.gradle/caches/modules-2/files-2.1/org.lwjgl.lwjgl/lwjgl-platform/2.9.2/510c7d317f5e9e700b9cfaac5fd38bdebf0702e0/lwjgl-platform
Launcher Type: SUN_STANDARD

Environment Variables:
PATH=/home/foysal/bin:/home/foysal/.local/bin:/usr/local/sbin:/usr/local/bin:/usr/sbin:/usr/bin:/sbin:/bin:/usr/games:/usr/local/games:/snap/bin
SHELL=/bin/bash
DISPLAY=:0

Signal Handlers:
SIGSEGV: [libjvm.so+0xa765a0], sa_mask[0]=11111111011111111101111111111110, sa_flags=SA_RESTART|SA_SIGINFO
SIGBUS: [libjvm.so+0xa765a0], sa_mask[0]=11111111011111111101111111111110, sa_flags=SA_RESTART|SA_SIGINFO
SIGFPE: [libjvm.so+0x8bd800], sa_mask[0]=11111111011111111101111111111110, sa_flags=SA_RESTART|SA_SIGINFO
SIGPIPE: [libjvm.so+0x8bd800], sa_mask[0]=11111111011111111101111111111110, sa_flags=SA_RESTART|SA_SIGINFO
SIGXFSZ: [libjvm.so+0x8bd800], sa_mask[0]=11111111011111111101111111111110, sa_flags=SA_RESTART|SA_SIGINFO
SIGILL: [libjvm.so+0x8bd800], sa_mask[0]=11111111011111111101111111111110, sa_flags=SA_RESTART|SA_SIGINFO
SIGUSR1: SIG_DFL, sa_mask[0]=00000000000000000000000000000000, sa_flags=none
SIGUSR2: [libjvm.so+0x8bd6b0], sa_mask[0]=00100000000000000000000000000000, sa_flags=SA_RESTART|SA_SIGINFO
SIGHUP: [libjvm.so+0x8bdd40], sa_mask[0]=11111111011111111101111111111110, sa_flags=SA_RESTART|SA_SIGINFO
SIGINT: [libjvm.so+0x8bdd40], sa_mask[0]=11111111011111111101111111111110, sa_flags=SA_RESTART|SA_SIGINFO
SIGTERM: [libjvm.so+0x8bdd40], sa_mask[0]=11111111011111111101111111111110, sa_flags=SA_RESTART|SA_SIGINFO
SIGQUIT: [libjvm.so+0x8bdd40], sa_mask[0]=11111111011111111101111111111110, sa_flags=SA_RESTART|SA_SIGINFO


---------------  S Y S T E M  ---------------

OS:DISTRIB_ID=Ubuntu
DISTRIB_RELEASE=16.04
DISTRIB_CODENAME=xenial
DISTRIB_DESCRIPTION="Ubuntu 16.04.6 LTS"

uname:Linux 4.15.0-54-generic #58~16.04.1-Ubuntu SMP Mon Jun 24 13:21:41 UTC 2019 x86_64
libc:glibc 2.23 NPTL 2.23 
rlimit: STACK 8192k, CORE 0k, NPROC 15175, NOFILE 1048576, AS infinity
load average:2.99 2.53 2.22

/proc/meminfo:
MemTotal:        3945256 kB
MemFree:          104912 kB
MemAvailable:     417712 kB
Buffers:           27636 kB
Cached:           930596 kB
SwapCached:         2156 kB
Active:          2753372 kB
Inactive:         848144 kB
Active(anon):    2494292 kB
Inactive(anon):   625568 kB
Active(file):     259080 kB
Inactive(file):   222576 kB
Unevictable:         160 kB
Mlocked:             160 kB
SwapTotal:       3999740 kB
SwapFree:        3908092 kB
Dirty:               372 kB
Writeback:             0 kB
AnonPages:       2641488 kB
Mapped:           415108 kB
Shmem:            476576 kB
Slab:             111788 kB
SReclaimable:      67428 kB
SUnreclaim:        44360 kB
KernelStack:       13200 kB
PageTables:        60568 kB
NFS_Unstable:          0 kB
Bounce:                0 kB
WritebackTmp:          0 kB
CommitLimit:     5972368 kB
Committed_AS:    9697396 kB
VmallocTotal:   34359738367 kB
VmallocUsed:           0 kB
VmallocChunk:          0 kB
HardwareCorrupted:     0 kB
AnonHugePages:         0 kB
ShmemHugePages:        0 kB
ShmemPmdMapped:        0 kB
CmaTotal:              0 kB
CmaFree:               0 kB
HugePages_Total:       0
HugePages_Free:        0
HugePages_Rsvd:        0
HugePages_Surp:        0
Hugepagesize:       2048 kB
DirectMap4k:      196896 kB
DirectMap2M:     3903488 kB

container (cgroup) information:
container_type: cgroupv1
cpu_cpuset_cpus: 0-3
cpu_memory_nodes: 0
active_processor_count: 4
cpu_quota: -1
cpu_period: 100000
cpu_shares: -1
memory_limit_in_bytes: -1
memory_and_swap_limit_in_bytes: -2
memory_soft_limit_in_bytes: -1
memory_usage_in_bytes: 3688185856
memory_max_usage_in_bytes: 2097152


CPU:total 4 (initial active 4) (2 cores per cpu, 2 threads per core) family 6 model 42 stepping 7, cmov, cx8, fxsr, mmx, sse, sse2, sse3, ssse3, sse4.1, sse4.2, popcnt, avx, clmul, ht, tsc, tscinvbit

/proc/cpuinfo:
processor	: 0
vendor_id	: GenuineIntel
cpu family	: 6
model		: 42
model name	: Intel(R) Core(TM) i3-2350M CPU @ 2.30GHz
stepping	: 7
microcode	: 0x2f
cpu MHz		: 1276.501
cache size	: 3072 KB
physical id	: 0
siblings	: 4
core id		: 0
cpu cores	: 2
apicid		: 0
initial apicid	: 0
fpu		: yes
fpu_exception	: yes
cpuid level	: 13
wp		: yes
flags		: fpu vme de pse tsc msr pae mce cx8 apic sep mtrr pge mca cmov pat pse36 clflush dts acpi mmx fxsr sse sse2 ss ht tm pbe syscall nx rdtscp lm constant_tsc arch_perfmon pebs bts rep_good nopl xtopology nonstop_tsc cpuid aperfmperf pni pclmulqdq dtes64 monitor ds_cpl vmx est tm2 ssse3 cx16 xtpr pdcm pcid sse4_1 sse4_2 x2apic popcnt tsc_deadline_timer xsave avx lahf_lm epb pti ssbd ibrs ibpb stibp tpr_shadow vnmi flexpriority ept vpid xsaveopt dtherm arat pln pts md_clear flush_l1d
bugs		: cpu_meltdown spectre_v1 spectre_v2 spec_store_bypass l1tf mds
bogomips	: 4589.43
clflush size	: 64
cache_alignment	: 64
address sizes	: 36 bits physical, 48 bits virtual
power management:

processor	: 1
vendor_id	: GenuineIntel
cpu family	: 6
model		: 42
model name	: Intel(R) Core(TM) i3-2350M CPU @ 2.30GHz
stepping	: 7
microcode	: 0x2f
cpu MHz		: 1206.472
cache size	: 3072 KB
physical id	: 0
siblings	: 4
core id		: 1
cpu cores	: 2
apicid		: 2
initial apicid	: 2
fpu		: yes
fpu_exception	: yes
cpuid level	: 13
wp		: yes
flags		: fpu vme de pse tsc msr pae mce cx8 apic sep mtrr pge mca cmov pat pse36 clflush dts acpi mmx fxsr sse sse2 ss ht tm pbe syscall nx rdtscp lm constant_tsc arch_perfmon pebs bts rep_good nopl xtopology nonstop_tsc cpuid aperfmperf pni pclmulqdq dtes64 monitor ds_cpl vmx est tm2 ssse3 cx16 xtpr pdcm pcid sse4_1 sse4_2 x2apic popcnt tsc_deadline_timer xsave avx lahf_lm epb pti ssbd ibrs ibpb stibp tpr_shadow vnmi flexpriority ept vpid xsaveopt dtherm arat pln pts md_clear flush_l1d
bugs		: cpu_meltdown spectre_v1 spectre_v2 spec_store_bypass l1tf mds
bogomips	: 4589.43
clflush size	: 64
cache_alignment	: 64
address sizes	: 36 bits physical, 48 bits virtual
power management:

processor	: 2
vendor_id	: GenuineIntel
cpu family	: 6
model		: 42
model name	: Intel(R) Core(TM) i3-2350M CPU @ 2.30GHz
stepping	: 7
microcode	: 0x2f
cpu MHz		: 1338.511
cache size	: 3072 KB
physical id	: 0
siblings	: 4
core id		: 0
cpu cores	: 2
apicid		: 1
initial apicid	: 1
fpu		: yes
fpu_exception	: yes
cpuid level	: 13
wp		: yes
flags		: fpu vme de pse tsc msr pae mce cx8 apic sep mtrr pge mca cmov pat pse36 clflush dts acpi mmx fxsr sse sse2 ss ht tm pbe syscall nx rdtscp lm constant_tsc arch_perfmon pebs bts rep_good nopl xtopology nonstop_tsc cpuid aperfmperf pni pclmulqdq dtes64 monitor ds_cpl vmx est tm2 ssse3 cx16 xtpr pdcm pcid sse4_1 sse4_2 x2apic popcnt tsc_deadline_timer xsave avx lahf_lm epb pti ssbd ibrs ibpb stibp tpr_shadow vnmi flexpriority ept vpid xsaveopt dtherm arat pln pts md_clear flush_l1d
bugs		: cpu_meltdown spectre_v1 spectre_v2 spec_store_bypass l1tf mds
bogomips	: 4589.43
clflush size	: 64
cache_alignment	: 64
address sizes	: 36 bits physical, 48 bits virtual
power management:

processor	: 3
vendor_id	: GenuineIntel
cpu family	: 6
model		: 42
model name	: Intel(R) Core(TM) i3-2350M CPU @ 2.30GHz
stepping	: 7
microcode	: 0x2f
cpu MHz		: 1399.186
cache size	: 3072 KB
physical id	: 0
siblings	: 4
core id		: 1
cpu cores	: 2
apicid		: 3
initial apicid	: 3
fpu		: yes
fpu_exception	: yes
cpuid level	: 13
wp		: yes
flags		: fpu vme de pse tsc msr pae mce cx8 apic sep mtrr pge mca cmov pat pse36 clflush dts acpi mmx fxsr sse sse2 ss ht tm pbe syscall nx rdtscp lm constant_tsc arch_perfmon pebs bts rep_good nopl xtopology nonstop_tsc cpuid aperfmperf pni pclmulqdq dtes64 monitor ds_cpl vmx est tm2 ssse3 cx16 xtpr pdcm pcid sse4_1 sse4_2 x2apic popcnt tsc_deadline_timer xsave avx lahf_lm epb pti ssbd ibrs ibpb stibp tpr_shadow vnmi flexpriority ept vpid xsaveopt dtherm arat pln pts md_clear flush_l1d
bugs		: cpu_meltdown spectre_v1 spectre_v2 spec_store_bypass l1tf mds
bogomips	: 4589.43
clflush size	: 64
cache_alignment	: 64
address sizes	: 36 bits physical, 48 bits virtual
power management:



Memory: 4k page, physical 3945256k(104912k free), swap 3999740k(3908092k free)

vm_info: OpenJDK 64-Bit Server VM (25.212-b03) for linux-amd64 JRE (1.8.0_212-8u212-b03-0ubuntu1.16.04.1-b03), built on Apr 26 2019 02:02:50 by "buildd" with gcc 5.4.0 20160609

time: Fri Jul 12 17:11:45 2019
timezone: +06
elapsed time: 1 seconds (0d 0h 0m 1s)

