#
# A fatal error has been detected by the Java Runtime Environment:
#
#  SIGSEGV (0xb) at pc=0x00007fb59da3f6f6, pid=19542, tid=0x00007fb5a9ee2700
#
# JRE version: OpenJDK Runtime Environment (8.0_212-b03) (build 1.8.0_212-8u212-b03-0ubuntu1.16.04.1-b03)
# Java VM: OpenJDK 64-Bit Server VM (25.212-b03 mixed mode linux-amd64 compressed oops)
# Problematic frame:
# C  [libgdx-box2d64.so+0x356f6]  b2Fixture::Create(b2BlockAllocator*, b2Body*, b2FixtureDef const*)+0x56
#
# Failed to write core dump. Core dumps have been disabled. To enable core dumping, try "ulimit -c unlimited" before starting Java again
#
# If you would like to submit a bug report, please visit:
#   http://bugreport.java.com/bugreport/crash.jsp
# The crash happened outside the Java Virtual Machine in native code.
# See problematic frame for where to report the bug.
#

---------------  T H R E A D  ---------------

Current thread (0x00007fb5fc447000):  JavaThread "LWJGL Application" [_thread_in_native, id=19570, stack(0x00007fb5a9de2000,0x00007fb5a9ee3000)]

siginfo: si_signo: 11 (SIGSEGV), si_code: 1 (SEGV_MAPERR), si_addr: 0x0000000000000010

Registers:
RAX=0x0000000000000000, RBX=0x00007fb584a26310, RCX=0x00007fb5a9ee1650, RDX=0x00007fb584a22360
RSP=0x00007fb5a9ee15f0, RBP=0x00007fb5a9ee1650, RSI=0x00007fb584550660, RDI=0x00007fb584a13c80
R8 =0x0000000000000000, R9 =0x0000000000000001, R10=0x00007fb5ed0183db, R11=0x00007fb602cd1780
R12=0x00007fb584550660, R13=0x00007fb584550660, R14=0x00007fb5a9ee17b0, R15=0x00007fb5fc447000
RIP=0x00007fb59da3f6f6, EFLAGS=0x0000000000010206, CSGSFS=0x002b000000000033, ERR=0x0000000000000004
  TRAPNO=0x000000000000000e

Top of Stack: (sp=0x00007fb5a9ee15f0)
0x00007fb5a9ee15f0:   00007fb584a22360 00007fb584a22360
0x00007fb5a9ee1600:   00007fb584a26310 00007fb584550660
0x00007fb5a9ee1610:   00007fb5a9ee1650 00007fb59da3e151
0x00007fb5a9ee1620:   00000000ecdd4f48 00007fb59d8258f8
0x00007fb5a9ee1630:   00007fb5a9ee1738 0000000000000000
0x00007fb5a9ee1640:   00007fb59d8258f8 00007fb59da455de
0x00007fb5a9ee1650:   00007fb584a13c80 0000000000000000
0x00007fb5a9ee1660:   000000003f000000 0001990000000000
0x00007fb5a9ee1670:   00007fb50000ffff 1c8787594779f800
0x00007fb5a9ee1680:   00007fb5eace1ff0 00007fb5ed018407
0x00007fb5a9ee1690:   00007fb5ffffffff 0000000000000000
0x00007fb5a9ee16a0:   00007fb5eace2028 0000000000000000
0x00007fb5a9ee16b0:   00007fb5a9ee16c8 00007fb5a9ee1720
0x00007fb5a9ee16c0:   00007fb5ed007a40 0000000000000001
0x00007fb5a9ee16d0:   00000000ecb93f28 0000000000000001
0x00007fb5a9ee16e0:   00007fb5a9ee16e0 00007fb5eacdff97
0x00007fb5a9ee16f0:   00007fb5a9ee17b0 00007fb5a9ee16f8
0x00007fb5a9ee1700:   0000000000000000 00007fb5a9ee17b0
0x00007fb5a9ee1710:   00007fb59d82a028 0000000000000000
0x00007fb5a9ee1720:   00007fb59d8258f8 0000000000000000
0x00007fb5a9ee1730:   00007fb5a9ee1758 00007fb5a9ee17f8
0x00007fb5a9ee1740:   00007fb5ed007b10 0000000000000000
0x00007fb5a9ee1750:   00007fb5ed011a57 0000000000000000
0x00007fb5a9ee1760:   00000000ffffffff 0000000000000001
0x00007fb5a9ee1770:   0000000000000000 0000000000000000
0x00007fb5a9ee1780:   0000000000000000 000000003f000000
0x00007fb5a9ee1790:   00007fb584a13c80 00000000ecdd4cf0
0x00007fb5a9ee17a0:   00007fb584a22360 00007fb5ed007d80
0x00007fb5a9ee17b0:   00000000ecdd4cf0 00007fb5a9ee17b8
0x00007fb5a9ee17c0:   00007fb59d8257f9 00007fb5a9ee1828
0x00007fb5a9ee17d0:   00007fb59d82a028 0000000000000000
0x00007fb5a9ee17e0:   00007fb59d825870 00007fb5a9ee1758 

Instructions: (pc=0x00007fb59da3f6f6)
0x00007fb59da3f6d6:   48 c7 47 08 00 00 00 00 89 47 34 0f b7 41 22 66
0x00007fb59da3f6e6:   89 47 38 0f b6 41 1c 88 47 3a 48 8b 39 48 8b 07
0x00007fb59da3f6f6:   ff 50 10 48 8b 10 48 89 c7 48 89 43 18 ff 52 18
0x00007fb59da3f706:   89 c6 41 89 c4 4c 89 ef c1 e6 05 e8 fa 12 fe ff 

Register to memory mapping:

RAX=0x0000000000000000 is an unknown value
RBX=0x00007fb584a26310 is an unknown value
RCX=0x00007fb5a9ee1650 is pointing into the stack for thread: 0x00007fb5fc447000
RDX=0x00007fb584a22360 is an unknown value
RSP=0x00007fb5a9ee15f0 is pointing into the stack for thread: 0x00007fb5fc447000
RBP=0x00007fb5a9ee1650 is pointing into the stack for thread: 0x00007fb5fc447000
RSI=0x00007fb584550660 is an unknown value
RDI=0x00007fb584a13c80 is an unknown value
R8 =0x0000000000000000 is an unknown value
R9 =0x0000000000000001 is an unknown value
R10=0x00007fb5ed0183db is at code_begin+859 in an Interpreter codelet
method entry point (kind = native)  [0x00007fb5ed018080, 0x00007fb5ed018a00]  2432 bytes
R11=0x00007fb602cd1780: <offset 0x969780> in /usr/lib/jvm/java-8-openjdk-amd64/jre/lib/amd64/server/libjvm.so at 0x00007fb602368000
R12=0x00007fb584550660 is an unknown value
R13=0x00007fb584550660 is an unknown value
R14=0x00007fb5a9ee17b0 is pointing into the stack for thread: 0x00007fb5fc447000
R15=0x00007fb5fc447000 is a thread


Stack: [0x00007fb5a9de2000,0x00007fb5a9ee3000],  sp=0x00007fb5a9ee15f0,  free space=1021k
Native frames: (J=compiled Java code, j=interpreted, Vv=VM code, C=native code)
C  [libgdx-box2d64.so+0x356f6]  b2Fixture::Create(b2BlockAllocator*, b2Body*, b2FixtureDef const*)+0x56
C  0x0000000000000000

Java frames: (J=compiled Java code, j=interpreted, Vv=VM code)
j  com.badlogic.gdx.physics.box2d.Body.jniCreateFixture(JJFFFZSSS)J+0
j  com.badlogic.gdx.physics.box2d.Body.createFixture(Lcom/badlogic/gdx/physics/box2d/FixtureDef;)Lcom/badlogic/gdx/physics/box2d/Fixture;+49
j  com.mygdx.game.Play.show()V+220
j  com.badlogic.gdx.Game.setScreen(Lcom/badlogic/gdx/Screen;)V+32
j  com.mygdx.game.gameClass.create()V+8
j  com.badlogic.gdx.backends.lwjgl.LwjglApplication.mainLoop()V+29
j  com.badlogic.gdx.backends.lwjgl.LwjglApplication$1.run()V+27
v  ~StubRoutines::call_stub

---------------  P R O C E S S  ---------------

Java Threads: ( => current thread )
  0x00007fb584002000 JavaThread "process reaper" daemon [_thread_blocked, id=19573, stack(0x00007fb5e8052000,0x00007fb5e808b000)]
  0x00007fb5fc00c000 JavaThread "DestroyJavaVM" [_thread_blocked, id=19548, stack(0x00007fb603fcc000,0x00007fb6040cd000)]
=>0x00007fb5fc447000 JavaThread "LWJGL Application" [_thread_in_native, id=19570, stack(0x00007fb5a9de2000,0x00007fb5a9ee3000)]
  0x00007fb5fc39d800 JavaThread "AWT-XAWT" daemon [_thread_in_native, id=19566, stack(0x00007fb5b1ace000,0x00007fb5b1bcf000)]
  0x00007fb5fc37c800 JavaThread "Java2D Disposer" daemon [_thread_blocked, id=19565, stack(0x00007fb5e8092000,0x00007fb5e8193000)]
  0x00007fb5fc0ca800 JavaThread "Service Thread" daemon [_thread_blocked, id=19560, stack(0x00007fb5e832f000,0x00007fb5e8430000)]
  0x00007fb5fc0bf000 JavaThread "C1 CompilerThread2" daemon [_thread_blocked, id=19559, stack(0x00007fb5e8430000,0x00007fb5e8531000)]
  0x00007fb5fc0bd800 JavaThread "C2 CompilerThread1" daemon [_thread_blocked, id=19558, stack(0x00007fb5e8531000,0x00007fb5e8632000)]
  0x00007fb5fc0ba800 JavaThread "C2 CompilerThread0" daemon [_thread_blocked, id=19557, stack(0x00007fb5e8632000,0x00007fb5e8733000)]
  0x00007fb5fc0b9000 JavaThread "Signal Dispatcher" daemon [_thread_blocked, id=19556, stack(0x00007fb5e8733000,0x00007fb5e8834000)]
  0x00007fb5fc086000 JavaThread "Finalizer" daemon [_thread_blocked, id=19555, stack(0x00007fb5e9243000,0x00007fb5e9344000)]
  0x00007fb5fc083000 JavaThread "Reference Handler" daemon [_thread_blocked, id=19554, stack(0x00007fb5e9344000,0x00007fb5e9445000)]

Other Threads:
  0x00007fb5fc079800 VMThread [stack: 0x00007fb5e9445000,0x00007fb5e9546000] [id=19553]
  0x00007fb5fc0cd000 WatcherThread [stack: 0x00007fb5e822e000,0x00007fb5e832f000] [id=19561]

VM state:not at safepoint (normal execution)

VM Mutex/Monitor currently owned by a thread: None

heap address: 0x00000000c3c00000, size: 964 MB, Compressed Oops mode: 32-bit
Narrow klass base: 0x0000000000000000, Narrow klass shift: 3
Compressed class space size: 1073741824 Address: 0x0000000100000000

Heap:
 PSYoungGen      total 18432K, used 15421K [0x00000000ebf00000, 0x00000000ed380000, 0x0000000100000000)
  eden space 15872K, 97% used [0x00000000ebf00000,0x00000000ece0f4b8,0x00000000ece80000)
  from space 2560K, 0% used [0x00000000ed100000,0x00000000ed100000,0x00000000ed380000)
  to   space 2560K, 0% used [0x00000000ece80000,0x00000000ece80000,0x00000000ed100000)
 ParOldGen       total 42496K, used 0K [0x00000000c3c00000, 0x00000000c6580000, 0x00000000ebf00000)
  object space 42496K, 0% used [0x00000000c3c00000,0x00000000c3c00000,0x00000000c6580000)
 Metaspace       used 9106K, capacity 9309K, committed 9472K, reserved 1058816K
  class space    used 863K, capacity 935K, committed 1024K, reserved 1048576K

Card table byte_map: [0x00007fb600494000,0x00007fb600677000] byte_map_base: 0x00007fb5ffe76000

Marking Bits: (ParMarkBitMap*) 0x00007fb60329b580
 Begin Bits: [0x00007fb5eb0df000, 0x00007fb5ebfef000)
 End Bits:   [0x00007fb5ebfef000, 0x00007fb5eceff000)

Polling page: 0x00007fb6040ee000

CodeCache: size=245760Kb used=2549Kb max_used=2549Kb free=243210Kb
 bounds [0x00007fb5ed000000, 0x00007fb5ed280000, 0x00007fb5fc000000]
 total_blobs=1184 nmethods=592 adapters=507
 compilation: enabled

Compilation events (10 events):
Event: 1.132 Thread 0x00007fb5fc0bf000  588       3       java.util.jar.Attributes::getValue (9 bytes)
Event: 1.132 Thread 0x00007fb5fc0bf000 nmethod 588 0x00007fb5ed27a650 code [0x00007fb5ed27a7e0, 0x00007fb5ed27ab48]
Event: 1.132 Thread 0x00007fb5fc0bf000  589       3       java.util.jar.Attributes::get (11 bytes)
Event: 1.132 Thread 0x00007fb5fc0bf000 nmethod 589 0x00007fb5ed27ac90 code [0x00007fb5ed27ae00, 0x00007fb5ed27b028]
Event: 1.133 Thread 0x00007fb5fc0bf000  590   !   3       java.util.zip.ZipFile$ZipFileInflaterInputStream::close (67 bytes)
Event: 1.134 Thread 0x00007fb5fc0bf000 nmethod 590 0x00007fb5ed27b0d0 code [0x00007fb5ed27b2a0, 0x00007fb5ed27ba98]
Event: 1.134 Thread 0x00007fb5fc0bf000  591       3       java.util.zip.InflaterInputStream::close (34 bytes)
Event: 1.134 Thread 0x00007fb5fc0bf000 nmethod 591 0x00007fb5ed27be50 code [0x00007fb5ed27bfe0, 0x00007fb5ed27c2d8]
Event: 1.135 Thread 0x00007fb5fc0bf000  592       3       java.util.zip.ZipEntry::getSize (5 bytes)
Event: 1.135 Thread 0x00007fb5fc0bf000 nmethod 592 0x00007fb5ed27c3d0 code [0x00007fb5ed27c520, 0x00007fb5ed27c670]

GC Heap History (0 events):
No events

Deoptimization events (3 events):
Event: 0.161 Thread 0x00007fb5fc00c000 Uncommon trap: reason=unstable_if action=reinterpret pc=0x00007fb5ed1456f8 method=java.lang.String.indexOf([CII[CIII)I @ 134
Event: 0.192 Thread 0x00007fb5fc00c000 Uncommon trap: reason=unstable_if action=reinterpret pc=0x00007fb5ed139ec4 method=java.lang.String.indexOf(II)I @ 49
Event: 0.530 Thread 0x00007fb5fc447000 Uncommon trap: reason=unstable_if action=reinterpret pc=0x00007fb5ed1bfabc method=java.lang.String.replace(CC)Ljava/lang/String; @ 26

Classes redefined (0 events):
No events

Internal exceptions (10 events):
Event: 0.425 Thread 0x00007fb5fc00c000 Exception <a 'java/security/PrivilegedActionException'> (0x00000000ec4f3988) thrown at [/build/openjdk-8-lHVHKD/openjdk-8-8u212-b03/src/hotspot/src/share/vm/prims/jvm.cpp, line 1502]
Event: 0.425 Thread 0x00007fb5fc00c000 Exception <a 'java/security/PrivilegedActionException'> (0x00000000ec4f45e0) thrown at [/build/openjdk-8-lHVHKD/openjdk-8-8u212-b03/src/hotspot/src/share/vm/prims/jvm.cpp, line 1502]
Event: 0.425 Thread 0x00007fb5fc00c000 Exception <a 'java/security/PrivilegedActionException'> (0x00000000ec4f5208) thrown at [/build/openjdk-8-lHVHKD/openjdk-8-8u212-b03/src/hotspot/src/share/vm/prims/jvm.cpp, line 1502]
Event: 0.425 Thread 0x00007fb5fc00c000 Exception <a 'java/security/PrivilegedActionException'> (0x00000000ec4f7358) thrown at [/build/openjdk-8-lHVHKD/openjdk-8-8u212-b03/src/hotspot/src/share/vm/prims/jvm.cpp, line 1502]
Event: 0.425 Thread 0x00007fb5fc00c000 Exception <a 'java/security/PrivilegedActionException'> (0x00000000ec4f7fb0) thrown at [/build/openjdk-8-lHVHKD/openjdk-8-8u212-b03/src/hotspot/src/share/vm/prims/jvm.cpp, line 1502]
Event: 0.425 Thread 0x00007fb5fc00c000 Exception <a 'java/security/PrivilegedActionException'> (0x00000000ec4f8bd8) thrown at [/build/openjdk-8-lHVHKD/openjdk-8-8u212-b03/src/hotspot/src/share/vm/prims/jvm.cpp, line 1502]
Event: 0.425 Thread 0x00007fb5fc00c000 Exception <a 'java/security/PrivilegedActionException'> (0x00000000ec4faae0) thrown at [/build/openjdk-8-lHVHKD/openjdk-8-8u212-b03/src/hotspot/src/share/vm/prims/jvm.cpp, line 1502]
Event: 0.425 Thread 0x00007fb5fc00c000 Exception <a 'java/security/PrivilegedActionException'> (0x00000000ec4fb738) thrown at [/build/openjdk-8-lHVHKD/openjdk-8-8u212-b03/src/hotspot/src/share/vm/prims/jvm.cpp, line 1502]
Event: 0.425 Thread 0x00007fb5fc00c000 Exception <a 'java/security/PrivilegedActionException'> (0x00000000ec4fc360) thrown at [/build/openjdk-8-lHVHKD/openjdk-8-8u212-b03/src/hotspot/src/share/vm/prims/jvm.cpp, line 1502]
Event: 0.570 Thread 0x00007fb5fc447000 Exception <a 'java/lang/NoClassDefFoundError': org/lwjgl/opengles/GLContext> (0x00000000ec7ef720) thrown at [/build/openjdk-8-lHVHKD/openjdk-8-8u212-b03/src/hotspot/src/share/vm/classfile/systemDictionary.cpp, line 199]

Events (10 events):
Event: 1.136 loading class com/badlogic/gdx/physics/box2d/MassData
Event: 1.136 loading class com/badlogic/gdx/physics/box2d/MassData done
Event: 1.137 loading class com/badlogic/gdx/physics/box2d/Fixture
Event: 1.137 loading class com/badlogic/gdx/physics/box2d/Fixture done
Event: 1.137 loading class com/badlogic/gdx/physics/box2d/CircleShape
Event: 1.137 loading class com/badlogic/gdx/physics/box2d/CircleShape done
Event: 1.138 loading class com/badlogic/gdx/physics/box2d/EdgeShape
Event: 1.138 loading class com/badlogic/gdx/physics/box2d/EdgeShape done
Event: 1.138 loading class com/badlogic/gdx/physics/box2d/ChainShape
Event: 1.138 loading class com/badlogic/gdx/physics/box2d/ChainShape done


Dynamic libraries:
00400000-00401000 r-xp 00000000 08:01 4723398                            /usr/lib/jvm/java-8-openjdk-amd64/jre/bin/java
00600000-00601000 r--p 00000000 08:01 4723398                            /usr/lib/jvm/java-8-openjdk-amd64/jre/bin/java
00601000-00602000 rw-p 00001000 08:01 4723398                            /usr/lib/jvm/java-8-openjdk-amd64/jre/bin/java
02403000-02424000 rw-p 00000000 00:00 0                                  [heap]
c3c00000-c6580000 rw-p 00000000 00:00 0 
c6580000-ebf00000 ---p 00000000 00:00 0 
ebf00000-ed380000 rw-p 00000000 00:00 0 
ed380000-100000000 ---p 00000000 00:00 0 
100000000-100100000 rw-p 00000000 00:00 0 
100100000-140000000 ---p 00000000 00:00 0 
7fb584000000-7fb584a33000 rw-p 00000000 00:00 0 
7fb584a33000-7fb588000000 ---p 00000000 00:00 0 
7fb588000000-7fb588021000 rw-p 00000000 00:00 0 
7fb588021000-7fb58c000000 ---p 00000000 00:00 0 
7fb58c000000-7fb58c021000 rw-p 00000000 00:00 0 
7fb58c021000-7fb590000000 ---p 00000000 00:00 0 
7fb593fff000-7fb598000000 rw-s 00000000 00:19 20                         /dev/shm/pulse-shm-1812835152
7fb598000000-7fb598021000 rw-p 00000000 00:00 0 
7fb598021000-7fb59c000000 ---p 00000000 00:00 0 
7fb59d80a000-7fb59d84a000 rw-p 00000000 00:00 0 
7fb59d84a000-7fb59da0a000 ---p 00000000 00:00 0 
7fb59da0a000-7fb59da56000 r-xp 00000000 08:01 1970585                    /tmp/libgdxfoysal/38f2459b/libgdx-box2d64.so
7fb59da56000-7fb59dc55000 ---p 0004c000 08:01 1970585                    /tmp/libgdxfoysal/38f2459b/libgdx-box2d64.so
7fb59dc55000-7fb59dc57000 r--p 0004b000 08:01 1970585                    /tmp/libgdxfoysal/38f2459b/libgdx-box2d64.so
7fb59dc57000-7fb59dc58000 rw-p 0004d000 08:01 1970585                    /tmp/libgdxfoysal/38f2459b/libgdx-box2d64.so
7fb59dc58000-7fb59f009000 rw-p 00000000 00:00 0 
7fb59f009000-7fb59f011000 r-xp 00000000 08:01 4728267                    /usr/lib/x86_64-linux-gnu/libpciaccess.so.0.11.1
7fb59f011000-7fb59f211000 ---p 00008000 08:01 4728267                    /usr/lib/x86_64-linux-gnu/libpciaccess.so.0.11.1
7fb59f211000-7fb59f212000 r--p 00008000 08:01 4728267                    /usr/lib/x86_64-linux-gnu/libpciaccess.so.0.11.1
7fb59f212000-7fb59f213000 rw-p 00009000 08:01 4728267                    /usr/lib/x86_64-linux-gnu/libpciaccess.so.0.11.1
7fb59f213000-7fb59f21e000 r-xp 00000000 08:01 4727612                    /usr/lib/x86_64-linux-gnu/libdrm_radeon.so.1.0.1
7fb59f21e000-7fb59f41d000 ---p 0000b000 08:01 4727612                    /usr/lib/x86_64-linux-gnu/libdrm_radeon.so.1.0.1
7fb59f41d000-7fb59f41e000 r--p 0000a000 08:01 4727612                    /usr/lib/x86_64-linux-gnu/libdrm_radeon.so.1.0.1
7fb59f41e000-7fb59f41f000 rw-p 0000b000 08:01 4727612                    /usr/lib/x86_64-linux-gnu/libdrm_radeon.so.1.0.1
7fb59f41f000-7fb59fcff000 r-xp 00000000 08:01 4983000                    /usr/lib/x86_64-linux-gnu/dri/i965_dri.so
7fb59fcff000-7fb59feff000 ---p 008e0000 08:01 4983000                    /usr/lib/x86_64-linux-gnu/dri/i965_dri.so
7fb59feff000-7fb59ff4f000 r--p 008e0000 08:01 4983000                    /usr/lib/x86_64-linux-gnu/dri/i965_dri.so
7fb59ff4f000-7fb59ff5a000 rw-p 00930000 08:01 4983000                    /usr/lib/x86_64-linux-gnu/dri/i965_dri.so
7fb59ff5a000-7fb59ffff000 rw-p 00000000 00:00 0 
7fb59ffff000-7fb5a4000000 rw-s 00000000 00:19 41                         /dev/shm/pulse-shm-2201384407
7fb5a4000000-7fb5a4021000 rw-p 00000000 00:00 0 
7fb5a4021000-7fb5a8000000 ---p 00000000 00:00 0 
7fb5a802f000-7fb5a80a3000 rw-p 00000000 00:00 0 
7fb5a80a3000-7fb5a80aa000 r-xp 00000000 08:01 4727610                    /usr/lib/x86_64-linux-gnu/libdrm_nouveau.so.2.0.0
7fb5a80aa000-7fb5a82a9000 ---p 00007000 08:01 4727610                    /usr/lib/x86_64-linux-gnu/libdrm_nouveau.so.2.0.0
7fb5a82a9000-7fb5a82aa000 r--p 00006000 08:01 4727610                    /usr/lib/x86_64-linux-gnu/libdrm_nouveau.so.2.0.0
7fb5a82aa000-7fb5a82ab000 rw-p 00007000 08:01 4727610                    /usr/lib/x86_64-linux-gnu/libdrm_nouveau.so.2.0.0
7fb5a82ab000-7fb5a82cd000 r-xp 00000000 08:01 4727608                    /usr/lib/x86_64-linux-gnu/libdrm_intel.so.1.0.0
7fb5a82cd000-7fb5a84cd000 ---p 00022000 08:01 4727608                    /usr/lib/x86_64-linux-gnu/libdrm_intel.so.1.0.0
7fb5a84cd000-7fb5a84ce000 r--p 00022000 08:01 4727608                    /usr/lib/x86_64-linux-gnu/libdrm_intel.so.1.0.0
7fb5a84ce000-7fb5a84cf000 rw-p 00023000 08:01 4727608                    /usr/lib/x86_64-linux-gnu/libdrm_intel.so.1.0.0
7fb5a84cf000-7fb5a84df000 r-xp 00000000 08:01 4727604                    /usr/lib/x86_64-linux-gnu/libdrm.so.2.4.0
7fb5a84df000-7fb5a86df000 ---p 00010000 08:01 4727604                    /usr/lib/x86_64-linux-gnu/libdrm.so.2.4.0
7fb5a86df000-7fb5a86e0000 r--p 00010000 08:01 4727604                    /usr/lib/x86_64-linux-gnu/libdrm.so.2.4.0
7fb5a86e0000-7fb5a86e1000 rw-p 00011000 08:01 4727604                    /usr/lib/x86_64-linux-gnu/libdrm.so.2.4.0
7fb5a86e1000-7fb5a86e5000 r-xp 00000000 08:01 4728684                    /usr/lib/x86_64-linux-gnu/libxcb-dri2.so.0.0.0
7fb5a86e5000-7fb5a88e4000 ---p 00004000 08:01 4728684                    /usr/lib/x86_64-linux-gnu/libxcb-dri2.so.0.0.0
7fb5a88e4000-7fb5a88e5000 r--p 00003000 08:01 4728684                    /usr/lib/x86_64-linux-gnu/libxcb-dri2.so.0.0.0
7fb5a88e5000-7fb5a88e6000 rw-p 00004000 08:01 4728684                    /usr/lib/x86_64-linux-gnu/libxcb-dri2.so.0.0.0
7fb5a88e6000-7fb5a88fd000 r-xp 00000000 08:01 4728688                    /usr/lib/x86_64-linux-gnu/libxcb-glx.so.0.0.0
7fb5a88fd000-7fb5a8afc000 ---p 00017000 08:01 4728688                    /usr/lib/x86_64-linux-gnu/libxcb-glx.so.0.0.0
7fb5a8afc000-7fb5a8afe000 r--p 00016000 08:01 4728688                    /usr/lib/x86_64-linux-gnu/libxcb-glx.so.0.0.0
7fb5a8afe000-7fb5a8aff000 rw-p 00018000 08:01 4728688                    /usr/lib/x86_64-linux-gnu/libxcb-glx.so.0.0.0
7fb5a8aff000-7fb5a8b00000 r-xp 00000000 08:01 4727286                    /usr/lib/x86_64-linux-gnu/libX11-xcb.so.1.0.0
7fb5a8b00000-7fb5a8cff000 ---p 00001000 08:01 4727286                    /usr/lib/x86_64-linux-gnu/libX11-xcb.so.1.0.0
7fb5a8cff000-7fb5a8d00000 r--p 00000000 08:01 4727286                    /usr/lib/x86_64-linux-gnu/libX11-xcb.so.1.0.0
7fb5a8d00000-7fb5a8d01000 rw-p 00001000 08:01 4727286                    /usr/lib/x86_64-linux-gnu/libX11-xcb.so.1.0.0
7fb5a8d01000-7fb5a8d03000 r-xp 00000000 08:01 4727301                    /usr/lib/x86_64-linux-gnu/libXdamage.so.1.1.0
7fb5a8d03000-7fb5a8f02000 ---p 00002000 08:01 4727301                    /usr/lib/x86_64-linux-gnu/libXdamage.so.1.1.0
7fb5a8f02000-7fb5a8f03000 r--p 00001000 08:01 4727301                    /usr/lib/x86_64-linux-gnu/libXdamage.so.1.1.0
7fb5a8f03000-7fb5a8f04000 rw-p 00002000 08:01 4727301                    /usr/lib/x86_64-linux-gnu/libXdamage.so.1.1.0
7fb5a8f04000-7fb5a8f30000 r-xp 00000000 08:01 4727805                    /usr/lib/x86_64-linux-gnu/libglapi.so.0.0.0
7fb5a8f30000-7fb5a912f000 ---p 0002c000 08:01 4727805                    /usr/lib/x86_64-linux-gnu/libglapi.so.0.0.0
7fb5a912f000-7fb5a9133000 r--p 0002b000 08:01 4727805                    /usr/lib/x86_64-linux-gnu/libglapi.so.0.0.0
7fb5a9133000-7fb5a9134000 rw-p 0002f000 08:01 4727805                    /usr/lib/x86_64-linux-gnu/libglapi.so.0.0.0
7fb5a9134000-7fb5a9135000 rw-p 00000000 00:00 0 
7fb5a9135000-7fb5a9136000 r-xp 00000000 08:01 4728728                    /usr/lib/x86_64-linux-gnu/libxshmfence.so.1.0.0
7fb5a9136000-7fb5a9336000 ---p 00001000 08:01 4728728                    /usr/lib/x86_64-linux-gnu/libxshmfence.so.1.0.0
7fb5a9336000-7fb5a9337000 r--p 00001000 08:01 4728728                    /usr/lib/x86_64-linux-gnu/libxshmfence.so.1.0.0
7fb5a9337000-7fb5a9338000 rw-p 00002000 08:01 4728728                    /usr/lib/x86_64-linux-gnu/libxshmfence.so.1.0.0
7fb5a9338000-7fb5a933d000 r-xp 00000000 08:01 4728708                    /usr/lib/x86_64-linux-gnu/libxcb-sync.so.1.0.0
7fb5a933d000-7fb5a953d000 ---p 00005000 08:01 4728708                    /usr/lib/x86_64-linux-gnu/libxcb-sync.so.1.0.0
7fb5a953d000-7fb5a953e000 r--p 00005000 08:01 4728708                    /usr/lib/x86_64-linux-gnu/libxcb-sync.so.1.0.0
7fb5a953e000-7fb5a953f000 rw-p 00006000 08:01 4728708                    /usr/lib/x86_64-linux-gnu/libxcb-sync.so.1.0.0
7fb5a953f000-7fb5a9541000 r-xp 00000000 08:01 4728696                    /usr/lib/x86_64-linux-gnu/libxcb-present.so.0.0.0
7fb5a9541000-7fb5a9740000 ---p 00002000 08:01 4728696                    /usr/lib/x86_64-linux-gnu/libxcb-present.so.0.0.0
7fb5a9740000-7fb5a9741000 r--p 00001000 08:01 4728696                    /usr/lib/x86_64-linux-gnu/libxcb-present.so.0.0.0
7fb5a9741000-7fb5a9742000 rw-p 00002000 08:01 4728696                    /usr/lib/x86_64-linux-gnu/libxcb-present.so.0.0.0
7fb5a9742000-7fb5a9744000 r-xp 00000000 08:01 4728686                    /usr/lib/x86_64-linux-gnu/libxcb-dri3.so.0.0.0
7fb5a9744000-7fb5a9943000 ---p 00002000 08:01 4728686                    /usr/lib/x86_64-linux-gnu/libxcb-dri3.so.0.0.0
7fb5a9943000-7fb5a9944000 r--p 00001000 08:01 4728686                    /usr/lib/x86_64-linux-gnu/libxcb-dri3.so.0.0.0
7fb5a9944000-7fb5a9945000 rw-p 00002000 08:01 4728686                    /usr/lib/x86_64-linux-gnu/libxcb-dri3.so.0.0.0
7fb5a9945000-7fb5a996b000 r-xp 00000000 08:01 2757058                    /lib/x86_64-linux-gnu/libexpat.so.1.6.0
7fb5a996b000-7fb5a9b6b000 ---p 00026000 08:01 2757058                    /lib/x86_64-linux-gnu/libexpat.so.1.6.0
7fb5a9b6b000-7fb5a9b6d000 r--p 00026000 08:01 2757058                    /lib/x86_64-linux-gnu/libexpat.so.1.6.0
7fb5a9b6d000-7fb5a9b6e000 rw-p 00028000 08:01 2757058                    /lib/x86_64-linux-gnu/libexpat.so.1.6.0
7fb5a9b6e000-7fb5a9bde000 r-xp 00000000 08:01 4984410                    /usr/lib/x86_64-linux-gnu/mesa/libGL.so.1.2.0
7fb5a9bde000-7fb5a9ddd000 ---p 00070000 08:01 4984410                    /usr/lib/x86_64-linux-gnu/mesa/libGL.so.1.2.0
7fb5a9ddd000-7fb5a9de0000 r--p 0006f000 08:01 4984410                    /usr/lib/x86_64-linux-gnu/mesa/libGL.so.1.2.0
7fb5a9de0000-7fb5a9de1000 rw-p 00072000 08:01 4984410                    /usr/lib/x86_64-linux-gnu/mesa/libGL.so.1.2.0
7fb5a9de1000-7fb5a9de2000 rw-p 00000000 00:00 0 
7fb5a9de2000-7fb5a9de5000 ---p 00000000 00:00 0 
7fb5a9de5000-7fb5a9ee3000 rw-p 00000000 00:00 0 
7fb5a9ee3000-7fb5a9ee4000 ---p 00000000 00:00 0 
7fb5a9ee4000-7fb5aa6e4000 rw-p 00000000 00:00 0 
7fb5aa6e4000-7fb5aa70e000 r-xp 00000000 08:01 4728589                    /usr/lib/x86_64-linux-gnu/libvorbis.so.0.4.8
7fb5aa70e000-7fb5aa90d000 ---p 0002a000 08:01 4728589                    /usr/lib/x86_64-linux-gnu/libvorbis.so.0.4.8
7fb5aa90d000-7fb5aa90e000 r--p 00029000 08:01 4728589                    /usr/lib/x86_64-linux-gnu/libvorbis.so.0.4.8
7fb5aa90e000-7fb5aa90f000 rw-p 0002a000 08:01 4728589                    /usr/lib/x86_64-linux-gnu/libvorbis.so.0.4.8
7fb5aa90f000-7fb5aa916000 r-xp 00000000 08:01 4728225                    /usr/lib/x86_64-linux-gnu/libogg.so.0.8.2
7fb5aa916000-7fb5aab16000 ---p 00007000 08:01 4728225                    /usr/lib/x86_64-linux-gnu/libogg.so.0.8.2
7fb5aab16000-7fb5aab17000 r--p 00007000 08:01 4728225                    /usr/lib/x86_64-linux-gnu/libogg.so.0.8.2
7fb5aab17000-7fb5aab18000 rw-p 00008000 08:01 4728225                    /usr/lib/x86_64-linux-gnu/libogg.so.0.8.2
7fb5aab18000-7fb5aab2a000 r-xp 00000000 08:01 2757434                    /lib/x86_64-linux-gnu/libgpg-error.so.0.17.0
7fb5aab2a000-7fb5aad2a000 ---p 00012000 08:01 2757434                    /lib/x86_64-linux-gnu/libgpg-error.so.0.17.0
7fb5aad2a000-7fb5aad2b000 r--p 00012000 08:01 2757434                    /lib/x86_64-linux-gnu/libgpg-error.so.0.17.0
7fb5aad2b000-7fb5aad2c000 rw-p 00013000 08:01 2757434                    /lib/x86_64-linux-gnu/libgpg-error.so.0.17.0
7fb5aad2c000-7fb5aad9a000 r-xp 00000000 08:01 2757519                    /lib/x86_64-linux-gnu/libpcre.so.3.13.2
7fb5aad9a000-7fb5aaf9a000 ---p 0006e000 08:01 2757519                    /lib/x86_64-linux-gnu/libpcre.so.3.13.2
7fb5aaf9a000-7fb5aaf9b000 r--p 0006e000 08:01 2757519                    /lib/x86_64-linux-gnu/libpcre.so.3.13.2
7fb5aaf9b000-7fb5aaf9c000 rw-p 0006f000 08:01 2757519                    /lib/x86_64-linux-gnu/libpcre.so.3.13.2
7fb5aaf9c000-7fb5aafb3000 r-xp 00000000 08:01 2757542                    /lib/x86_64-linux-gnu/libresolv-2.23.so
7fb5aafb3000-7fb5ab1b3000 ---p 00017000 08:01 2757542                    /lib/x86_64-linux-gnu/libresolv-2.23.so
7fb5ab1b3000-7fb5ab1b4000 r--p 00017000 08:01 2757542                    /lib/x86_64-linux-gnu/libresolv-2.23.so
7fb5ab1b4000-7fb5ab1b5000 rw-p 00018000 08:01 2757542                    /lib/x86_64-linux-gnu/libresolv-2.23.so
7fb5ab1b5000-7fb5ab1b7000 rw-p 00000000 00:00 0 
7fb5ab1b7000-7fb5ab244000 r-xp 00000000 08:01 4728591                    /usr/lib/x86_64-linux-gnu/libvorbisenc.so.2.0.11
7fb5ab244000-7fb5ab443000 ---p 0008d000 08:01 4728591                    /usr/lib/x86_64-linux-gnu/libvorbisenc.so.2.0.11
7fb5ab443000-7fb5ab45f000 r--p 0008c000 08:01 4728591                    /usr/lib/x86_64-linux-gnu/libvorbisenc.so.2.0.11
7fb5ab45f000-7fb5ab460000 rw-p 000a8000 08:01 4728591                    /usr/lib/x86_64-linux-gnu/libvorbisenc.so.2.0.11
7fb5ab460000-7fb5ab4d3000 r-xp 00000000 08:01 4727142                    /usr/lib/x86_64-linux-gnu/libFLAC.so.8.3.0
7fb5ab4d3000-7fb5ab6d3000 ---p 00073000 08:01 4727142                    /usr/lib/x86_64-linux-gnu/libFLAC.so.8.3.0
7fb5ab6d3000-7fb5ab6d4000 r--p 00073000 08:01 4727142                    /usr/lib/x86_64-linux-gnu/libFLAC.so.8.3.0
7fb5ab6d4000-7fb5ab6d5000 rw-p 00074000 08:01 4727142                    /usr/lib/x86_64-linux-gnu/libFLAC.so.8.3.0
7fb5ab6d5000-7fb5ab7ac000 r-xp 00000000 08:01 2757430                    /lib/x86_64-linux-gnu/libgcrypt.so.20.0.5
7fb5ab7ac000-7fb5ab9ac000 ---p 000d7000 08:01 2757430                    /lib/x86_64-linux-gnu/libgcrypt.so.20.0.5
7fb5ab9ac000-7fb5ab9ad000 r--p 000d7000 08:01 2757430                    /lib/x86_64-linux-gnu/libgcrypt.so.20.0.5
7fb5ab9ad000-7fb5ab9b5000 rw-p 000d8000 08:01 2757430                    /lib/x86_64-linux-gnu/libgcrypt.so.20.0.5
7fb5ab9b5000-7fb5ab9b6000 rw-p 00000000 00:00 0 
7fb5ab9b6000-7fb5ab9d7000 r-xp 00000000 08:01 2757457                    /lib/x86_64-linux-gnu/liblzma.so.5.0.0
7fb5ab9d7000-7fb5abbd6000 ---p 00021000 08:01 2757457                    /lib/x86_64-linux-gnu/liblzma.so.5.0.0
7fb5abbd6000-7fb5abbd7000 r--p 00020000 08:01 2757457                    /lib/x86_64-linux-gnu/liblzma.so.5.0.0
7fb5abbd7000-7fb5abbd8000 rw-p 00021000 08:01 2757457                    /lib/x86_64-linux-gnu/liblzma.so.5.0.0
7fb5abbd8000-7fb5abbf7000 r-xp 00000000 08:01 2757548                    /lib/x86_64-linux-gnu/libselinux.so.1
7fb5abbf7000-7fb5abdf6000 ---p 0001f000 08:01 2757548                    /lib/x86_64-linux-gnu/libselinux.so.1
7fb5abdf6000-7fb5abdf7000 r--p 0001e000 08:01 2757548                    /lib/x86_64-linux-gnu/libselinux.so.1
7fb5abdf7000-7fb5abdf8000 rw-p 0001f000 08:01 2757548                    /lib/x86_64-linux-gnu/libselinux.so.1
7fb5abdf8000-7fb5abdfa000 rw-p 00000000 00:00 0 
7fb5abdfa000-7fb5abdff000 r-xp 00000000 08:01 4727396                    /usr/lib/x86_64-linux-gnu/libasyncns.so.0.3.1
7fb5abdff000-7fb5abffe000 ---p 00005000 08:01 4727396                    /usr/lib/x86_64-linux-gnu/libasyncns.so.0.3.1
7fb5abffe000-7fb5abfff000 r--p 00004000 08:01 4727396                    /usr/lib/x86_64-linux-gnu/libasyncns.so.0.3.1
7fb5abfff000-7fb5ac000000 rw-p 00005000 08:01 4727396                    /usr/lib/x86_64-linux-gnu/libasyncns.so.0.3.1
7fb5ac000000-7fb5ac021000 rw-p 00000000 00:00 0 
7fb5ac021000-7fb5b0000000 ---p 00000000 00:00 0 
7fb5b00d3000-7fb5b00d4000 ---p 00000000 00:00 0 
7fb5b00d4000-7fb5b01d4000 rw-p 00000000 00:00 0 
7fb5b01d4000-7fb5b0237000 r-xp 00000000 08:01 4725157                    /usr/lib/x86_64-linux-gnu/libsndfile.so.1.0.25
7fb5b0237000-7fb5b0437000 ---p 00063000 08:01 4725157                    /usr/lib/x86_64-linux-gnu/libsndfile.so.1.0.25
7fb5b0437000-7fb5b0439000 r--p 00063000 08:01 4725157                    /usr/lib/x86_64-linux-gnu/libsndfile.so.1.0.25
7fb5b0439000-7fb5b043a000 rw-p 00065000 08:01 4725157                    /usr/lib/x86_64-linux-gnu/libsndfile.so.1.0.25
7fb5b043a000-7fb5b043e000 rw-p 00000000 00:00 0 
7fb5b043e000-7fb5b0446000 r-xp 00000000 08:01 2757576                    /lib/x86_64-linux-gnu/libwrap.so.0.7.6
7fb5b0446000-7fb5b0645000 ---p 00008000 08:01 2757576                    /lib/x86_64-linux-gnu/libwrap.so.0.7.6
7fb5b0645000-7fb5b0646000 r--p 00007000 08:01 2757576                    /lib/x86_64-linux-gnu/libwrap.so.0.7.6
7fb5b0646000-7fb5b0647000 rw-p 00008000 08:01 2757576                    /lib/x86_64-linux-gnu/libwrap.so.0.7.6
7fb5b0647000-7fb5b0648000 rw-p 00000000 00:00 0 
7fb5b0648000-7fb5b06c8000 r-xp 00000000 08:01 2752517                    /lib/x86_64-linux-gnu/libsystemd.so.0.14.0
7fb5b06c8000-7fb5b06cb000 r--p 0007f000 08:01 2752517                    /lib/x86_64-linux-gnu/libsystemd.so.0.14.0
7fb5b06cb000-7fb5b06cc000 rw-p 00082000 08:01 2752517                    /lib/x86_64-linux-gnu/libsystemd.so.0.14.0
7fb5b06cc000-7fb5b06cd000 rw-p 00000000 00:00 0 
7fb5b06cd000-7fb5b0717000 r-xp 00000000 08:01 2752540                    /lib/x86_64-linux-gnu/libdbus-1.so.3.14.6
7fb5b0717000-7fb5b0917000 ---p 0004a000 08:01 2752540                    /lib/x86_64-linux-gnu/libdbus-1.so.3.14.6
7fb5b0917000-7fb5b0918000 r--p 0004a000 08:01 2752540                    /lib/x86_64-linux-gnu/libdbus-1.so.3.14.6
7fb5b0918000-7fb5b0919000 rw-p 0004b000 08:01 2752540                    /lib/x86_64-linux-gnu/libdbus-1.so.3.14.6
7fb5b0919000-7fb5b0993000 r-xp 00000000 08:01 4984918                    /usr/lib/x86_64-linux-gnu/pulseaudio/libpulsecommon-8.0.so
7fb5b0993000-7fb5b0b92000 ---p 0007a000 08:01 4984918                    /usr/lib/x86_64-linux-gnu/pulseaudio/libpulsecommon-8.0.so
7fb5b0b92000-7fb5b0b93000 r--p 00079000 08:01 4984918                    /usr/lib/x86_64-linux-gnu/pulseaudio/libpulsecommon-8.0.so
7fb5b0b93000-7fb5b0b94000 rw-p 0007a000 08:01 4984918                    /usr/lib/x86_64-linux-gnu/pulseaudio/libpulsecommon-8.0.so
7fb5b0b94000-7fb5b0b9e000 r-xp 00000000 08:01 2757449                    /lib/x86_64-linux-gnu/libjson-c.so.2.0.0
7fb5b0b9e000-7fb5b0d9d000 ---p 0000a000 08:01 2757449                    /lib/x86_64-linux-gnu/libjson-c.so.2.0.0
7fb5b0d9d000-7fb5b0d9e000 r--p 00009000 08:01 2757449                    /lib/x86_64-linux-gnu/libjson-c.so.2.0.0
7fb5b0d9e000-7fb5b0d9f000 rw-p 0000a000 08:01 2757449                    /lib/x86_64-linux-gnu/libjson-c.so.2.0.0
7fb5b0d9f000-7fb5b0ded000 r-xp 00000000 08:01 4728317                    /usr/lib/x86_64-linux-gnu/libpulse.so.0.19.0
7fb5b0ded000-7fb5b0fed000 ---p 0004e000 08:01 4728317                    /usr/lib/x86_64-linux-gnu/libpulse.so.0.19.0
7fb5b0fed000-7fb5b0fee000 r--p 0004e000 08:01 4728317                    /usr/lib/x86_64-linux-gnu/libpulse.so.0.19.0
7fb5b0fee000-7fb5b0fef000 rw-p 0004f000 08:01 4728317                    /usr/lib/x86_64-linux-gnu/libpulse.so.0.19.0
7fb5b0fef000-7fb5b1044000 r-xp 00000000 08:01 1970581                    /tmp/libgdxfoysal/31ce78a2/libopenal64.so
7fb5b1044000-7fb5b1243000 ---p 00055000 08:01 1970581                    /tmp/libgdxfoysal/31ce78a2/libopenal64.so
7fb5b1243000-7fb5b1246000 r--p 00054000 08:01 1970581                    /tmp/libgdxfoysal/31ce78a2/libopenal64.so
7fb5b1246000-7fb5b1247000 rw-p 00057000 08:01 1970581                    /tmp/libgdxfoysal/31ce78a2/libopenal64.so
7fb5b1247000-7fb5b1248000 rw-p 00000000 00:00 0 
7fb5b1248000-7fb5b124d000 r-xp 00000000 08:01 4727343                    /usr/lib/x86_64-linux-gnu/libXxf86vm.so.1.0.0
7fb5b124d000-7fb5b144c000 ---p 00005000 08:01 4727343                    /usr/lib/x86_64-linux-gnu/libXxf86vm.so.1.0.0
7fb5b144c000-7fb5b144d000 r--p 00004000 08:01 4727343                    /usr/lib/x86_64-linux-gnu/libXxf86vm.so.1.0.0
7fb5b144d000-7fb5b144e000 rw-p 00005000 08:01 4727343                    /usr/lib/x86_64-linux-gnu/libXxf86vm.so.1.0.0
7fb5b144e000-7fb5b1458000 r-xp 00000000 08:01 4727325                    /usr/lib/x86_64-linux-gnu/libXrandr.so.2.2.0
7fb5b1458000-7fb5b1657000 ---p 0000a000 08:01 4727325                    /usr/lib/x86_64-linux-gnu/libXrandr.so.2.2.0
7fb5b1657000-7fb5b1658000 r--p 00009000 08:01 4727325                    /usr/lib/x86_64-linux-gnu/libXrandr.so.2.2.0
7fb5b1658000-7fb5b1659000 rw-p 0000a000 08:01 4727325                    /usr/lib/x86_64-linux-gnu/libXrandr.so.2.2.0
7fb5b1659000-7fb5b16c9000 r-xp 00000000 08:01 1970580                    /tmp/libgdxfoysal/31ce78a2/liblwjgl64.so
7fb5b16c9000-7fb5b18c9000 ---p 00070000 08:01 1970580                    /tmp/libgdxfoysal/31ce78a2/liblwjgl64.so
7fb5b18c9000-7fb5b18cb000 r--p 00070000 08:01 1970580                    /tmp/libgdxfoysal/31ce78a2/liblwjgl64.so
7fb5b18cb000-7fb5b18cc000 rw-p 00072000 08:01 1970580                    /tmp/libgdxfoysal/31ce78a2/liblwjgl64.so
7fb5b18cc000-7fb5b18cd000 r-xp 00000000 08:01 4723430                    /usr/lib/jvm/java-8-openjdk-amd64/jre/lib/amd64/libjawt.so
7fb5b18cd000-7fb5b1acc000 ---p 00001000 08:01 4723430                    /usr/lib/jvm/java-8-openjdk-amd64/jre/lib/amd64/libjawt.so
7fb5b1acc000-7fb5b1acd000 r--p 00000000 08:01 4723430                    /usr/lib/jvm/java-8-openjdk-amd64/jre/lib/amd64/libjawt.so
7fb5b1acd000-7fb5b1ace000 rw-p 00001000 08:01 4723430                    /usr/lib/jvm/java-8-openjdk-amd64/jre/lib/amd64/libjawt.so
7fb5b1ace000-7fb5b1ad1000 ---p 00000000 00:00 0 
7fb5b1ad1000-7fb5b1bcf000 rw-p 00000000 00:00 0 
7fb5b1bcf000-7fb5b1bd4000 r-xp 00000000 08:01 4727307                    /usr/lib/x86_64-linux-gnu/libXfixes.so.3.1.0
7fb5b1bd4000-7fb5b1dd3000 ---p 00005000 08:01 4727307                    /usr/lib/x86_64-linux-gnu/libXfixes.so.3.1.0
7fb5b1dd3000-7fb5b1dd4000 r--p 00004000 08:01 4727307                    /usr/lib/x86_64-linux-gnu/libXfixes.so.3.1.0
7fb5b1dd4000-7fb5b1dd5000 rw-p 00005000 08:01 4727307                    /usr/lib/x86_64-linux-gnu/libXfixes.so.3.1.0
7fb5b1dd5000-7fb5b1dde000 r-xp 00000000 08:01 4727299                    /usr/lib/x86_64-linux-gnu/libXcursor.so.1.0.2
7fb5b1dde000-7fb5b1fdd000 ---p 00009000 08:01 4727299                    /usr/lib/x86_64-linux-gnu/libXcursor.so.1.0.2
7fb5b1fdd000-7fb5b1fde000 r--p 00008000 08:01 4727299                    /usr/lib/x86_64-linux-gnu/libXcursor.so.1.0.2
7fb5b1fde000-7fb5b1fdf000 rw-p 00009000 08:01 4727299                    /usr/lib/x86_64-linux-gnu/libXcursor.so.1.0.2
7fb5b1fdf000-7fb5b2003000 r-xp 00000000 08:01 2757531                    /lib/x86_64-linux-gnu/libpng12.so.0.54.0
7fb5b2003000-7fb5b2202000 ---p 00024000 08:01 2757531                    /lib/x86_64-linux-gnu/libpng12.so.0.54.0
7fb5b2202000-7fb5b2203000 r--p 00023000 08:01 2757531                    /lib/x86_64-linux-gnu/libpng12.so.0.54.0
7fb5b2203000-7fb5b2204000 rw-p 00024000 08:01 2757531                    /lib/x86_64-linux-gnu/libpng12.so.0.54.0
7fb5b2204000-7fb5b22a8000 r-xp 00000000 08:01 4727730                    /usr/lib/x86_64-linux-gnu/libfreetype.so.6.12.1
7fb5b22a8000-7fb5b24a7000 ---p 000a4000 08:01 4727730                    /usr/lib/x86_64-linux-gnu/libfreetype.so.6.12.1
7fb5b24a7000-7fb5b24ad000 r--p 000a3000 08:01 4727730                    /usr/lib/x86_64-linux-gnu/libfreetype.so.6.12.1
7fb5b24ad000-7fb5b24ae000 rw-p 000a9000 08:01 4727730                    /usr/lib/x86_64-linux-gnu/libfreetype.so.6.12.1
7fb5b24ae000-7fb5b24ff000 r-xp 00000000 08:01 4723441                    /usr/lib/jvm/java-8-openjdk-amd64/jre/lib/amd64/libfontmanager.so
7fb5b24ff000-7fb5b26ff000 ---p 00051000 08:01 4723441                    /usr/lib/jvm/java-8-openjdk-amd64/jre/lib/amd64/libfontmanager.so
7fb5b26ff000-7fb5b2701000 r--p 00051000 08:01 4723441                    /usr/lib/jvm/java-8-openjdk-amd64/jre/lib/amd64/libfontmanager.so
7fb5b2701000-7fb5b2702000 rw-p 00053000 08:01 4723441                    /usr/lib/jvm/java-8-openjdk-amd64/jre/lib/amd64/libfontmanager.so
7fb5b2702000-7fb5b2707000 r-xp 00000000 08:01 4727303                    /usr/lib/x86_64-linux-gnu/libXdmcp.so.6.0.0
7fb5b2707000-7fb5b2906000 ---p 00005000 08:01 4727303                    /usr/lib/x86_64-linux-gnu/libXdmcp.so.6.0.0
7fb5b2906000-7fb5b2907000 r--p 00004000 08:01 4727303                    /usr/lib/x86_64-linux-gnu/libXdmcp.so.6.0.0
7fb5b2907000-7fb5b2908000 rw-p 00005000 08:01 4727303                    /usr/lib/x86_64-linux-gnu/libXdmcp.so.6.0.0
7fb5b2908000-7fb5b290a000 r-xp 00000000 08:01 4727292                    /usr/lib/x86_64-linux-gnu/libXau.so.6.0.0
7fb5b290a000-7fb5b2b0a000 ---p 00002000 08:01 4727292                    /usr/lib/x86_64-linux-gnu/libXau.so.6.0.0
7fb5b2b0a000-7fb5b2b0b000 r--p 00002000 08:01 4727292                    /usr/lib/x86_64-linux-gnu/libXau.so.6.0.0
7fb5b2b0b000-7fb5b2b0c000 rw-p 00003000 08:01 4727292                    /usr/lib/x86_64-linux-gnu/libXau.so.6.0.0
7fb5b2b0c000-7fb5b2b2d000 r-xp 00000000 08:01 4728716                    /usr/lib/x86_64-linux-gnu/libxcb.so.1.1.0
7fb5b2b2d000-7fb5b2d2c000 ---p 00021000 08:01 4728716                    /usr/lib/x86_64-linux-gnu/libxcb.so.1.1.0
7fb5b2d2c000-7fb5b2d2d000 r--p 00020000 08:01 4728716                    /usr/lib/x86_64-linux-gnu/libxcb.so.1.1.0
7fb5b2d2d000-7fb5b2d2e000 rw-p 00021000 08:01 4728716                    /usr/lib/x86_64-linux-gnu/libxcb.so.1.1.0
7fb5b2d2e000-7fb5b2d3d000 r-xp 00000000 08:01 4727315                    /usr/lib/x86_64-linux-gnu/libXi.so.6.1.0
7fb5b2d3d000-7fb5b2f3c000 ---p 0000f000 08:01 4727315                    /usr/lib/x86_64-linux-gnu/libXi.so.6.1.0
7fb5b2f3c000-7fb5b2f3d000 r--p 0000e000 08:01 4727315                    /usr/lib/x86_64-linux-gnu/libXi.so.6.1.0
7fb5b2f3d000-7fb5b2f3e000 rw-p 0000f000 08:01 4727315                    /usr/lib/x86_64-linux-gnu/libXi.so.6.1.0
7fb5b2f3e000-7fb5b2f43000 r-xp 00000000 08:01 4727333                    /usr/lib/x86_64-linux-gnu/libXtst.so.6.1.0
7fb5b2f43000-7fb5b3142000 ---p 00005000 08:01 4727333                    /usr/lib/x86_64-linux-gnu/libXtst.so.6.1.0
7fb5b3142000-7fb5b3143000 r--p 00004000 08:01 4727333                    /usr/lib/x86_64-linux-gnu/libXtst.so.6.1.0
7fb5b3143000-7fb5b3144000 rw-p 00005000 08:01 4727333                    /usr/lib/x86_64-linux-gnu/libXtst.so.6.1.0
7fb5b3144000-7fb5b314d000 r-xp 00000000 08:01 4727327                    /usr/lib/x86_64-linux-gnu/libXrender.so.1.3.0
7fb5b314d000-7fb5b334c000 ---p 00009000 08:01 4727327                    /usr/lib/x86_64-linux-gnu/libXrender.so.1.3.0
7fb5b334c000-7fb5b334d000 r--p 00008000 08:01 4727327                    /usr/lib/x86_64-linux-gnu/libXrender.so.1.3.0
7fb5b334d000-7fb5b334e000 rw-p 00009000 08:01 4727327                    /usr/lib/x86_64-linux-gnu/libXrender.so.1.3.0
7fb5b334e000-7fb5b3483000 r-xp 00000000 08:01 4727288                    /usr/lib/x86_64-linux-gnu/libX11.so.6.3.0
7fb5b3483000-7fb5b3683000 ---p 00135000 08:01 4727288                    /usr/lib/x86_64-linux-gnu/libX11.so.6.3.0
7fb5b3683000-7fb5b3684000 r--p 00135000 08:01 4727288                    /usr/lib/x86_64-linux-gnu/libX11.so.6.3.0
7fb5b3684000-7fb5b3688000 rw-p 00136000 08:01 4727288                    /usr/lib/x86_64-linux-gnu/libX11.so.6.3.0
7fb5b3688000-7fb5b3699000 r-xp 00000000 08:01 4727305                    /usr/lib/x86_64-linux-gnu/libXext.so.6.4.0
7fb5b3699000-7fb5b3898000 ---p 00011000 08:01 4727305                    /usr/lib/x86_64-linux-gnu/libXext.so.6.4.0
7fb5b3898000-7fb5b3899000 r--p 00010000 08:01 4727305                    /usr/lib/x86_64-linux-gnu/libXext.so.6.4.0
7fb5b3899000-7fb5b389a000 rw-p 00011000 08:01 4727305                    /usr/lib/x86_64-linux-gnu/libXext.so.6.4.0
7fb5b389a000-7fb5b38f5000 r-xp 00000000 08:01 4723422                    /usr/lib/jvm/java-8-openjdk-amd64/jre/lib/amd64/libawt_xawt.so
7fb5b38f5000-7fb5b3af4000 ---p 0005b000 08:01 4723422                    /usr/lib/jvm/java-8-openjdk-amd64/jre/lib/amd64/libawt_xawt.so
7fb5b3af4000-7fb5b3af5000 r--p 0005a000 08:01 4723422                    /usr/lib/jvm/java-8-openjdk-amd64/jre/lib/amd64/libawt_xawt.so
7fb5b3af5000-7fb5b3af8000 rw-p 0005b000 08:01 4723422                    /usr/lib/jvm/java-8-openjdk-amd64/jre/lib/amd64/libawt_xawt.so
7fb5b3af8000-7fb5b3afa000 rw-p 00000000 00:00 0 
7fb5b3afa000-7fb5b3b99000 r-xp 00000000 08:01 4723424                    /usr/lib/jvm/java-8-openjdk-amd64/jre/lib/amd64/libawt.so
7fb5b3b99000-7fb5b3d99000 ---p 0009f000 08:01 4723424                    /usr/lib/jvm/java-8-openjdk-amd64/jre/lib/amd64/libawt.so
7fb5b3d99000-7fb5b3d9a000 r--p 0009f000 08:01 4723424                    /usr/lib/jvm/java-8-openjdk-amd64/jre/lib/amd64/libawt.so
7fb5b3d9a000-7fb5b3da5000 rw-p 000a0000 08:01 4723424                    /usr/lib/jvm/java-8-openjdk-amd64/jre/lib/amd64/libawt.so
7fb5b3da5000-7fb5b3dca000 rw-p 00000000 00:00 0 
7fb5b3dca000-7fb5b3dfe000 r-xp 00000000 08:01 1970578                    /tmp/libgdxfoysal/3db1ff57/libgdx64.so
7fb5b3dfe000-7fb5b3ffe000 ---p 00034000 08:01 1970578                    /tmp/libgdxfoysal/3db1ff57/libgdx64.so
7fb5b3ffe000-7fb5b3fff000 r--p 00034000 08:01 1970578                    /tmp/libgdxfoysal/3db1ff57/libgdx64.so
7fb5b3fff000-7fb5b4000000 rw-p 00035000 08:01 1970578                    /tmp/libgdxfoysal/3db1ff57/libgdx64.so
7fb5b4000000-7fb5b4021000 rw-p 00000000 00:00 0 
7fb5b4021000-7fb5b8000000 ---p 00000000 00:00 0 
7fb5b8000000-7fb5b8021000 rw-p 00000000 00:00 0 
7fb5b8021000-7fb5bc000000 ---p 00000000 00:00 0 
7fb5bc000000-7fb5bc0c2000 rw-p 00000000 00:00 0 
7fb5bc0c2000-7fb5c0000000 ---p 00000000 00:00 0 
7fb5c0000000-7fb5c0276000 rw-p 00000000 00:00 0 
7fb5c0276000-7fb5c4000000 ---p 00000000 00:00 0 
7fb5c4000000-7fb5c4021000 rw-p 00000000 00:00 0 
7fb5c4021000-7fb5c8000000 ---p 00000000 00:00 0 
7fb5c8000000-7fb5c80bf000 rw-p 00000000 00:00 0 
7fb5c80bf000-7fb5cc000000 ---p 00000000 00:00 0 
7fb5cc000000-7fb5cc021000 rw-p 00000000 00:00 0 
7fb5cc021000-7fb5d0000000 ---p 00000000 00:00 0 
7fb5d0000000-7fb5d0021000 rw-p 00000000 00:00 0 
7fb5d0021000-7fb5d4000000 ---p 00000000 00:00 0 
7fb5d4000000-7fb5d4021000 rw-p 00000000 00:00 0 
7fb5d4021000-7fb5d8000000 ---p 00000000 00:00 0 
7fb5d8000000-7fb5d8021000 rw-p 00000000 00:00 0 
7fb5d8021000-7fb5dc000000 ---p 00000000 00:00 0 
7fb5dc000000-7fb5dc021000 rw-p 00000000 00:00 0 
7fb5dc021000-7fb5e0000000 ---p 00000000 00:00 0 
7fb5e0000000-7fb5e0021000 rw-p 00000000 00:00 0 
7fb5e0021000-7fb5e4000000 ---p 00000000 00:00 0 
7fb5e4000000-7fb5e4021000 rw-p 00000000 00:00 0 
7fb5e4021000-7fb5e8000000 ---p 00000000 00:00 0 
7fb5e803a000-7fb5e803e000 rw-s 00000000 00:18 667                        /i915 (deleted)
7fb5e803e000-7fb5e8043000 rw-s 00000000 00:18 666                        /i915 (deleted)
7fb5e8043000-7fb5e8044000 rwxp 00000000 00:00 0 
7fb5e8044000-7fb5e8045000 rw-s 00000000 00:05 133610                     /memfd:xshmfence (deleted)
7fb5e8045000-7fb5e8049000 rw-s 00000000 00:18 548                        /i915 (deleted)
7fb5e8049000-7fb5e804d000 rw-s 00000000 00:18 534                        /i915 (deleted)
7fb5e804d000-7fb5e8052000 rw-s 00000000 00:18 532                        /i915 (deleted)
7fb5e8052000-7fb5e8055000 ---p 00000000 00:00 0 
7fb5e8055000-7fb5e808b000 rw-p 00000000 00:00 0 
7fb5e808b000-7fb5e8092000 r--s 00000000 08:01 4983605                    /usr/lib/x86_64-linux-gnu/gconv/gconv-modules.cache
7fb5e8092000-7fb5e8095000 ---p 00000000 00:00 0 
7fb5e8095000-7fb5e8193000 rw-p 00000000 00:00 0 
7fb5e8193000-7fb5e81a6000 r--s 00346000 08:01 4724250                    /usr/lib/jvm/java-8-openjdk-amd64/jre/lib/resources.jar
7fb5e81a6000-7fb5e81aa000 r--s 000a1000 08:01 4724252                    /usr/lib/jvm/java-8-openjdk-amd64/jre/lib/jsse.jar
7fb5e81aa000-7fb5e81ab000 r--s 00002000 08:03 1966785                    /home/foysal/.gradle/caches/modules-2/files-2.1/net.java.jinput/jinput-platform/2.0.5/53f9c919f34d2ca9de8c51fc4e1e8282029a9232/jinput-platform-2.0.5-natives-osx.jar
7fb5e81ab000-7fb5e81ac000 r--s 00025000 08:03 1966783                    /home/foysal/.gradle/caches/modules-2/files-2.1/net.java.jinput/jinput-platform/2.0.5/385ee093e01f587f30ee1c8a2ee7d408fd732e16/jinput-platform-2.0.5-natives-windows.jar
7fb5e81ac000-7fb5e81ad000 r--s 00002000 08:03 1966781                    /home/foysal/.gradle/caches/modules-2/files-2.1/net.java.jinput/jinput-platform/2.0.5/7ff832a6eb9ab6a767f1ade2b548092d0fa64795/jinput-platform-2.0.5-natives-linux.jar
7fb5e81ad000-7fb5e81ae000 r--s 00001000 08:03 1966779                    /home/foysal/.gradle/caches/modules-2/files-2.1/net.java.jutils/jutils/1.0.0/e12fe1fda814bd348c1579329c86943d2cd3c6a6/jutils-1.0.0.jar
7fb5e81ae000-7fb5e81b2000 r--s 0002f000 08:03 1966777                    /home/foysal/.gradle/caches/modules-2/files-2.1/net.java.jinput/jinput/2.0.5/39c7796b469a600f72380316f6b1f11db6c2c7c4/jinput-2.0.5.jar
7fb5e81b2000-7fb5e81b3000 r--s 00068000 08:03 1966789                    /home/foysal/.gradle/caches/modules-2/files-2.1/org.lwjgl.lwjgl/lwjgl-platform/2.9.2/d55b46b40b40249d627a83a7f7f22649709d70c3/lwjgl-platform-2.9.2-natives-osx.jar
7fb5e81b3000-7fb5e81b4000 r--s 0008d000 08:03 1966791                    /home/foysal/.gradle/caches/modules-2/files-2.1/org.lwjgl.lwjgl/lwjgl-platform/2.9.2/d276cdf61fe2b516c7b7f4aa1b8dea91dbdc8d56/lwjgl-platform-2.9.2-natives-linux.jar
7fb5e81b4000-7fb5e81b5000 r--s 00095000 08:03 1966775                    /home/foysal/.gradle/caches/modules-2/files-2.1/org.lwjgl.lwjgl/lwjgl-platform/2.9.2/510c7d317f5e9e700b9cfaac5fd38bdebf0702e0/lwjgl-platform-2.9.2-natives-windows.jar
7fb5e81b5000-7fb5e81b7000 r--s 00017000 08:03 1966769                    /home/foysal/.gradle/caches/modules-2/files-2.1/org.jcraft/jorbis/0.0.17/8872d22b293e8f5d7d56ff92be966e6dc28ebdc6/jorbis-0.0.17.jar
7fb5e81b7000-7fb5e81b8000 r--s 00015000 08:03 1966767                    /home/foysal/.gradle/caches/modules-2/files-2.1/com.badlogicgames.jlayer/jlayer/1.0.1-gdx/7cca83cec5c1b2f011362f4d85aabd71a73b049d/jlayer-1.0.1-gdx.jar
7fb5e81b8000-7fb5e81c6000 r--s 000f2000 08:03 1966793                    /home/foysal/.gradle/caches/modules-2/files-2.1/org.lwjgl.lwjgl/lwjgl/2.9.2/a9d80fe5935c7a9149f6584d9777cfd471f65489/lwjgl-2.9.2.jar
7fb5e81c6000-7fb5e81ca000 r--s 00027000 08:03 1966771                    /home/foysal/.gradle/caches/modules-2/files-2.1/org.lwjgl.lwjgl/lwjgl_util/2.9.2/4b9e37300a87799856e0bd15ed81663cdb6b0947/lwjgl_util-2.9.2.jar
7fb5e81ca000-7fb5e81cb000 r--s 000e8000 08:03 2097429                    /home/foysal/.gradle/caches/modules-2/files-2.1/com.badlogicgames.gdx/gdx-box2d-platform/1.9.9/72b2916f45f3f948896eda931cd597f7e698340f/gdx-box2d-platform-1.9.9-natives-desktop.jar
7fb5e81cb000-7fb5e81ce000 r--s 00021000 08:03 1966773                    /home/foysal/.gradle/caches/modules-2/files-2.1/com.badlogicgames.gdx/gdx-backend-lwjgl/1.9.9/ca8911cb94c0bfeb59f99e46ca9b92440958fb0e/gdx-backend-lwjgl-1.9.9.jar
7fb5e81ce000-7fb5e81ea000 r--s 001be000 08:03 1966665                    /home/foysal/.gradle/caches/modules-2/files-2.1/com.badlogicgames.gdx/gdx/1.9.9/bf26f2f816b3cfe37ac6e66615391c30714b7030/gdx-1.9.9.jar
7fb5e81ea000-7fb5e81ee000 r--s 00029000 08:03 2885163                    /home/foysal/.gradle/caches/modules-2/files-2.1/net.dermetfan.libgdx-utils/libgdx-utils/0.13.4/27affad2873d1c9c366a2290fc51f3927f3a5f83/libgdx-utils-0.13.4.jar
7fb5e81ee000-7fb5e8209000 r--s 001d6000 08:01 4724280                    /usr/lib/jvm/java-8-openjdk-amd64/jre/lib/ext/nashorn.jar
7fb5e8209000-7fb5e8224000 r--s 00394000 08:01 4724279                    /usr/lib/jvm/java-8-openjdk-amd64/jre/lib/ext/cldrdata.jar
7fb5e8224000-7fb5e822e000 r--s 00116000 08:01 4724287                    /usr/lib/jvm/java-8-openjdk-amd64/jre/lib/ext/localedata.jar
7fb5e822e000-7fb5e822f000 ---p 00000000 00:00 0 
7fb5e822f000-7fb5e832f000 rw-p 00000000 00:00 0 
7fb5e832f000-7fb5e8332000 ---p 00000000 00:00 0 
7fb5e8332000-7fb5e8430000 rw-p 00000000 00:00 0 
7fb5e8430000-7fb5e8433000 ---p 00000000 00:00 0 
7fb5e8433000-7fb5e8531000 rw-p 00000000 00:00 0 
7fb5e8531000-7fb5e8534000 ---p 00000000 00:00 0 
7fb5e8534000-7fb5e8632000 rw-p 00000000 00:00 0 
7fb5e8632000-7fb5e8635000 ---p 00000000 00:00 0 
7fb5e8635000-7fb5e8733000 rw-p 00000000 00:00 0 
7fb5e8733000-7fb5e8736000 ---p 00000000 00:00 0 
7fb5e8736000-7fb5e8834000 rw-p 00000000 00:00 0 
7fb5e8834000-7fb5e9243000 r--p 00000000 08:01 4726095                    /usr/lib/locale/locale-archive
7fb5e9243000-7fb5e9246000 ---p 00000000 00:00 0 
7fb5e9246000-7fb5e9344000 rw-p 00000000 00:00 0 
7fb5e9344000-7fb5e9347000 ---p 00000000 00:00 0 
7fb5e9347000-7fb5e9445000 rw-p 00000000 00:00 0 
7fb5e9445000-7fb5e9446000 ---p 00000000 00:00 0 
7fb5e9446000-7fb5ea4b8000 rw-p 00000000 00:00 0 
7fb5ea4b8000-7fb5ea687000 r--s 03c3b000 08:01 4724248                    /usr/lib/jvm/java-8-openjdk-amd64/jre/lib/rt.jar
7fb5ea687000-7fb5eceff000 rw-p 00000000 00:00 0 
7fb5eceff000-7fb5ecf00000 ---p 00000000 00:00 0 
7fb5ecf00000-7fb5ed000000 rw-p 00000000 00:00 0 
7fb5ed000000-7fb5ed280000 rwxp 00000000 00:00 0 
7fb5ed280000-7fb5fc000000 ---p 00000000 00:00 0 
7fb5fc000000-7fb5fc452000 rw-p 00000000 00:00 0 
7fb5fc452000-7fb600000000 ---p 00000000 00:00 0 
7fb600000000-7fb600002000 r--s 00010000 08:03 2097417                    /home/foysal/.gradle/caches/modules-2/files-2.1/com.badlogicgames.gdx/gdx-box2d/1.9.9/e9a43c50fbe4f1e26dd0af5d2e78d125549e7f6b/gdx-box2d-1.9.9.jar
7fb600002000-7fb600006000 r--s 0001e000 08:03 2885157                    /home/foysal/.gradle/caches/modules-2/files-2.1/net.dermetfan.libgdx-utils/libgdx-utils-box2d/0.13.4/918d79a20ea3c898cdb3611782c5b2bfa6ec575b/libgdx-utils-box2d-0.13.4.jar
7fb600006000-7fb600008000 r--s 00008000 08:01 4724283                    /usr/lib/jvm/java-8-openjdk-amd64/jre/lib/ext/sunec.jar
7fb600008000-7fb60000d000 r--s 0003c000 08:01 4724284                    /usr/lib/jvm/java-8-openjdk-amd64/jre/lib/ext/sunjce_provider.jar
7fb60000d000-7fb60004f000 rw-p 00000000 00:00 0 
7fb60004f000-7fb600050000 ---p 00000000 00:00 0 
7fb600050000-7fb600150000 rw-p 00000000 00:00 0 
7fb600150000-7fb600151000 ---p 00000000 00:00 0 
7fb600151000-7fb600251000 rw-p 00000000 00:00 0 
7fb600251000-7fb600252000 ---p 00000000 00:00 0 
7fb600252000-7fb600367000 rw-p 00000000 00:00 0 
7fb600367000-7fb600494000 ---p 00000000 00:00 0 
7fb600494000-7fb6004a9000 rw-p 00000000 00:00 0 
7fb6004a9000-7fb6005d5000 ---p 00000000 00:00 0 
7fb6005d5000-7fb6005e0000 rw-p 00000000 00:00 0 
7fb6005e0000-7fb600676000 ---p 00000000 00:00 0 
7fb600676000-7fb600681000 rw-p 00000000 00:00 0 
7fb600681000-7fb600a37000 ---p 00000000 00:00 0 
7fb600a37000-7fb600a3f000 r-xp 00000000 08:01 4724246                    /usr/lib/jvm/java-8-openjdk-amd64/jre/lib/amd64/libzip.so
7fb600a3f000-7fb600c3e000 ---p 00008000 08:01 4724246                    /usr/lib/jvm/java-8-openjdk-amd64/jre/lib/amd64/libzip.so
7fb600c3e000-7fb600c3f000 r--p 00007000 08:01 4724246                    /usr/lib/jvm/java-8-openjdk-amd64/jre/lib/amd64/libzip.so
7fb600c3f000-7fb600c40000 rw-p 00008000 08:01 4724246                    /usr/lib/jvm/java-8-openjdk-amd64/jre/lib/amd64/libzip.so
7fb600c40000-7fb600c4b000 r-xp 00000000 08:01 2757489                    /lib/x86_64-linux-gnu/libnss_files-2.23.so
7fb600c4b000-7fb600e4a000 ---p 0000b000 08:01 2757489                    /lib/x86_64-linux-gnu/libnss_files-2.23.so
7fb600e4a000-7fb600e4b000 r--p 0000a000 08:01 2757489                    /lib/x86_64-linux-gnu/libnss_files-2.23.so
7fb600e4b000-7fb600e4c000 rw-p 0000b000 08:01 2757489                    /lib/x86_64-linux-gnu/libnss_files-2.23.so
7fb600e4c000-7fb600e52000 rw-p 00000000 00:00 0 
7fb600e52000-7fb600e5d000 r-xp 00000000 08:01 2757499                    /lib/x86_64-linux-gnu/libnss_nis-2.23.so
7fb600e5d000-7fb60105c000 ---p 0000b000 08:01 2757499                    /lib/x86_64-linux-gnu/libnss_nis-2.23.so
7fb60105c000-7fb60105d000 r--p 0000a000 08:01 2757499                    /lib/x86_64-linux-gnu/libnss_nis-2.23.so
7fb60105d000-7fb60105e000 rw-p 0000b000 08:01 2757499                    /lib/x86_64-linux-gnu/libnss_nis-2.23.so
7fb60105e000-7fb601074000 r-xp 00000000 08:01 2757483                    /lib/x86_64-linux-gnu/libnsl-2.23.so
7fb601074000-7fb601273000 ---p 00016000 08:01 2757483                    /lib/x86_64-linux-gnu/libnsl-2.23.so
7fb601273000-7fb601274000 r--p 00015000 08:01 2757483                    /lib/x86_64-linux-gnu/libnsl-2.23.so
7fb601274000-7fb601275000 rw-p 00016000 08:01 2757483                    /lib/x86_64-linux-gnu/libnsl-2.23.so
7fb601275000-7fb601277000 rw-p 00000000 00:00 0 
7fb601277000-7fb60127f000 r-xp 00000000 08:01 2757485                    /lib/x86_64-linux-gnu/libnss_compat-2.23.so
7fb60127f000-7fb60147e000 ---p 00008000 08:01 2757485                    /lib/x86_64-linux-gnu/libnss_compat-2.23.so
7fb60147e000-7fb60147f000 r--p 00007000 08:01 2757485                    /lib/x86_64-linux-gnu/libnss_compat-2.23.so
7fb60147f000-7fb601480000 rw-p 00008000 08:01 2757485                    /lib/x86_64-linux-gnu/libnss_compat-2.23.so
7fb601480000-7fb6014ac000 r-xp 00000000 08:01 4723440                    /usr/lib/jvm/java-8-openjdk-amd64/jre/lib/amd64/libjava.so
7fb6014ac000-7fb6016ab000 ---p 0002c000 08:01 4723440                    /usr/lib/jvm/java-8-openjdk-amd64/jre/lib/amd64/libjava.so
7fb6016ab000-7fb6016ac000 r--p 0002b000 08:01 4723440                    /usr/lib/jvm/java-8-openjdk-amd64/jre/lib/amd64/libjava.so
7fb6016ac000-7fb6016ae000 rw-p 0002c000 08:01 4723440                    /usr/lib/jvm/java-8-openjdk-amd64/jre/lib/amd64/libjava.so
7fb6016ae000-7fb6016bd000 r-xp 00000000 08:01 4723428                    /usr/lib/jvm/java-8-openjdk-amd64/jre/lib/amd64/libverify.so
7fb6016bd000-7fb6018bc000 ---p 0000f000 08:01 4723428                    /usr/lib/jvm/java-8-openjdk-amd64/jre/lib/amd64/libverify.so
7fb6018bc000-7fb6018be000 r--p 0000e000 08:01 4723428                    /usr/lib/jvm/java-8-openjdk-amd64/jre/lib/amd64/libverify.so
7fb6018be000-7fb6018bf000 rw-p 00010000 08:01 4723428                    /usr/lib/jvm/java-8-openjdk-amd64/jre/lib/amd64/libverify.so
7fb6018bf000-7fb6018c6000 r-xp 00000000 08:01 2757544                    /lib/x86_64-linux-gnu/librt-2.23.so
7fb6018c6000-7fb601ac5000 ---p 00007000 08:01 2757544                    /lib/x86_64-linux-gnu/librt-2.23.so
7fb601ac5000-7fb601ac6000 r--p 00006000 08:01 2757544                    /lib/x86_64-linux-gnu/librt-2.23.so
7fb601ac6000-7fb601ac7000 rw-p 00007000 08:01 2757544                    /lib/x86_64-linux-gnu/librt-2.23.so
7fb601ac7000-7fb601add000 r-xp 00000000 08:01 2757428                    /lib/x86_64-linux-gnu/libgcc_s.so.1
7fb601add000-7fb601cdc000 ---p 00016000 08:01 2757428                    /lib/x86_64-linux-gnu/libgcc_s.so.1
7fb601cdc000-7fb601cdd000 rw-p 00015000 08:01 2757428                    /lib/x86_64-linux-gnu/libgcc_s.so.1
7fb601cdd000-7fb601de5000 r-xp 00000000 08:01 2757460                    /lib/x86_64-linux-gnu/libm-2.23.so
7fb601de5000-7fb601fe4000 ---p 00108000 08:01 2757460                    /lib/x86_64-linux-gnu/libm-2.23.so
7fb601fe4000-7fb601fe5000 r--p 00107000 08:01 2757460                    /lib/x86_64-linux-gnu/libm-2.23.so
7fb601fe5000-7fb601fe6000 rw-p 00108000 08:01 2757460                    /lib/x86_64-linux-gnu/libm-2.23.so
7fb601fe6000-7fb602158000 r-xp 00000000 08:01 4728465                    /usr/lib/x86_64-linux-gnu/libstdc++.so.6.0.21
7fb602158000-7fb602358000 ---p 00172000 08:01 4728465                    /usr/lib/x86_64-linux-gnu/libstdc++.so.6.0.21
7fb602358000-7fb602362000 r--p 00172000 08:01 4728465                    /usr/lib/x86_64-linux-gnu/libstdc++.so.6.0.21
7fb602362000-7fb602364000 rw-p 0017c000 08:01 4728465                    /usr/lib/x86_64-linux-gnu/libstdc++.so.6.0.21
7fb602364000-7fb602368000 rw-p 00000000 00:00 0 
7fb602368000-7fb602fcc000 r-xp 00000000 08:01 4723438                    /usr/lib/jvm/java-8-openjdk-amd64/jre/lib/amd64/server/libjvm.so
7fb602fcc000-7fb6031cb000 ---p 00c64000 08:01 4723438                    /usr/lib/jvm/java-8-openjdk-amd64/jre/lib/amd64/server/libjvm.so
7fb6031cb000-7fb60325f000 r--p 00c63000 08:01 4723438                    /usr/lib/jvm/java-8-openjdk-amd64/jre/lib/amd64/server/libjvm.so
7fb60325f000-7fb603288000 rw-p 00cf7000 08:01 4723438                    /usr/lib/jvm/java-8-openjdk-amd64/jre/lib/amd64/server/libjvm.so
7fb603288000-7fb6032b8000 rw-p 00000000 00:00 0 
7fb6032b8000-7fb6032d0000 r-xp 00000000 08:01 2757536                    /lib/x86_64-linux-gnu/libpthread-2.23.so
7fb6032d0000-7fb6034cf000 ---p 00018000 08:01 2757536                    /lib/x86_64-linux-gnu/libpthread-2.23.so
7fb6034cf000-7fb6034d0000 r--p 00017000 08:01 2757536                    /lib/x86_64-linux-gnu/libpthread-2.23.so
7fb6034d0000-7fb6034d1000 rw-p 00018000 08:01 2757536                    /lib/x86_64-linux-gnu/libpthread-2.23.so
7fb6034d1000-7fb6034d5000 rw-p 00000000 00:00 0 
7fb6034d5000-7fb6034d8000 r-xp 00000000 08:01 2757414                    /lib/x86_64-linux-gnu/libdl-2.23.so
7fb6034d8000-7fb6036d7000 ---p 00003000 08:01 2757414                    /lib/x86_64-linux-gnu/libdl-2.23.so
7fb6036d7000-7fb6036d8000 r--p 00002000 08:01 2757414                    /lib/x86_64-linux-gnu/libdl-2.23.so
7fb6036d8000-7fb6036d9000 rw-p 00003000 08:01 2757414                    /lib/x86_64-linux-gnu/libdl-2.23.so
7fb6036d9000-7fb6036f2000 r-xp 00000000 08:01 2757581                    /lib/x86_64-linux-gnu/libz.so.1.2.8
7fb6036f2000-7fb6038f1000 ---p 00019000 08:01 2757581                    /lib/x86_64-linux-gnu/libz.so.1.2.8
7fb6038f1000-7fb6038f2000 r--p 00018000 08:01 2757581                    /lib/x86_64-linux-gnu/libz.so.1.2.8
7fb6038f2000-7fb6038f3000 rw-p 00019000 08:01 2757581                    /lib/x86_64-linux-gnu/libz.so.1.2.8
7fb6038f3000-7fb603ab3000 r-xp 00000000 08:01 2757390                    /lib/x86_64-linux-gnu/libc-2.23.so
7fb603ab3000-7fb603cb3000 ---p 001c0000 08:01 2757390                    /lib/x86_64-linux-gnu/libc-2.23.so
7fb603cb3000-7fb603cb7000 r--p 001c0000 08:01 2757390                    /lib/x86_64-linux-gnu/libc-2.23.so
7fb603cb7000-7fb603cb9000 rw-p 001c4000 08:01 2757390                    /lib/x86_64-linux-gnu/libc-2.23.so
7fb603cb9000-7fb603cbd000 rw-p 00000000 00:00 0 
7fb603cbd000-7fb603cca000 r-xp 00000000 08:01 4723477                    /usr/lib/jvm/java-8-openjdk-amd64/jre/lib/amd64/jli/libjli.so
7fb603cca000-7fb603ec9000 ---p 0000d000 08:01 4723477                    /usr/lib/jvm/java-8-openjdk-amd64/jre/lib/amd64/jli/libjli.so
7fb603ec9000-7fb603eca000 r--p 0000c000 08:01 4723477                    /usr/lib/jvm/java-8-openjdk-amd64/jre/lib/amd64/jli/libjli.so
7fb603eca000-7fb603ecb000 rw-p 0000d000 08:01 4723477                    /usr/lib/jvm/java-8-openjdk-amd64/jre/lib/amd64/jli/libjli.so
7fb603ecb000-7fb603ef1000 r-xp 00000000 08:01 2757362                    /lib/x86_64-linux-gnu/ld-2.23.so
7fb603ef1000-7fb603ef2000 r--s 000ba000 08:03 1966787                    /home/foysal/.gradle/caches/modules-2/files-2.1/com.badlogicgames.gdx/gdx-platform/1.9.9/7e644cfafdb436b13b24ac7993ffab17f306b64d/gdx-platform-1.9.9-natives-desktop.jar
7fb603ef2000-7fb603ef4000 r--s 00001000 08:01 4724286                    /usr/lib/jvm/java-8-openjdk-amd64/jre/lib/ext/dnsns.jar
7fb603ef4000-7fb603ef5000 r--s 00010000 08:01 4724282                    /usr/lib/jvm/java-8-openjdk-amd64/jre/lib/ext/zipfs.jar
7fb603ef5000-7fb603ef8000 r--s 0000f000 08:01 4724278                    /usr/lib/jvm/java-8-openjdk-amd64/jre/lib/ext/icedtea-sound.jar
7fb603ef8000-7fb603efb000 r--s 00039000 08:01 4724288                    /usr/lib/jvm/java-8-openjdk-amd64/jre/lib/ext/sunpkcs11.jar
7fb603efb000-7fb603fcc000 rw-p 00000000 00:00 0 
7fb603fcc000-7fb603fcf000 ---p 00000000 00:00 0 
7fb603fcf000-7fb6040d1000 rw-p 00000000 00:00 0 
7fb6040d1000-7fb6040d2000 r--s 0000a000 08:01 4724285                    /usr/lib/jvm/java-8-openjdk-amd64/jre/lib/ext/jaccess.jar
7fb6040d2000-7fb6040e5000 rw-p 00000000 00:00 0 
7fb6040e5000-7fb6040ed000 rw-s 00000000 08:01 1970564                    /tmp/hsperfdata_foysal/19542
7fb6040ed000-7fb6040ee000 rw-p 00000000 00:00 0 
7fb6040ee000-7fb6040ef000 r--p 00000000 00:00 0 
7fb6040ef000-7fb6040f0000 rw-p 00000000 00:00 0 
7fb6040f0000-7fb6040f1000 r--p 00025000 08:01 2757362                    /lib/x86_64-linux-gnu/ld-2.23.so
7fb6040f1000-7fb6040f2000 rw-p 00026000 08:01 2757362                    /lib/x86_64-linux-gnu/ld-2.23.so
7fb6040f2000-7fb6040f3000 rw-p 00000000 00:00 0 
7ffd8a6f1000-7ffd8a713000 rw-p 00000000 00:00 0                          [stack]
7ffd8a792000-7ffd8a795000 r--p 00000000 00:00 0                          [vvar]
7ffd8a795000-7ffd8a797000 r-xp 00000000 00:00 0                          [vdso]
ffffffffff600000-ffffffffff601000 r-xp 00000000 00:00 0                  [vsyscall]

VM Arguments:
jvm_args: -Dfile.encoding=UTF-8 
java_command: com.mygdx.game.desktop.DesktopLauncher
java_class_path (initial): /home/foysal/Documents/project/desktop/bin/main:/home/foysal/Documents/project/desktop/bin/default:/home/foysal/Documents/project/core/bin/main:/home/foysal/.gradle/caches/modules-2/files-2.1/net.dermetfan.libgdx-utils/libgdx-utils-box2d/0.13.4/918d79a20ea3c898cdb3611782c5b2bfa6ec575b/libgdx-utils-box2d-0.13.4.jar:/home/foysal/.gradle/caches/modules-2/files-2.1/net.dermetfan.libgdx-utils/libgdx-utils/0.13.4/27affad2873d1c9c366a2290fc51f3927f3a5f83/libgdx-utils-0.13.4.jar:/home/foysal/.gradle/caches/modules-2/files-2.1/com.badlogicgames.gdx/gdx-box2d/1.9.9/e9a43c50fbe4f1e26dd0af5d2e78d125549e7f6b/gdx-box2d-1.9.9.jar:/home/foysal/.gradle/caches/modules-2/files-2.1/com.badlogicgames.gdx/gdx/1.9.9/bf26f2f816b3cfe37ac6e66615391c30714b7030/gdx-1.9.9.jar:/home/foysal/.gradle/caches/modules-2/files-2.1/com.badlogicgames.gdx/gdx-backend-lwjgl/1.9.9/ca8911cb94c0bfeb59f99e46ca9b92440958fb0e/gdx-backend-lwjgl-1.9.9.jar:/home/foysal/.gradle/caches/modules-2/files-2.1/com.badlogicgames.gdx/gdx-platform/1.9.9/7e644cfafdb436b13b24ac7993ffab17f306b64d/gdx-platform-1.9.9-natives-desktop.jar:/home/foysal/.gradle/caches/modules-2/files-2.1/com.badlogicgames.gdx/gdx-box2d-platform/1.9.9/72b2916f45f3f948896eda931cd597f7e698340f/gdx-box2d-platform-1.9.9-natives-desktop.jar:/home/foysal/.gradle/caches/modules-2/files-2.1/org.lwjgl.lwjgl/lwjgl_util/2.9.2/4b9e37300a87799856e0bd15ed81663cdb6b0947/lwjgl_util-2.9.2.jar:/home/foysal/.gradle/caches/modules-2/files-2.1/org.lwjgl.lwjgl/lwjgl/2.9.2/a9d80fe5935c7a9149f6584d9777cfd471f65489/lwjgl-2.9.2.jar:/home/foysal/.gradle/caches/modules-2/files-2.1/com.badlogicgames.jlayer/jlayer/1.0.1-gdx/7cca83cec5c1b2f011362f4d85aabd71a73b049d/jlayer-1.0.1-gdx.jar:/home/foysal/.gradle/caches/modules-2/files-2.1/org.jcraft/jorbis/0.0.17/8872d22b293e8f5d7d56ff92be966e6dc28ebdc6/jorbis-0.0.17.jar:/home/foysal/.gradle/caches/modules-2/files-2.1/org.lwjgl.lwjgl/lwjgl-platform/2.9.2/510c7d317f5e9e700b9cfaac5fd38bdebf0702e0/lwjgl-platform
Launcher Type: SUN_STANDARD

Environment Variables:
PATH=/home/foysal/bin:/home/foysal/.local/bin:/usr/local/sbin:/usr/local/bin:/usr/sbin:/usr/bin:/sbin:/bin:/usr/games:/usr/local/games:/snap/bin
SHELL=/bin/bash
DISPLAY=:0

Signal Handlers:
SIGSEGV: [libjvm.so+0xa765a0], sa_mask[0]=11111111011111111101111111111110, sa_flags=SA_RESTART|SA_SIGINFO
SIGBUS: [libjvm.so+0xa765a0], sa_mask[0]=11111111011111111101111111111110, sa_flags=SA_RESTART|SA_SIGINFO
SIGFPE: [libjvm.so+0x8bd800], sa_mask[0]=11111111011111111101111111111110, sa_flags=SA_RESTART|SA_SIGINFO
SIGPIPE: [libjvm.so+0x8bd800], sa_mask[0]=11111111011111111101111111111110, sa_flags=SA_RESTART|SA_SIGINFO
SIGXFSZ: [libjvm.so+0x8bd800], sa_mask[0]=11111111011111111101111111111110, sa_flags=SA_RESTART|SA_SIGINFO
SIGILL: [libjvm.so+0x8bd800], sa_mask[0]=11111111011111111101111111111110, sa_flags=SA_RESTART|SA_SIGINFO
SIGUSR1: SIG_DFL, sa_mask[0]=00000000000000000000000000000000, sa_flags=none
SIGUSR2: [libjvm.so+0x8bd6b0], sa_mask[0]=00100000000000000000000000000000, sa_flags=SA_RESTART|SA_SIGINFO
SIGHUP: [libjvm.so+0x8bdd40], sa_mask[0]=11111111011111111101111111111110, sa_flags=SA_RESTART|SA_SIGINFO
SIGINT: [libjvm.so+0x8bdd40], sa_mask[0]=11111111011111111101111111111110, sa_flags=SA_RESTART|SA_SIGINFO
SIGTERM: [libjvm.so+0x8bdd40], sa_mask[0]=11111111011111111101111111111110, sa_flags=SA_RESTART|SA_SIGINFO
SIGQUIT: [libjvm.so+0x8bdd40], sa_mask[0]=11111111011111111101111111111110, sa_flags=SA_RESTART|SA_SIGINFO


---------------  S Y S T E M  ---------------

OS:DISTRIB_ID=Ubuntu
DISTRIB_RELEASE=16.04
DISTRIB_CODENAME=xenial
DISTRIB_DESCRIPTION="Ubuntu 16.04.6 LTS"

uname:Linux 4.15.0-54-generic #58~16.04.1-Ubuntu SMP Mon Jun 24 13:21:41 UTC 2019 x86_64
libc:glibc 2.23 NPTL 2.23 
rlimit: STACK 8192k, CORE 0k, NPROC 15175, NOFILE 1048576, AS infinity
load average:2.03 1.82 1.92

/proc/meminfo:
MemTotal:        3945256 kB
MemFree:          136208 kB
MemAvailable:     638952 kB
Buffers:           30720 kB
Cached:          1061488 kB
SwapCached:         1300 kB
Active:          2626624 kB
Inactive:         946120 kB
Active(anon):    2282916 kB
Inactive(anon):   619892 kB
Active(file):     343708 kB
Inactive(file):   326228 kB
Unevictable:         160 kB
Mlocked:             160 kB
SwapTotal:       3999740 kB
SwapFree:        3963644 kB
Dirty:             13104 kB
Writeback:             0 kB
AnonPages:       2479604 kB
Mapped:           463020 kB
Shmem:            422272 kB
Slab:             114084 kB
SReclaimable:      70756 kB
SUnreclaim:        43328 kB
KernelStack:       11600 kB
PageTables:        57624 kB
NFS_Unstable:          0 kB
Bounce:                0 kB
WritebackTmp:          0 kB
CommitLimit:     5972368 kB
Committed_AS:    8893300 kB
VmallocTotal:   34359738367 kB
VmallocUsed:           0 kB
VmallocChunk:          0 kB
HardwareCorrupted:     0 kB
AnonHugePages:      6144 kB
ShmemHugePages:        0 kB
ShmemPmdMapped:        0 kB
CmaTotal:              0 kB
CmaFree:               0 kB
HugePages_Total:       0
HugePages_Free:        0
HugePages_Rsvd:        0
HugePages_Surp:        0
Hugepagesize:       2048 kB
DirectMap4k:      192800 kB
DirectMap2M:     3907584 kB

container (cgroup) information:
container_type: cgroupv1
cpu_cpuset_cpus: 0-3
cpu_memory_nodes: 0
active_processor_count: 4
cpu_quota: -1
cpu_period: 100000
cpu_shares: -1
memory_limit_in_bytes: -1
memory_and_swap_limit_in_bytes: -2
memory_soft_limit_in_bytes: -1
memory_usage_in_bytes: 3658760192
memory_max_usage_in_bytes: 2097152


CPU:total 4 (initial active 4) (2 cores per cpu, 2 threads per core) family 6 model 42 stepping 7, cmov, cx8, fxsr, mmx, sse, sse2, sse3, ssse3, sse4.1, sse4.2, popcnt, avx, clmul, ht, tsc, tscinvbit

/proc/cpuinfo:
processor	: 0
vendor_id	: GenuineIntel
cpu family	: 6
model		: 42
model name	: Intel(R) Core(TM) i3-2350M CPU @ 2.30GHz
stepping	: 7
microcode	: 0x2f
cpu MHz		: 1407.823
cache size	: 3072 KB
physical id	: 0
siblings	: 4
core id		: 0
cpu cores	: 2
apicid		: 0
initial apicid	: 0
fpu		: yes
fpu_exception	: yes
cpuid level	: 13
wp		: yes
flags		: fpu vme de pse tsc msr pae mce cx8 apic sep mtrr pge mca cmov pat pse36 clflush dts acpi mmx fxsr sse sse2 ss ht tm pbe syscall nx rdtscp lm constant_tsc arch_perfmon pebs bts rep_good nopl xtopology nonstop_tsc cpuid aperfmperf pni pclmulqdq dtes64 monitor ds_cpl vmx est tm2 ssse3 cx16 xtpr pdcm pcid sse4_1 sse4_2 x2apic popcnt tsc_deadline_timer xsave avx lahf_lm epb pti ssbd ibrs ibpb stibp tpr_shadow vnmi flexpriority ept vpid xsaveopt dtherm arat pln pts md_clear flush_l1d
bugs		: cpu_meltdown spectre_v1 spectre_v2 spec_store_bypass l1tf mds
bogomips	: 4589.43
clflush size	: 64
cache_alignment	: 64
address sizes	: 36 bits physical, 48 bits virtual
power management:

processor	: 1
vendor_id	: GenuineIntel
cpu family	: 6
model		: 42
model name	: Intel(R) Core(TM) i3-2350M CPU @ 2.30GHz
stepping	: 7
microcode	: 0x2f
cpu MHz		: 1700.818
cache size	: 3072 KB
physical id	: 0
siblings	: 4
core id		: 1
cpu cores	: 2
apicid		: 2
initial apicid	: 2
fpu		: yes
fpu_exception	: yes
cpuid level	: 13
wp		: yes
flags		: fpu vme de pse tsc msr pae mce cx8 apic sep mtrr pge mca cmov pat pse36 clflush dts acpi mmx fxsr sse sse2 ss ht tm pbe syscall nx rdtscp lm constant_tsc arch_perfmon pebs bts rep_good nopl xtopology nonstop_tsc cpuid aperfmperf pni pclmulqdq dtes64 monitor ds_cpl vmx est tm2 ssse3 cx16 xtpr pdcm pcid sse4_1 sse4_2 x2apic popcnt tsc_deadline_timer xsave avx lahf_lm epb pti ssbd ibrs ibpb stibp tpr_shadow vnmi flexpriority ept vpid xsaveopt dtherm arat pln pts md_clear flush_l1d
bugs		: cpu_meltdown spectre_v1 spectre_v2 spec_store_bypass l1tf mds
bogomips	: 4589.43
clflush size	: 64
cache_alignment	: 64
address sizes	: 36 bits physical, 48 bits virtual
power management:

processor	: 2
vendor_id	: GenuineIntel
cpu family	: 6
model		: 42
model name	: Intel(R) Core(TM) i3-2350M CPU @ 2.30GHz
stepping	: 7
microcode	: 0x2f
cpu MHz		: 1420.143
cache size	: 3072 KB
physical id	: 0
siblings	: 4
core id		: 0
cpu cores	: 2
apicid		: 1
initial apicid	: 1
fpu		: yes
fpu_exception	: yes
cpuid level	: 13
wp		: yes
flags		: fpu vme de pse tsc msr pae mce cx8 apic sep mtrr pge mca cmov pat pse36 clflush dts acpi mmx fxsr sse sse2 ss ht tm pbe syscall nx rdtscp lm constant_tsc arch_perfmon pebs bts rep_good nopl xtopology nonstop_tsc cpuid aperfmperf pni pclmulqdq dtes64 monitor ds_cpl vmx est tm2 ssse3 cx16 xtpr pdcm pcid sse4_1 sse4_2 x2apic popcnt tsc_deadline_timer xsave avx lahf_lm epb pti ssbd ibrs ibpb stibp tpr_shadow vnmi flexpriority ept vpid xsaveopt dtherm arat pln pts md_clear flush_l1d
bugs		: cpu_meltdown spectre_v1 spectre_v2 spec_store_bypass l1tf mds
bogomips	: 4589.43
clflush size	: 64
cache_alignment	: 64
address sizes	: 36 bits physical, 48 bits virtual
power management:

processor	: 3
vendor_id	: GenuineIntel
cpu family	: 6
model		: 42
model name	: Intel(R) Core(TM) i3-2350M CPU @ 2.30GHz
stepping	: 7
microcode	: 0x2f
cpu MHz		: 1317.415
cache size	: 3072 KB
physical id	: 0
siblings	: 4
core id		: 1
cpu cores	: 2
apicid		: 3
initial apicid	: 3
fpu		: yes
fpu_exception	: yes
cpuid level	: 13
wp		: yes
flags		: fpu vme de pse tsc msr pae mce cx8 apic sep mtrr pge mca cmov pat pse36 clflush dts acpi mmx fxsr sse sse2 ss ht tm pbe syscall nx rdtscp lm constant_tsc arch_perfmon pebs bts rep_good nopl xtopology nonstop_tsc cpuid aperfmperf pni pclmulqdq dtes64 monitor ds_cpl vmx est tm2 ssse3 cx16 xtpr pdcm pcid sse4_1 sse4_2 x2apic popcnt tsc_deadline_timer xsave avx lahf_lm epb pti ssbd ibrs ibpb stibp tpr_shadow vnmi flexpriority ept vpid xsaveopt dtherm arat pln pts md_clear flush_l1d
bugs		: cpu_meltdown spectre_v1 spectre_v2 spec_store_bypass l1tf mds
bogomips	: 4589.43
clflush size	: 64
cache_alignment	: 64
address sizes	: 36 bits physical, 48 bits virtual
power management:



Memory: 4k page, physical 3945256k(136208k free), swap 3999740k(3963644k free)

vm_info: OpenJDK 64-Bit Server VM (25.212-b03) for linux-amd64 JRE (1.8.0_212-8u212-b03-0ubuntu1.16.04.1-b03), built on Apr 26 2019 02:02:50 by "buildd" with gcc 5.4.0 20160609

time: Fri Jul 12 16:59:27 2019
timezone: +06
elapsed time: 1 seconds (0d 0h 0m 1s)

