#
# A fatal error has been detected by the Java Runtime Environment:
#
#  SIGSEGV (0xb) at pc=0x00007ff8084706f6, pid=16645, tid=0x00007ff814139700
#
# JRE version: OpenJDK Runtime Environment (8.0_212-b03) (build 1.8.0_212-8u212-b03-0ubuntu1.16.04.1-b03)
# Java VM: OpenJDK 64-Bit Server VM (25.212-b03 mixed mode linux-amd64 compressed oops)
# Problematic frame:
# C  [libgdx-box2d64.so+0x356f6]  b2Fixture::Create(b2BlockAllocator*, b2Body*, b2FixtureDef const*)+0x56
#
# Failed to write core dump. Core dumps have been disabled. To enable core dumping, try "ulimit -c unlimited" before starting Java again
#
# If you would like to submit a bug report, please visit:
#   http://bugreport.java.com/bugreport/crash.jsp
# The crash happened outside the Java Virtual Machine in native code.
# See problematic frame for where to report the bug.
#

---------------  T H R E A D  ---------------

Current thread (0x00007ff85c40f000):  JavaThread "LWJGL Application" [_thread_in_native, id=16674, stack(0x00007ff814039000,0x00007ff81413a000)]

siginfo: si_signo: 11 (SIGSEGV), si_code: 1 (SEGV_MAPERR), si_addr: 0x0000000000000010

Registers:
RAX=0x0000000000000000, RBX=0x00007ff7e4a24230, RCX=0x00007ff814138650, RDX=0x00007ff7e4a20280
RSP=0x00007ff8141385f0, RBP=0x00007ff814138650, RSI=0x00007ff7e4550810, RDI=0x00007ff7e45c9500
R8 =0x0000000000000000, R9 =0x0000000000000001, R10=0x00007ff84d0183db, R11=0x00007ff864613780
R12=0x00007ff7e4550810, R13=0x00007ff7e4550810, R14=0x00007ff8141387b0, R15=0x00007ff85c40f000
RIP=0x00007ff8084706f6, EFLAGS=0x0000000000010206, CSGSFS=0x002b000000000033, ERR=0x0000000000000004
  TRAPNO=0x000000000000000e

Top of Stack: (sp=0x00007ff8141385f0)
0x00007ff8141385f0:   00007ff7e4a20280 00007ff7e4a20280
0x00007ff814138600:   00007ff7e4a24230 00007ff7e4550810
0x00007ff814138610:   00007ff814138650 00007ff80846f151
0x00007ff814138620:   00000000ecdd59a8 00007ff808256658
0x00007ff814138630:   00007ff814138738 0000000000000000
0x00007ff814138640:   00007ff808256658 00007ff8084765de
0x00007ff814138650:   00007ff7e45c9500 0000000000000000
0x00007ff814138660:   000000003f000000 00015c0000000000
0x00007ff814138670:   00007ff80000ffff df4f76abec715400
0x00007ff814138680:   00007ff8614a2ff0 00007ff84d018407
0x00007ff814138690:   00007ff8ffffffff 0000000000000000
0x00007ff8141386a0:   00007ff8614a3028 0000000000000000
0x00007ff8141386b0:   00007ff8141386c8 00007ff814138720
0x00007ff8141386c0:   00007ff84d007a40 0000000000000001
0x00007ff8141386d0:   00000000ecb94b90 0000000000000001
0x00007ff8141386e0:   00007ff8141386e0 00007ff8614a0f97
0x00007ff8141386f0:   00007ff8141387b0 00007ff8141386f8
0x00007ff814138700:   0000000000000000 00007ff8141387b0
0x00007ff814138710:   00007ff80825b028 0000000000000000
0x00007ff814138720:   00007ff808256658 0000000000000000
0x00007ff814138730:   00007ff814138758 00007ff8141387f8
0x00007ff814138740:   00007ff84d007b10 0000000000000000
0x00007ff814138750:   00007ff84d011a57 0000000000000000
0x00007ff814138760:   00000000ffffffff 0000000000000001
0x00007ff814138770:   0000000000000000 0000000000000000
0x00007ff814138780:   0000000000000000 000000003f000000
0x00007ff814138790:   00007ff7e45c9500 00000000ecdd5750
0x00007ff8141387a0:   00007ff7e4a20280 00007ff84d007d80
0x00007ff8141387b0:   00000000ecdd5750 00007ff8141387b8
0x00007ff8141387c0:   00007ff808256559 00007ff814138828
0x00007ff8141387d0:   00007ff80825b028 0000000000000000
0x00007ff8141387e0:   00007ff8082565d0 00007ff814138758 

Instructions: (pc=0x00007ff8084706f6)
0x00007ff8084706d6:   48 c7 47 08 00 00 00 00 89 47 34 0f b7 41 22 66
0x00007ff8084706e6:   89 47 38 0f b6 41 1c 88 47 3a 48 8b 39 48 8b 07
0x00007ff8084706f6:   ff 50 10 48 8b 10 48 89 c7 48 89 43 18 ff 52 18
0x00007ff808470706:   89 c6 41 89 c4 4c 89 ef c1 e6 05 e8 fa 12 fe ff 

Register to memory mapping:

RAX=0x0000000000000000 is an unknown value
RBX=0x00007ff7e4a24230 is an unknown value
RCX=0x00007ff814138650 is pointing into the stack for thread: 0x00007ff85c40f000
RDX=0x00007ff7e4a20280 is an unknown value
RSP=0x00007ff8141385f0 is pointing into the stack for thread: 0x00007ff85c40f000
RBP=0x00007ff814138650 is pointing into the stack for thread: 0x00007ff85c40f000
RSI=0x00007ff7e4550810 is an unknown value
RDI=0x00007ff7e45c9500 is an unknown value
R8 =0x0000000000000000 is an unknown value
R9 =0x0000000000000001 is an unknown value
R10=0x00007ff84d0183db is at code_begin+859 in an Interpreter codelet
method entry point (kind = native)  [0x00007ff84d018080, 0x00007ff84d018a00]  2432 bytes
R11=0x00007ff864613780: <offset 0x969780> in /usr/lib/jvm/java-8-openjdk-amd64/jre/lib/amd64/server/libjvm.so at 0x00007ff863caa000
R12=0x00007ff7e4550810 is an unknown value
R13=0x00007ff7e4550810 is an unknown value
R14=0x00007ff8141387b0 is pointing into the stack for thread: 0x00007ff85c40f000
R15=0x00007ff85c40f000 is a thread


Stack: [0x00007ff814039000,0x00007ff81413a000],  sp=0x00007ff8141385f0,  free space=1021k
Native frames: (J=compiled Java code, j=interpreted, Vv=VM code, C=native code)
C  [libgdx-box2d64.so+0x356f6]  b2Fixture::Create(b2BlockAllocator*, b2Body*, b2FixtureDef const*)+0x56
C  0x0000000000000000

Java frames: (J=compiled Java code, j=interpreted, Vv=VM code)
j  com.badlogic.gdx.physics.box2d.Body.jniCreateFixture(JJFFFZSSS)J+0
j  com.badlogic.gdx.physics.box2d.Body.createFixture(Lcom/badlogic/gdx/physics/box2d/FixtureDef;)Lcom/badlogic/gdx/physics/box2d/Fixture;+49
j  com.mygdx.game.Play.show()V+203
j  com.badlogic.gdx.Game.setScreen(Lcom/badlogic/gdx/Screen;)V+32
j  com.mygdx.game.gameClass.create()V+8
j  com.badlogic.gdx.backends.lwjgl.LwjglApplication.mainLoop()V+29
j  com.badlogic.gdx.backends.lwjgl.LwjglApplication$1.run()V+27
v  ~StubRoutines::call_stub

---------------  P R O C E S S  ---------------

Java Threads: ( => current thread )
  0x00007ff7e401a800 JavaThread "process reaper" daemon [_thread_blocked, id=16676, stack(0x00007ff814000000,0x00007ff814039000)]
  0x00007ff85c00c000 JavaThread "DestroyJavaVM" [_thread_blocked, id=16648, stack(0x00007ff86590e000,0x00007ff865a0f000)]
=>0x00007ff85c40f000 JavaThread "LWJGL Application" [_thread_in_native, id=16674, stack(0x00007ff814039000,0x00007ff81413a000)]
  0x00007ff85c365800 JavaThread "AWT-XAWT" daemon [_thread_in_native, id=16668, stack(0x00007ff8173cc000,0x00007ff8174cd000)]
  0x00007ff85c344800 JavaThread "Java2D Disposer" daemon [_thread_blocked, id=16667, stack(0x00007ff8480c5000,0x00007ff8481c6000)]
  0x00007ff85c0c2800 JavaThread "Service Thread" daemon [_thread_blocked, id=16663, stack(0x00007ff849bc5000,0x00007ff849cc6000)]
  0x00007ff85c0bf000 JavaThread "C1 CompilerThread2" daemon [_thread_blocked, id=16662, stack(0x00007ff849cc6000,0x00007ff849dc7000)]
  0x00007ff85c0bd800 JavaThread "C2 CompilerThread1" daemon [_thread_blocked, id=16661, stack(0x00007ff849dc7000,0x00007ff849ec8000)]
  0x00007ff85c0ba800 JavaThread "C2 CompilerThread0" daemon [_thread_blocked, id=16660, stack(0x00007ff849ec8000,0x00007ff849fc9000)]
  0x00007ff85c0b9000 JavaThread "Signal Dispatcher" daemon [_thread_blocked, id=16659, stack(0x00007ff849fc9000,0x00007ff84a0ca000)]
  0x00007ff85c086000 JavaThread "Finalizer" daemon [_thread_blocked, id=16658, stack(0x00007ff84aad9000,0x00007ff84abda000)]
  0x00007ff85c083000 JavaThread "Reference Handler" daemon [_thread_blocked, id=16657, stack(0x00007ff84abda000,0x00007ff84acdb000)]

Other Threads:
  0x00007ff85c079800 VMThread [stack: 0x00007ff84acdb000,0x00007ff84addc000] [id=16656]
  0x00007ff85c0c5000 WatcherThread [stack: 0x00007ff849ac4000,0x00007ff849bc5000] [id=16664]

VM state:not at safepoint (normal execution)

VM Mutex/Monitor currently owned by a thread: None

heap address: 0x00000000c3c00000, size: 964 MB, Compressed Oops mode: 32-bit
Narrow klass base: 0x0000000000000000, Narrow klass shift: 3
Compressed class space size: 1073741824 Address: 0x0000000100000000

Heap:
 PSYoungGen      total 18432K, used 15424K [0x00000000ebf00000, 0x00000000ed380000, 0x0000000100000000)
  eden space 15872K, 97% used [0x00000000ebf00000,0x00000000ece10090,0x00000000ece80000)
  from space 2560K, 0% used [0x00000000ed100000,0x00000000ed100000,0x00000000ed380000)
  to   space 2560K, 0% used [0x00000000ece80000,0x00000000ece80000,0x00000000ed100000)
 ParOldGen       total 42496K, used 0K [0x00000000c3c00000, 0x00000000c6580000, 0x00000000ebf00000)
  object space 42496K, 0% used [0x00000000c3c00000,0x00000000c3c00000,0x00000000c6580000)
 Metaspace       used 9120K, capacity 9309K, committed 9472K, reserved 1058816K
  class space    used 863K, capacity 935K, committed 1024K, reserved 1048576K

Card table byte_map: [0x00007ff861dd6000,0x00007ff861fb9000] byte_map_base: 0x00007ff8617b8000

Marking Bits: (ParMarkBitMap*) 0x00007ff864bdd580
 Begin Bits: [0x00007ff84b1e0000, 0x00007ff84c0f0000)
 End Bits:   [0x00007ff84c0f0000, 0x00007ff84d000000)

Polling page: 0x00007ff865a30000

CodeCache: size=245760Kb used=2550Kb max_used=2550Kb free=243210Kb
 bounds [0x00007ff84d000000, 0x00007ff84d280000, 0x00007ff85c000000]
 total_blobs=1170 nmethods=578 adapters=507
 compilation: enabled

Compilation events (10 events):
Event: 1.167 Thread 0x00007ff85c0bf000  574       3       java.util.jar.Attributes::getValue (9 bytes)
Event: 1.167 Thread 0x00007ff85c0bf000 nmethod 574 0x00007ff84d27b7d0 code [0x00007ff84d27b960, 0x00007ff84d27bcc8]
Event: 1.167 Thread 0x00007ff85c0bf000  575       3       java.util.jar.Attributes::get (11 bytes)
Event: 1.167 Thread 0x00007ff85c0bf000 nmethod 575 0x00007ff84d27be10 code [0x00007ff84d27bf80, 0x00007ff84d27c1a8]
Event: 1.168 Thread 0x00007ff85c0bf000  576   !   3       java.util.zip.ZipFile$ZipFileInflaterInputStream::close (67 bytes)
Event: 1.169 Thread 0x00007ff85c0bf000 nmethod 576 0x00007ff84d27c250 code [0x00007ff84d27c420, 0x00007ff84d27cc18]
Event: 1.169 Thread 0x00007ff85c0bf000  577       3       java.util.zip.InflaterInputStream::close (34 bytes)
Event: 1.169 Thread 0x00007ff85c0bf000 nmethod 577 0x00007ff84d27cfd0 code [0x00007ff84d27d160, 0x00007ff84d27d458]
Event: 1.170 Thread 0x00007ff85c0bf000  578       3       java.util.zip.ZipEntry::getSize (5 bytes)
Event: 1.170 Thread 0x00007ff85c0bf000 nmethod 578 0x00007ff84d27d550 code [0x00007ff84d27d6a0, 0x00007ff84d27d7f0]

GC Heap History (0 events):
No events

Deoptimization events (3 events):
Event: 0.186 Thread 0x00007ff85c00c000 Uncommon trap: reason=unstable_if action=reinterpret pc=0x00007ff84d14b2f8 method=java.lang.String.indexOf([CII[CIII)I @ 134
Event: 0.213 Thread 0x00007ff85c00c000 Uncommon trap: reason=unstable_if action=reinterpret pc=0x00007ff84d139b44 method=java.lang.String.indexOf(II)I @ 49
Event: 0.603 Thread 0x00007ff85c40f000 Uncommon trap: reason=unstable_if action=reinterpret pc=0x00007ff84d1b97fc method=java.lang.String.replace(CC)Ljava/lang/String; @ 26

Classes redefined (0 events):
No events

Internal exceptions (10 events):
Event: 0.452 Thread 0x00007ff85c00c000 Exception <a 'java/security/PrivilegedActionException'> (0x00000000ec4f4618) thrown at [/build/openjdk-8-lHVHKD/openjdk-8-8u212-b03/src/hotspot/src/share/vm/prims/jvm.cpp, line 1502]
Event: 0.452 Thread 0x00007ff85c00c000 Exception <a 'java/security/PrivilegedActionException'> (0x00000000ec4f5270) thrown at [/build/openjdk-8-lHVHKD/openjdk-8-8u212-b03/src/hotspot/src/share/vm/prims/jvm.cpp, line 1502]
Event: 0.452 Thread 0x00007ff85c00c000 Exception <a 'java/security/PrivilegedActionException'> (0x00000000ec4f5e98) thrown at [/build/openjdk-8-lHVHKD/openjdk-8-8u212-b03/src/hotspot/src/share/vm/prims/jvm.cpp, line 1502]
Event: 0.452 Thread 0x00007ff85c00c000 Exception <a 'java/security/PrivilegedActionException'> (0x00000000ec4f7fe8) thrown at [/build/openjdk-8-lHVHKD/openjdk-8-8u212-b03/src/hotspot/src/share/vm/prims/jvm.cpp, line 1502]
Event: 0.453 Thread 0x00007ff85c00c000 Exception <a 'java/security/PrivilegedActionException'> (0x00000000ec4f8c40) thrown at [/build/openjdk-8-lHVHKD/openjdk-8-8u212-b03/src/hotspot/src/share/vm/prims/jvm.cpp, line 1502]
Event: 0.453 Thread 0x00007ff85c00c000 Exception <a 'java/security/PrivilegedActionException'> (0x00000000ec4f9868) thrown at [/build/openjdk-8-lHVHKD/openjdk-8-8u212-b03/src/hotspot/src/share/vm/prims/jvm.cpp, line 1502]
Event: 0.453 Thread 0x00007ff85c00c000 Exception <a 'java/security/PrivilegedActionException'> (0x00000000ec4fb770) thrown at [/build/openjdk-8-lHVHKD/openjdk-8-8u212-b03/src/hotspot/src/share/vm/prims/jvm.cpp, line 1502]
Event: 0.453 Thread 0x00007ff85c00c000 Exception <a 'java/security/PrivilegedActionException'> (0x00000000ec4fc3c8) thrown at [/build/openjdk-8-lHVHKD/openjdk-8-8u212-b03/src/hotspot/src/share/vm/prims/jvm.cpp, line 1502]
Event: 0.453 Thread 0x00007ff85c00c000 Exception <a 'java/security/PrivilegedActionException'> (0x00000000ec4fcff0) thrown at [/build/openjdk-8-lHVHKD/openjdk-8-8u212-b03/src/hotspot/src/share/vm/prims/jvm.cpp, line 1502]
Event: 0.643 Thread 0x00007ff85c40f000 Exception <a 'java/lang/NoClassDefFoundError': org/lwjgl/opengles/GLContext> (0x00000000ec7f0388) thrown at [/build/openjdk-8-lHVHKD/openjdk-8-8u212-b03/src/hotspot/src/share/vm/classfile/systemDictionary.cpp, line 199]

Events (10 events):
Event: 1.172 loading class com/badlogic/gdx/physics/box2d/MassData
Event: 1.172 loading class com/badlogic/gdx/physics/box2d/MassData done
Event: 1.172 loading class com/badlogic/gdx/physics/box2d/Fixture
Event: 1.172 loading class com/badlogic/gdx/physics/box2d/Fixture done
Event: 1.173 loading class com/badlogic/gdx/physics/box2d/CircleShape
Event: 1.173 loading class com/badlogic/gdx/physics/box2d/CircleShape done
Event: 1.173 loading class com/badlogic/gdx/physics/box2d/EdgeShape
Event: 1.173 loading class com/badlogic/gdx/physics/box2d/EdgeShape done
Event: 1.173 loading class com/badlogic/gdx/physics/box2d/ChainShape
Event: 1.173 loading class com/badlogic/gdx/physics/box2d/ChainShape done


Dynamic libraries:
00400000-00401000 r-xp 00000000 08:01 4723398                            /usr/lib/jvm/java-8-openjdk-amd64/jre/bin/java
00600000-00601000 r--p 00000000 08:01 4723398                            /usr/lib/jvm/java-8-openjdk-amd64/jre/bin/java
00601000-00602000 rw-p 00001000 08:01 4723398                            /usr/lib/jvm/java-8-openjdk-amd64/jre/bin/java
00c0a000-00c2b000 rw-p 00000000 00:00 0                                  [heap]
c3c00000-c6580000 rw-p 00000000 00:00 0 
c6580000-ebf00000 ---p 00000000 00:00 0 
ebf00000-ed380000 rw-p 00000000 00:00 0 
ed380000-100000000 ---p 00000000 00:00 0 
100000000-100100000 rw-p 00000000 00:00 0 
100100000-140000000 ---p 00000000 00:00 0 
7ff7e4000000-7ff7e4a31000 rw-p 00000000 00:00 0 
7ff7e4a31000-7ff7e8000000 ---p 00000000 00:00 0 
7ff7e8000000-7ff7e8021000 rw-p 00000000 00:00 0 
7ff7e8021000-7ff7ec000000 ---p 00000000 00:00 0 
7ff7ec000000-7ff7ec021000 rw-p 00000000 00:00 0 
7ff7ec021000-7ff7f0000000 ---p 00000000 00:00 0 
7ff7f3fff000-7ff7f8000000 rw-s 00000000 00:19 20                         /dev/shm/pulse-shm-1812835152
7ff7f8000000-7ff7f8021000 rw-p 00000000 00:00 0 
7ff7f8021000-7ff7fc000000 ---p 00000000 00:00 0 
7ff7fef3a000-7ff7fffff000 rw-p 00000000 00:00 0 
7ff7fffff000-7ff804000000 rw-s 00000000 00:19 37                         /dev/shm/pulse-shm-1904649479
7ff804000000-7ff804021000 rw-p 00000000 00:00 0 
7ff804021000-7ff808000000 ---p 00000000 00:00 0 
7ff80823b000-7ff80827b000 rw-p 00000000 00:00 0 
7ff80827b000-7ff80843b000 ---p 00000000 00:00 0 
7ff80843b000-7ff808487000 r-xp 00000000 08:01 1970585                    /tmp/libgdxfoysal/38f2459b/libgdx-box2d64.so
7ff808487000-7ff808686000 ---p 0004c000 08:01 1970585                    /tmp/libgdxfoysal/38f2459b/libgdx-box2d64.so
7ff808686000-7ff808688000 r--p 0004b000 08:01 1970585                    /tmp/libgdxfoysal/38f2459b/libgdx-box2d64.so
7ff808688000-7ff808689000 rw-p 0004d000 08:01 1970585                    /tmp/libgdxfoysal/38f2459b/libgdx-box2d64.so
7ff808689000-7ff808975000 rw-p 00000000 00:00 0 
7ff808975000-7ff8089e9000 rw-p 00000000 00:00 0 
7ff808aca000-7ff808ad2000 r-xp 00000000 08:01 4728267                    /usr/lib/x86_64-linux-gnu/libpciaccess.so.0.11.1
7ff808ad2000-7ff808cd2000 ---p 00008000 08:01 4728267                    /usr/lib/x86_64-linux-gnu/libpciaccess.so.0.11.1
7ff808cd2000-7ff808cd3000 r--p 00008000 08:01 4728267                    /usr/lib/x86_64-linux-gnu/libpciaccess.so.0.11.1
7ff808cd3000-7ff808cd4000 rw-p 00009000 08:01 4728267                    /usr/lib/x86_64-linux-gnu/libpciaccess.so.0.11.1
7ff808cd4000-7ff808cdf000 r-xp 00000000 08:01 4727612                    /usr/lib/x86_64-linux-gnu/libdrm_radeon.so.1.0.1
7ff808cdf000-7ff808ede000 ---p 0000b000 08:01 4727612                    /usr/lib/x86_64-linux-gnu/libdrm_radeon.so.1.0.1
7ff808ede000-7ff808edf000 r--p 0000a000 08:01 4727612                    /usr/lib/x86_64-linux-gnu/libdrm_radeon.so.1.0.1
7ff808edf000-7ff808ee0000 rw-p 0000b000 08:01 4727612                    /usr/lib/x86_64-linux-gnu/libdrm_radeon.so.1.0.1
7ff808ee0000-7ff808ee7000 r-xp 00000000 08:01 4727610                    /usr/lib/x86_64-linux-gnu/libdrm_nouveau.so.2.0.0
7ff808ee7000-7ff8090e6000 ---p 00007000 08:01 4727610                    /usr/lib/x86_64-linux-gnu/libdrm_nouveau.so.2.0.0
7ff8090e6000-7ff8090e7000 r--p 00006000 08:01 4727610                    /usr/lib/x86_64-linux-gnu/libdrm_nouveau.so.2.0.0
7ff8090e7000-7ff8090e8000 rw-p 00007000 08:01 4727610                    /usr/lib/x86_64-linux-gnu/libdrm_nouveau.so.2.0.0
7ff8090e8000-7ff80910a000 r-xp 00000000 08:01 4727608                    /usr/lib/x86_64-linux-gnu/libdrm_intel.so.1.0.0
7ff80910a000-7ff80930a000 ---p 00022000 08:01 4727608                    /usr/lib/x86_64-linux-gnu/libdrm_intel.so.1.0.0
7ff80930a000-7ff80930b000 r--p 00022000 08:01 4727608                    /usr/lib/x86_64-linux-gnu/libdrm_intel.so.1.0.0
7ff80930b000-7ff80930c000 rw-p 00023000 08:01 4727608                    /usr/lib/x86_64-linux-gnu/libdrm_intel.so.1.0.0
7ff80930c000-7ff809bec000 r-xp 00000000 08:01 4983000                    /usr/lib/x86_64-linux-gnu/dri/i965_dri.so
7ff809bec000-7ff809dec000 ---p 008e0000 08:01 4983000                    /usr/lib/x86_64-linux-gnu/dri/i965_dri.so
7ff809dec000-7ff809e3c000 r--p 008e0000 08:01 4983000                    /usr/lib/x86_64-linux-gnu/dri/i965_dri.so
7ff809e3c000-7ff809e47000 rw-p 00930000 08:01 4983000                    /usr/lib/x86_64-linux-gnu/dri/i965_dri.so
7ff809e47000-7ff809eec000 rw-p 00000000 00:00 0 
7ff809eec000-7ff809efc000 r-xp 00000000 08:01 4727604                    /usr/lib/x86_64-linux-gnu/libdrm.so.2.4.0
7ff809efc000-7ff80a0fc000 ---p 00010000 08:01 4727604                    /usr/lib/x86_64-linux-gnu/libdrm.so.2.4.0
7ff80a0fc000-7ff80a0fd000 r--p 00010000 08:01 4727604                    /usr/lib/x86_64-linux-gnu/libdrm.so.2.4.0
7ff80a0fd000-7ff80a0fe000 rw-p 00011000 08:01 4727604                    /usr/lib/x86_64-linux-gnu/libdrm.so.2.4.0
7ff80a0fe000-7ff80a102000 r-xp 00000000 08:01 4728684                    /usr/lib/x86_64-linux-gnu/libxcb-dri2.so.0.0.0
7ff80a102000-7ff80a301000 ---p 00004000 08:01 4728684                    /usr/lib/x86_64-linux-gnu/libxcb-dri2.so.0.0.0
7ff80a301000-7ff80a302000 r--p 00003000 08:01 4728684                    /usr/lib/x86_64-linux-gnu/libxcb-dri2.so.0.0.0
7ff80a302000-7ff80a303000 rw-p 00004000 08:01 4728684                    /usr/lib/x86_64-linux-gnu/libxcb-dri2.so.0.0.0
7ff80a303000-7ff80a31a000 r-xp 00000000 08:01 4728688                    /usr/lib/x86_64-linux-gnu/libxcb-glx.so.0.0.0
7ff80a31a000-7ff80a519000 ---p 00017000 08:01 4728688                    /usr/lib/x86_64-linux-gnu/libxcb-glx.so.0.0.0
7ff80a519000-7ff80a51b000 r--p 00016000 08:01 4728688                    /usr/lib/x86_64-linux-gnu/libxcb-glx.so.0.0.0
7ff80a51b000-7ff80a51c000 rw-p 00018000 08:01 4728688                    /usr/lib/x86_64-linux-gnu/libxcb-glx.so.0.0.0
7ff80a51c000-7ff80a51d000 r-xp 00000000 08:01 4727286                    /usr/lib/x86_64-linux-gnu/libX11-xcb.so.1.0.0
7ff80a51d000-7ff80a71c000 ---p 00001000 08:01 4727286                    /usr/lib/x86_64-linux-gnu/libX11-xcb.so.1.0.0
7ff80a71c000-7ff80a71d000 r--p 00000000 08:01 4727286                    /usr/lib/x86_64-linux-gnu/libX11-xcb.so.1.0.0
7ff80a71d000-7ff80a71e000 rw-p 00001000 08:01 4727286                    /usr/lib/x86_64-linux-gnu/libX11-xcb.so.1.0.0
7ff80a71e000-7ff80a720000 r-xp 00000000 08:01 4727301                    /usr/lib/x86_64-linux-gnu/libXdamage.so.1.1.0
7ff80a720000-7ff80a91f000 ---p 00002000 08:01 4727301                    /usr/lib/x86_64-linux-gnu/libXdamage.so.1.1.0
7ff80a91f000-7ff80a920000 r--p 00001000 08:01 4727301                    /usr/lib/x86_64-linux-gnu/libXdamage.so.1.1.0
7ff80a920000-7ff80a921000 rw-p 00002000 08:01 4727301                    /usr/lib/x86_64-linux-gnu/libXdamage.so.1.1.0
7ff80a921000-7ff80a94d000 r-xp 00000000 08:01 4727805                    /usr/lib/x86_64-linux-gnu/libglapi.so.0.0.0
7ff80a94d000-7ff80ab4c000 ---p 0002c000 08:01 4727805                    /usr/lib/x86_64-linux-gnu/libglapi.so.0.0.0
7ff80ab4c000-7ff80ab50000 r--p 0002b000 08:01 4727805                    /usr/lib/x86_64-linux-gnu/libglapi.so.0.0.0
7ff80ab50000-7ff80ab51000 rw-p 0002f000 08:01 4727805                    /usr/lib/x86_64-linux-gnu/libglapi.so.0.0.0
7ff80ab51000-7ff80ab52000 rw-p 00000000 00:00 0 
7ff80ab52000-7ff80ab53000 r-xp 00000000 08:01 4728728                    /usr/lib/x86_64-linux-gnu/libxshmfence.so.1.0.0
7ff80ab53000-7ff80ad53000 ---p 00001000 08:01 4728728                    /usr/lib/x86_64-linux-gnu/libxshmfence.so.1.0.0
7ff80ad53000-7ff80ad54000 r--p 00001000 08:01 4728728                    /usr/lib/x86_64-linux-gnu/libxshmfence.so.1.0.0
7ff80ad54000-7ff80ad55000 rw-p 00002000 08:01 4728728                    /usr/lib/x86_64-linux-gnu/libxshmfence.so.1.0.0
7ff80ad55000-7ff80ad5a000 r-xp 00000000 08:01 4728708                    /usr/lib/x86_64-linux-gnu/libxcb-sync.so.1.0.0
7ff80ad5a000-7ff80af5a000 ---p 00005000 08:01 4728708                    /usr/lib/x86_64-linux-gnu/libxcb-sync.so.1.0.0
7ff80af5a000-7ff80af5b000 r--p 00005000 08:01 4728708                    /usr/lib/x86_64-linux-gnu/libxcb-sync.so.1.0.0
7ff80af5b000-7ff80af5c000 rw-p 00006000 08:01 4728708                    /usr/lib/x86_64-linux-gnu/libxcb-sync.so.1.0.0
7ff80af5c000-7ff80af5e000 r-xp 00000000 08:01 4728696                    /usr/lib/x86_64-linux-gnu/libxcb-present.so.0.0.0
7ff80af5e000-7ff80b15d000 ---p 00002000 08:01 4728696                    /usr/lib/x86_64-linux-gnu/libxcb-present.so.0.0.0
7ff80b15d000-7ff80b15e000 r--p 00001000 08:01 4728696                    /usr/lib/x86_64-linux-gnu/libxcb-present.so.0.0.0
7ff80b15e000-7ff80b15f000 rw-p 00002000 08:01 4728696                    /usr/lib/x86_64-linux-gnu/libxcb-present.so.0.0.0
7ff80b15f000-7ff80b161000 r-xp 00000000 08:01 4728686                    /usr/lib/x86_64-linux-gnu/libxcb-dri3.so.0.0.0
7ff80b161000-7ff80b360000 ---p 00002000 08:01 4728686                    /usr/lib/x86_64-linux-gnu/libxcb-dri3.so.0.0.0
7ff80b360000-7ff80b361000 r--p 00001000 08:01 4728686                    /usr/lib/x86_64-linux-gnu/libxcb-dri3.so.0.0.0
7ff80b361000-7ff80b362000 rw-p 00002000 08:01 4728686                    /usr/lib/x86_64-linux-gnu/libxcb-dri3.so.0.0.0
7ff80b362000-7ff80b388000 r-xp 00000000 08:01 2757058                    /lib/x86_64-linux-gnu/libexpat.so.1.6.0
7ff80b388000-7ff80b588000 ---p 00026000 08:01 2757058                    /lib/x86_64-linux-gnu/libexpat.so.1.6.0
7ff80b588000-7ff80b58a000 r--p 00026000 08:01 2757058                    /lib/x86_64-linux-gnu/libexpat.so.1.6.0
7ff80b58a000-7ff80b58b000 rw-p 00028000 08:01 2757058                    /lib/x86_64-linux-gnu/libexpat.so.1.6.0
7ff80b58b000-7ff80b5fb000 r-xp 00000000 08:01 4984410                    /usr/lib/x86_64-linux-gnu/mesa/libGL.so.1.2.0
7ff80b5fb000-7ff80b7fa000 ---p 00070000 08:01 4984410                    /usr/lib/x86_64-linux-gnu/mesa/libGL.so.1.2.0
7ff80b7fa000-7ff80b7fd000 r--p 0006f000 08:01 4984410                    /usr/lib/x86_64-linux-gnu/mesa/libGL.so.1.2.0
7ff80b7fd000-7ff80b7fe000 rw-p 00072000 08:01 4984410                    /usr/lib/x86_64-linux-gnu/mesa/libGL.so.1.2.0
7ff80b7fe000-7ff80b7ff000 rw-p 00000000 00:00 0 
7ff80b7ff000-7ff80b800000 ---p 00000000 00:00 0 
7ff80b800000-7ff80c000000 rw-p 00000000 00:00 0 
7ff80c000000-7ff80c021000 rw-p 00000000 00:00 0 
7ff80c021000-7ff810000000 ---p 00000000 00:00 0 
7ff810000000-7ff810021000 rw-p 00000000 00:00 0 
7ff810021000-7ff814000000 ---p 00000000 00:00 0 
7ff814000000-7ff814003000 ---p 00000000 00:00 0 
7ff814003000-7ff814039000 rw-p 00000000 00:00 0 
7ff814039000-7ff81403c000 ---p 00000000 00:00 0 
7ff81403c000-7ff81413a000 rw-p 00000000 00:00 0 
7ff81413a000-7ff81413b000 ---p 00000000 00:00 0 
7ff81413b000-7ff81423b000 rw-p 00000000 00:00 0 
7ff81423b000-7ff814265000 r-xp 00000000 08:01 4728589                    /usr/lib/x86_64-linux-gnu/libvorbis.so.0.4.8
7ff814265000-7ff814464000 ---p 0002a000 08:01 4728589                    /usr/lib/x86_64-linux-gnu/libvorbis.so.0.4.8
7ff814464000-7ff814465000 r--p 00029000 08:01 4728589                    /usr/lib/x86_64-linux-gnu/libvorbis.so.0.4.8
7ff814465000-7ff814466000 rw-p 0002a000 08:01 4728589                    /usr/lib/x86_64-linux-gnu/libvorbis.so.0.4.8
7ff814466000-7ff81446d000 r-xp 00000000 08:01 4728225                    /usr/lib/x86_64-linux-gnu/libogg.so.0.8.2
7ff81446d000-7ff81466d000 ---p 00007000 08:01 4728225                    /usr/lib/x86_64-linux-gnu/libogg.so.0.8.2
7ff81466d000-7ff81466e000 r--p 00007000 08:01 4728225                    /usr/lib/x86_64-linux-gnu/libogg.so.0.8.2
7ff81466e000-7ff81466f000 rw-p 00008000 08:01 4728225                    /usr/lib/x86_64-linux-gnu/libogg.so.0.8.2
7ff81466f000-7ff814681000 r-xp 00000000 08:01 2757434                    /lib/x86_64-linux-gnu/libgpg-error.so.0.17.0
7ff814681000-7ff814881000 ---p 00012000 08:01 2757434                    /lib/x86_64-linux-gnu/libgpg-error.so.0.17.0
7ff814881000-7ff814882000 r--p 00012000 08:01 2757434                    /lib/x86_64-linux-gnu/libgpg-error.so.0.17.0
7ff814882000-7ff814883000 rw-p 00013000 08:01 2757434                    /lib/x86_64-linux-gnu/libgpg-error.so.0.17.0
7ff814883000-7ff8148f1000 r-xp 00000000 08:01 2757519                    /lib/x86_64-linux-gnu/libpcre.so.3.13.2
7ff8148f1000-7ff814af1000 ---p 0006e000 08:01 2757519                    /lib/x86_64-linux-gnu/libpcre.so.3.13.2
7ff814af1000-7ff814af2000 r--p 0006e000 08:01 2757519                    /lib/x86_64-linux-gnu/libpcre.so.3.13.2
7ff814af2000-7ff814af3000 rw-p 0006f000 08:01 2757519                    /lib/x86_64-linux-gnu/libpcre.so.3.13.2
7ff814af3000-7ff814b0a000 r-xp 00000000 08:01 2757542                    /lib/x86_64-linux-gnu/libresolv-2.23.so
7ff814b0a000-7ff814d0a000 ---p 00017000 08:01 2757542                    /lib/x86_64-linux-gnu/libresolv-2.23.so
7ff814d0a000-7ff814d0b000 r--p 00017000 08:01 2757542                    /lib/x86_64-linux-gnu/libresolv-2.23.so
7ff814d0b000-7ff814d0c000 rw-p 00018000 08:01 2757542                    /lib/x86_64-linux-gnu/libresolv-2.23.so
7ff814d0c000-7ff814d0e000 rw-p 00000000 00:00 0 
7ff814d0e000-7ff814d9b000 r-xp 00000000 08:01 4728591                    /usr/lib/x86_64-linux-gnu/libvorbisenc.so.2.0.11
7ff814d9b000-7ff814f9a000 ---p 0008d000 08:01 4728591                    /usr/lib/x86_64-linux-gnu/libvorbisenc.so.2.0.11
7ff814f9a000-7ff814fb6000 r--p 0008c000 08:01 4728591                    /usr/lib/x86_64-linux-gnu/libvorbisenc.so.2.0.11
7ff814fb6000-7ff814fb7000 rw-p 000a8000 08:01 4728591                    /usr/lib/x86_64-linux-gnu/libvorbisenc.so.2.0.11
7ff814fb7000-7ff81502a000 r-xp 00000000 08:01 4727142                    /usr/lib/x86_64-linux-gnu/libFLAC.so.8.3.0
7ff81502a000-7ff81522a000 ---p 00073000 08:01 4727142                    /usr/lib/x86_64-linux-gnu/libFLAC.so.8.3.0
7ff81522a000-7ff81522b000 r--p 00073000 08:01 4727142                    /usr/lib/x86_64-linux-gnu/libFLAC.so.8.3.0
7ff81522b000-7ff81522c000 rw-p 00074000 08:01 4727142                    /usr/lib/x86_64-linux-gnu/libFLAC.so.8.3.0
7ff81522c000-7ff815303000 r-xp 00000000 08:01 2757430                    /lib/x86_64-linux-gnu/libgcrypt.so.20.0.5
7ff815303000-7ff815503000 ---p 000d7000 08:01 2757430                    /lib/x86_64-linux-gnu/libgcrypt.so.20.0.5
7ff815503000-7ff815504000 r--p 000d7000 08:01 2757430                    /lib/x86_64-linux-gnu/libgcrypt.so.20.0.5
7ff815504000-7ff81550c000 rw-p 000d8000 08:01 2757430                    /lib/x86_64-linux-gnu/libgcrypt.so.20.0.5
7ff81550c000-7ff81550d000 rw-p 00000000 00:00 0 
7ff81550d000-7ff81552e000 r-xp 00000000 08:01 2757457                    /lib/x86_64-linux-gnu/liblzma.so.5.0.0
7ff81552e000-7ff81572d000 ---p 00021000 08:01 2757457                    /lib/x86_64-linux-gnu/liblzma.so.5.0.0
7ff81572d000-7ff81572e000 r--p 00020000 08:01 2757457                    /lib/x86_64-linux-gnu/liblzma.so.5.0.0
7ff81572e000-7ff81572f000 rw-p 00021000 08:01 2757457                    /lib/x86_64-linux-gnu/liblzma.so.5.0.0
7ff81572f000-7ff81574e000 r-xp 00000000 08:01 2757548                    /lib/x86_64-linux-gnu/libselinux.so.1
7ff81574e000-7ff81594d000 ---p 0001f000 08:01 2757548                    /lib/x86_64-linux-gnu/libselinux.so.1
7ff81594d000-7ff81594e000 r--p 0001e000 08:01 2757548                    /lib/x86_64-linux-gnu/libselinux.so.1
7ff81594e000-7ff81594f000 rw-p 0001f000 08:01 2757548                    /lib/x86_64-linux-gnu/libselinux.so.1
7ff81594f000-7ff815951000 rw-p 00000000 00:00 0 
7ff815951000-7ff815956000 r-xp 00000000 08:01 4727396                    /usr/lib/x86_64-linux-gnu/libasyncns.so.0.3.1
7ff815956000-7ff815b55000 ---p 00005000 08:01 4727396                    /usr/lib/x86_64-linux-gnu/libasyncns.so.0.3.1
7ff815b55000-7ff815b56000 r--p 00004000 08:01 4727396                    /usr/lib/x86_64-linux-gnu/libasyncns.so.0.3.1
7ff815b56000-7ff815b57000 rw-p 00005000 08:01 4727396                    /usr/lib/x86_64-linux-gnu/libasyncns.so.0.3.1
7ff815b57000-7ff815bba000 r-xp 00000000 08:01 4725157                    /usr/lib/x86_64-linux-gnu/libsndfile.so.1.0.25
7ff815bba000-7ff815dba000 ---p 00063000 08:01 4725157                    /usr/lib/x86_64-linux-gnu/libsndfile.so.1.0.25
7ff815dba000-7ff815dbc000 r--p 00063000 08:01 4725157                    /usr/lib/x86_64-linux-gnu/libsndfile.so.1.0.25
7ff815dbc000-7ff815dbd000 rw-p 00065000 08:01 4725157                    /usr/lib/x86_64-linux-gnu/libsndfile.so.1.0.25
7ff815dbd000-7ff815dc1000 rw-p 00000000 00:00 0 
7ff815dc1000-7ff815dc9000 r-xp 00000000 08:01 2757576                    /lib/x86_64-linux-gnu/libwrap.so.0.7.6
7ff815dc9000-7ff815fc8000 ---p 00008000 08:01 2757576                    /lib/x86_64-linux-gnu/libwrap.so.0.7.6
7ff815fc8000-7ff815fc9000 r--p 00007000 08:01 2757576                    /lib/x86_64-linux-gnu/libwrap.so.0.7.6
7ff815fc9000-7ff815fca000 rw-p 00008000 08:01 2757576                    /lib/x86_64-linux-gnu/libwrap.so.0.7.6
7ff815fca000-7ff815fcb000 rw-p 00000000 00:00 0 
7ff815fcb000-7ff816015000 r-xp 00000000 08:01 2752540                    /lib/x86_64-linux-gnu/libdbus-1.so.3.14.6
7ff816015000-7ff816215000 ---p 0004a000 08:01 2752540                    /lib/x86_64-linux-gnu/libdbus-1.so.3.14.6
7ff816215000-7ff816216000 r--p 0004a000 08:01 2752540                    /lib/x86_64-linux-gnu/libdbus-1.so.3.14.6
7ff816216000-7ff816217000 rw-p 0004b000 08:01 2752540                    /lib/x86_64-linux-gnu/libdbus-1.so.3.14.6
7ff816217000-7ff816291000 r-xp 00000000 08:01 4984918                    /usr/lib/x86_64-linux-gnu/pulseaudio/libpulsecommon-8.0.so
7ff816291000-7ff816490000 ---p 0007a000 08:01 4984918                    /usr/lib/x86_64-linux-gnu/pulseaudio/libpulsecommon-8.0.so
7ff816490000-7ff816491000 r--p 00079000 08:01 4984918                    /usr/lib/x86_64-linux-gnu/pulseaudio/libpulsecommon-8.0.so
7ff816491000-7ff816492000 rw-p 0007a000 08:01 4984918                    /usr/lib/x86_64-linux-gnu/pulseaudio/libpulsecommon-8.0.so
7ff816492000-7ff81649c000 r-xp 00000000 08:01 2757449                    /lib/x86_64-linux-gnu/libjson-c.so.2.0.0
7ff81649c000-7ff81669b000 ---p 0000a000 08:01 2757449                    /lib/x86_64-linux-gnu/libjson-c.so.2.0.0
7ff81669b000-7ff81669c000 r--p 00009000 08:01 2757449                    /lib/x86_64-linux-gnu/libjson-c.so.2.0.0
7ff81669c000-7ff81669d000 rw-p 0000a000 08:01 2757449                    /lib/x86_64-linux-gnu/libjson-c.so.2.0.0
7ff81669d000-7ff8166eb000 r-xp 00000000 08:01 4728317                    /usr/lib/x86_64-linux-gnu/libpulse.so.0.19.0
7ff8166eb000-7ff8168eb000 ---p 0004e000 08:01 4728317                    /usr/lib/x86_64-linux-gnu/libpulse.so.0.19.0
7ff8168eb000-7ff8168ec000 r--p 0004e000 08:01 4728317                    /usr/lib/x86_64-linux-gnu/libpulse.so.0.19.0
7ff8168ec000-7ff8168ed000 rw-p 0004f000 08:01 4728317                    /usr/lib/x86_64-linux-gnu/libpulse.so.0.19.0
7ff8168ed000-7ff816942000 r-xp 00000000 08:01 1970581                    /tmp/libgdxfoysal/31ce78a2/libopenal64.so
7ff816942000-7ff816b41000 ---p 00055000 08:01 1970581                    /tmp/libgdxfoysal/31ce78a2/libopenal64.so
7ff816b41000-7ff816b44000 r--p 00054000 08:01 1970581                    /tmp/libgdxfoysal/31ce78a2/libopenal64.so
7ff816b44000-7ff816b45000 rw-p 00057000 08:01 1970581                    /tmp/libgdxfoysal/31ce78a2/libopenal64.so
7ff816b45000-7ff816b46000 rw-p 00000000 00:00 0 
7ff816b46000-7ff816b4b000 r-xp 00000000 08:01 4727343                    /usr/lib/x86_64-linux-gnu/libXxf86vm.so.1.0.0
7ff816b4b000-7ff816d4a000 ---p 00005000 08:01 4727343                    /usr/lib/x86_64-linux-gnu/libXxf86vm.so.1.0.0
7ff816d4a000-7ff816d4b000 r--p 00004000 08:01 4727343                    /usr/lib/x86_64-linux-gnu/libXxf86vm.so.1.0.0
7ff816d4b000-7ff816d4c000 rw-p 00005000 08:01 4727343                    /usr/lib/x86_64-linux-gnu/libXxf86vm.so.1.0.0
7ff816d4c000-7ff816d56000 r-xp 00000000 08:01 4727325                    /usr/lib/x86_64-linux-gnu/libXrandr.so.2.2.0
7ff816d56000-7ff816f55000 ---p 0000a000 08:01 4727325                    /usr/lib/x86_64-linux-gnu/libXrandr.so.2.2.0
7ff816f55000-7ff816f56000 r--p 00009000 08:01 4727325                    /usr/lib/x86_64-linux-gnu/libXrandr.so.2.2.0
7ff816f56000-7ff816f57000 rw-p 0000a000 08:01 4727325                    /usr/lib/x86_64-linux-gnu/libXrandr.so.2.2.0
7ff816f57000-7ff816fc7000 r-xp 00000000 08:01 1970580                    /tmp/libgdxfoysal/31ce78a2/liblwjgl64.so
7ff816fc7000-7ff8171c7000 ---p 00070000 08:01 1970580                    /tmp/libgdxfoysal/31ce78a2/liblwjgl64.so
7ff8171c7000-7ff8171c9000 r--p 00070000 08:01 1970580                    /tmp/libgdxfoysal/31ce78a2/liblwjgl64.so
7ff8171c9000-7ff8171ca000 rw-p 00072000 08:01 1970580                    /tmp/libgdxfoysal/31ce78a2/liblwjgl64.so
7ff8171ca000-7ff8171cb000 r-xp 00000000 08:01 4723430                    /usr/lib/jvm/java-8-openjdk-amd64/jre/lib/amd64/libjawt.so
7ff8171cb000-7ff8173ca000 ---p 00001000 08:01 4723430                    /usr/lib/jvm/java-8-openjdk-amd64/jre/lib/amd64/libjawt.so
7ff8173ca000-7ff8173cb000 r--p 00000000 08:01 4723430                    /usr/lib/jvm/java-8-openjdk-amd64/jre/lib/amd64/libjawt.so
7ff8173cb000-7ff8173cc000 rw-p 00001000 08:01 4723430                    /usr/lib/jvm/java-8-openjdk-amd64/jre/lib/amd64/libjawt.so
7ff8173cc000-7ff8173cf000 ---p 00000000 00:00 0 
7ff8173cf000-7ff8174cd000 rw-p 00000000 00:00 0 
7ff8174cd000-7ff8174d2000 r-xp 00000000 08:01 4727307                    /usr/lib/x86_64-linux-gnu/libXfixes.so.3.1.0
7ff8174d2000-7ff8176d1000 ---p 00005000 08:01 4727307                    /usr/lib/x86_64-linux-gnu/libXfixes.so.3.1.0
7ff8176d1000-7ff8176d2000 r--p 00004000 08:01 4727307                    /usr/lib/x86_64-linux-gnu/libXfixes.so.3.1.0
7ff8176d2000-7ff8176d3000 rw-p 00005000 08:01 4727307                    /usr/lib/x86_64-linux-gnu/libXfixes.so.3.1.0
7ff8176d3000-7ff8176dc000 r-xp 00000000 08:01 4727299                    /usr/lib/x86_64-linux-gnu/libXcursor.so.1.0.2
7ff8176dc000-7ff8178db000 ---p 00009000 08:01 4727299                    /usr/lib/x86_64-linux-gnu/libXcursor.so.1.0.2
7ff8178db000-7ff8178dc000 r--p 00008000 08:01 4727299                    /usr/lib/x86_64-linux-gnu/libXcursor.so.1.0.2
7ff8178dc000-7ff8178dd000 rw-p 00009000 08:01 4727299                    /usr/lib/x86_64-linux-gnu/libXcursor.so.1.0.2
7ff8178dd000-7ff817901000 r-xp 00000000 08:01 2757531                    /lib/x86_64-linux-gnu/libpng12.so.0.54.0
7ff817901000-7ff817b00000 ---p 00024000 08:01 2757531                    /lib/x86_64-linux-gnu/libpng12.so.0.54.0
7ff817b00000-7ff817b01000 r--p 00023000 08:01 2757531                    /lib/x86_64-linux-gnu/libpng12.so.0.54.0
7ff817b01000-7ff817b02000 rw-p 00024000 08:01 2757531                    /lib/x86_64-linux-gnu/libpng12.so.0.54.0
7ff817b02000-7ff817ba6000 r-xp 00000000 08:01 4727730                    /usr/lib/x86_64-linux-gnu/libfreetype.so.6.12.1
7ff817ba6000-7ff817da5000 ---p 000a4000 08:01 4727730                    /usr/lib/x86_64-linux-gnu/libfreetype.so.6.12.1
7ff817da5000-7ff817dab000 r--p 000a3000 08:01 4727730                    /usr/lib/x86_64-linux-gnu/libfreetype.so.6.12.1
7ff817dab000-7ff817dac000 rw-p 000a9000 08:01 4727730                    /usr/lib/x86_64-linux-gnu/libfreetype.so.6.12.1
7ff817dac000-7ff817dfd000 r-xp 00000000 08:01 4723441                    /usr/lib/jvm/java-8-openjdk-amd64/jre/lib/amd64/libfontmanager.so
7ff817dfd000-7ff817ffd000 ---p 00051000 08:01 4723441                    /usr/lib/jvm/java-8-openjdk-amd64/jre/lib/amd64/libfontmanager.so
7ff817ffd000-7ff817fff000 r--p 00051000 08:01 4723441                    /usr/lib/jvm/java-8-openjdk-amd64/jre/lib/amd64/libfontmanager.so
7ff817fff000-7ff818000000 rw-p 00053000 08:01 4723441                    /usr/lib/jvm/java-8-openjdk-amd64/jre/lib/amd64/libfontmanager.so
7ff818000000-7ff818296000 rw-p 00000000 00:00 0 
7ff818296000-7ff81c000000 ---p 00000000 00:00 0 
7ff81c000000-7ff81c021000 rw-p 00000000 00:00 0 
7ff81c021000-7ff820000000 ---p 00000000 00:00 0 
7ff820000000-7ff820136000 rw-p 00000000 00:00 0 
7ff820136000-7ff824000000 ---p 00000000 00:00 0 
7ff824000000-7ff82407c000 rw-p 00000000 00:00 0 
7ff82407c000-7ff828000000 ---p 00000000 00:00 0 
7ff828000000-7ff828021000 rw-p 00000000 00:00 0 
7ff828021000-7ff82c000000 ---p 00000000 00:00 0 
7ff82c000000-7ff82c021000 rw-p 00000000 00:00 0 
7ff82c021000-7ff830000000 ---p 00000000 00:00 0 
7ff830000000-7ff830021000 rw-p 00000000 00:00 0 
7ff830021000-7ff834000000 ---p 00000000 00:00 0 
7ff834000000-7ff834021000 rw-p 00000000 00:00 0 
7ff834021000-7ff838000000 ---p 00000000 00:00 0 
7ff838000000-7ff838021000 rw-p 00000000 00:00 0 
7ff838021000-7ff83c000000 ---p 00000000 00:00 0 
7ff83c000000-7ff83c021000 rw-p 00000000 00:00 0 
7ff83c021000-7ff840000000 ---p 00000000 00:00 0 
7ff840000000-7ff840021000 rw-p 00000000 00:00 0 
7ff840021000-7ff844000000 ---p 00000000 00:00 0 
7ff844000000-7ff844021000 rw-p 00000000 00:00 0 
7ff844021000-7ff848000000 ---p 00000000 00:00 0 
7ff848022000-7ff8480a2000 r-xp 00000000 08:01 2752517                    /lib/x86_64-linux-gnu/libsystemd.so.0.14.0
7ff8480a2000-7ff8480a5000 r--p 0007f000 08:01 2752517                    /lib/x86_64-linux-gnu/libsystemd.so.0.14.0
7ff8480a5000-7ff8480a6000 rw-p 00082000 08:01 2752517                    /lib/x86_64-linux-gnu/libsystemd.so.0.14.0
7ff8480a6000-7ff8480a7000 rw-p 00000000 00:00 0 
7ff8480b7000-7ff8480bb000 rw-s 00000000 00:18 686                        /i915 (deleted)
7ff8480bb000-7ff8480c0000 rw-s 00000000 00:18 685                        /i915 (deleted)
7ff8480c0000-7ff8480c1000 rwxp 00000000 00:00 0 
7ff8480c1000-7ff8480c5000 rw-s 00000000 00:18 655                        /i915 (deleted)
7ff8480c5000-7ff8480c8000 ---p 00000000 00:00 0 
7ff8480c8000-7ff8481c6000 rw-p 00000000 00:00 0 
7ff8481c6000-7ff8481cb000 r-xp 00000000 08:01 4727303                    /usr/lib/x86_64-linux-gnu/libXdmcp.so.6.0.0
7ff8481cb000-7ff8483ca000 ---p 00005000 08:01 4727303                    /usr/lib/x86_64-linux-gnu/libXdmcp.so.6.0.0
7ff8483ca000-7ff8483cb000 r--p 00004000 08:01 4727303                    /usr/lib/x86_64-linux-gnu/libXdmcp.so.6.0.0
7ff8483cb000-7ff8483cc000 rw-p 00005000 08:01 4727303                    /usr/lib/x86_64-linux-gnu/libXdmcp.so.6.0.0
7ff8483cc000-7ff8483ce000 r-xp 00000000 08:01 4727292                    /usr/lib/x86_64-linux-gnu/libXau.so.6.0.0
7ff8483ce000-7ff8485ce000 ---p 00002000 08:01 4727292                    /usr/lib/x86_64-linux-gnu/libXau.so.6.0.0
7ff8485ce000-7ff8485cf000 r--p 00002000 08:01 4727292                    /usr/lib/x86_64-linux-gnu/libXau.so.6.0.0
7ff8485cf000-7ff8485d0000 rw-p 00003000 08:01 4727292                    /usr/lib/x86_64-linux-gnu/libXau.so.6.0.0
7ff8485d0000-7ff8485f1000 r-xp 00000000 08:01 4728716                    /usr/lib/x86_64-linux-gnu/libxcb.so.1.1.0
7ff8485f1000-7ff8487f0000 ---p 00021000 08:01 4728716                    /usr/lib/x86_64-linux-gnu/libxcb.so.1.1.0
7ff8487f0000-7ff8487f1000 r--p 00020000 08:01 4728716                    /usr/lib/x86_64-linux-gnu/libxcb.so.1.1.0
7ff8487f1000-7ff8487f2000 rw-p 00021000 08:01 4728716                    /usr/lib/x86_64-linux-gnu/libxcb.so.1.1.0
7ff8487f2000-7ff848801000 r-xp 00000000 08:01 4727315                    /usr/lib/x86_64-linux-gnu/libXi.so.6.1.0
7ff848801000-7ff848a00000 ---p 0000f000 08:01 4727315                    /usr/lib/x86_64-linux-gnu/libXi.so.6.1.0
7ff848a00000-7ff848a01000 r--p 0000e000 08:01 4727315                    /usr/lib/x86_64-linux-gnu/libXi.so.6.1.0
7ff848a01000-7ff848a02000 rw-p 0000f000 08:01 4727315                    /usr/lib/x86_64-linux-gnu/libXi.so.6.1.0
7ff848a02000-7ff848a07000 r-xp 00000000 08:01 4727333                    /usr/lib/x86_64-linux-gnu/libXtst.so.6.1.0
7ff848a07000-7ff848c06000 ---p 00005000 08:01 4727333                    /usr/lib/x86_64-linux-gnu/libXtst.so.6.1.0
7ff848c06000-7ff848c07000 r--p 00004000 08:01 4727333                    /usr/lib/x86_64-linux-gnu/libXtst.so.6.1.0
7ff848c07000-7ff848c08000 rw-p 00005000 08:01 4727333                    /usr/lib/x86_64-linux-gnu/libXtst.so.6.1.0
7ff848c08000-7ff848c11000 r-xp 00000000 08:01 4727327                    /usr/lib/x86_64-linux-gnu/libXrender.so.1.3.0
7ff848c11000-7ff848e10000 ---p 00009000 08:01 4727327                    /usr/lib/x86_64-linux-gnu/libXrender.so.1.3.0
7ff848e10000-7ff848e11000 r--p 00008000 08:01 4727327                    /usr/lib/x86_64-linux-gnu/libXrender.so.1.3.0
7ff848e11000-7ff848e12000 rw-p 00009000 08:01 4727327                    /usr/lib/x86_64-linux-gnu/libXrender.so.1.3.0
7ff848e12000-7ff848f47000 r-xp 00000000 08:01 4727288                    /usr/lib/x86_64-linux-gnu/libX11.so.6.3.0
7ff848f47000-7ff849147000 ---p 00135000 08:01 4727288                    /usr/lib/x86_64-linux-gnu/libX11.so.6.3.0
7ff849147000-7ff849148000 r--p 00135000 08:01 4727288                    /usr/lib/x86_64-linux-gnu/libX11.so.6.3.0
7ff849148000-7ff84914c000 rw-p 00136000 08:01 4727288                    /usr/lib/x86_64-linux-gnu/libX11.so.6.3.0
7ff84914c000-7ff84915d000 r-xp 00000000 08:01 4727305                    /usr/lib/x86_64-linux-gnu/libXext.so.6.4.0
7ff84915d000-7ff84935c000 ---p 00011000 08:01 4727305                    /usr/lib/x86_64-linux-gnu/libXext.so.6.4.0
7ff84935c000-7ff84935d000 r--p 00010000 08:01 4727305                    /usr/lib/x86_64-linux-gnu/libXext.so.6.4.0
7ff84935d000-7ff84935e000 rw-p 00011000 08:01 4727305                    /usr/lib/x86_64-linux-gnu/libXext.so.6.4.0
7ff84935e000-7ff8493b9000 r-xp 00000000 08:01 4723422                    /usr/lib/jvm/java-8-openjdk-amd64/jre/lib/amd64/libawt_xawt.so
7ff8493b9000-7ff8495b8000 ---p 0005b000 08:01 4723422                    /usr/lib/jvm/java-8-openjdk-amd64/jre/lib/amd64/libawt_xawt.so
7ff8495b8000-7ff8495b9000 r--p 0005a000 08:01 4723422                    /usr/lib/jvm/java-8-openjdk-amd64/jre/lib/amd64/libawt_xawt.so
7ff8495b9000-7ff8495bc000 rw-p 0005b000 08:01 4723422                    /usr/lib/jvm/java-8-openjdk-amd64/jre/lib/amd64/libawt_xawt.so
7ff8495bc000-7ff8495be000 rw-p 00000000 00:00 0 
7ff8495be000-7ff84965d000 r-xp 00000000 08:01 4723424                    /usr/lib/jvm/java-8-openjdk-amd64/jre/lib/amd64/libawt.so
7ff84965d000-7ff84985d000 ---p 0009f000 08:01 4723424                    /usr/lib/jvm/java-8-openjdk-amd64/jre/lib/amd64/libawt.so
7ff84985d000-7ff84985e000 r--p 0009f000 08:01 4723424                    /usr/lib/jvm/java-8-openjdk-amd64/jre/lib/amd64/libawt.so
7ff84985e000-7ff849869000 rw-p 000a0000 08:01 4723424                    /usr/lib/jvm/java-8-openjdk-amd64/jre/lib/amd64/libawt.so
7ff849869000-7ff84988e000 rw-p 00000000 00:00 0 
7ff84988e000-7ff8498c2000 r-xp 00000000 08:01 1970578                    /tmp/libgdxfoysal/3db1ff57/libgdx64.so
7ff8498c2000-7ff849ac2000 ---p 00034000 08:01 1970578                    /tmp/libgdxfoysal/3db1ff57/libgdx64.so
7ff849ac2000-7ff849ac3000 r--p 00034000 08:01 1970578                    /tmp/libgdxfoysal/3db1ff57/libgdx64.so
7ff849ac3000-7ff849ac4000 rw-p 00035000 08:01 1970578                    /tmp/libgdxfoysal/3db1ff57/libgdx64.so
7ff849ac4000-7ff849ac5000 ---p 00000000 00:00 0 
7ff849ac5000-7ff849bc5000 rw-p 00000000 00:00 0 
7ff849bc5000-7ff849bc8000 ---p 00000000 00:00 0 
7ff849bc8000-7ff849cc6000 rw-p 00000000 00:00 0 
7ff849cc6000-7ff849cc9000 ---p 00000000 00:00 0 
7ff849cc9000-7ff849dc7000 rw-p 00000000 00:00 0 
7ff849dc7000-7ff849dca000 ---p 00000000 00:00 0 
7ff849dca000-7ff849ec8000 rw-p 00000000 00:00 0 
7ff849ec8000-7ff849ecb000 ---p 00000000 00:00 0 
7ff849ecb000-7ff849fc9000 rw-p 00000000 00:00 0 
7ff849fc9000-7ff849fcc000 ---p 00000000 00:00 0 
7ff849fcc000-7ff84a0ca000 rw-p 00000000 00:00 0 
7ff84a0ca000-7ff84aad9000 r--p 00000000 08:01 4726095                    /usr/lib/locale/locale-archive
7ff84aad9000-7ff84aadc000 ---p 00000000 00:00 0 
7ff84aadc000-7ff84abda000 rw-p 00000000 00:00 0 
7ff84abda000-7ff84abdd000 ---p 00000000 00:00 0 
7ff84abdd000-7ff84acdb000 rw-p 00000000 00:00 0 
7ff84acdb000-7ff84acdc000 ---p 00000000 00:00 0 
7ff84acdc000-7ff84d000000 rw-p 00000000 00:00 0 
7ff84d000000-7ff84d280000 rwxp 00000000 00:00 0 
7ff84d280000-7ff85c000000 ---p 00000000 00:00 0 
7ff85c000000-7ff85c41a000 rw-p 00000000 00:00 0 
7ff85c41a000-7ff860000000 ---p 00000000 00:00 0 
7ff860000000-7ff860001000 rw-s 00000000 00:05 114975                     /memfd:xshmfence (deleted)
7ff860001000-7ff860005000 rw-s 00000000 00:18 652                        /i915 (deleted)
7ff860005000-7ff86000a000 rw-s 00000000 00:18 651                        /i915 (deleted)
7ff86000a000-7ff860011000 r--s 00000000 08:01 4983605                    /usr/lib/x86_64-linux-gnu/gconv/gconv-modules.cache
7ff860011000-7ff860024000 r--s 00346000 08:01 4724250                    /usr/lib/jvm/java-8-openjdk-amd64/jre/lib/resources.jar
7ff860024000-7ff860028000 r--s 000a1000 08:01 4724252                    /usr/lib/jvm/java-8-openjdk-amd64/jre/lib/jsse.jar
7ff860028000-7ff860029000 r--s 00002000 08:03 1966785                    /home/foysal/.gradle/caches/modules-2/files-2.1/net.java.jinput/jinput-platform/2.0.5/53f9c919f34d2ca9de8c51fc4e1e8282029a9232/jinput-platform-2.0.5-natives-osx.jar
7ff860029000-7ff86002a000 r--s 00025000 08:03 1966783                    /home/foysal/.gradle/caches/modules-2/files-2.1/net.java.jinput/jinput-platform/2.0.5/385ee093e01f587f30ee1c8a2ee7d408fd732e16/jinput-platform-2.0.5-natives-windows.jar
7ff86002a000-7ff86002b000 r--s 00002000 08:03 1966781                    /home/foysal/.gradle/caches/modules-2/files-2.1/net.java.jinput/jinput-platform/2.0.5/7ff832a6eb9ab6a767f1ade2b548092d0fa64795/jinput-platform-2.0.5-natives-linux.jar
7ff86002b000-7ff86002c000 r--s 00001000 08:03 1966779                    /home/foysal/.gradle/caches/modules-2/files-2.1/net.java.jutils/jutils/1.0.0/e12fe1fda814bd348c1579329c86943d2cd3c6a6/jutils-1.0.0.jar
7ff86002c000-7ff860030000 r--s 0002f000 08:03 1966777                    /home/foysal/.gradle/caches/modules-2/files-2.1/net.java.jinput/jinput/2.0.5/39c7796b469a600f72380316f6b1f11db6c2c7c4/jinput-2.0.5.jar
7ff860030000-7ff860031000 r--s 00068000 08:03 1966789                    /home/foysal/.gradle/caches/modules-2/files-2.1/org.lwjgl.lwjgl/lwjgl-platform/2.9.2/d55b46b40b40249d627a83a7f7f22649709d70c3/lwjgl-platform-2.9.2-natives-osx.jar
7ff860031000-7ff860032000 r--s 0008d000 08:03 1966791                    /home/foysal/.gradle/caches/modules-2/files-2.1/org.lwjgl.lwjgl/lwjgl-platform/2.9.2/d276cdf61fe2b516c7b7f4aa1b8dea91dbdc8d56/lwjgl-platform-2.9.2-natives-linux.jar
7ff860032000-7ff860033000 r--s 00095000 08:03 1966775                    /home/foysal/.gradle/caches/modules-2/files-2.1/org.lwjgl.lwjgl/lwjgl-platform/2.9.2/510c7d317f5e9e700b9cfaac5fd38bdebf0702e0/lwjgl-platform-2.9.2-natives-windows.jar
7ff860033000-7ff860035000 r--s 00017000 08:03 1966769                    /home/foysal/.gradle/caches/modules-2/files-2.1/org.jcraft/jorbis/0.0.17/8872d22b293e8f5d7d56ff92be966e6dc28ebdc6/jorbis-0.0.17.jar
7ff860035000-7ff860036000 r--s 00015000 08:03 1966767                    /home/foysal/.gradle/caches/modules-2/files-2.1/com.badlogicgames.jlayer/jlayer/1.0.1-gdx/7cca83cec5c1b2f011362f4d85aabd71a73b049d/jlayer-1.0.1-gdx.jar
7ff860036000-7ff860044000 r--s 000f2000 08:03 1966793                    /home/foysal/.gradle/caches/modules-2/files-2.1/org.lwjgl.lwjgl/lwjgl/2.9.2/a9d80fe5935c7a9149f6584d9777cfd471f65489/lwjgl-2.9.2.jar
7ff860044000-7ff860048000 r--s 00027000 08:03 1966771                    /home/foysal/.gradle/caches/modules-2/files-2.1/org.lwjgl.lwjgl/lwjgl_util/2.9.2/4b9e37300a87799856e0bd15ed81663cdb6b0947/lwjgl_util-2.9.2.jar
7ff860048000-7ff860049000 r--s 000e8000 08:03 2097429                    /home/foysal/.gradle/caches/modules-2/files-2.1/com.badlogicgames.gdx/gdx-box2d-platform/1.9.9/72b2916f45f3f948896eda931cd597f7e698340f/gdx-box2d-platform-1.9.9-natives-desktop.jar
7ff860049000-7ff86004c000 r--s 00021000 08:03 1966773                    /home/foysal/.gradle/caches/modules-2/files-2.1/com.badlogicgames.gdx/gdx-backend-lwjgl/1.9.9/ca8911cb94c0bfeb59f99e46ca9b92440958fb0e/gdx-backend-lwjgl-1.9.9.jar
7ff86004c000-7ff860068000 r--s 001be000 08:03 1966665                    /home/foysal/.gradle/caches/modules-2/files-2.1/com.badlogicgames.gdx/gdx/1.9.9/bf26f2f816b3cfe37ac6e66615391c30714b7030/gdx-1.9.9.jar
7ff860068000-7ff86006a000 r--s 00010000 08:03 2097417                    /home/foysal/.gradle/caches/modules-2/files-2.1/com.badlogicgames.gdx/gdx-box2d/1.9.9/e9a43c50fbe4f1e26dd0af5d2e78d125549e7f6b/gdx-box2d-1.9.9.jar
7ff86006a000-7ff86006e000 r--s 00029000 08:03 2885163                    /home/foysal/.gradle/caches/modules-2/files-2.1/net.dermetfan.libgdx-utils/libgdx-utils/0.13.4/27affad2873d1c9c366a2290fc51f3927f3a5f83/libgdx-utils-0.13.4.jar
7ff86006e000-7ff860072000 r--s 0001e000 08:03 2885157                    /home/foysal/.gradle/caches/modules-2/files-2.1/net.dermetfan.libgdx-utils/libgdx-utils-box2d/0.13.4/918d79a20ea3c898cdb3611782c5b2bfa6ec575b/libgdx-utils-box2d-0.13.4.jar
7ff860072000-7ff860074000 r--s 00008000 08:01 4724283                    /usr/lib/jvm/java-8-openjdk-amd64/jre/lib/ext/sunec.jar
7ff860074000-7ff86008f000 r--s 001d6000 08:01 4724280                    /usr/lib/jvm/java-8-openjdk-amd64/jre/lib/ext/nashorn.jar
7ff86008f000-7ff8600aa000 r--s 00394000 08:01 4724279                    /usr/lib/jvm/java-8-openjdk-amd64/jre/lib/ext/cldrdata.jar
7ff8600aa000-7ff8600b4000 r--s 00116000 08:01 4724287                    /usr/lib/jvm/java-8-openjdk-amd64/jre/lib/ext/localedata.jar
7ff8600b4000-7ff8600b9000 r--s 0003c000 08:01 4724284                    /usr/lib/jvm/java-8-openjdk-amd64/jre/lib/ext/sunjce_provider.jar
7ff8600b9000-7ff860c69000 rw-p 00000000 00:00 0 
7ff860c69000-7ff860e38000 r--s 03c3b000 08:01 4724248                    /usr/lib/jvm/java-8-openjdk-amd64/jre/lib/rt.jar
7ff860e38000-7ff861890000 rw-p 00000000 00:00 0 
7ff861890000-7ff861891000 ---p 00000000 00:00 0 
7ff861891000-7ff861991000 rw-p 00000000 00:00 0 
7ff861991000-7ff861992000 ---p 00000000 00:00 0 
7ff861992000-7ff861a92000 rw-p 00000000 00:00 0 
7ff861a92000-7ff861a93000 ---p 00000000 00:00 0 
7ff861a93000-7ff861b93000 rw-p 00000000 00:00 0 
7ff861b93000-7ff861b94000 ---p 00000000 00:00 0 
7ff861b94000-7ff861ca9000 rw-p 00000000 00:00 0 
7ff861ca9000-7ff861dd6000 ---p 00000000 00:00 0 
7ff861dd6000-7ff861deb000 rw-p 00000000 00:00 0 
7ff861deb000-7ff861f17000 ---p 00000000 00:00 0 
7ff861f17000-7ff861f22000 rw-p 00000000 00:00 0 
7ff861f22000-7ff861fb8000 ---p 00000000 00:00 0 
7ff861fb8000-7ff861fc3000 rw-p 00000000 00:00 0 
7ff861fc3000-7ff862379000 ---p 00000000 00:00 0 
7ff862379000-7ff862381000 r-xp 00000000 08:01 4724246                    /usr/lib/jvm/java-8-openjdk-amd64/jre/lib/amd64/libzip.so
7ff862381000-7ff862580000 ---p 00008000 08:01 4724246                    /usr/lib/jvm/java-8-openjdk-amd64/jre/lib/amd64/libzip.so
7ff862580000-7ff862581000 r--p 00007000 08:01 4724246                    /usr/lib/jvm/java-8-openjdk-amd64/jre/lib/amd64/libzip.so
7ff862581000-7ff862582000 rw-p 00008000 08:01 4724246                    /usr/lib/jvm/java-8-openjdk-amd64/jre/lib/amd64/libzip.so
7ff862582000-7ff86258d000 r-xp 00000000 08:01 2757489                    /lib/x86_64-linux-gnu/libnss_files-2.23.so
7ff86258d000-7ff86278c000 ---p 0000b000 08:01 2757489                    /lib/x86_64-linux-gnu/libnss_files-2.23.so
7ff86278c000-7ff86278d000 r--p 0000a000 08:01 2757489                    /lib/x86_64-linux-gnu/libnss_files-2.23.so
7ff86278d000-7ff86278e000 rw-p 0000b000 08:01 2757489                    /lib/x86_64-linux-gnu/libnss_files-2.23.so
7ff86278e000-7ff862794000 rw-p 00000000 00:00 0 
7ff862794000-7ff86279f000 r-xp 00000000 08:01 2757499                    /lib/x86_64-linux-gnu/libnss_nis-2.23.so
7ff86279f000-7ff86299e000 ---p 0000b000 08:01 2757499                    /lib/x86_64-linux-gnu/libnss_nis-2.23.so
7ff86299e000-7ff86299f000 r--p 0000a000 08:01 2757499                    /lib/x86_64-linux-gnu/libnss_nis-2.23.so
7ff86299f000-7ff8629a0000 rw-p 0000b000 08:01 2757499                    /lib/x86_64-linux-gnu/libnss_nis-2.23.so
7ff8629a0000-7ff8629b6000 r-xp 00000000 08:01 2757483                    /lib/x86_64-linux-gnu/libnsl-2.23.so
7ff8629b6000-7ff862bb5000 ---p 00016000 08:01 2757483                    /lib/x86_64-linux-gnu/libnsl-2.23.so
7ff862bb5000-7ff862bb6000 r--p 00015000 08:01 2757483                    /lib/x86_64-linux-gnu/libnsl-2.23.so
7ff862bb6000-7ff862bb7000 rw-p 00016000 08:01 2757483                    /lib/x86_64-linux-gnu/libnsl-2.23.so
7ff862bb7000-7ff862bb9000 rw-p 00000000 00:00 0 
7ff862bb9000-7ff862bc1000 r-xp 00000000 08:01 2757485                    /lib/x86_64-linux-gnu/libnss_compat-2.23.so
7ff862bc1000-7ff862dc0000 ---p 00008000 08:01 2757485                    /lib/x86_64-linux-gnu/libnss_compat-2.23.so
7ff862dc0000-7ff862dc1000 r--p 00007000 08:01 2757485                    /lib/x86_64-linux-gnu/libnss_compat-2.23.so
7ff862dc1000-7ff862dc2000 rw-p 00008000 08:01 2757485                    /lib/x86_64-linux-gnu/libnss_compat-2.23.so
7ff862dc2000-7ff862dee000 r-xp 00000000 08:01 4723440                    /usr/lib/jvm/java-8-openjdk-amd64/jre/lib/amd64/libjava.so
7ff862dee000-7ff862fed000 ---p 0002c000 08:01 4723440                    /usr/lib/jvm/java-8-openjdk-amd64/jre/lib/amd64/libjava.so
7ff862fed000-7ff862fee000 r--p 0002b000 08:01 4723440                    /usr/lib/jvm/java-8-openjdk-amd64/jre/lib/amd64/libjava.so
7ff862fee000-7ff862ff0000 rw-p 0002c000 08:01 4723440                    /usr/lib/jvm/java-8-openjdk-amd64/jre/lib/amd64/libjava.so
7ff862ff0000-7ff862fff000 r-xp 00000000 08:01 4723428                    /usr/lib/jvm/java-8-openjdk-amd64/jre/lib/amd64/libverify.so
7ff862fff000-7ff8631fe000 ---p 0000f000 08:01 4723428                    /usr/lib/jvm/java-8-openjdk-amd64/jre/lib/amd64/libverify.so
7ff8631fe000-7ff863200000 r--p 0000e000 08:01 4723428                    /usr/lib/jvm/java-8-openjdk-amd64/jre/lib/amd64/libverify.so
7ff863200000-7ff863201000 rw-p 00010000 08:01 4723428                    /usr/lib/jvm/java-8-openjdk-amd64/jre/lib/amd64/libverify.so
7ff863201000-7ff863208000 r-xp 00000000 08:01 2757544                    /lib/x86_64-linux-gnu/librt-2.23.so
7ff863208000-7ff863407000 ---p 00007000 08:01 2757544                    /lib/x86_64-linux-gnu/librt-2.23.so
7ff863407000-7ff863408000 r--p 00006000 08:01 2757544                    /lib/x86_64-linux-gnu/librt-2.23.so
7ff863408000-7ff863409000 rw-p 00007000 08:01 2757544                    /lib/x86_64-linux-gnu/librt-2.23.so
7ff863409000-7ff86341f000 r-xp 00000000 08:01 2757428                    /lib/x86_64-linux-gnu/libgcc_s.so.1
7ff86341f000-7ff86361e000 ---p 00016000 08:01 2757428                    /lib/x86_64-linux-gnu/libgcc_s.so.1
7ff86361e000-7ff86361f000 rw-p 00015000 08:01 2757428                    /lib/x86_64-linux-gnu/libgcc_s.so.1
7ff86361f000-7ff863727000 r-xp 00000000 08:01 2757460                    /lib/x86_64-linux-gnu/libm-2.23.so
7ff863727000-7ff863926000 ---p 00108000 08:01 2757460                    /lib/x86_64-linux-gnu/libm-2.23.so
7ff863926000-7ff863927000 r--p 00107000 08:01 2757460                    /lib/x86_64-linux-gnu/libm-2.23.so
7ff863927000-7ff863928000 rw-p 00108000 08:01 2757460                    /lib/x86_64-linux-gnu/libm-2.23.so
7ff863928000-7ff863a9a000 r-xp 00000000 08:01 4728465                    /usr/lib/x86_64-linux-gnu/libstdc++.so.6.0.21
7ff863a9a000-7ff863c9a000 ---p 00172000 08:01 4728465                    /usr/lib/x86_64-linux-gnu/libstdc++.so.6.0.21
7ff863c9a000-7ff863ca4000 r--p 00172000 08:01 4728465                    /usr/lib/x86_64-linux-gnu/libstdc++.so.6.0.21
7ff863ca4000-7ff863ca6000 rw-p 0017c000 08:01 4728465                    /usr/lib/x86_64-linux-gnu/libstdc++.so.6.0.21
7ff863ca6000-7ff863caa000 rw-p 00000000 00:00 0 
7ff863caa000-7ff86490e000 r-xp 00000000 08:01 4723438                    /usr/lib/jvm/java-8-openjdk-amd64/jre/lib/amd64/server/libjvm.so
7ff86490e000-7ff864b0d000 ---p 00c64000 08:01 4723438                    /usr/lib/jvm/java-8-openjdk-amd64/jre/lib/amd64/server/libjvm.so
7ff864b0d000-7ff864ba1000 r--p 00c63000 08:01 4723438                    /usr/lib/jvm/java-8-openjdk-amd64/jre/lib/amd64/server/libjvm.so
7ff864ba1000-7ff864bca000 rw-p 00cf7000 08:01 4723438                    /usr/lib/jvm/java-8-openjdk-amd64/jre/lib/amd64/server/libjvm.so
7ff864bca000-7ff864bfa000 rw-p 00000000 00:00 0 
7ff864bfa000-7ff864c12000 r-xp 00000000 08:01 2757536                    /lib/x86_64-linux-gnu/libpthread-2.23.so
7ff864c12000-7ff864e11000 ---p 00018000 08:01 2757536                    /lib/x86_64-linux-gnu/libpthread-2.23.so
7ff864e11000-7ff864e12000 r--p 00017000 08:01 2757536                    /lib/x86_64-linux-gnu/libpthread-2.23.so
7ff864e12000-7ff864e13000 rw-p 00018000 08:01 2757536                    /lib/x86_64-linux-gnu/libpthread-2.23.so
7ff864e13000-7ff864e17000 rw-p 00000000 00:00 0 
7ff864e17000-7ff864e1a000 r-xp 00000000 08:01 2757414                    /lib/x86_64-linux-gnu/libdl-2.23.so
7ff864e1a000-7ff865019000 ---p 00003000 08:01 2757414                    /lib/x86_64-linux-gnu/libdl-2.23.so
7ff865019000-7ff86501a000 r--p 00002000 08:01 2757414                    /lib/x86_64-linux-gnu/libdl-2.23.so
7ff86501a000-7ff86501b000 rw-p 00003000 08:01 2757414                    /lib/x86_64-linux-gnu/libdl-2.23.so
7ff86501b000-7ff865034000 r-xp 00000000 08:01 2757581                    /lib/x86_64-linux-gnu/libz.so.1.2.8
7ff865034000-7ff865233000 ---p 00019000 08:01 2757581                    /lib/x86_64-linux-gnu/libz.so.1.2.8
7ff865233000-7ff865234000 r--p 00018000 08:01 2757581                    /lib/x86_64-linux-gnu/libz.so.1.2.8
7ff865234000-7ff865235000 rw-p 00019000 08:01 2757581                    /lib/x86_64-linux-gnu/libz.so.1.2.8
7ff865235000-7ff8653f5000 r-xp 00000000 08:01 2757390                    /lib/x86_64-linux-gnu/libc-2.23.so
7ff8653f5000-7ff8655f5000 ---p 001c0000 08:01 2757390                    /lib/x86_64-linux-gnu/libc-2.23.so
7ff8655f5000-7ff8655f9000 r--p 001c0000 08:01 2757390                    /lib/x86_64-linux-gnu/libc-2.23.so
7ff8655f9000-7ff8655fb000 rw-p 001c4000 08:01 2757390                    /lib/x86_64-linux-gnu/libc-2.23.so
7ff8655fb000-7ff8655ff000 rw-p 00000000 00:00 0 
7ff8655ff000-7ff86560c000 r-xp 00000000 08:01 4723477                    /usr/lib/jvm/java-8-openjdk-amd64/jre/lib/amd64/jli/libjli.so
7ff86560c000-7ff86580b000 ---p 0000d000 08:01 4723477                    /usr/lib/jvm/java-8-openjdk-amd64/jre/lib/amd64/jli/libjli.so
7ff86580b000-7ff86580c000 r--p 0000c000 08:01 4723477                    /usr/lib/jvm/java-8-openjdk-amd64/jre/lib/amd64/jli/libjli.so
7ff86580c000-7ff86580d000 rw-p 0000d000 08:01 4723477                    /usr/lib/jvm/java-8-openjdk-amd64/jre/lib/amd64/jli/libjli.so
7ff86580d000-7ff865833000 r-xp 00000000 08:01 2757362                    /lib/x86_64-linux-gnu/ld-2.23.so
7ff865833000-7ff865834000 r--s 000ba000 08:03 1966787                    /home/foysal/.gradle/caches/modules-2/files-2.1/com.badlogicgames.gdx/gdx-platform/1.9.9/7e644cfafdb436b13b24ac7993ffab17f306b64d/gdx-platform-1.9.9-natives-desktop.jar
7ff865834000-7ff865836000 r--s 00001000 08:01 4724286                    /usr/lib/jvm/java-8-openjdk-amd64/jre/lib/ext/dnsns.jar
7ff865836000-7ff865837000 r--s 00010000 08:01 4724282                    /usr/lib/jvm/java-8-openjdk-amd64/jre/lib/ext/zipfs.jar
7ff865837000-7ff86583a000 r--s 0000f000 08:01 4724278                    /usr/lib/jvm/java-8-openjdk-amd64/jre/lib/ext/icedtea-sound.jar
7ff86583a000-7ff86583d000 r--s 00039000 08:01 4724288                    /usr/lib/jvm/java-8-openjdk-amd64/jre/lib/ext/sunpkcs11.jar
7ff86583d000-7ff86590e000 rw-p 00000000 00:00 0 
7ff86590e000-7ff865911000 ---p 00000000 00:00 0 
7ff865911000-7ff865a13000 rw-p 00000000 00:00 0 
7ff865a13000-7ff865a14000 r--s 0000a000 08:01 4724285                    /usr/lib/jvm/java-8-openjdk-amd64/jre/lib/ext/jaccess.jar
7ff865a14000-7ff865a27000 rw-p 00000000 00:00 0 
7ff865a27000-7ff865a2f000 rw-s 00000000 08:01 1970564                    /tmp/hsperfdata_foysal/16645
7ff865a2f000-7ff865a30000 rw-p 00000000 00:00 0 
7ff865a30000-7ff865a31000 r--p 00000000 00:00 0 
7ff865a31000-7ff865a32000 rw-p 00000000 00:00 0 
7ff865a32000-7ff865a33000 r--p 00025000 08:01 2757362                    /lib/x86_64-linux-gnu/ld-2.23.so
7ff865a33000-7ff865a34000 rw-p 00026000 08:01 2757362                    /lib/x86_64-linux-gnu/ld-2.23.so
7ff865a34000-7ff865a35000 rw-p 00000000 00:00 0 
7ffc5ca67000-7ffc5ca89000 rw-p 00000000 00:00 0                          [stack]
7ffc5cb06000-7ffc5cb09000 r--p 00000000 00:00 0                          [vvar]
7ffc5cb09000-7ffc5cb0b000 r-xp 00000000 00:00 0                          [vdso]
ffffffffff600000-ffffffffff601000 r-xp 00000000 00:00 0                  [vsyscall]

VM Arguments:
jvm_args: -Dfile.encoding=UTF-8 
java_command: com.mygdx.game.desktop.DesktopLauncher
java_class_path (initial): /home/foysal/Documents/project/desktop/bin/main:/home/foysal/Documents/project/desktop/bin/default:/home/foysal/Documents/project/core/bin/main:/home/foysal/.gradle/caches/modules-2/files-2.1/net.dermetfan.libgdx-utils/libgdx-utils-box2d/0.13.4/918d79a20ea3c898cdb3611782c5b2bfa6ec575b/libgdx-utils-box2d-0.13.4.jar:/home/foysal/.gradle/caches/modules-2/files-2.1/net.dermetfan.libgdx-utils/libgdx-utils/0.13.4/27affad2873d1c9c366a2290fc51f3927f3a5f83/libgdx-utils-0.13.4.jar:/home/foysal/.gradle/caches/modules-2/files-2.1/com.badlogicgames.gdx/gdx-box2d/1.9.9/e9a43c50fbe4f1e26dd0af5d2e78d125549e7f6b/gdx-box2d-1.9.9.jar:/home/foysal/.gradle/caches/modules-2/files-2.1/com.badlogicgames.gdx/gdx/1.9.9/bf26f2f816b3cfe37ac6e66615391c30714b7030/gdx-1.9.9.jar:/home/foysal/.gradle/caches/modules-2/files-2.1/com.badlogicgames.gdx/gdx-backend-lwjgl/1.9.9/ca8911cb94c0bfeb59f99e46ca9b92440958fb0e/gdx-backend-lwjgl-1.9.9.jar:/home/foysal/.gradle/caches/modules-2/files-2.1/com.badlogicgames.gdx/gdx-platform/1.9.9/7e644cfafdb436b13b24ac7993ffab17f306b64d/gdx-platform-1.9.9-natives-desktop.jar:/home/foysal/.gradle/caches/modules-2/files-2.1/com.badlogicgames.gdx/gdx-box2d-platform/1.9.9/72b2916f45f3f948896eda931cd597f7e698340f/gdx-box2d-platform-1.9.9-natives-desktop.jar:/home/foysal/.gradle/caches/modules-2/files-2.1/org.lwjgl.lwjgl/lwjgl_util/2.9.2/4b9e37300a87799856e0bd15ed81663cdb6b0947/lwjgl_util-2.9.2.jar:/home/foysal/.gradle/caches/modules-2/files-2.1/org.lwjgl.lwjgl/lwjgl/2.9.2/a9d80fe5935c7a9149f6584d9777cfd471f65489/lwjgl-2.9.2.jar:/home/foysal/.gradle/caches/modules-2/files-2.1/com.badlogicgames.jlayer/jlayer/1.0.1-gdx/7cca83cec5c1b2f011362f4d85aabd71a73b049d/jlayer-1.0.1-gdx.jar:/home/foysal/.gradle/caches/modules-2/files-2.1/org.jcraft/jorbis/0.0.17/8872d22b293e8f5d7d56ff92be966e6dc28ebdc6/jorbis-0.0.17.jar:/home/foysal/.gradle/caches/modules-2/files-2.1/org.lwjgl.lwjgl/lwjgl-platform/2.9.2/510c7d317f5e9e700b9cfaac5fd38bdebf0702e0/lwjgl-platform
Launcher Type: SUN_STANDARD

Environment Variables:
PATH=/home/foysal/bin:/home/foysal/.local/bin:/usr/local/sbin:/usr/local/bin:/usr/sbin:/usr/bin:/sbin:/bin:/usr/games:/usr/local/games:/snap/bin
SHELL=/bin/bash
DISPLAY=:0

Signal Handlers:
SIGSEGV: [libjvm.so+0xa765a0], sa_mask[0]=11111111011111111101111111111110, sa_flags=SA_RESTART|SA_SIGINFO
SIGBUS: [libjvm.so+0xa765a0], sa_mask[0]=11111111011111111101111111111110, sa_flags=SA_RESTART|SA_SIGINFO
SIGFPE: [libjvm.so+0x8bd800], sa_mask[0]=11111111011111111101111111111110, sa_flags=SA_RESTART|SA_SIGINFO
SIGPIPE: [libjvm.so+0x8bd800], sa_mask[0]=11111111011111111101111111111110, sa_flags=SA_RESTART|SA_SIGINFO
SIGXFSZ: [libjvm.so+0x8bd800], sa_mask[0]=11111111011111111101111111111110, sa_flags=SA_RESTART|SA_SIGINFO
SIGILL: [libjvm.so+0x8bd800], sa_mask[0]=11111111011111111101111111111110, sa_flags=SA_RESTART|SA_SIGINFO
SIGUSR1: SIG_DFL, sa_mask[0]=00000000000000000000000000000000, sa_flags=none
SIGUSR2: [libjvm.so+0x8bd6b0], sa_mask[0]=00100000000000000000000000000000, sa_flags=SA_RESTART|SA_SIGINFO
SIGHUP: [libjvm.so+0x8bdd40], sa_mask[0]=11111111011111111101111111111110, sa_flags=SA_RESTART|SA_SIGINFO
SIGINT: [libjvm.so+0x8bdd40], sa_mask[0]=11111111011111111101111111111110, sa_flags=SA_RESTART|SA_SIGINFO
SIGTERM: [libjvm.so+0x8bdd40], sa_mask[0]=11111111011111111101111111111110, sa_flags=SA_RESTART|SA_SIGINFO
SIGQUIT: [libjvm.so+0x8bdd40], sa_mask[0]=11111111011111111101111111111110, sa_flags=SA_RESTART|SA_SIGINFO


---------------  S Y S T E M  ---------------

OS:DISTRIB_ID=Ubuntu
DISTRIB_RELEASE=16.04
DISTRIB_CODENAME=xenial
DISTRIB_DESCRIPTION="Ubuntu 16.04.6 LTS"

uname:Linux 4.15.0-54-generic #58~16.04.1-Ubuntu SMP Mon Jun 24 13:21:41 UTC 2019 x86_64
libc:glibc 2.23 NPTL 2.23 
rlimit: STACK 8192k, CORE 0k, NPROC 15175, NOFILE 1048576, AS infinity
load average:1.02 1.88 2.10

/proc/meminfo:
MemTotal:        3945256 kB
MemFree:          238652 kB
MemAvailable:     997912 kB
Buffers:           70148 kB
Cached:          1259068 kB
SwapCached:           32 kB
Active:          2454508 kB
Inactive:        1015236 kB
Active(anon):    1903020 kB
Inactive(anon):   643292 kB
Active(file):     551488 kB
Inactive(file):   371944 kB
Unevictable:         160 kB
Mlocked:             160 kB
SwapTotal:       3999740 kB
SwapFree:        3995644 kB
Dirty:               304 kB
Writeback:             0 kB
AnonPages:       2140720 kB
Mapped:           496036 kB
Shmem:            405776 kB
Slab:             119484 kB
SReclaimable:      76796 kB
SUnreclaim:        42688 kB
KernelStack:       11264 kB
PageTables:        54680 kB
NFS_Unstable:          0 kB
Bounce:                0 kB
WritebackTmp:          0 kB
CommitLimit:     5972368 kB
Committed_AS:    8147900 kB
VmallocTotal:   34359738367 kB
VmallocUsed:           0 kB
VmallocChunk:          0 kB
HardwareCorrupted:     0 kB
AnonHugePages:      6144 kB
ShmemHugePages:        0 kB
ShmemPmdMapped:        0 kB
CmaTotal:              0 kB
CmaFree:               0 kB
HugePages_Total:       0
HugePages_Free:        0
HugePages_Rsvd:        0
HugePages_Surp:        0
Hugepagesize:       2048 kB
DirectMap4k:      188704 kB
DirectMap2M:     3911680 kB

container (cgroup) information:
container_type: cgroupv1
cpu_cpuset_cpus: 0-3
cpu_memory_nodes: 0
active_processor_count: 4
cpu_quota: -1
cpu_period: 100000
cpu_shares: -1
memory_limit_in_bytes: -1
memory_and_swap_limit_in_bytes: -2
memory_soft_limit_in_bytes: -1
memory_usage_in_bytes: 3553296384
memory_max_usage_in_bytes: 2097152


CPU:total 4 (initial active 4) (2 cores per cpu, 2 threads per core) family 6 model 42 stepping 7, cmov, cx8, fxsr, mmx, sse, sse2, sse3, ssse3, sse4.1, sse4.2, popcnt, avx, clmul, ht, tsc, tscinvbit

/proc/cpuinfo:
processor	: 0
vendor_id	: GenuineIntel
cpu family	: 6
model		: 42
model name	: Intel(R) Core(TM) i3-2350M CPU @ 2.30GHz
stepping	: 7
microcode	: 0x2f
cpu MHz		: 1421.491
cache size	: 3072 KB
physical id	: 0
siblings	: 4
core id		: 0
cpu cores	: 2
apicid		: 0
initial apicid	: 0
fpu		: yes
fpu_exception	: yes
cpuid level	: 13
wp		: yes
flags		: fpu vme de pse tsc msr pae mce cx8 apic sep mtrr pge mca cmov pat pse36 clflush dts acpi mmx fxsr sse sse2 ss ht tm pbe syscall nx rdtscp lm constant_tsc arch_perfmon pebs bts rep_good nopl xtopology nonstop_tsc cpuid aperfmperf pni pclmulqdq dtes64 monitor ds_cpl vmx est tm2 ssse3 cx16 xtpr pdcm pcid sse4_1 sse4_2 x2apic popcnt tsc_deadline_timer xsave avx lahf_lm epb pti ssbd ibrs ibpb stibp tpr_shadow vnmi flexpriority ept vpid xsaveopt dtherm arat pln pts md_clear flush_l1d
bugs		: cpu_meltdown spectre_v1 spectre_v2 spec_store_bypass l1tf mds
bogomips	: 4589.43
clflush size	: 64
cache_alignment	: 64
address sizes	: 36 bits physical, 48 bits virtual
power management:

processor	: 1
vendor_id	: GenuineIntel
cpu family	: 6
model		: 42
model name	: Intel(R) Core(TM) i3-2350M CPU @ 2.30GHz
stepping	: 7
microcode	: 0x2f
cpu MHz		: 1335.668
cache size	: 3072 KB
physical id	: 0
siblings	: 4
core id		: 1
cpu cores	: 2
apicid		: 2
initial apicid	: 2
fpu		: yes
fpu_exception	: yes
cpuid level	: 13
wp		: yes
flags		: fpu vme de pse tsc msr pae mce cx8 apic sep mtrr pge mca cmov pat pse36 clflush dts acpi mmx fxsr sse sse2 ss ht tm pbe syscall nx rdtscp lm constant_tsc arch_perfmon pebs bts rep_good nopl xtopology nonstop_tsc cpuid aperfmperf pni pclmulqdq dtes64 monitor ds_cpl vmx est tm2 ssse3 cx16 xtpr pdcm pcid sse4_1 sse4_2 x2apic popcnt tsc_deadline_timer xsave avx lahf_lm epb pti ssbd ibrs ibpb stibp tpr_shadow vnmi flexpriority ept vpid xsaveopt dtherm arat pln pts md_clear flush_l1d
bugs		: cpu_meltdown spectre_v1 spectre_v2 spec_store_bypass l1tf mds
bogomips	: 4589.43
clflush size	: 64
cache_alignment	: 64
address sizes	: 36 bits physical, 48 bits virtual
power management:

processor	: 2
vendor_id	: GenuineIntel
cpu family	: 6
model		: 42
model name	: Intel(R) Core(TM) i3-2350M CPU @ 2.30GHz
stepping	: 7
microcode	: 0x2f
cpu MHz		: 1226.505
cache size	: 3072 KB
physical id	: 0
siblings	: 4
core id		: 0
cpu cores	: 2
apicid		: 1
initial apicid	: 1
fpu		: yes
fpu_exception	: yes
cpuid level	: 13
wp		: yes
flags		: fpu vme de pse tsc msr pae mce cx8 apic sep mtrr pge mca cmov pat pse36 clflush dts acpi mmx fxsr sse sse2 ss ht tm pbe syscall nx rdtscp lm constant_tsc arch_perfmon pebs bts rep_good nopl xtopology nonstop_tsc cpuid aperfmperf pni pclmulqdq dtes64 monitor ds_cpl vmx est tm2 ssse3 cx16 xtpr pdcm pcid sse4_1 sse4_2 x2apic popcnt tsc_deadline_timer xsave avx lahf_lm epb pti ssbd ibrs ibpb stibp tpr_shadow vnmi flexpriority ept vpid xsaveopt dtherm arat pln pts md_clear flush_l1d
bugs		: cpu_meltdown spectre_v1 spectre_v2 spec_store_bypass l1tf mds
bogomips	: 4589.43
clflush size	: 64
cache_alignment	: 64
address sizes	: 36 bits physical, 48 bits virtual
power management:

processor	: 3
vendor_id	: GenuineIntel
cpu family	: 6
model		: 42
model name	: Intel(R) Core(TM) i3-2350M CPU @ 2.30GHz
stepping	: 7
microcode	: 0x2f
cpu MHz		: 1377.458
cache size	: 3072 KB
physical id	: 0
siblings	: 4
core id		: 1
cpu cores	: 2
apicid		: 3
initial apicid	: 3
fpu		: yes
fpu_exception	: yes
cpuid level	: 13
wp		: yes
flags		: fpu vme de pse tsc msr pae mce cx8 apic sep mtrr pge mca cmov pat pse36 clflush dts acpi mmx fxsr sse sse2 ss ht tm pbe syscall nx rdtscp lm constant_tsc arch_perfmon pebs bts rep_good nopl xtopology nonstop_tsc cpuid aperfmperf pni pclmulqdq dtes64 monitor ds_cpl vmx est tm2 ssse3 cx16 xtpr pdcm pcid sse4_1 sse4_2 x2apic popcnt tsc_deadline_timer xsave avx lahf_lm epb pti ssbd ibrs ibpb stibp tpr_shadow vnmi flexpriority ept vpid xsaveopt dtherm arat pln pts md_clear flush_l1d
bugs		: cpu_meltdown spectre_v1 spectre_v2 spec_store_bypass l1tf mds
bogomips	: 4589.43
clflush size	: 64
cache_alignment	: 64
address sizes	: 36 bits physical, 48 bits virtual
power management:



Memory: 4k page, physical 3945256k(238652k free), swap 3999740k(3995644k free)

vm_info: OpenJDK 64-Bit Server VM (25.212-b03) for linux-amd64 JRE (1.8.0_212-8u212-b03-0ubuntu1.16.04.1-b03), built on Apr 26 2019 02:02:50 by "buildd" with gcc 5.4.0 20160609

time: Fri Jul 12 16:29:30 2019
timezone: +06
elapsed time: 1 seconds (0d 0h 0m 1s)

