#
# A fatal error has been detected by the Java Runtime Environment:
#
#  SIGSEGV (0xb) at pc=0x00007f16b58376f6, pid=19721, tid=0x00007f16c1de1700
#
# JRE version: OpenJDK Runtime Environment (8.0_212-b03) (build 1.8.0_212-8u212-b03-0ubuntu1.16.04.1-b03)
# Java VM: OpenJDK 64-Bit Server VM (25.212-b03 mixed mode linux-amd64 compressed oops)
# Problematic frame:
# C  [libgdx-box2d64.so+0x356f6]  b2Fixture::Create(b2BlockAllocator*, b2Body*, b2FixtureDef const*)+0x56
#
# Failed to write core dump. Core dumps have been disabled. To enable core dumping, try "ulimit -c unlimited" before starting Java again
#
# If you would like to submit a bug report, please visit:
#   http://bugreport.java.com/bugreport/crash.jsp
# The crash happened outside the Java Virtual Machine in native code.
# See problematic frame for where to report the bug.
#

---------------  T H R E A D  ---------------

Current thread (0x00007f17143d7000):  JavaThread "LWJGL Application" [_thread_in_native, id=19746, stack(0x00007f16c1ce1000,0x00007f16c1de2000)]

siginfo: si_signo: 11 (SIGSEGV), si_code: 1 (SEGV_MAPERR), si_addr: 0x0000000000000010

Registers:
RAX=0x0000000000000000, RBX=0x00007f169ca26240, RCX=0x00007f16c1de0650, RDX=0x00007f169ca22290
RSP=0x00007f16c1de05f0, RBP=0x00007f16c1de0650, RSI=0x00007f169c550770, RDI=0x00007f169c5c2390
R8 =0x0000000000000000, R9 =0x0000000000000001, R10=0x00007f17050183db, R11=0x00007f171ab6a780
R12=0x00007f169c550770, R13=0x00007f169c550770, R14=0x00007f16c1de07b0, R15=0x00007f17143d7000
RIP=0x00007f16b58376f6, EFLAGS=0x0000000000010206, CSGSFS=0x002b000000000033, ERR=0x0000000000000004
  TRAPNO=0x000000000000000e

Top of Stack: (sp=0x00007f16c1de05f0)
0x00007f16c1de05f0:   00007f169ca22290 00007f169ca22290
0x00007f16c1de0600:   00007f169ca26240 00007f169c550770
0x00007f16c1de0610:   00007f16c1de0650 00007f16b5836151
0x00007f16c1de0620:   00000000ecdd4fa8 00007f16b561d8f8
0x00007f16c1de0630:   00007f16c1de0738 0000000000000000
0x00007f16c1de0640:   00007f16b561d8f8 00007f16b583d5de
0x00007f16c1de0650:   00007f169c5c2390 0000000000000000
0x00007f16c1de0660:   000000003f000000 00019d0000000000
0x00007f16c1de0670:   00007f160000ffff 968f14dfb0a3b400
0x00007f16c1de0680:   00007f170490fff0 00007f1705018407
0x00007f16c1de0690:   00007f17ffffffff 0000000000000000
0x00007f16c1de06a0:   00007f1704910028 0000000000000000
0x00007f16c1de06b0:   00007f16c1de06c8 00007f16c1de0720
0x00007f16c1de06c0:   00007f1705007a40 0000000000000001
0x00007f16c1de06d0:   00000000ecb94790 0000000000000001
0x00007f16c1de06e0:   00007f16c1de06e0 00007f170490df97
0x00007f16c1de06f0:   00007f16c1de07b0 00007f16c1de06f8
0x00007f16c1de0700:   0000000000000000 00007f16c1de07b0
0x00007f16c1de0710:   00007f16b5622028 0000000000000000
0x00007f16c1de0720:   00007f16b561d8f8 0000000000000000
0x00007f16c1de0730:   00007f16c1de0758 00007f16c1de07f8
0x00007f16c1de0740:   00007f1705007b10 0000000000000000
0x00007f16c1de0750:   00007f1705011a57 0000000000000000
0x00007f16c1de0760:   00000000ffffffff 0000000000000001
0x00007f16c1de0770:   0000000000000000 0000000000000000
0x00007f16c1de0780:   0000000000000000 000000003f000000
0x00007f16c1de0790:   00007f169c5c2390 00000000ecdd4d50
0x00007f16c1de07a0:   00007f169ca22290 00007f1705007d80
0x00007f16c1de07b0:   00000000ecdd4d50 00007f16c1de07b8
0x00007f16c1de07c0:   00007f16b561d7f9 00007f16c1de0828
0x00007f16c1de07d0:   00007f16b5622028 0000000000000000
0x00007f16c1de07e0:   00007f16b561d870 00007f16c1de0758 

Instructions: (pc=0x00007f16b58376f6)
0x00007f16b58376d6:   48 c7 47 08 00 00 00 00 89 47 34 0f b7 41 22 66
0x00007f16b58376e6:   89 47 38 0f b6 41 1c 88 47 3a 48 8b 39 48 8b 07
0x00007f16b58376f6:   ff 50 10 48 8b 10 48 89 c7 48 89 43 18 ff 52 18
0x00007f16b5837706:   89 c6 41 89 c4 4c 89 ef c1 e6 05 e8 fa 12 fe ff 

Register to memory mapping:

RAX=0x0000000000000000 is an unknown value
RBX=0x00007f169ca26240 is an unknown value
RCX=0x00007f16c1de0650 is pointing into the stack for thread: 0x00007f17143d7000
RDX=0x00007f169ca22290 is an unknown value
RSP=0x00007f16c1de05f0 is pointing into the stack for thread: 0x00007f17143d7000
RBP=0x00007f16c1de0650 is pointing into the stack for thread: 0x00007f17143d7000
RSI=0x00007f169c550770 is an unknown value
RDI=0x00007f169c5c2390 is an unknown value
R8 =0x0000000000000000 is an unknown value
R9 =0x0000000000000001 is an unknown value
R10=0x00007f17050183db is at code_begin+859 in an Interpreter codelet
method entry point (kind = native)  [0x00007f1705018080, 0x00007f1705018a00]  2432 bytes
R11=0x00007f171ab6a780: <offset 0x969780> in /usr/lib/jvm/java-8-openjdk-amd64/jre/lib/amd64/server/libjvm.so at 0x00007f171a201000
R12=0x00007f169c550770 is an unknown value
R13=0x00007f169c550770 is an unknown value
R14=0x00007f16c1de07b0 is pointing into the stack for thread: 0x00007f17143d7000
R15=0x00007f17143d7000 is a thread


Stack: [0x00007f16c1ce1000,0x00007f16c1de2000],  sp=0x00007f16c1de05f0,  free space=1021k
Native frames: (J=compiled Java code, j=interpreted, Vv=VM code, C=native code)
C  [libgdx-box2d64.so+0x356f6]  b2Fixture::Create(b2BlockAllocator*, b2Body*, b2FixtureDef const*)+0x56
C  0x0000000000000000

Java frames: (J=compiled Java code, j=interpreted, Vv=VM code)
j  com.badlogic.gdx.physics.box2d.Body.jniCreateFixture(JJFFFZSSS)J+0
j  com.badlogic.gdx.physics.box2d.Body.createFixture(Lcom/badlogic/gdx/physics/box2d/FixtureDef;)Lcom/badlogic/gdx/physics/box2d/Fixture;+49
j  com.mygdx.game.Play.show()V+220
j  com.badlogic.gdx.Game.setScreen(Lcom/badlogic/gdx/Screen;)V+32
j  com.mygdx.game.gameClass.create()V+8
j  com.badlogic.gdx.backends.lwjgl.LwjglApplication.mainLoop()V+29
j  com.badlogic.gdx.backends.lwjgl.LwjglApplication$1.run()V+27
v  ~StubRoutines::call_stub

---------------  P R O C E S S  ---------------

Java Threads: ( => current thread )
  0x00007f169c01b000 JavaThread "process reaper" daemon [_thread_blocked, id=19748, stack(0x00007f16c809a000,0x00007f16c80d3000)]
  0x00007f171400c000 JavaThread "DestroyJavaVM" [_thread_blocked, id=19726, stack(0x00007f171be65000,0x00007f171bf66000)]
=>0x00007f17143d7000 JavaThread "LWJGL Application" [_thread_in_native, id=19746, stack(0x00007f16c1ce1000,0x00007f16c1de2000)]
  0x00007f171432e000 JavaThread "AWT-XAWT" daemon [_thread_in_native, id=19742, stack(0x00007f16c99cd000,0x00007f16c9ace000)]
  0x00007f171430c800 JavaThread "Java2D Disposer" daemon [_thread_blocked, id=19741, stack(0x00007f16c9ede000,0x00007f16c9fdf000)]
  0x00007f17140ca800 JavaThread "Service Thread" daemon [_thread_blocked, id=19738, stack(0x00007f16f41bb000,0x00007f16f42bc000)]
  0x00007f17140bf000 JavaThread "C1 CompilerThread2" daemon [_thread_blocked, id=19737, stack(0x00007f16f42bc000,0x00007f16f43bd000)]
  0x00007f17140bd800 JavaThread "C2 CompilerThread1" daemon [_thread_blocked, id=19736, stack(0x00007f16f43bd000,0x00007f16f44be000)]
  0x00007f17140ba800 JavaThread "C2 CompilerThread0" daemon [_thread_blocked, id=19735, stack(0x00007f16f44be000,0x00007f16f45bf000)]
  0x00007f17140b9000 JavaThread "Signal Dispatcher" daemon [_thread_blocked, id=19734, stack(0x00007f16f45bf000,0x00007f16f46c0000)]
  0x00007f1714086000 JavaThread "Finalizer" daemon [_thread_blocked, id=19733, stack(0x00007f16f50cf000,0x00007f16f51d0000)]
  0x00007f1714083000 JavaThread "Reference Handler" daemon [_thread_blocked, id=19732, stack(0x00007f16f51d0000,0x00007f16f52d1000)]

Other Threads:
  0x00007f1714079800 VMThread [stack: 0x00007f16f52d1000,0x00007f16f53d2000] [id=19731]
  0x00007f17140cd000 WatcherThread [stack: 0x00007f16f40ba000,0x00007f16f41bb000] [id=19739]

VM state:not at safepoint (normal execution)

VM Mutex/Monitor currently owned by a thread: None

heap address: 0x00000000c3c00000, size: 964 MB, Compressed Oops mode: 32-bit
Narrow klass base: 0x0000000000000000, Narrow klass shift: 3
Compressed class space size: 1073741824 Address: 0x0000000100000000

Heap:
 PSYoungGen      total 18432K, used 15421K [0x00000000ebf00000, 0x00000000ed380000, 0x0000000100000000)
  eden space 15872K, 97% used [0x00000000ebf00000,0x00000000ece0f518,0x00000000ece80000)
  from space 2560K, 0% used [0x00000000ed100000,0x00000000ed100000,0x00000000ed380000)
  to   space 2560K, 0% used [0x00000000ece80000,0x00000000ece80000,0x00000000ed100000)
 ParOldGen       total 42496K, used 0K [0x00000000c3c00000, 0x00000000c6580000, 0x00000000ebf00000)
  object space 42496K, 0% used [0x00000000c3c00000,0x00000000c3c00000,0x00000000c6580000)
 Metaspace       used 9122K, capacity 9309K, committed 9472K, reserved 1058816K
  class space    used 863K, capacity 935K, committed 1024K, reserved 1048576K

Card table byte_map: [0x00007f171832d000,0x00007f1718510000] byte_map_base: 0x00007f1717d0f000

Marking Bits: (ParMarkBitMap*) 0x00007f171b134580
 Begin Bits: [0x00007f16f61e0000, 0x00007f16f70f0000)
 End Bits:   [0x00007f16f70f0000, 0x00007f16f8000000)

Polling page: 0x00007f171bf87000

CodeCache: size=245760Kb used=2563Kb max_used=2563Kb free=243196Kb
 bounds [0x00007f1705000000, 0x00007f1705290000, 0x00007f1714000000]
 total_blobs=1186 nmethods=594 adapters=507
 compilation: enabled

Compilation events (10 events):
Event: 1.142 Thread 0x00007f17140bf000  590       3       java.util.jar.Attributes::getValue (9 bytes)
Event: 1.143 Thread 0x00007f17140bf000 nmethod 590 0x00007f1705277210 code [0x00007f17052773a0, 0x00007f1705277708]
Event: 1.143 Thread 0x00007f17140bf000  591       3       java.util.jar.Attributes::get (11 bytes)
Event: 1.143 Thread 0x00007f17140bf000 nmethod 591 0x00007f1705276dd0 code [0x00007f1705276f40, 0x00007f1705277168]
Event: 1.144 Thread 0x00007f17140bf000  592   !   3       java.util.zip.ZipFile$ZipFileInflaterInputStream::close (67 bytes)
Event: 1.144 Thread 0x00007f17140bf000 nmethod 592 0x00007f170527f210 code [0x00007f170527f3e0, 0x00007f170527fbd8]
Event: 1.144 Thread 0x00007f17140bf000  593       3       java.util.zip.InflaterInputStream::close (34 bytes)
Event: 1.145 Thread 0x00007f17140bf000 nmethod 593 0x00007f170527ff90 code [0x00007f1705280120, 0x00007f1705280418]
Event: 1.145 Thread 0x00007f17140bf000  594       3       java.util.zip.ZipEntry::getSize (5 bytes)
Event: 1.146 Thread 0x00007f17140bf000 nmethod 594 0x00007f1705280510 code [0x00007f1705280660, 0x00007f17052807b0]

GC Heap History (0 events):
No events

Deoptimization events (3 events):
Event: 0.174 Thread 0x00007f171400c000 Uncommon trap: reason=unstable_if action=reinterpret pc=0x00007f1705147a7c method=java.lang.String.indexOf([CII[CIII)I @ 134
Event: 0.206 Thread 0x00007f171400c000 Uncommon trap: reason=unstable_if action=reinterpret pc=0x00007f1705135004 method=java.lang.String.indexOf(II)I @ 49
Event: 0.539 Thread 0x00007f17143d7000 Uncommon trap: reason=unstable_if action=reinterpret pc=0x00007f17051c213c method=java.lang.String.replace(CC)Ljava/lang/String; @ 26

Classes redefined (0 events):
No events

Internal exceptions (10 events):
Event: 0.441 Thread 0x00007f171400c000 Exception <a 'java/security/PrivilegedActionException'> (0x00000000ec4f38f8) thrown at [/build/openjdk-8-lHVHKD/openjdk-8-8u212-b03/src/hotspot/src/share/vm/prims/jvm.cpp, line 1502]
Event: 0.441 Thread 0x00007f171400c000 Exception <a 'java/security/PrivilegedActionException'> (0x00000000ec4f4550) thrown at [/build/openjdk-8-lHVHKD/openjdk-8-8u212-b03/src/hotspot/src/share/vm/prims/jvm.cpp, line 1502]
Event: 0.441 Thread 0x00007f171400c000 Exception <a 'java/security/PrivilegedActionException'> (0x00000000ec4f5178) thrown at [/build/openjdk-8-lHVHKD/openjdk-8-8u212-b03/src/hotspot/src/share/vm/prims/jvm.cpp, line 1502]
Event: 0.441 Thread 0x00007f171400c000 Exception <a 'java/security/PrivilegedActionException'> (0x00000000ec4f72c8) thrown at [/build/openjdk-8-lHVHKD/openjdk-8-8u212-b03/src/hotspot/src/share/vm/prims/jvm.cpp, line 1502]
Event: 0.441 Thread 0x00007f171400c000 Exception <a 'java/security/PrivilegedActionException'> (0x00000000ec4f7f20) thrown at [/build/openjdk-8-lHVHKD/openjdk-8-8u212-b03/src/hotspot/src/share/vm/prims/jvm.cpp, line 1502]
Event: 0.441 Thread 0x00007f171400c000 Exception <a 'java/security/PrivilegedActionException'> (0x00000000ec4f8b48) thrown at [/build/openjdk-8-lHVHKD/openjdk-8-8u212-b03/src/hotspot/src/share/vm/prims/jvm.cpp, line 1502]
Event: 0.441 Thread 0x00007f171400c000 Exception <a 'java/security/PrivilegedActionException'> (0x00000000ec4faa50) thrown at [/build/openjdk-8-lHVHKD/openjdk-8-8u212-b03/src/hotspot/src/share/vm/prims/jvm.cpp, line 1502]
Event: 0.441 Thread 0x00007f171400c000 Exception <a 'java/security/PrivilegedActionException'> (0x00000000ec4fb6a8) thrown at [/build/openjdk-8-lHVHKD/openjdk-8-8u212-b03/src/hotspot/src/share/vm/prims/jvm.cpp, line 1502]
Event: 0.442 Thread 0x00007f171400c000 Exception <a 'java/security/PrivilegedActionException'> (0x00000000ec4fc2d0) thrown at [/build/openjdk-8-lHVHKD/openjdk-8-8u212-b03/src/hotspot/src/share/vm/prims/jvm.cpp, line 1502]
Event: 0.578 Thread 0x00007f17143d7000 Exception <a 'java/lang/NoClassDefFoundError': org/lwjgl/opengles/GLContext> (0x00000000ec7ef720) thrown at [/build/openjdk-8-lHVHKD/openjdk-8-8u212-b03/src/hotspot/src/share/vm/classfile/systemDictionary.cpp, line 199]

Events (10 events):
Event: 1.147 loading class com/badlogic/gdx/physics/box2d/MassData
Event: 1.147 loading class com/badlogic/gdx/physics/box2d/MassData done
Event: 1.147 loading class com/badlogic/gdx/physics/box2d/Fixture
Event: 1.147 loading class com/badlogic/gdx/physics/box2d/Fixture done
Event: 1.148 loading class com/badlogic/gdx/physics/box2d/CircleShape
Event: 1.148 loading class com/badlogic/gdx/physics/box2d/CircleShape done
Event: 1.148 loading class com/badlogic/gdx/physics/box2d/EdgeShape
Event: 1.148 loading class com/badlogic/gdx/physics/box2d/EdgeShape done
Event: 1.148 loading class com/badlogic/gdx/physics/box2d/ChainShape
Event: 1.148 loading class com/badlogic/gdx/physics/box2d/ChainShape done


Dynamic libraries:
00400000-00401000 r-xp 00000000 08:01 4723398                            /usr/lib/jvm/java-8-openjdk-amd64/jre/bin/java
00600000-00601000 r--p 00000000 08:01 4723398                            /usr/lib/jvm/java-8-openjdk-amd64/jre/bin/java
00601000-00602000 rw-p 00001000 08:01 4723398                            /usr/lib/jvm/java-8-openjdk-amd64/jre/bin/java
00ce3000-00d04000 rw-p 00000000 00:00 0                                  [heap]
c3c00000-c6580000 rw-p 00000000 00:00 0 
c6580000-ebf00000 ---p 00000000 00:00 0 
ebf00000-ed380000 rw-p 00000000 00:00 0 
ed380000-100000000 ---p 00000000 00:00 0 
100000000-100100000 rw-p 00000000 00:00 0 
100100000-140000000 ---p 00000000 00:00 0 
7f169c000000-7f169ca33000 rw-p 00000000 00:00 0 
7f169ca33000-7f16a0000000 ---p 00000000 00:00 0 
7f16a0000000-7f16a0021000 rw-p 00000000 00:00 0 
7f16a0021000-7f16a4000000 ---p 00000000 00:00 0 
7f16a4000000-7f16a4021000 rw-p 00000000 00:00 0 
7f16a4021000-7f16a8000000 ---p 00000000 00:00 0 
7f16abfff000-7f16b0000000 rw-s 00000000 00:19 20                         /dev/shm/pulse-shm-1812835152
7f16b0000000-7f16b0021000 rw-p 00000000 00:00 0 
7f16b0021000-7f16b4000000 ---p 00000000 00:00 0 
7f16b5602000-7f16b5642000 rw-p 00000000 00:00 0 
7f16b5642000-7f16b5802000 ---p 00000000 00:00 0 
7f16b5802000-7f16b584e000 r-xp 00000000 08:01 1970585                    /tmp/libgdxfoysal/38f2459b/libgdx-box2d64.so
7f16b584e000-7f16b5a4d000 ---p 0004c000 08:01 1970585                    /tmp/libgdxfoysal/38f2459b/libgdx-box2d64.so
7f16b5a4d000-7f16b5a4f000 r--p 0004b000 08:01 1970585                    /tmp/libgdxfoysal/38f2459b/libgdx-box2d64.so
7f16b5a4f000-7f16b5a50000 rw-p 0004d000 08:01 1970585                    /tmp/libgdxfoysal/38f2459b/libgdx-box2d64.so
7f16b5a50000-7f16b6e01000 rw-p 00000000 00:00 0 
7f16b6e01000-7f16b6e09000 r-xp 00000000 08:01 4728267                    /usr/lib/x86_64-linux-gnu/libpciaccess.so.0.11.1
7f16b6e09000-7f16b7009000 ---p 00008000 08:01 4728267                    /usr/lib/x86_64-linux-gnu/libpciaccess.so.0.11.1
7f16b7009000-7f16b700a000 r--p 00008000 08:01 4728267                    /usr/lib/x86_64-linux-gnu/libpciaccess.so.0.11.1
7f16b700a000-7f16b700b000 rw-p 00009000 08:01 4728267                    /usr/lib/x86_64-linux-gnu/libpciaccess.so.0.11.1
7f16b700b000-7f16b7016000 r-xp 00000000 08:01 4727612                    /usr/lib/x86_64-linux-gnu/libdrm_radeon.so.1.0.1
7f16b7016000-7f16b7215000 ---p 0000b000 08:01 4727612                    /usr/lib/x86_64-linux-gnu/libdrm_radeon.so.1.0.1
7f16b7215000-7f16b7216000 r--p 0000a000 08:01 4727612                    /usr/lib/x86_64-linux-gnu/libdrm_radeon.so.1.0.1
7f16b7216000-7f16b7217000 rw-p 0000b000 08:01 4727612                    /usr/lib/x86_64-linux-gnu/libdrm_radeon.so.1.0.1
7f16b7217000-7f16b721e000 r-xp 00000000 08:01 4727610                    /usr/lib/x86_64-linux-gnu/libdrm_nouveau.so.2.0.0
7f16b721e000-7f16b741d000 ---p 00007000 08:01 4727610                    /usr/lib/x86_64-linux-gnu/libdrm_nouveau.so.2.0.0
7f16b741d000-7f16b741e000 r--p 00006000 08:01 4727610                    /usr/lib/x86_64-linux-gnu/libdrm_nouveau.so.2.0.0
7f16b741e000-7f16b741f000 rw-p 00007000 08:01 4727610                    /usr/lib/x86_64-linux-gnu/libdrm_nouveau.so.2.0.0
7f16b741f000-7f16b7cff000 r-xp 00000000 08:01 4983000                    /usr/lib/x86_64-linux-gnu/dri/i965_dri.so
7f16b7cff000-7f16b7eff000 ---p 008e0000 08:01 4983000                    /usr/lib/x86_64-linux-gnu/dri/i965_dri.so
7f16b7eff000-7f16b7f4f000 r--p 008e0000 08:01 4983000                    /usr/lib/x86_64-linux-gnu/dri/i965_dri.so
7f16b7f4f000-7f16b7f5a000 rw-p 00930000 08:01 4983000                    /usr/lib/x86_64-linux-gnu/dri/i965_dri.so
7f16b7f5a000-7f16b7fff000 rw-p 00000000 00:00 0 
7f16b7fff000-7f16bc000000 rw-s 00000000 00:19 41                         /dev/shm/pulse-shm-1108950206
7f16bc000000-7f16bc021000 rw-p 00000000 00:00 0 
7f16bc021000-7f16c0000000 ---p 00000000 00:00 0 
7f16c0129000-7f16c019d000 rw-p 00000000 00:00 0 
7f16c01aa000-7f16c01cc000 r-xp 00000000 08:01 4727608                    /usr/lib/x86_64-linux-gnu/libdrm_intel.so.1.0.0
7f16c01cc000-7f16c03cc000 ---p 00022000 08:01 4727608                    /usr/lib/x86_64-linux-gnu/libdrm_intel.so.1.0.0
7f16c03cc000-7f16c03cd000 r--p 00022000 08:01 4727608                    /usr/lib/x86_64-linux-gnu/libdrm_intel.so.1.0.0
7f16c03cd000-7f16c03ce000 rw-p 00023000 08:01 4727608                    /usr/lib/x86_64-linux-gnu/libdrm_intel.so.1.0.0
7f16c03ce000-7f16c03de000 r-xp 00000000 08:01 4727604                    /usr/lib/x86_64-linux-gnu/libdrm.so.2.4.0
7f16c03de000-7f16c05de000 ---p 00010000 08:01 4727604                    /usr/lib/x86_64-linux-gnu/libdrm.so.2.4.0
7f16c05de000-7f16c05df000 r--p 00010000 08:01 4727604                    /usr/lib/x86_64-linux-gnu/libdrm.so.2.4.0
7f16c05df000-7f16c05e0000 rw-p 00011000 08:01 4727604                    /usr/lib/x86_64-linux-gnu/libdrm.so.2.4.0
7f16c05e0000-7f16c05e4000 r-xp 00000000 08:01 4728684                    /usr/lib/x86_64-linux-gnu/libxcb-dri2.so.0.0.0
7f16c05e4000-7f16c07e3000 ---p 00004000 08:01 4728684                    /usr/lib/x86_64-linux-gnu/libxcb-dri2.so.0.0.0
7f16c07e3000-7f16c07e4000 r--p 00003000 08:01 4728684                    /usr/lib/x86_64-linux-gnu/libxcb-dri2.so.0.0.0
7f16c07e4000-7f16c07e5000 rw-p 00004000 08:01 4728684                    /usr/lib/x86_64-linux-gnu/libxcb-dri2.so.0.0.0
7f16c07e5000-7f16c07fc000 r-xp 00000000 08:01 4728688                    /usr/lib/x86_64-linux-gnu/libxcb-glx.so.0.0.0
7f16c07fc000-7f16c09fb000 ---p 00017000 08:01 4728688                    /usr/lib/x86_64-linux-gnu/libxcb-glx.so.0.0.0
7f16c09fb000-7f16c09fd000 r--p 00016000 08:01 4728688                    /usr/lib/x86_64-linux-gnu/libxcb-glx.so.0.0.0
7f16c09fd000-7f16c09fe000 rw-p 00018000 08:01 4728688                    /usr/lib/x86_64-linux-gnu/libxcb-glx.so.0.0.0
7f16c09fe000-7f16c09ff000 r-xp 00000000 08:01 4727286                    /usr/lib/x86_64-linux-gnu/libX11-xcb.so.1.0.0
7f16c09ff000-7f16c0bfe000 ---p 00001000 08:01 4727286                    /usr/lib/x86_64-linux-gnu/libX11-xcb.so.1.0.0
7f16c0bfe000-7f16c0bff000 r--p 00000000 08:01 4727286                    /usr/lib/x86_64-linux-gnu/libX11-xcb.so.1.0.0
7f16c0bff000-7f16c0c00000 rw-p 00001000 08:01 4727286                    /usr/lib/x86_64-linux-gnu/libX11-xcb.so.1.0.0
7f16c0c00000-7f16c0c02000 r-xp 00000000 08:01 4727301                    /usr/lib/x86_64-linux-gnu/libXdamage.so.1.1.0
7f16c0c02000-7f16c0e01000 ---p 00002000 08:01 4727301                    /usr/lib/x86_64-linux-gnu/libXdamage.so.1.1.0
7f16c0e01000-7f16c0e02000 r--p 00001000 08:01 4727301                    /usr/lib/x86_64-linux-gnu/libXdamage.so.1.1.0
7f16c0e02000-7f16c0e03000 rw-p 00002000 08:01 4727301                    /usr/lib/x86_64-linux-gnu/libXdamage.so.1.1.0
7f16c0e03000-7f16c0e2f000 r-xp 00000000 08:01 4727805                    /usr/lib/x86_64-linux-gnu/libglapi.so.0.0.0
7f16c0e2f000-7f16c102e000 ---p 0002c000 08:01 4727805                    /usr/lib/x86_64-linux-gnu/libglapi.so.0.0.0
7f16c102e000-7f16c1032000 r--p 0002b000 08:01 4727805                    /usr/lib/x86_64-linux-gnu/libglapi.so.0.0.0
7f16c1032000-7f16c1033000 rw-p 0002f000 08:01 4727805                    /usr/lib/x86_64-linux-gnu/libglapi.so.0.0.0
7f16c1033000-7f16c1034000 rw-p 00000000 00:00 0 
7f16c1034000-7f16c1035000 r-xp 00000000 08:01 4728728                    /usr/lib/x86_64-linux-gnu/libxshmfence.so.1.0.0
7f16c1035000-7f16c1235000 ---p 00001000 08:01 4728728                    /usr/lib/x86_64-linux-gnu/libxshmfence.so.1.0.0
7f16c1235000-7f16c1236000 r--p 00001000 08:01 4728728                    /usr/lib/x86_64-linux-gnu/libxshmfence.so.1.0.0
7f16c1236000-7f16c1237000 rw-p 00002000 08:01 4728728                    /usr/lib/x86_64-linux-gnu/libxshmfence.so.1.0.0
7f16c1237000-7f16c123c000 r-xp 00000000 08:01 4728708                    /usr/lib/x86_64-linux-gnu/libxcb-sync.so.1.0.0
7f16c123c000-7f16c143c000 ---p 00005000 08:01 4728708                    /usr/lib/x86_64-linux-gnu/libxcb-sync.so.1.0.0
7f16c143c000-7f16c143d000 r--p 00005000 08:01 4728708                    /usr/lib/x86_64-linux-gnu/libxcb-sync.so.1.0.0
7f16c143d000-7f16c143e000 rw-p 00006000 08:01 4728708                    /usr/lib/x86_64-linux-gnu/libxcb-sync.so.1.0.0
7f16c143e000-7f16c1440000 r-xp 00000000 08:01 4728696                    /usr/lib/x86_64-linux-gnu/libxcb-present.so.0.0.0
7f16c1440000-7f16c163f000 ---p 00002000 08:01 4728696                    /usr/lib/x86_64-linux-gnu/libxcb-present.so.0.0.0
7f16c163f000-7f16c1640000 r--p 00001000 08:01 4728696                    /usr/lib/x86_64-linux-gnu/libxcb-present.so.0.0.0
7f16c1640000-7f16c1641000 rw-p 00002000 08:01 4728696                    /usr/lib/x86_64-linux-gnu/libxcb-present.so.0.0.0
7f16c1641000-7f16c1643000 r-xp 00000000 08:01 4728686                    /usr/lib/x86_64-linux-gnu/libxcb-dri3.so.0.0.0
7f16c1643000-7f16c1842000 ---p 00002000 08:01 4728686                    /usr/lib/x86_64-linux-gnu/libxcb-dri3.so.0.0.0
7f16c1842000-7f16c1843000 r--p 00001000 08:01 4728686                    /usr/lib/x86_64-linux-gnu/libxcb-dri3.so.0.0.0
7f16c1843000-7f16c1844000 rw-p 00002000 08:01 4728686                    /usr/lib/x86_64-linux-gnu/libxcb-dri3.so.0.0.0
7f16c1844000-7f16c186a000 r-xp 00000000 08:01 2757058                    /lib/x86_64-linux-gnu/libexpat.so.1.6.0
7f16c186a000-7f16c1a6a000 ---p 00026000 08:01 2757058                    /lib/x86_64-linux-gnu/libexpat.so.1.6.0
7f16c1a6a000-7f16c1a6c000 r--p 00026000 08:01 2757058                    /lib/x86_64-linux-gnu/libexpat.so.1.6.0
7f16c1a6c000-7f16c1a6d000 rw-p 00028000 08:01 2757058                    /lib/x86_64-linux-gnu/libexpat.so.1.6.0
7f16c1a6d000-7f16c1add000 r-xp 00000000 08:01 4984410                    /usr/lib/x86_64-linux-gnu/mesa/libGL.so.1.2.0
7f16c1add000-7f16c1cdc000 ---p 00070000 08:01 4984410                    /usr/lib/x86_64-linux-gnu/mesa/libGL.so.1.2.0
7f16c1cdc000-7f16c1cdf000 r--p 0006f000 08:01 4984410                    /usr/lib/x86_64-linux-gnu/mesa/libGL.so.1.2.0
7f16c1cdf000-7f16c1ce0000 rw-p 00072000 08:01 4984410                    /usr/lib/x86_64-linux-gnu/mesa/libGL.so.1.2.0
7f16c1ce0000-7f16c1ce1000 rw-p 00000000 00:00 0 
7f16c1ce1000-7f16c1ce4000 ---p 00000000 00:00 0 
7f16c1ce4000-7f16c1de2000 rw-p 00000000 00:00 0 
7f16c1de2000-7f16c1de3000 ---p 00000000 00:00 0 
7f16c1de3000-7f16c1ee3000 rw-p 00000000 00:00 0 
7f16c1ee3000-7f16c1ee4000 ---p 00000000 00:00 0 
7f16c1ee4000-7f16c26e4000 rw-p 00000000 00:00 0 
7f16c26e4000-7f16c270e000 r-xp 00000000 08:01 4728589                    /usr/lib/x86_64-linux-gnu/libvorbis.so.0.4.8
7f16c270e000-7f16c290d000 ---p 0002a000 08:01 4728589                    /usr/lib/x86_64-linux-gnu/libvorbis.so.0.4.8
7f16c290d000-7f16c290e000 r--p 00029000 08:01 4728589                    /usr/lib/x86_64-linux-gnu/libvorbis.so.0.4.8
7f16c290e000-7f16c290f000 rw-p 0002a000 08:01 4728589                    /usr/lib/x86_64-linux-gnu/libvorbis.so.0.4.8
7f16c290f000-7f16c2916000 r-xp 00000000 08:01 4728225                    /usr/lib/x86_64-linux-gnu/libogg.so.0.8.2
7f16c2916000-7f16c2b16000 ---p 00007000 08:01 4728225                    /usr/lib/x86_64-linux-gnu/libogg.so.0.8.2
7f16c2b16000-7f16c2b17000 r--p 00007000 08:01 4728225                    /usr/lib/x86_64-linux-gnu/libogg.so.0.8.2
7f16c2b17000-7f16c2b18000 rw-p 00008000 08:01 4728225                    /usr/lib/x86_64-linux-gnu/libogg.so.0.8.2
7f16c2b18000-7f16c2b2a000 r-xp 00000000 08:01 2757434                    /lib/x86_64-linux-gnu/libgpg-error.so.0.17.0
7f16c2b2a000-7f16c2d2a000 ---p 00012000 08:01 2757434                    /lib/x86_64-linux-gnu/libgpg-error.so.0.17.0
7f16c2d2a000-7f16c2d2b000 r--p 00012000 08:01 2757434                    /lib/x86_64-linux-gnu/libgpg-error.so.0.17.0
7f16c2d2b000-7f16c2d2c000 rw-p 00013000 08:01 2757434                    /lib/x86_64-linux-gnu/libgpg-error.so.0.17.0
7f16c2d2c000-7f16c2d9a000 r-xp 00000000 08:01 2757519                    /lib/x86_64-linux-gnu/libpcre.so.3.13.2
7f16c2d9a000-7f16c2f9a000 ---p 0006e000 08:01 2757519                    /lib/x86_64-linux-gnu/libpcre.so.3.13.2
7f16c2f9a000-7f16c2f9b000 r--p 0006e000 08:01 2757519                    /lib/x86_64-linux-gnu/libpcre.so.3.13.2
7f16c2f9b000-7f16c2f9c000 rw-p 0006f000 08:01 2757519                    /lib/x86_64-linux-gnu/libpcre.so.3.13.2
7f16c2f9c000-7f16c2fb3000 r-xp 00000000 08:01 2757542                    /lib/x86_64-linux-gnu/libresolv-2.23.so
7f16c2fb3000-7f16c31b3000 ---p 00017000 08:01 2757542                    /lib/x86_64-linux-gnu/libresolv-2.23.so
7f16c31b3000-7f16c31b4000 r--p 00017000 08:01 2757542                    /lib/x86_64-linux-gnu/libresolv-2.23.so
7f16c31b4000-7f16c31b5000 rw-p 00018000 08:01 2757542                    /lib/x86_64-linux-gnu/libresolv-2.23.so
7f16c31b5000-7f16c31b7000 rw-p 00000000 00:00 0 
7f16c31b7000-7f16c3244000 r-xp 00000000 08:01 4728591                    /usr/lib/x86_64-linux-gnu/libvorbisenc.so.2.0.11
7f16c3244000-7f16c3443000 ---p 0008d000 08:01 4728591                    /usr/lib/x86_64-linux-gnu/libvorbisenc.so.2.0.11
7f16c3443000-7f16c345f000 r--p 0008c000 08:01 4728591                    /usr/lib/x86_64-linux-gnu/libvorbisenc.so.2.0.11
7f16c345f000-7f16c3460000 rw-p 000a8000 08:01 4728591                    /usr/lib/x86_64-linux-gnu/libvorbisenc.so.2.0.11
7f16c3460000-7f16c34d3000 r-xp 00000000 08:01 4727142                    /usr/lib/x86_64-linux-gnu/libFLAC.so.8.3.0
7f16c34d3000-7f16c36d3000 ---p 00073000 08:01 4727142                    /usr/lib/x86_64-linux-gnu/libFLAC.so.8.3.0
7f16c36d3000-7f16c36d4000 r--p 00073000 08:01 4727142                    /usr/lib/x86_64-linux-gnu/libFLAC.so.8.3.0
7f16c36d4000-7f16c36d5000 rw-p 00074000 08:01 4727142                    /usr/lib/x86_64-linux-gnu/libFLAC.so.8.3.0
7f16c36d5000-7f16c37ac000 r-xp 00000000 08:01 2757430                    /lib/x86_64-linux-gnu/libgcrypt.so.20.0.5
7f16c37ac000-7f16c39ac000 ---p 000d7000 08:01 2757430                    /lib/x86_64-linux-gnu/libgcrypt.so.20.0.5
7f16c39ac000-7f16c39ad000 r--p 000d7000 08:01 2757430                    /lib/x86_64-linux-gnu/libgcrypt.so.20.0.5
7f16c39ad000-7f16c39b5000 rw-p 000d8000 08:01 2757430                    /lib/x86_64-linux-gnu/libgcrypt.so.20.0.5
7f16c39b5000-7f16c39b6000 rw-p 00000000 00:00 0 
7f16c39b6000-7f16c39d7000 r-xp 00000000 08:01 2757457                    /lib/x86_64-linux-gnu/liblzma.so.5.0.0
7f16c39d7000-7f16c3bd6000 ---p 00021000 08:01 2757457                    /lib/x86_64-linux-gnu/liblzma.so.5.0.0
7f16c3bd6000-7f16c3bd7000 r--p 00020000 08:01 2757457                    /lib/x86_64-linux-gnu/liblzma.so.5.0.0
7f16c3bd7000-7f16c3bd8000 rw-p 00021000 08:01 2757457                    /lib/x86_64-linux-gnu/liblzma.so.5.0.0
7f16c3bd8000-7f16c3bf7000 r-xp 00000000 08:01 2757548                    /lib/x86_64-linux-gnu/libselinux.so.1
7f16c3bf7000-7f16c3df6000 ---p 0001f000 08:01 2757548                    /lib/x86_64-linux-gnu/libselinux.so.1
7f16c3df6000-7f16c3df7000 r--p 0001e000 08:01 2757548                    /lib/x86_64-linux-gnu/libselinux.so.1
7f16c3df7000-7f16c3df8000 rw-p 0001f000 08:01 2757548                    /lib/x86_64-linux-gnu/libselinux.so.1
7f16c3df8000-7f16c3dfa000 rw-p 00000000 00:00 0 
7f16c3dfa000-7f16c3dff000 r-xp 00000000 08:01 4727396                    /usr/lib/x86_64-linux-gnu/libasyncns.so.0.3.1
7f16c3dff000-7f16c3ffe000 ---p 00005000 08:01 4727396                    /usr/lib/x86_64-linux-gnu/libasyncns.so.0.3.1
7f16c3ffe000-7f16c3fff000 r--p 00004000 08:01 4727396                    /usr/lib/x86_64-linux-gnu/libasyncns.so.0.3.1
7f16c3fff000-7f16c4000000 rw-p 00005000 08:01 4727396                    /usr/lib/x86_64-linux-gnu/libasyncns.so.0.3.1
7f16c4000000-7f16c4021000 rw-p 00000000 00:00 0 
7f16c4021000-7f16c8000000 ---p 00000000 00:00 0 
7f16c809a000-7f16c809d000 ---p 00000000 00:00 0 
7f16c809d000-7f16c80d3000 rw-p 00000000 00:00 0 
7f16c80d3000-7f16c8136000 r-xp 00000000 08:01 4725157                    /usr/lib/x86_64-linux-gnu/libsndfile.so.1.0.25
7f16c8136000-7f16c8336000 ---p 00063000 08:01 4725157                    /usr/lib/x86_64-linux-gnu/libsndfile.so.1.0.25
7f16c8336000-7f16c8338000 r--p 00063000 08:01 4725157                    /usr/lib/x86_64-linux-gnu/libsndfile.so.1.0.25
7f16c8338000-7f16c8339000 rw-p 00065000 08:01 4725157                    /usr/lib/x86_64-linux-gnu/libsndfile.so.1.0.25
7f16c8339000-7f16c833d000 rw-p 00000000 00:00 0 
7f16c833d000-7f16c8345000 r-xp 00000000 08:01 2757576                    /lib/x86_64-linux-gnu/libwrap.so.0.7.6
7f16c8345000-7f16c8544000 ---p 00008000 08:01 2757576                    /lib/x86_64-linux-gnu/libwrap.so.0.7.6
7f16c8544000-7f16c8545000 r--p 00007000 08:01 2757576                    /lib/x86_64-linux-gnu/libwrap.so.0.7.6
7f16c8545000-7f16c8546000 rw-p 00008000 08:01 2757576                    /lib/x86_64-linux-gnu/libwrap.so.0.7.6
7f16c8546000-7f16c8547000 rw-p 00000000 00:00 0 
7f16c8547000-7f16c85c7000 r-xp 00000000 08:01 2752517                    /lib/x86_64-linux-gnu/libsystemd.so.0.14.0
7f16c85c7000-7f16c85ca000 r--p 0007f000 08:01 2752517                    /lib/x86_64-linux-gnu/libsystemd.so.0.14.0
7f16c85ca000-7f16c85cb000 rw-p 00082000 08:01 2752517                    /lib/x86_64-linux-gnu/libsystemd.so.0.14.0
7f16c85cb000-7f16c85cc000 rw-p 00000000 00:00 0 
7f16c85cc000-7f16c8616000 r-xp 00000000 08:01 2752540                    /lib/x86_64-linux-gnu/libdbus-1.so.3.14.6
7f16c8616000-7f16c8816000 ---p 0004a000 08:01 2752540                    /lib/x86_64-linux-gnu/libdbus-1.so.3.14.6
7f16c8816000-7f16c8817000 r--p 0004a000 08:01 2752540                    /lib/x86_64-linux-gnu/libdbus-1.so.3.14.6
7f16c8817000-7f16c8818000 rw-p 0004b000 08:01 2752540                    /lib/x86_64-linux-gnu/libdbus-1.so.3.14.6
7f16c8818000-7f16c8892000 r-xp 00000000 08:01 4984918                    /usr/lib/x86_64-linux-gnu/pulseaudio/libpulsecommon-8.0.so
7f16c8892000-7f16c8a91000 ---p 0007a000 08:01 4984918                    /usr/lib/x86_64-linux-gnu/pulseaudio/libpulsecommon-8.0.so
7f16c8a91000-7f16c8a92000 r--p 00079000 08:01 4984918                    /usr/lib/x86_64-linux-gnu/pulseaudio/libpulsecommon-8.0.so
7f16c8a92000-7f16c8a93000 rw-p 0007a000 08:01 4984918                    /usr/lib/x86_64-linux-gnu/pulseaudio/libpulsecommon-8.0.so
7f16c8a93000-7f16c8a9d000 r-xp 00000000 08:01 2757449                    /lib/x86_64-linux-gnu/libjson-c.so.2.0.0
7f16c8a9d000-7f16c8c9c000 ---p 0000a000 08:01 2757449                    /lib/x86_64-linux-gnu/libjson-c.so.2.0.0
7f16c8c9c000-7f16c8c9d000 r--p 00009000 08:01 2757449                    /lib/x86_64-linux-gnu/libjson-c.so.2.0.0
7f16c8c9d000-7f16c8c9e000 rw-p 0000a000 08:01 2757449                    /lib/x86_64-linux-gnu/libjson-c.so.2.0.0
7f16c8c9e000-7f16c8cec000 r-xp 00000000 08:01 4728317                    /usr/lib/x86_64-linux-gnu/libpulse.so.0.19.0
7f16c8cec000-7f16c8eec000 ---p 0004e000 08:01 4728317                    /usr/lib/x86_64-linux-gnu/libpulse.so.0.19.0
7f16c8eec000-7f16c8eed000 r--p 0004e000 08:01 4728317                    /usr/lib/x86_64-linux-gnu/libpulse.so.0.19.0
7f16c8eed000-7f16c8eee000 rw-p 0004f000 08:01 4728317                    /usr/lib/x86_64-linux-gnu/libpulse.so.0.19.0
7f16c8eee000-7f16c8f43000 r-xp 00000000 08:01 1970581                    /tmp/libgdxfoysal/31ce78a2/libopenal64.so
7f16c8f43000-7f16c9142000 ---p 00055000 08:01 1970581                    /tmp/libgdxfoysal/31ce78a2/libopenal64.so
7f16c9142000-7f16c9145000 r--p 00054000 08:01 1970581                    /tmp/libgdxfoysal/31ce78a2/libopenal64.so
7f16c9145000-7f16c9146000 rw-p 00057000 08:01 1970581                    /tmp/libgdxfoysal/31ce78a2/libopenal64.so
7f16c9146000-7f16c9147000 rw-p 00000000 00:00 0 
7f16c9147000-7f16c914c000 r-xp 00000000 08:01 4727343                    /usr/lib/x86_64-linux-gnu/libXxf86vm.so.1.0.0
7f16c914c000-7f16c934b000 ---p 00005000 08:01 4727343                    /usr/lib/x86_64-linux-gnu/libXxf86vm.so.1.0.0
7f16c934b000-7f16c934c000 r--p 00004000 08:01 4727343                    /usr/lib/x86_64-linux-gnu/libXxf86vm.so.1.0.0
7f16c934c000-7f16c934d000 rw-p 00005000 08:01 4727343                    /usr/lib/x86_64-linux-gnu/libXxf86vm.so.1.0.0
7f16c934d000-7f16c9357000 r-xp 00000000 08:01 4727325                    /usr/lib/x86_64-linux-gnu/libXrandr.so.2.2.0
7f16c9357000-7f16c9556000 ---p 0000a000 08:01 4727325                    /usr/lib/x86_64-linux-gnu/libXrandr.so.2.2.0
7f16c9556000-7f16c9557000 r--p 00009000 08:01 4727325                    /usr/lib/x86_64-linux-gnu/libXrandr.so.2.2.0
7f16c9557000-7f16c9558000 rw-p 0000a000 08:01 4727325                    /usr/lib/x86_64-linux-gnu/libXrandr.so.2.2.0
7f16c9558000-7f16c95c8000 r-xp 00000000 08:01 1970580                    /tmp/libgdxfoysal/31ce78a2/liblwjgl64.so
7f16c95c8000-7f16c97c8000 ---p 00070000 08:01 1970580                    /tmp/libgdxfoysal/31ce78a2/liblwjgl64.so
7f16c97c8000-7f16c97ca000 r--p 00070000 08:01 1970580                    /tmp/libgdxfoysal/31ce78a2/liblwjgl64.so
7f16c97ca000-7f16c97cb000 rw-p 00072000 08:01 1970580                    /tmp/libgdxfoysal/31ce78a2/liblwjgl64.so
7f16c97cb000-7f16c97cc000 r-xp 00000000 08:01 4723430                    /usr/lib/jvm/java-8-openjdk-amd64/jre/lib/amd64/libjawt.so
7f16c97cc000-7f16c99cb000 ---p 00001000 08:01 4723430                    /usr/lib/jvm/java-8-openjdk-amd64/jre/lib/amd64/libjawt.so
7f16c99cb000-7f16c99cc000 r--p 00000000 08:01 4723430                    /usr/lib/jvm/java-8-openjdk-amd64/jre/lib/amd64/libjawt.so
7f16c99cc000-7f16c99cd000 rw-p 00001000 08:01 4723430                    /usr/lib/jvm/java-8-openjdk-amd64/jre/lib/amd64/libjawt.so
7f16c99cd000-7f16c99d0000 ---p 00000000 00:00 0 
7f16c99d0000-7f16c9ace000 rw-p 00000000 00:00 0 
7f16c9ace000-7f16c9ad3000 r-xp 00000000 08:01 4727307                    /usr/lib/x86_64-linux-gnu/libXfixes.so.3.1.0
7f16c9ad3000-7f16c9cd2000 ---p 00005000 08:01 4727307                    /usr/lib/x86_64-linux-gnu/libXfixes.so.3.1.0
7f16c9cd2000-7f16c9cd3000 r--p 00004000 08:01 4727307                    /usr/lib/x86_64-linux-gnu/libXfixes.so.3.1.0
7f16c9cd3000-7f16c9cd4000 rw-p 00005000 08:01 4727307                    /usr/lib/x86_64-linux-gnu/libXfixes.so.3.1.0
7f16c9cd4000-7f16c9cdd000 r-xp 00000000 08:01 4727299                    /usr/lib/x86_64-linux-gnu/libXcursor.so.1.0.2
7f16c9cdd000-7f16c9edc000 ---p 00009000 08:01 4727299                    /usr/lib/x86_64-linux-gnu/libXcursor.so.1.0.2
7f16c9edc000-7f16c9edd000 r--p 00008000 08:01 4727299                    /usr/lib/x86_64-linux-gnu/libXcursor.so.1.0.2
7f16c9edd000-7f16c9ede000 rw-p 00009000 08:01 4727299                    /usr/lib/x86_64-linux-gnu/libXcursor.so.1.0.2
7f16c9ede000-7f16c9ee1000 ---p 00000000 00:00 0 
7f16c9ee1000-7f16c9fdf000 rw-p 00000000 00:00 0 
7f16c9fdf000-7f16ca003000 r-xp 00000000 08:01 2757531                    /lib/x86_64-linux-gnu/libpng12.so.0.54.0
7f16ca003000-7f16ca202000 ---p 00024000 08:01 2757531                    /lib/x86_64-linux-gnu/libpng12.so.0.54.0
7f16ca202000-7f16ca203000 r--p 00023000 08:01 2757531                    /lib/x86_64-linux-gnu/libpng12.so.0.54.0
7f16ca203000-7f16ca204000 rw-p 00024000 08:01 2757531                    /lib/x86_64-linux-gnu/libpng12.so.0.54.0
7f16ca204000-7f16ca2a8000 r-xp 00000000 08:01 4727730                    /usr/lib/x86_64-linux-gnu/libfreetype.so.6.12.1
7f16ca2a8000-7f16ca4a7000 ---p 000a4000 08:01 4727730                    /usr/lib/x86_64-linux-gnu/libfreetype.so.6.12.1
7f16ca4a7000-7f16ca4ad000 r--p 000a3000 08:01 4727730                    /usr/lib/x86_64-linux-gnu/libfreetype.so.6.12.1
7f16ca4ad000-7f16ca4ae000 rw-p 000a9000 08:01 4727730                    /usr/lib/x86_64-linux-gnu/libfreetype.so.6.12.1
7f16ca4ae000-7f16ca4ff000 r-xp 00000000 08:01 4723441                    /usr/lib/jvm/java-8-openjdk-amd64/jre/lib/amd64/libfontmanager.so
7f16ca4ff000-7f16ca6ff000 ---p 00051000 08:01 4723441                    /usr/lib/jvm/java-8-openjdk-amd64/jre/lib/amd64/libfontmanager.so
7f16ca6ff000-7f16ca701000 r--p 00051000 08:01 4723441                    /usr/lib/jvm/java-8-openjdk-amd64/jre/lib/amd64/libfontmanager.so
7f16ca701000-7f16ca702000 rw-p 00053000 08:01 4723441                    /usr/lib/jvm/java-8-openjdk-amd64/jre/lib/amd64/libfontmanager.so
7f16ca702000-7f16ca707000 r-xp 00000000 08:01 4727303                    /usr/lib/x86_64-linux-gnu/libXdmcp.so.6.0.0
7f16ca707000-7f16ca906000 ---p 00005000 08:01 4727303                    /usr/lib/x86_64-linux-gnu/libXdmcp.so.6.0.0
7f16ca906000-7f16ca907000 r--p 00004000 08:01 4727303                    /usr/lib/x86_64-linux-gnu/libXdmcp.so.6.0.0
7f16ca907000-7f16ca908000 rw-p 00005000 08:01 4727303                    /usr/lib/x86_64-linux-gnu/libXdmcp.so.6.0.0
7f16ca908000-7f16ca90a000 r-xp 00000000 08:01 4727292                    /usr/lib/x86_64-linux-gnu/libXau.so.6.0.0
7f16ca90a000-7f16cab0a000 ---p 00002000 08:01 4727292                    /usr/lib/x86_64-linux-gnu/libXau.so.6.0.0
7f16cab0a000-7f16cab0b000 r--p 00002000 08:01 4727292                    /usr/lib/x86_64-linux-gnu/libXau.so.6.0.0
7f16cab0b000-7f16cab0c000 rw-p 00003000 08:01 4727292                    /usr/lib/x86_64-linux-gnu/libXau.so.6.0.0
7f16cab0c000-7f16cab2d000 r-xp 00000000 08:01 4728716                    /usr/lib/x86_64-linux-gnu/libxcb.so.1.1.0
7f16cab2d000-7f16cad2c000 ---p 00021000 08:01 4728716                    /usr/lib/x86_64-linux-gnu/libxcb.so.1.1.0
7f16cad2c000-7f16cad2d000 r--p 00020000 08:01 4728716                    /usr/lib/x86_64-linux-gnu/libxcb.so.1.1.0
7f16cad2d000-7f16cad2e000 rw-p 00021000 08:01 4728716                    /usr/lib/x86_64-linux-gnu/libxcb.so.1.1.0
7f16cad2e000-7f16cad3d000 r-xp 00000000 08:01 4727315                    /usr/lib/x86_64-linux-gnu/libXi.so.6.1.0
7f16cad3d000-7f16caf3c000 ---p 0000f000 08:01 4727315                    /usr/lib/x86_64-linux-gnu/libXi.so.6.1.0
7f16caf3c000-7f16caf3d000 r--p 0000e000 08:01 4727315                    /usr/lib/x86_64-linux-gnu/libXi.so.6.1.0
7f16caf3d000-7f16caf3e000 rw-p 0000f000 08:01 4727315                    /usr/lib/x86_64-linux-gnu/libXi.so.6.1.0
7f16caf3e000-7f16caf43000 r-xp 00000000 08:01 4727333                    /usr/lib/x86_64-linux-gnu/libXtst.so.6.1.0
7f16caf43000-7f16cb142000 ---p 00005000 08:01 4727333                    /usr/lib/x86_64-linux-gnu/libXtst.so.6.1.0
7f16cb142000-7f16cb143000 r--p 00004000 08:01 4727333                    /usr/lib/x86_64-linux-gnu/libXtst.so.6.1.0
7f16cb143000-7f16cb144000 rw-p 00005000 08:01 4727333                    /usr/lib/x86_64-linux-gnu/libXtst.so.6.1.0
7f16cb144000-7f16cb14d000 r-xp 00000000 08:01 4727327                    /usr/lib/x86_64-linux-gnu/libXrender.so.1.3.0
7f16cb14d000-7f16cb34c000 ---p 00009000 08:01 4727327                    /usr/lib/x86_64-linux-gnu/libXrender.so.1.3.0
7f16cb34c000-7f16cb34d000 r--p 00008000 08:01 4727327                    /usr/lib/x86_64-linux-gnu/libXrender.so.1.3.0
7f16cb34d000-7f16cb34e000 rw-p 00009000 08:01 4727327                    /usr/lib/x86_64-linux-gnu/libXrender.so.1.3.0
7f16cb34e000-7f16cb483000 r-xp 00000000 08:01 4727288                    /usr/lib/x86_64-linux-gnu/libX11.so.6.3.0
7f16cb483000-7f16cb683000 ---p 00135000 08:01 4727288                    /usr/lib/x86_64-linux-gnu/libX11.so.6.3.0
7f16cb683000-7f16cb684000 r--p 00135000 08:01 4727288                    /usr/lib/x86_64-linux-gnu/libX11.so.6.3.0
7f16cb684000-7f16cb688000 rw-p 00136000 08:01 4727288                    /usr/lib/x86_64-linux-gnu/libX11.so.6.3.0
7f16cb688000-7f16cb699000 r-xp 00000000 08:01 4727305                    /usr/lib/x86_64-linux-gnu/libXext.so.6.4.0
7f16cb699000-7f16cb898000 ---p 00011000 08:01 4727305                    /usr/lib/x86_64-linux-gnu/libXext.so.6.4.0
7f16cb898000-7f16cb899000 r--p 00010000 08:01 4727305                    /usr/lib/x86_64-linux-gnu/libXext.so.6.4.0
7f16cb899000-7f16cb89a000 rw-p 00011000 08:01 4727305                    /usr/lib/x86_64-linux-gnu/libXext.so.6.4.0
7f16cb89a000-7f16cb8f5000 r-xp 00000000 08:01 4723422                    /usr/lib/jvm/java-8-openjdk-amd64/jre/lib/amd64/libawt_xawt.so
7f16cb8f5000-7f16cbaf4000 ---p 0005b000 08:01 4723422                    /usr/lib/jvm/java-8-openjdk-amd64/jre/lib/amd64/libawt_xawt.so
7f16cbaf4000-7f16cbaf5000 r--p 0005a000 08:01 4723422                    /usr/lib/jvm/java-8-openjdk-amd64/jre/lib/amd64/libawt_xawt.so
7f16cbaf5000-7f16cbaf8000 rw-p 0005b000 08:01 4723422                    /usr/lib/jvm/java-8-openjdk-amd64/jre/lib/amd64/libawt_xawt.so
7f16cbaf8000-7f16cbafa000 rw-p 00000000 00:00 0 
7f16cbafa000-7f16cbb99000 r-xp 00000000 08:01 4723424                    /usr/lib/jvm/java-8-openjdk-amd64/jre/lib/amd64/libawt.so
7f16cbb99000-7f16cbd99000 ---p 0009f000 08:01 4723424                    /usr/lib/jvm/java-8-openjdk-amd64/jre/lib/amd64/libawt.so
7f16cbd99000-7f16cbd9a000 r--p 0009f000 08:01 4723424                    /usr/lib/jvm/java-8-openjdk-amd64/jre/lib/amd64/libawt.so
7f16cbd9a000-7f16cbda5000 rw-p 000a0000 08:01 4723424                    /usr/lib/jvm/java-8-openjdk-amd64/jre/lib/amd64/libawt.so
7f16cbda5000-7f16cbdca000 rw-p 00000000 00:00 0 
7f16cbdca000-7f16cbdfe000 r-xp 00000000 08:01 1970578                    /tmp/libgdxfoysal/3db1ff57/libgdx64.so
7f16cbdfe000-7f16cbffe000 ---p 00034000 08:01 1970578                    /tmp/libgdxfoysal/3db1ff57/libgdx64.so
7f16cbffe000-7f16cbfff000 r--p 00034000 08:01 1970578                    /tmp/libgdxfoysal/3db1ff57/libgdx64.so
7f16cbfff000-7f16cc000000 rw-p 00035000 08:01 1970578                    /tmp/libgdxfoysal/3db1ff57/libgdx64.so
7f16cc000000-7f16cc021000 rw-p 00000000 00:00 0 
7f16cc021000-7f16d0000000 ---p 00000000 00:00 0 
7f16d0000000-7f16d0021000 rw-p 00000000 00:00 0 
7f16d0021000-7f16d4000000 ---p 00000000 00:00 0 
7f16d4000000-7f16d4096000 rw-p 00000000 00:00 0 
7f16d4096000-7f16d8000000 ---p 00000000 00:00 0 
7f16d8000000-7f16d81ee000 rw-p 00000000 00:00 0 
7f16d81ee000-7f16dc000000 ---p 00000000 00:00 0 
7f16dc000000-7f16dc021000 rw-p 00000000 00:00 0 
7f16dc021000-7f16e0000000 ---p 00000000 00:00 0 
7f16e0000000-7f16e0101000 rw-p 00000000 00:00 0 
7f16e0101000-7f16e4000000 ---p 00000000 00:00 0 
7f16e4000000-7f16e4021000 rw-p 00000000 00:00 0 
7f16e4021000-7f16e8000000 ---p 00000000 00:00 0 
7f16e8000000-7f16e8021000 rw-p 00000000 00:00 0 
7f16e8021000-7f16ec000000 ---p 00000000 00:00 0 
7f16ec000000-7f16ec021000 rw-p 00000000 00:00 0 
7f16ec021000-7f16f0000000 ---p 00000000 00:00 0 
7f16f0000000-7f16f0021000 rw-p 00000000 00:00 0 
7f16f0021000-7f16f4000000 ---p 00000000 00:00 0 
7f16f400d000-7f16f4011000 rw-s 00000000 00:18 680                        /i915 (deleted)
7f16f4011000-7f16f4016000 rw-s 00000000 00:18 679                        /i915 (deleted)
7f16f4016000-7f16f4017000 rwxp 00000000 00:00 0 
7f16f4017000-7f16f4018000 rw-s 00000000 00:05 136351                     /memfd:xshmfence (deleted)
7f16f4018000-7f16f401c000 rw-s 00000000 00:18 589                        /i915 (deleted)
7f16f401c000-7f16f4020000 rw-s 00000000 00:18 561                        /i915 (deleted)
7f16f4020000-7f16f4025000 rw-s 00000000 00:18 548                        /i915 (deleted)
7f16f4025000-7f16f402c000 r--s 00000000 08:01 4983605                    /usr/lib/x86_64-linux-gnu/gconv/gconv-modules.cache
7f16f402c000-7f16f403f000 r--s 00346000 08:01 4724250                    /usr/lib/jvm/java-8-openjdk-amd64/jre/lib/resources.jar
7f16f403f000-7f16f4043000 r--s 000a1000 08:01 4724252                    /usr/lib/jvm/java-8-openjdk-amd64/jre/lib/jsse.jar
7f16f4043000-7f16f4044000 r--s 00002000 08:03 1966785                    /home/foysal/.gradle/caches/modules-2/files-2.1/net.java.jinput/jinput-platform/2.0.5/53f9c919f34d2ca9de8c51fc4e1e8282029a9232/jinput-platform-2.0.5-natives-osx.jar
7f16f4044000-7f16f4045000 r--s 00025000 08:03 1966783                    /home/foysal/.gradle/caches/modules-2/files-2.1/net.java.jinput/jinput-platform/2.0.5/385ee093e01f587f30ee1c8a2ee7d408fd732e16/jinput-platform-2.0.5-natives-windows.jar
7f16f4045000-7f16f4046000 r--s 00002000 08:03 1966781                    /home/foysal/.gradle/caches/modules-2/files-2.1/net.java.jinput/jinput-platform/2.0.5/7ff832a6eb9ab6a767f1ade2b548092d0fa64795/jinput-platform-2.0.5-natives-linux.jar
7f16f4046000-7f16f4047000 r--s 00001000 08:03 1966779                    /home/foysal/.gradle/caches/modules-2/files-2.1/net.java.jutils/jutils/1.0.0/e12fe1fda814bd348c1579329c86943d2cd3c6a6/jutils-1.0.0.jar
7f16f4047000-7f16f404b000 r--s 0002f000 08:03 1966777                    /home/foysal/.gradle/caches/modules-2/files-2.1/net.java.jinput/jinput/2.0.5/39c7796b469a600f72380316f6b1f11db6c2c7c4/jinput-2.0.5.jar
7f16f404b000-7f16f404c000 r--s 00068000 08:03 1966789                    /home/foysal/.gradle/caches/modules-2/files-2.1/org.lwjgl.lwjgl/lwjgl-platform/2.9.2/d55b46b40b40249d627a83a7f7f22649709d70c3/lwjgl-platform-2.9.2-natives-osx.jar
7f16f404c000-7f16f404d000 r--s 0008d000 08:03 1966791                    /home/foysal/.gradle/caches/modules-2/files-2.1/org.lwjgl.lwjgl/lwjgl-platform/2.9.2/d276cdf61fe2b516c7b7f4aa1b8dea91dbdc8d56/lwjgl-platform-2.9.2-natives-linux.jar
7f16f404d000-7f16f404e000 r--s 00095000 08:03 1966775                    /home/foysal/.gradle/caches/modules-2/files-2.1/org.lwjgl.lwjgl/lwjgl-platform/2.9.2/510c7d317f5e9e700b9cfaac5fd38bdebf0702e0/lwjgl-platform-2.9.2-natives-windows.jar
7f16f404e000-7f16f4050000 r--s 00017000 08:03 1966769                    /home/foysal/.gradle/caches/modules-2/files-2.1/org.jcraft/jorbis/0.0.17/8872d22b293e8f5d7d56ff92be966e6dc28ebdc6/jorbis-0.0.17.jar
7f16f4050000-7f16f4051000 r--s 00015000 08:03 1966767                    /home/foysal/.gradle/caches/modules-2/files-2.1/com.badlogicgames.jlayer/jlayer/1.0.1-gdx/7cca83cec5c1b2f011362f4d85aabd71a73b049d/jlayer-1.0.1-gdx.jar
7f16f4051000-7f16f405f000 r--s 000f2000 08:03 1966793                    /home/foysal/.gradle/caches/modules-2/files-2.1/org.lwjgl.lwjgl/lwjgl/2.9.2/a9d80fe5935c7a9149f6584d9777cfd471f65489/lwjgl-2.9.2.jar
7f16f405f000-7f16f4063000 r--s 00027000 08:03 1966771                    /home/foysal/.gradle/caches/modules-2/files-2.1/org.lwjgl.lwjgl/lwjgl_util/2.9.2/4b9e37300a87799856e0bd15ed81663cdb6b0947/lwjgl_util-2.9.2.jar
7f16f4063000-7f16f4066000 r--s 00021000 08:03 1966773                    /home/foysal/.gradle/caches/modules-2/files-2.1/com.badlogicgames.gdx/gdx-backend-lwjgl/1.9.9/ca8911cb94c0bfeb59f99e46ca9b92440958fb0e/gdx-backend-lwjgl-1.9.9.jar
7f16f4066000-7f16f4082000 r--s 001be000 08:03 1966665                    /home/foysal/.gradle/caches/modules-2/files-2.1/com.badlogicgames.gdx/gdx/1.9.9/bf26f2f816b3cfe37ac6e66615391c30714b7030/gdx-1.9.9.jar
7f16f4082000-7f16f4084000 r--s 00010000 08:03 2097417                    /home/foysal/.gradle/caches/modules-2/files-2.1/com.badlogicgames.gdx/gdx-box2d/1.9.9/e9a43c50fbe4f1e26dd0af5d2e78d125549e7f6b/gdx-box2d-1.9.9.jar
7f16f4084000-7f16f409f000 r--s 001d6000 08:01 4724280                    /usr/lib/jvm/java-8-openjdk-amd64/jre/lib/ext/nashorn.jar
7f16f409f000-7f16f40ba000 r--s 00394000 08:01 4724279                    /usr/lib/jvm/java-8-openjdk-amd64/jre/lib/ext/cldrdata.jar
7f16f40ba000-7f16f40bb000 ---p 00000000 00:00 0 
7f16f40bb000-7f16f41bb000 rw-p 00000000 00:00 0 
7f16f41bb000-7f16f41be000 ---p 00000000 00:00 0 
7f16f41be000-7f16f42bc000 rw-p 00000000 00:00 0 
7f16f42bc000-7f16f42bf000 ---p 00000000 00:00 0 
7f16f42bf000-7f16f43bd000 rw-p 00000000 00:00 0 
7f16f43bd000-7f16f43c0000 ---p 00000000 00:00 0 
7f16f43c0000-7f16f44be000 rw-p 00000000 00:00 0 
7f16f44be000-7f16f44c1000 ---p 00000000 00:00 0 
7f16f44c1000-7f16f45bf000 rw-p 00000000 00:00 0 
7f16f45bf000-7f16f45c2000 ---p 00000000 00:00 0 
7f16f45c2000-7f16f46c0000 rw-p 00000000 00:00 0 
7f16f46c0000-7f16f50cf000 r--p 00000000 08:01 4726095                    /usr/lib/locale/locale-archive
7f16f50cf000-7f16f50d2000 ---p 00000000 00:00 0 
7f16f50d2000-7f16f51d0000 rw-p 00000000 00:00 0 
7f16f51d0000-7f16f51d3000 ---p 00000000 00:00 0 
7f16f51d3000-7f16f52d1000 rw-p 00000000 00:00 0 
7f16f52d1000-7f16f52d2000 ---p 00000000 00:00 0 
7f16f52d2000-7f16f8000000 rw-p 00000000 00:00 0 
7f16f8000000-7f16f8021000 rw-p 00000000 00:00 0 
7f16f8021000-7f16fc000000 ---p 00000000 00:00 0 
7f16fc000000-7f16fc021000 rw-p 00000000 00:00 0 
7f16fc021000-7f1700000000 ---p 00000000 00:00 0 
7f1700000000-7f1700021000 rw-p 00000000 00:00 0 
7f1700021000-7f1704000000 ---p 00000000 00:00 0 
7f1704000000-7f1704001000 r--s 000e8000 08:03 2097429                    /home/foysal/.gradle/caches/modules-2/files-2.1/com.badlogicgames.gdx/gdx-box2d-platform/1.9.9/72b2916f45f3f948896eda931cd597f7e698340f/gdx-box2d-platform-1.9.9-natives-desktop.jar
7f1704001000-7f1704005000 r--s 00029000 08:03 2885163                    /home/foysal/.gradle/caches/modules-2/files-2.1/net.dermetfan.libgdx-utils/libgdx-utils/0.13.4/27affad2873d1c9c366a2290fc51f3927f3a5f83/libgdx-utils-0.13.4.jar
7f1704005000-7f1704009000 r--s 0001e000 08:03 2885157                    /home/foysal/.gradle/caches/modules-2/files-2.1/net.dermetfan.libgdx-utils/libgdx-utils-box2d/0.13.4/918d79a20ea3c898cdb3611782c5b2bfa6ec575b/libgdx-utils-box2d-0.13.4.jar
7f1704009000-7f170414c000 rw-p 00000000 00:00 0 
7f170414c000-7f170431b000 r--s 03c3b000 08:01 4724248                    /usr/lib/jvm/java-8-openjdk-amd64/jre/lib/rt.jar
7f170431b000-7f1704cfd000 rw-p 00000000 00:00 0 
7f1704cfd000-7f1704cfe000 ---p 00000000 00:00 0 
7f1704cfe000-7f1704dfe000 rw-p 00000000 00:00 0 
7f1704dfe000-7f1704dff000 ---p 00000000 00:00 0 
7f1704dff000-7f1704eff000 rw-p 00000000 00:00 0 
7f1704eff000-7f1704f00000 ---p 00000000 00:00 0 
7f1704f00000-7f1705000000 rw-p 00000000 00:00 0 
7f1705000000-7f1705290000 rwxp 00000000 00:00 0 
7f1705290000-7f1714000000 ---p 00000000 00:00 0 
7f1714000000-7f17143e2000 rw-p 00000000 00:00 0 
7f17143e2000-7f1718000000 ---p 00000000 00:00 0 
7f1718000000-7f1718002000 r--s 00008000 08:01 4724283                    /usr/lib/jvm/java-8-openjdk-amd64/jre/lib/ext/sunec.jar
7f1718002000-7f171800c000 r--s 00116000 08:01 4724287                    /usr/lib/jvm/java-8-openjdk-amd64/jre/lib/ext/localedata.jar
7f171800c000-7f1718011000 r--s 0003c000 08:01 4724284                    /usr/lib/jvm/java-8-openjdk-amd64/jre/lib/ext/sunjce_provider.jar
7f1718011000-7f17180ea000 rw-p 00000000 00:00 0 
7f17180ea000-7f17180eb000 ---p 00000000 00:00 0 
7f17180eb000-7f1718200000 rw-p 00000000 00:00 0 
7f1718200000-7f171832d000 ---p 00000000 00:00 0 
7f171832d000-7f1718342000 rw-p 00000000 00:00 0 
7f1718342000-7f171846e000 ---p 00000000 00:00 0 
7f171846e000-7f1718479000 rw-p 00000000 00:00 0 
7f1718479000-7f171850f000 ---p 00000000 00:00 0 
7f171850f000-7f171851b000 rw-p 00000000 00:00 0 
7f171851b000-7f17188d0000 ---p 00000000 00:00 0 
7f17188d0000-7f17188d8000 r-xp 00000000 08:01 4724246                    /usr/lib/jvm/java-8-openjdk-amd64/jre/lib/amd64/libzip.so
7f17188d8000-7f1718ad7000 ---p 00008000 08:01 4724246                    /usr/lib/jvm/java-8-openjdk-amd64/jre/lib/amd64/libzip.so
7f1718ad7000-7f1718ad8000 r--p 00007000 08:01 4724246                    /usr/lib/jvm/java-8-openjdk-amd64/jre/lib/amd64/libzip.so
7f1718ad8000-7f1718ad9000 rw-p 00008000 08:01 4724246                    /usr/lib/jvm/java-8-openjdk-amd64/jre/lib/amd64/libzip.so
7f1718ad9000-7f1718ae4000 r-xp 00000000 08:01 2757489                    /lib/x86_64-linux-gnu/libnss_files-2.23.so
7f1718ae4000-7f1718ce3000 ---p 0000b000 08:01 2757489                    /lib/x86_64-linux-gnu/libnss_files-2.23.so
7f1718ce3000-7f1718ce4000 r--p 0000a000 08:01 2757489                    /lib/x86_64-linux-gnu/libnss_files-2.23.so
7f1718ce4000-7f1718ce5000 rw-p 0000b000 08:01 2757489                    /lib/x86_64-linux-gnu/libnss_files-2.23.so
7f1718ce5000-7f1718ceb000 rw-p 00000000 00:00 0 
7f1718ceb000-7f1718cf6000 r-xp 00000000 08:01 2757499                    /lib/x86_64-linux-gnu/libnss_nis-2.23.so
7f1718cf6000-7f1718ef5000 ---p 0000b000 08:01 2757499                    /lib/x86_64-linux-gnu/libnss_nis-2.23.so
7f1718ef5000-7f1718ef6000 r--p 0000a000 08:01 2757499                    /lib/x86_64-linux-gnu/libnss_nis-2.23.so
7f1718ef6000-7f1718ef7000 rw-p 0000b000 08:01 2757499                    /lib/x86_64-linux-gnu/libnss_nis-2.23.so
7f1718ef7000-7f1718f0d000 r-xp 00000000 08:01 2757483                    /lib/x86_64-linux-gnu/libnsl-2.23.so
7f1718f0d000-7f171910c000 ---p 00016000 08:01 2757483                    /lib/x86_64-linux-gnu/libnsl-2.23.so
7f171910c000-7f171910d000 r--p 00015000 08:01 2757483                    /lib/x86_64-linux-gnu/libnsl-2.23.so
7f171910d000-7f171910e000 rw-p 00016000 08:01 2757483                    /lib/x86_64-linux-gnu/libnsl-2.23.so
7f171910e000-7f1719110000 rw-p 00000000 00:00 0 
7f1719110000-7f1719118000 r-xp 00000000 08:01 2757485                    /lib/x86_64-linux-gnu/libnss_compat-2.23.so
7f1719118000-7f1719317000 ---p 00008000 08:01 2757485                    /lib/x86_64-linux-gnu/libnss_compat-2.23.so
7f1719317000-7f1719318000 r--p 00007000 08:01 2757485                    /lib/x86_64-linux-gnu/libnss_compat-2.23.so
7f1719318000-7f1719319000 rw-p 00008000 08:01 2757485                    /lib/x86_64-linux-gnu/libnss_compat-2.23.so
7f1719319000-7f1719345000 r-xp 00000000 08:01 4723440                    /usr/lib/jvm/java-8-openjdk-amd64/jre/lib/amd64/libjava.so
7f1719345000-7f1719544000 ---p 0002c000 08:01 4723440                    /usr/lib/jvm/java-8-openjdk-amd64/jre/lib/amd64/libjava.so
7f1719544000-7f1719545000 r--p 0002b000 08:01 4723440                    /usr/lib/jvm/java-8-openjdk-amd64/jre/lib/amd64/libjava.so
7f1719545000-7f1719547000 rw-p 0002c000 08:01 4723440                    /usr/lib/jvm/java-8-openjdk-amd64/jre/lib/amd64/libjava.so
7f1719547000-7f1719556000 r-xp 00000000 08:01 4723428                    /usr/lib/jvm/java-8-openjdk-amd64/jre/lib/amd64/libverify.so
7f1719556000-7f1719755000 ---p 0000f000 08:01 4723428                    /usr/lib/jvm/java-8-openjdk-amd64/jre/lib/amd64/libverify.so
7f1719755000-7f1719757000 r--p 0000e000 08:01 4723428                    /usr/lib/jvm/java-8-openjdk-amd64/jre/lib/amd64/libverify.so
7f1719757000-7f1719758000 rw-p 00010000 08:01 4723428                    /usr/lib/jvm/java-8-openjdk-amd64/jre/lib/amd64/libverify.so
7f1719758000-7f171975f000 r-xp 00000000 08:01 2757544                    /lib/x86_64-linux-gnu/librt-2.23.so
7f171975f000-7f171995e000 ---p 00007000 08:01 2757544                    /lib/x86_64-linux-gnu/librt-2.23.so
7f171995e000-7f171995f000 r--p 00006000 08:01 2757544                    /lib/x86_64-linux-gnu/librt-2.23.so
7f171995f000-7f1719960000 rw-p 00007000 08:01 2757544                    /lib/x86_64-linux-gnu/librt-2.23.so
7f1719960000-7f1719976000 r-xp 00000000 08:01 2757428                    /lib/x86_64-linux-gnu/libgcc_s.so.1
7f1719976000-7f1719b75000 ---p 00016000 08:01 2757428                    /lib/x86_64-linux-gnu/libgcc_s.so.1
7f1719b75000-7f1719b76000 rw-p 00015000 08:01 2757428                    /lib/x86_64-linux-gnu/libgcc_s.so.1
7f1719b76000-7f1719c7e000 r-xp 00000000 08:01 2757460                    /lib/x86_64-linux-gnu/libm-2.23.so
7f1719c7e000-7f1719e7d000 ---p 00108000 08:01 2757460                    /lib/x86_64-linux-gnu/libm-2.23.so
7f1719e7d000-7f1719e7e000 r--p 00107000 08:01 2757460                    /lib/x86_64-linux-gnu/libm-2.23.so
7f1719e7e000-7f1719e7f000 rw-p 00108000 08:01 2757460                    /lib/x86_64-linux-gnu/libm-2.23.so
7f1719e7f000-7f1719ff1000 r-xp 00000000 08:01 4728465                    /usr/lib/x86_64-linux-gnu/libstdc++.so.6.0.21
7f1719ff1000-7f171a1f1000 ---p 00172000 08:01 4728465                    /usr/lib/x86_64-linux-gnu/libstdc++.so.6.0.21
7f171a1f1000-7f171a1fb000 r--p 00172000 08:01 4728465                    /usr/lib/x86_64-linux-gnu/libstdc++.so.6.0.21
7f171a1fb000-7f171a1fd000 rw-p 0017c000 08:01 4728465                    /usr/lib/x86_64-linux-gnu/libstdc++.so.6.0.21
7f171a1fd000-7f171a201000 rw-p 00000000 00:00 0 
7f171a201000-7f171ae65000 r-xp 00000000 08:01 4723438                    /usr/lib/jvm/java-8-openjdk-amd64/jre/lib/amd64/server/libjvm.so
7f171ae65000-7f171b064000 ---p 00c64000 08:01 4723438                    /usr/lib/jvm/java-8-openjdk-amd64/jre/lib/amd64/server/libjvm.so
7f171b064000-7f171b0f8000 r--p 00c63000 08:01 4723438                    /usr/lib/jvm/java-8-openjdk-amd64/jre/lib/amd64/server/libjvm.so
7f171b0f8000-7f171b121000 rw-p 00cf7000 08:01 4723438                    /usr/lib/jvm/java-8-openjdk-amd64/jre/lib/amd64/server/libjvm.so
7f171b121000-7f171b151000 rw-p 00000000 00:00 0 
7f171b151000-7f171b169000 r-xp 00000000 08:01 2757536                    /lib/x86_64-linux-gnu/libpthread-2.23.so
7f171b169000-7f171b368000 ---p 00018000 08:01 2757536                    /lib/x86_64-linux-gnu/libpthread-2.23.so
7f171b368000-7f171b369000 r--p 00017000 08:01 2757536                    /lib/x86_64-linux-gnu/libpthread-2.23.so
7f171b369000-7f171b36a000 rw-p 00018000 08:01 2757536                    /lib/x86_64-linux-gnu/libpthread-2.23.so
7f171b36a000-7f171b36e000 rw-p 00000000 00:00 0 
7f171b36e000-7f171b371000 r-xp 00000000 08:01 2757414                    /lib/x86_64-linux-gnu/libdl-2.23.so
7f171b371000-7f171b570000 ---p 00003000 08:01 2757414                    /lib/x86_64-linux-gnu/libdl-2.23.so
7f171b570000-7f171b571000 r--p 00002000 08:01 2757414                    /lib/x86_64-linux-gnu/libdl-2.23.so
7f171b571000-7f171b572000 rw-p 00003000 08:01 2757414                    /lib/x86_64-linux-gnu/libdl-2.23.so
7f171b572000-7f171b58b000 r-xp 00000000 08:01 2757581                    /lib/x86_64-linux-gnu/libz.so.1.2.8
7f171b58b000-7f171b78a000 ---p 00019000 08:01 2757581                    /lib/x86_64-linux-gnu/libz.so.1.2.8
7f171b78a000-7f171b78b000 r--p 00018000 08:01 2757581                    /lib/x86_64-linux-gnu/libz.so.1.2.8
7f171b78b000-7f171b78c000 rw-p 00019000 08:01 2757581                    /lib/x86_64-linux-gnu/libz.so.1.2.8
7f171b78c000-7f171b94c000 r-xp 00000000 08:01 2757390                    /lib/x86_64-linux-gnu/libc-2.23.so
7f171b94c000-7f171bb4c000 ---p 001c0000 08:01 2757390                    /lib/x86_64-linux-gnu/libc-2.23.so
7f171bb4c000-7f171bb50000 r--p 001c0000 08:01 2757390                    /lib/x86_64-linux-gnu/libc-2.23.so
7f171bb50000-7f171bb52000 rw-p 001c4000 08:01 2757390                    /lib/x86_64-linux-gnu/libc-2.23.so
7f171bb52000-7f171bb56000 rw-p 00000000 00:00 0 
7f171bb56000-7f171bb63000 r-xp 00000000 08:01 4723477                    /usr/lib/jvm/java-8-openjdk-amd64/jre/lib/amd64/jli/libjli.so
7f171bb63000-7f171bd62000 ---p 0000d000 08:01 4723477                    /usr/lib/jvm/java-8-openjdk-amd64/jre/lib/amd64/jli/libjli.so
7f171bd62000-7f171bd63000 r--p 0000c000 08:01 4723477                    /usr/lib/jvm/java-8-openjdk-amd64/jre/lib/amd64/jli/libjli.so
7f171bd63000-7f171bd64000 rw-p 0000d000 08:01 4723477                    /usr/lib/jvm/java-8-openjdk-amd64/jre/lib/amd64/jli/libjli.so
7f171bd64000-7f171bd8a000 r-xp 00000000 08:01 2757362                    /lib/x86_64-linux-gnu/ld-2.23.so
7f171bd8a000-7f171bd8b000 r--s 000ba000 08:03 1966787                    /home/foysal/.gradle/caches/modules-2/files-2.1/com.badlogicgames.gdx/gdx-platform/1.9.9/7e644cfafdb436b13b24ac7993ffab17f306b64d/gdx-platform-1.9.9-natives-desktop.jar
7f171bd8b000-7f171bd8d000 r--s 00001000 08:01 4724286                    /usr/lib/jvm/java-8-openjdk-amd64/jre/lib/ext/dnsns.jar
7f171bd8d000-7f171bd8e000 r--s 00010000 08:01 4724282                    /usr/lib/jvm/java-8-openjdk-amd64/jre/lib/ext/zipfs.jar
7f171bd8e000-7f171bd91000 r--s 0000f000 08:01 4724278                    /usr/lib/jvm/java-8-openjdk-amd64/jre/lib/ext/icedtea-sound.jar
7f171bd91000-7f171bd94000 r--s 00039000 08:01 4724288                    /usr/lib/jvm/java-8-openjdk-amd64/jre/lib/ext/sunpkcs11.jar
7f171bd94000-7f171be65000 rw-p 00000000 00:00 0 
7f171be65000-7f171be68000 ---p 00000000 00:00 0 
7f171be68000-7f171bf6a000 rw-p 00000000 00:00 0 
7f171bf6a000-7f171bf6b000 r--s 0000a000 08:01 4724285                    /usr/lib/jvm/java-8-openjdk-amd64/jre/lib/ext/jaccess.jar
7f171bf6b000-7f171bf7e000 rw-p 00000000 00:00 0 
7f171bf7e000-7f171bf86000 rw-s 00000000 08:01 1970564                    /tmp/hsperfdata_foysal/19721
7f171bf86000-7f171bf87000 rw-p 00000000 00:00 0 
7f171bf87000-7f171bf88000 r--p 00000000 00:00 0 
7f171bf88000-7f171bf89000 rw-p 00000000 00:00 0 
7f171bf89000-7f171bf8a000 r--p 00025000 08:01 2757362                    /lib/x86_64-linux-gnu/ld-2.23.so
7f171bf8a000-7f171bf8b000 rw-p 00026000 08:01 2757362                    /lib/x86_64-linux-gnu/ld-2.23.so
7f171bf8b000-7f171bf8c000 rw-p 00000000 00:00 0 
7ffd963a3000-7ffd963c5000 rw-p 00000000 00:00 0                          [stack]
7ffd963d8000-7ffd963db000 r--p 00000000 00:00 0                          [vvar]
7ffd963db000-7ffd963dd000 r-xp 00000000 00:00 0                          [vdso]
ffffffffff600000-ffffffffff601000 r-xp 00000000 00:00 0                  [vsyscall]

VM Arguments:
jvm_args: -Dfile.encoding=UTF-8 
java_command: com.mygdx.game.desktop.DesktopLauncher
java_class_path (initial): /home/foysal/Documents/project/desktop/bin/main:/home/foysal/Documents/project/desktop/bin/default:/home/foysal/Documents/project/core/bin/main:/home/foysal/.gradle/caches/modules-2/files-2.1/net.dermetfan.libgdx-utils/libgdx-utils-box2d/0.13.4/918d79a20ea3c898cdb3611782c5b2bfa6ec575b/libgdx-utils-box2d-0.13.4.jar:/home/foysal/.gradle/caches/modules-2/files-2.1/net.dermetfan.libgdx-utils/libgdx-utils/0.13.4/27affad2873d1c9c366a2290fc51f3927f3a5f83/libgdx-utils-0.13.4.jar:/home/foysal/.gradle/caches/modules-2/files-2.1/com.badlogicgames.gdx/gdx-box2d/1.9.9/e9a43c50fbe4f1e26dd0af5d2e78d125549e7f6b/gdx-box2d-1.9.9.jar:/home/foysal/.gradle/caches/modules-2/files-2.1/com.badlogicgames.gdx/gdx/1.9.9/bf26f2f816b3cfe37ac6e66615391c30714b7030/gdx-1.9.9.jar:/home/foysal/.gradle/caches/modules-2/files-2.1/com.badlogicgames.gdx/gdx-backend-lwjgl/1.9.9/ca8911cb94c0bfeb59f99e46ca9b92440958fb0e/gdx-backend-lwjgl-1.9.9.jar:/home/foysal/.gradle/caches/modules-2/files-2.1/com.badlogicgames.gdx/gdx-platform/1.9.9/7e644cfafdb436b13b24ac7993ffab17f306b64d/gdx-platform-1.9.9-natives-desktop.jar:/home/foysal/.gradle/caches/modules-2/files-2.1/com.badlogicgames.gdx/gdx-box2d-platform/1.9.9/72b2916f45f3f948896eda931cd597f7e698340f/gdx-box2d-platform-1.9.9-natives-desktop.jar:/home/foysal/.gradle/caches/modules-2/files-2.1/org.lwjgl.lwjgl/lwjgl_util/2.9.2/4b9e37300a87799856e0bd15ed81663cdb6b0947/lwjgl_util-2.9.2.jar:/home/foysal/.gradle/caches/modules-2/files-2.1/org.lwjgl.lwjgl/lwjgl/2.9.2/a9d80fe5935c7a9149f6584d9777cfd471f65489/lwjgl-2.9.2.jar:/home/foysal/.gradle/caches/modules-2/files-2.1/com.badlogicgames.jlayer/jlayer/1.0.1-gdx/7cca83cec5c1b2f011362f4d85aabd71a73b049d/jlayer-1.0.1-gdx.jar:/home/foysal/.gradle/caches/modules-2/files-2.1/org.jcraft/jorbis/0.0.17/8872d22b293e8f5d7d56ff92be966e6dc28ebdc6/jorbis-0.0.17.jar:/home/foysal/.gradle/caches/modules-2/files-2.1/org.lwjgl.lwjgl/lwjgl-platform/2.9.2/510c7d317f5e9e700b9cfaac5fd38bdebf0702e0/lwjgl-platform
Launcher Type: SUN_STANDARD

Environment Variables:
PATH=/home/foysal/bin:/home/foysal/.local/bin:/usr/local/sbin:/usr/local/bin:/usr/sbin:/usr/bin:/sbin:/bin:/usr/games:/usr/local/games:/snap/bin
SHELL=/bin/bash
DISPLAY=:0

Signal Handlers:
SIGSEGV: [libjvm.so+0xa765a0], sa_mask[0]=11111111011111111101111111111110, sa_flags=SA_RESTART|SA_SIGINFO
SIGBUS: [libjvm.so+0xa765a0], sa_mask[0]=11111111011111111101111111111110, sa_flags=SA_RESTART|SA_SIGINFO
SIGFPE: [libjvm.so+0x8bd800], sa_mask[0]=11111111011111111101111111111110, sa_flags=SA_RESTART|SA_SIGINFO
SIGPIPE: [libjvm.so+0x8bd800], sa_mask[0]=11111111011111111101111111111110, sa_flags=SA_RESTART|SA_SIGINFO
SIGXFSZ: [libjvm.so+0x8bd800], sa_mask[0]=11111111011111111101111111111110, sa_flags=SA_RESTART|SA_SIGINFO
SIGILL: [libjvm.so+0x8bd800], sa_mask[0]=11111111011111111101111111111110, sa_flags=SA_RESTART|SA_SIGINFO
SIGUSR1: SIG_DFL, sa_mask[0]=00000000000000000000000000000000, sa_flags=none
SIGUSR2: [libjvm.so+0x8bd6b0], sa_mask[0]=00100000000000000000000000000000, sa_flags=SA_RESTART|SA_SIGINFO
SIGHUP: [libjvm.so+0x8bdd40], sa_mask[0]=11111111011111111101111111111110, sa_flags=SA_RESTART|SA_SIGINFO
SIGINT: [libjvm.so+0x8bdd40], sa_mask[0]=11111111011111111101111111111110, sa_flags=SA_RESTART|SA_SIGINFO
SIGTERM: [libjvm.so+0x8bdd40], sa_mask[0]=11111111011111111101111111111110, sa_flags=SA_RESTART|SA_SIGINFO
SIGQUIT: [libjvm.so+0x8bdd40], sa_mask[0]=11111111011111111101111111111110, sa_flags=SA_RESTART|SA_SIGINFO


---------------  S Y S T E M  ---------------

OS:DISTRIB_ID=Ubuntu
DISTRIB_RELEASE=16.04
DISTRIB_CODENAME=xenial
DISTRIB_DESCRIPTION="Ubuntu 16.04.6 LTS"

uname:Linux 4.15.0-54-generic #58~16.04.1-Ubuntu SMP Mon Jun 24 13:21:41 UTC 2019 x86_64
libc:glibc 2.23 NPTL 2.23 
rlimit: STACK 8192k, CORE 0k, NPROC 15175, NOFILE 1048576, AS infinity
load average:2.21 1.88 1.94

/proc/meminfo:
MemTotal:        3945256 kB
MemFree:          135224 kB
MemAvailable:     626676 kB
Buffers:           30836 kB
Cached:          1055224 kB
SwapCached:         1300 kB
Active:          2632320 kB
Inactive:         941308 kB
Active(anon):    2289880 kB
Inactive(anon):   625092 kB
Active(file):     342440 kB
Inactive(file):   316216 kB
Unevictable:         160 kB
Mlocked:             160 kB
SwapTotal:       3999740 kB
SwapFree:        3963644 kB
Dirty:              6828 kB
Writeback:             0 kB
AnonPages:       2486536 kB
Mapped:           462812 kB
Shmem:            427404 kB
Slab:             114072 kB
SReclaimable:      70736 kB
SUnreclaim:        43336 kB
KernelStack:       11616 kB
PageTables:        57644 kB
NFS_Unstable:          0 kB
Bounce:                0 kB
WritebackTmp:          0 kB
CommitLimit:     5972368 kB
Committed_AS:    8908556 kB
VmallocTotal:   34359738367 kB
VmallocUsed:           0 kB
VmallocChunk:          0 kB
HardwareCorrupted:     0 kB
AnonHugePages:      6144 kB
ShmemHugePages:        0 kB
ShmemPmdMapped:        0 kB
CmaTotal:              0 kB
CmaFree:               0 kB
HugePages_Total:       0
HugePages_Free:        0
HugePages_Rsvd:        0
HugePages_Surp:        0
Hugepagesize:       2048 kB
DirectMap4k:      192800 kB
DirectMap2M:     3907584 kB

container (cgroup) information:
container_type: cgroupv1
cpu_cpuset_cpus: 0-3
cpu_memory_nodes: 0
active_processor_count: 4
cpu_quota: -1
cpu_period: 100000
cpu_shares: -1
memory_limit_in_bytes: -1
memory_and_swap_limit_in_bytes: -2
memory_soft_limit_in_bytes: -1
memory_usage_in_bytes: 3659558912
memory_max_usage_in_bytes: 2097152


CPU:total 4 (initial active 4) (2 cores per cpu, 2 threads per core) family 6 model 42 stepping 7, cmov, cx8, fxsr, mmx, sse, sse2, sse3, ssse3, sse4.1, sse4.2, popcnt, avx, clmul, ht, tsc, tscinvbit

/proc/cpuinfo:
processor	: 0
vendor_id	: GenuineIntel
cpu family	: 6
model		: 42
model name	: Intel(R) Core(TM) i3-2350M CPU @ 2.30GHz
stepping	: 7
microcode	: 0x2f
cpu MHz		: 1341.595
cache size	: 3072 KB
physical id	: 0
siblings	: 4
core id		: 0
cpu cores	: 2
apicid		: 0
initial apicid	: 0
fpu		: yes
fpu_exception	: yes
cpuid level	: 13
wp		: yes
flags		: fpu vme de pse tsc msr pae mce cx8 apic sep mtrr pge mca cmov pat pse36 clflush dts acpi mmx fxsr sse sse2 ss ht tm pbe syscall nx rdtscp lm constant_tsc arch_perfmon pebs bts rep_good nopl xtopology nonstop_tsc cpuid aperfmperf pni pclmulqdq dtes64 monitor ds_cpl vmx est tm2 ssse3 cx16 xtpr pdcm pcid sse4_1 sse4_2 x2apic popcnt tsc_deadline_timer xsave avx lahf_lm epb pti ssbd ibrs ibpb stibp tpr_shadow vnmi flexpriority ept vpid xsaveopt dtherm arat pln pts md_clear flush_l1d
bugs		: cpu_meltdown spectre_v1 spectre_v2 spec_store_bypass l1tf mds
bogomips	: 4589.43
clflush size	: 64
cache_alignment	: 64
address sizes	: 36 bits physical, 48 bits virtual
power management:

processor	: 1
vendor_id	: GenuineIntel
cpu family	: 6
model		: 42
model name	: Intel(R) Core(TM) i3-2350M CPU @ 2.30GHz
stepping	: 7
microcode	: 0x2f
cpu MHz		: 1110.929
cache size	: 3072 KB
physical id	: 0
siblings	: 4
core id		: 1
cpu cores	: 2
apicid		: 2
initial apicid	: 2
fpu		: yes
fpu_exception	: yes
cpuid level	: 13
wp		: yes
flags		: fpu vme de pse tsc msr pae mce cx8 apic sep mtrr pge mca cmov pat pse36 clflush dts acpi mmx fxsr sse sse2 ss ht tm pbe syscall nx rdtscp lm constant_tsc arch_perfmon pebs bts rep_good nopl xtopology nonstop_tsc cpuid aperfmperf pni pclmulqdq dtes64 monitor ds_cpl vmx est tm2 ssse3 cx16 xtpr pdcm pcid sse4_1 sse4_2 x2apic popcnt tsc_deadline_timer xsave avx lahf_lm epb pti ssbd ibrs ibpb stibp tpr_shadow vnmi flexpriority ept vpid xsaveopt dtherm arat pln pts md_clear flush_l1d
bugs		: cpu_meltdown spectre_v1 spectre_v2 spec_store_bypass l1tf mds
bogomips	: 4589.43
clflush size	: 64
cache_alignment	: 64
address sizes	: 36 bits physical, 48 bits virtual
power management:

processor	: 2
vendor_id	: GenuineIntel
cpu family	: 6
model		: 42
model name	: Intel(R) Core(TM) i3-2350M CPU @ 2.30GHz
stepping	: 7
microcode	: 0x2f
cpu MHz		: 994.489
cache size	: 3072 KB
physical id	: 0
siblings	: 4
core id		: 0
cpu cores	: 2
apicid		: 1
initial apicid	: 1
fpu		: yes
fpu_exception	: yes
cpuid level	: 13
wp		: yes
flags		: fpu vme de pse tsc msr pae mce cx8 apic sep mtrr pge mca cmov pat pse36 clflush dts acpi mmx fxsr sse sse2 ss ht tm pbe syscall nx rdtscp lm constant_tsc arch_perfmon pebs bts rep_good nopl xtopology nonstop_tsc cpuid aperfmperf pni pclmulqdq dtes64 monitor ds_cpl vmx est tm2 ssse3 cx16 xtpr pdcm pcid sse4_1 sse4_2 x2apic popcnt tsc_deadline_timer xsave avx lahf_lm epb pti ssbd ibrs ibpb stibp tpr_shadow vnmi flexpriority ept vpid xsaveopt dtherm arat pln pts md_clear flush_l1d
bugs		: cpu_meltdown spectre_v1 spectre_v2 spec_store_bypass l1tf mds
bogomips	: 4589.43
clflush size	: 64
cache_alignment	: 64
address sizes	: 36 bits physical, 48 bits virtual
power management:

processor	: 3
vendor_id	: GenuineIntel
cpu family	: 6
model		: 42
model name	: Intel(R) Core(TM) i3-2350M CPU @ 2.30GHz
stepping	: 7
microcode	: 0x2f
cpu MHz		: 995.721
cache size	: 3072 KB
physical id	: 0
siblings	: 4
core id		: 1
cpu cores	: 2
apicid		: 3
initial apicid	: 3
fpu		: yes
fpu_exception	: yes
cpuid level	: 13
wp		: yes
flags		: fpu vme de pse tsc msr pae mce cx8 apic sep mtrr pge mca cmov pat pse36 clflush dts acpi mmx fxsr sse sse2 ss ht tm pbe syscall nx rdtscp lm constant_tsc arch_perfmon pebs bts rep_good nopl xtopology nonstop_tsc cpuid aperfmperf pni pclmulqdq dtes64 monitor ds_cpl vmx est tm2 ssse3 cx16 xtpr pdcm pcid sse4_1 sse4_2 x2apic popcnt tsc_deadline_timer xsave avx lahf_lm epb pti ssbd ibrs ibpb stibp tpr_shadow vnmi flexpriority ept vpid xsaveopt dtherm arat pln pts md_clear flush_l1d
bugs		: cpu_meltdown spectre_v1 spectre_v2 spec_store_bypass l1tf mds
bogomips	: 4589.43
clflush size	: 64
cache_alignment	: 64
address sizes	: 36 bits physical, 48 bits virtual
power management:



Memory: 4k page, physical 3945256k(135224k free), swap 3999740k(3963644k free)

vm_info: OpenJDK 64-Bit Server VM (25.212-b03) for linux-amd64 JRE (1.8.0_212-8u212-b03-0ubuntu1.16.04.1-b03), built on Apr 26 2019 02:02:50 by "buildd" with gcc 5.4.0 20160609

time: Fri Jul 12 16:59:58 2019
timezone: +06
elapsed time: 1 seconds (0d 0h 0m 1s)

