#
# A fatal error has been detected by the Java Runtime Environment:
#
#  SIGSEGV (0xb) at pc=0x00007f78a1d0a6f6, pid=19647, tid=0x00007f78de295700
#
# JRE version: OpenJDK Runtime Environment (8.0_212-b03) (build 1.8.0_212-8u212-b03-0ubuntu1.16.04.1-b03)
# Java VM: OpenJDK 64-Bit Server VM (25.212-b03 mixed mode linux-amd64 compressed oops)
# Problematic frame:
# C  [libgdx-box2d64.so+0x356f6]  b2Fixture::Create(b2BlockAllocator*, b2Body*, b2FixtureDef const*)+0x56
#
# Failed to write core dump. Core dumps have been disabled. To enable core dumping, try "ulimit -c unlimited" before starting Java again
#
# If you would like to submit a bug report, please visit:
#   http://bugreport.java.com/bugreport/crash.jsp
# The crash happened outside the Java Virtual Machine in native code.
# See problematic frame for where to report the bug.
#

---------------  T H R E A D  ---------------

Current thread (0x00007f790042f000):  JavaThread "LWJGL Application" [_thread_in_native, id=19672, stack(0x00007f78de195000,0x00007f78de296000)]

siginfo: si_signo: 11 (SIGSEGV), si_code: 1 (SEGV_MAPERR), si_addr: 0x0000000000000010

Registers:
RAX=0x0000000000000000, RBX=0x00007f7888a24270, RCX=0x00007f78de294650, RDX=0x00007f7888a202c0
RSP=0x00007f78de2945f0, RBP=0x00007f78de294650, RSI=0x00007f78885506f0, RDI=0x00007f7888a14050
R8 =0x0000000000000000, R9 =0x0000000000000001, R10=0x00007f78f10183db, R11=0x00007f7906fe0780
R12=0x00007f78885506f0, R13=0x00007f78885506f0, R14=0x00007f78de2947b0, R15=0x00007f790042f000
RIP=0x00007f78a1d0a6f6, EFLAGS=0x0000000000010206, CSGSFS=0x002b000000000033, ERR=0x0000000000000004
  TRAPNO=0x000000000000000e

Top of Stack: (sp=0x00007f78de2945f0)
0x00007f78de2945f0:   00007f7888a202c0 00007f7888a202c0
0x00007f78de294600:   00007f7888a24270 00007f78885506f0
0x00007f78de294610:   00007f78de294650 00007f78a1d09151
0x00007f78de294620:   00000000ecdd4f48 00007f78a1af08f8
0x00007f78de294630:   00007f78de294738 0000000000000000
0x00007f78de294640:   00007f78a1af08f8 00007f78a1d105de
0x00007f78de294650:   00007f7888a14050 0000000000000000
0x00007f78de294660:   000000003f000000 00019c0000000000
0x00007f78de294670:   00007f780000ffff 2a2963daf428c700
0x00007f78de294680:   00007f78f0df4ff0 00007f78f1018407
0x00007f78de294690:   00007f78ffffffff 0000000000000000
0x00007f78de2946a0:   00007f78f0df5028 0000000000000000
0x00007f78de2946b0:   00007f78de2946c8 00007f78de294720
0x00007f78de2946c0:   00007f78f1007a40 0000000000000001
0x00007f78de2946d0:   00000000ecb93f28 0000000000000001
0x00007f78de2946e0:   00007f78de2946e0 00007f78f0df2f97
0x00007f78de2946f0:   00007f78de2947b0 00007f78de2946f8
0x00007f78de294700:   0000000000000000 00007f78de2947b0
0x00007f78de294710:   00007f78a1af5028 0000000000000000
0x00007f78de294720:   00007f78a1af08f8 0000000000000000
0x00007f78de294730:   00007f78de294758 00007f78de2947f8
0x00007f78de294740:   00007f78f1007b10 0000000000000000
0x00007f78de294750:   00007f78f1011a57 0000000000000000
0x00007f78de294760:   00000000ffffffff 0000000000000001
0x00007f78de294770:   0000000000000000 0000000000000000
0x00007f78de294780:   0000000000000000 000000003f000000
0x00007f78de294790:   00007f7888a14050 00000000ecdd4cf0
0x00007f78de2947a0:   00007f7888a202c0 00007f78f1007d80
0x00007f78de2947b0:   00000000ecdd4cf0 00007f78de2947b8
0x00007f78de2947c0:   00007f78a1af07f9 00007f78de294828
0x00007f78de2947d0:   00007f78a1af5028 0000000000000000
0x00007f78de2947e0:   00007f78a1af0870 00007f78de294758 

Instructions: (pc=0x00007f78a1d0a6f6)
0x00007f78a1d0a6d6:   48 c7 47 08 00 00 00 00 89 47 34 0f b7 41 22 66
0x00007f78a1d0a6e6:   89 47 38 0f b6 41 1c 88 47 3a 48 8b 39 48 8b 07
0x00007f78a1d0a6f6:   ff 50 10 48 8b 10 48 89 c7 48 89 43 18 ff 52 18
0x00007f78a1d0a706:   89 c6 41 89 c4 4c 89 ef c1 e6 05 e8 fa 12 fe ff 

Register to memory mapping:

RAX=0x0000000000000000 is an unknown value
RBX=0x00007f7888a24270 is an unknown value
RCX=0x00007f78de294650 is pointing into the stack for thread: 0x00007f790042f000
RDX=0x00007f7888a202c0 is an unknown value
RSP=0x00007f78de2945f0 is pointing into the stack for thread: 0x00007f790042f000
RBP=0x00007f78de294650 is pointing into the stack for thread: 0x00007f790042f000
RSI=0x00007f78885506f0 is an unknown value
RDI=0x00007f7888a14050 is an unknown value
R8 =0x0000000000000000 is an unknown value
R9 =0x0000000000000001 is an unknown value
R10=0x00007f78f10183db is at code_begin+859 in an Interpreter codelet
method entry point (kind = native)  [0x00007f78f1018080, 0x00007f78f1018a00]  2432 bytes
R11=0x00007f7906fe0780: <offset 0x969780> in /usr/lib/jvm/java-8-openjdk-amd64/jre/lib/amd64/server/libjvm.so at 0x00007f7906677000
R12=0x00007f78885506f0 is an unknown value
R13=0x00007f78885506f0 is an unknown value
R14=0x00007f78de2947b0 is pointing into the stack for thread: 0x00007f790042f000
R15=0x00007f790042f000 is a thread


Stack: [0x00007f78de195000,0x00007f78de296000],  sp=0x00007f78de2945f0,  free space=1021k
Native frames: (J=compiled Java code, j=interpreted, Vv=VM code, C=native code)
C  [libgdx-box2d64.so+0x356f6]  b2Fixture::Create(b2BlockAllocator*, b2Body*, b2FixtureDef const*)+0x56
C  0x0000000000000000

Java frames: (J=compiled Java code, j=interpreted, Vv=VM code)
j  com.badlogic.gdx.physics.box2d.Body.jniCreateFixture(JJFFFZSSS)J+0
j  com.badlogic.gdx.physics.box2d.Body.createFixture(Lcom/badlogic/gdx/physics/box2d/FixtureDef;)Lcom/badlogic/gdx/physics/box2d/Fixture;+49
j  com.mygdx.game.Play.show()V+220
j  com.badlogic.gdx.Game.setScreen(Lcom/badlogic/gdx/Screen;)V+32
j  com.mygdx.game.gameClass.create()V+8
j  com.badlogic.gdx.backends.lwjgl.LwjglApplication.mainLoop()V+29
j  com.badlogic.gdx.backends.lwjgl.LwjglApplication$1.run()V+27
v  ~StubRoutines::call_stub

---------------  P R O C E S S  ---------------

Java Threads: ( => current thread )
  0x00007f7888019800 JavaThread "process reaper" daemon [_thread_blocked, id=19674, stack(0x00007f78e803d000,0x00007f78e8076000)]
  0x00007f790000c000 JavaThread "DestroyJavaVM" [_thread_blocked, id=19652, stack(0x00007f79082db000,0x00007f79083dc000)]
=>0x00007f790042f000 JavaThread "LWJGL Application" [_thread_in_native, id=19672, stack(0x00007f78de195000,0x00007f78de296000)]
  0x00007f7900386000 JavaThread "AWT-XAWT" daemon [_thread_in_native, id=19668, stack(0x00007f78e8076000,0x00007f78e8177000)]
  0x00007f7900364800 JavaThread "Java2D Disposer" daemon [_thread_blocked, id=19667, stack(0x00007f78e8177000,0x00007f78e8278000)]
  0x00007f79000ca800 JavaThread "Service Thread" daemon [_thread_blocked, id=19664, stack(0x00007f78ea45c000,0x00007f78ea55d000)]
  0x00007f79000bf000 JavaThread "C1 CompilerThread2" daemon [_thread_blocked, id=19663, stack(0x00007f78ea55d000,0x00007f78ea65e000)]
  0x00007f79000bd800 JavaThread "C2 CompilerThread1" daemon [_thread_blocked, id=19662, stack(0x00007f78ea65e000,0x00007f78ea75f000)]
  0x00007f79000ba800 JavaThread "C2 CompilerThread0" daemon [_thread_blocked, id=19661, stack(0x00007f78ea75f000,0x00007f78ea860000)]
  0x00007f79000b9000 JavaThread "Signal Dispatcher" daemon [_thread_blocked, id=19660, stack(0x00007f78ea860000,0x00007f78ea961000)]
  0x00007f7900086000 JavaThread "Finalizer" daemon [_thread_blocked, id=19659, stack(0x00007f78eb370000,0x00007f78eb471000)]
  0x00007f7900083000 JavaThread "Reference Handler" daemon [_thread_blocked, id=19658, stack(0x00007f78eb471000,0x00007f78eb572000)]

Other Threads:
  0x00007f7900079800 VMThread [stack: 0x00007f78eb572000,0x00007f78eb673000] [id=19657]
  0x00007f79000cd000 WatcherThread [stack: 0x00007f78ea35b000,0x00007f78ea45c000] [id=19665]

VM state:not at safepoint (normal execution)

VM Mutex/Monitor currently owned by a thread: None

heap address: 0x00000000c3c00000, size: 964 MB, Compressed Oops mode: 32-bit
Narrow klass base: 0x0000000000000000, Narrow klass shift: 3
Compressed class space size: 1073741824 Address: 0x0000000100000000

Heap:
 PSYoungGen      total 18432K, used 15421K [0x00000000ebf00000, 0x00000000ed380000, 0x0000000100000000)
  eden space 15872K, 97% used [0x00000000ebf00000,0x00000000ece0f4b8,0x00000000ece80000)
  from space 2560K, 0% used [0x00000000ed100000,0x00000000ed100000,0x00000000ed380000)
  to   space 2560K, 0% used [0x00000000ece80000,0x00000000ece80000,0x00000000ed100000)
 ParOldGen       total 42496K, used 0K [0x00000000c3c00000, 0x00000000c6580000, 0x00000000ebf00000)
  object space 42496K, 0% used [0x00000000c3c00000,0x00000000c3c00000,0x00000000c6580000)
 Metaspace       used 9117K, capacity 9309K, committed 9472K, reserved 1058816K
  class space    used 863K, capacity 935K, committed 1024K, reserved 1048576K

Card table byte_map: [0x00007f79047a3000,0x00007f7904986000] byte_map_base: 0x00007f7904185000

Marking Bits: (ParMarkBitMap*) 0x00007f79075aa580
 Begin Bits: [0x00007f78df1e0000, 0x00007f78e00f0000)
 End Bits:   [0x00007f78e00f0000, 0x00007f78e1000000)

Polling page: 0x00007f79083fd000

CodeCache: size=245760Kb used=2571Kb max_used=2571Kb free=243188Kb
 bounds [0x00007f78f1000000, 0x00007f78f1290000, 0x00007f7900000000]
 total_blobs=1185 nmethods=593 adapters=507
 compilation: enabled

Compilation events (10 events):
Event: 1.079 Thread 0x00007f79000bf000  589       3       java.util.jar.Attributes::getValue (9 bytes)
Event: 1.079 Thread 0x00007f79000bf000 nmethod 589 0x00007f78f127fe50 code [0x00007f78f127ffe0, 0x00007f78f1280348]
Event: 1.080 Thread 0x00007f79000bf000  590       3       java.util.jar.Attributes::get (11 bytes)
Event: 1.080 Thread 0x00007f79000bf000 nmethod 590 0x00007f78f1280490 code [0x00007f78f1280600, 0x00007f78f1280828]
Event: 1.080 Thread 0x00007f79000bf000  591   !   3       java.util.zip.ZipFile$ZipFileInflaterInputStream::close (67 bytes)
Event: 1.081 Thread 0x00007f79000bf000 nmethod 591 0x00007f78f1280ad0 code [0x00007f78f1280ca0, 0x00007f78f1281498]
Event: 1.081 Thread 0x00007f79000bf000  592       3       java.util.zip.InflaterInputStream::close (34 bytes)
Event: 1.082 Thread 0x00007f79000bf000 nmethod 592 0x00007f78f1281850 code [0x00007f78f12819e0, 0x00007f78f1281cd8]
Event: 1.082 Thread 0x00007f79000bf000  593       3       java.util.zip.ZipEntry::getSize (5 bytes)
Event: 1.083 Thread 0x00007f79000bf000 nmethod 593 0x00007f78f1281dd0 code [0x00007f78f1281f20, 0x00007f78f1282070]

GC Heap History (0 events):
No events

Deoptimization events (3 events):
Event: 0.167 Thread 0x00007f790000c000 Uncommon trap: reason=unstable_if action=reinterpret pc=0x00007f78f11451b8 method=java.lang.String.indexOf([CII[CIII)I @ 134
Event: 0.192 Thread 0x00007f790000c000 Uncommon trap: reason=unstable_if action=reinterpret pc=0x00007f78f113a2c4 method=java.lang.String.indexOf(II)I @ 49
Event: 0.489 Thread 0x00007f790042f000 Uncommon trap: reason=unstable_if action=reinterpret pc=0x00007f78f11ca2fc method=java.lang.String.replace(CC)Ljava/lang/String; @ 26

Classes redefined (0 events):
No events

Internal exceptions (10 events):
Event: 0.394 Thread 0x00007f790000c000 Exception <a 'java/security/PrivilegedActionException'> (0x00000000ec4f38f8) thrown at [/build/openjdk-8-lHVHKD/openjdk-8-8u212-b03/src/hotspot/src/share/vm/prims/jvm.cpp, line 1502]
Event: 0.394 Thread 0x00007f790000c000 Exception <a 'java/security/PrivilegedActionException'> (0x00000000ec4f4550) thrown at [/build/openjdk-8-lHVHKD/openjdk-8-8u212-b03/src/hotspot/src/share/vm/prims/jvm.cpp, line 1502]
Event: 0.394 Thread 0x00007f790000c000 Exception <a 'java/security/PrivilegedActionException'> (0x00000000ec4f5178) thrown at [/build/openjdk-8-lHVHKD/openjdk-8-8u212-b03/src/hotspot/src/share/vm/prims/jvm.cpp, line 1502]
Event: 0.394 Thread 0x00007f790000c000 Exception <a 'java/security/PrivilegedActionException'> (0x00000000ec4f72c8) thrown at [/build/openjdk-8-lHVHKD/openjdk-8-8u212-b03/src/hotspot/src/share/vm/prims/jvm.cpp, line 1502]
Event: 0.395 Thread 0x00007f790000c000 Exception <a 'java/security/PrivilegedActionException'> (0x00000000ec4f7f20) thrown at [/build/openjdk-8-lHVHKD/openjdk-8-8u212-b03/src/hotspot/src/share/vm/prims/jvm.cpp, line 1502]
Event: 0.395 Thread 0x00007f790000c000 Exception <a 'java/security/PrivilegedActionException'> (0x00000000ec4f8b48) thrown at [/build/openjdk-8-lHVHKD/openjdk-8-8u212-b03/src/hotspot/src/share/vm/prims/jvm.cpp, line 1502]
Event: 0.395 Thread 0x00007f790000c000 Exception <a 'java/security/PrivilegedActionException'> (0x00000000ec4faa50) thrown at [/build/openjdk-8-lHVHKD/openjdk-8-8u212-b03/src/hotspot/src/share/vm/prims/jvm.cpp, line 1502]
Event: 0.395 Thread 0x00007f790000c000 Exception <a 'java/security/PrivilegedActionException'> (0x00000000ec4fb6a8) thrown at [/build/openjdk-8-lHVHKD/openjdk-8-8u212-b03/src/hotspot/src/share/vm/prims/jvm.cpp, line 1502]
Event: 0.395 Thread 0x00007f790000c000 Exception <a 'java/security/PrivilegedActionException'> (0x00000000ec4fc2d0) thrown at [/build/openjdk-8-lHVHKD/openjdk-8-8u212-b03/src/hotspot/src/share/vm/prims/jvm.cpp, line 1502]
Event: 0.527 Thread 0x00007f790042f000 Exception <a 'java/lang/NoClassDefFoundError': org/lwjgl/opengles/GLContext> (0x00000000ec7ef720) thrown at [/build/openjdk-8-lHVHKD/openjdk-8-8u212-b03/src/hotspot/src/share/vm/classfile/systemDictionary.cpp, line 199]

Events (10 events):
Event: 1.084 loading class com/badlogic/gdx/physics/box2d/MassData
Event: 1.084 loading class com/badlogic/gdx/physics/box2d/MassData done
Event: 1.084 loading class com/badlogic/gdx/physics/box2d/Fixture
Event: 1.084 loading class com/badlogic/gdx/physics/box2d/Fixture done
Event: 1.085 loading class com/badlogic/gdx/physics/box2d/CircleShape
Event: 1.085 loading class com/badlogic/gdx/physics/box2d/CircleShape done
Event: 1.085 loading class com/badlogic/gdx/physics/box2d/EdgeShape
Event: 1.085 loading class com/badlogic/gdx/physics/box2d/EdgeShape done
Event: 1.085 loading class com/badlogic/gdx/physics/box2d/ChainShape
Event: 1.085 loading class com/badlogic/gdx/physics/box2d/ChainShape done


Dynamic libraries:
00400000-00401000 r-xp 00000000 08:01 4723398                            /usr/lib/jvm/java-8-openjdk-amd64/jre/bin/java
00600000-00601000 r--p 00000000 08:01 4723398                            /usr/lib/jvm/java-8-openjdk-amd64/jre/bin/java
00601000-00602000 rw-p 00001000 08:01 4723398                            /usr/lib/jvm/java-8-openjdk-amd64/jre/bin/java
008f8000-00919000 rw-p 00000000 00:00 0                                  [heap]
c3c00000-c6580000 rw-p 00000000 00:00 0 
c6580000-ebf00000 ---p 00000000 00:00 0 
ebf00000-ed380000 rw-p 00000000 00:00 0 
ed380000-100000000 ---p 00000000 00:00 0 
100000000-100100000 rw-p 00000000 00:00 0 
100100000-140000000 ---p 00000000 00:00 0 
7f7888000000-7f7888a31000 rw-p 00000000 00:00 0 
7f7888a31000-7f788c000000 ---p 00000000 00:00 0 
7f788c000000-7f788c021000 rw-p 00000000 00:00 0 
7f788c021000-7f7890000000 ---p 00000000 00:00 0 
7f7890000000-7f7890021000 rw-p 00000000 00:00 0 
7f7890021000-7f7894000000 ---p 00000000 00:00 0 
7f7897fff000-7f789c000000 rw-s 00000000 00:19 20                         /dev/shm/pulse-shm-1812835152
7f789c000000-7f789c021000 rw-p 00000000 00:00 0 
7f789c021000-7f78a0000000 ---p 00000000 00:00 0 
7f78a1ad5000-7f78a1b15000 rw-p 00000000 00:00 0 
7f78a1b15000-7f78a1cd5000 ---p 00000000 00:00 0 
7f78a1cd5000-7f78a1d21000 r-xp 00000000 08:01 1970585                    /tmp/libgdxfoysal/38f2459b/libgdx-box2d64.so
7f78a1d21000-7f78a1f20000 ---p 0004c000 08:01 1970585                    /tmp/libgdxfoysal/38f2459b/libgdx-box2d64.so
7f78a1f20000-7f78a1f22000 r--p 0004b000 08:01 1970585                    /tmp/libgdxfoysal/38f2459b/libgdx-box2d64.so
7f78a1f22000-7f78a1f23000 rw-p 0004d000 08:01 1970585                    /tmp/libgdxfoysal/38f2459b/libgdx-box2d64.so
7f78a1f23000-7f78a32d4000 rw-p 00000000 00:00 0 
7f78a32d4000-7f78a3348000 rw-p 00000000 00:00 0 
7f78a341f000-7f78a3cff000 r-xp 00000000 08:01 4983000                    /usr/lib/x86_64-linux-gnu/dri/i965_dri.so
7f78a3cff000-7f78a3eff000 ---p 008e0000 08:01 4983000                    /usr/lib/x86_64-linux-gnu/dri/i965_dri.so
7f78a3eff000-7f78a3f4f000 r--p 008e0000 08:01 4983000                    /usr/lib/x86_64-linux-gnu/dri/i965_dri.so
7f78a3f4f000-7f78a3f5a000 rw-p 00930000 08:01 4983000                    /usr/lib/x86_64-linux-gnu/dri/i965_dri.so
7f78a3f5a000-7f78a3fff000 rw-p 00000000 00:00 0 
7f78a3fff000-7f78a8000000 rw-s 00000000 00:19 41                         /dev/shm/pulse-shm-420350647
7f78a8000000-7f78a8021000 rw-p 00000000 00:00 0 
7f78a8021000-7f78ac000000 ---p 00000000 00:00 0 
7f78ac000000-7f78ac021000 rw-p 00000000 00:00 0 
7f78ac021000-7f78b0000000 ---p 00000000 00:00 0 
7f78b0000000-7f78b0021000 rw-p 00000000 00:00 0 
7f78b0021000-7f78b4000000 ---p 00000000 00:00 0 
7f78b4000000-7f78b4021000 rw-p 00000000 00:00 0 
7f78b4021000-7f78b8000000 ---p 00000000 00:00 0 
7f78b8000000-7f78b806c000 rw-p 00000000 00:00 0 
7f78b806c000-7f78bc000000 ---p 00000000 00:00 0 
7f78bc000000-7f78bc260000 rw-p 00000000 00:00 0 
7f78bc260000-7f78c0000000 ---p 00000000 00:00 0 
7f78c0000000-7f78c0021000 rw-p 00000000 00:00 0 
7f78c0021000-7f78c4000000 ---p 00000000 00:00 0 
7f78c4000000-7f78c40b5000 rw-p 00000000 00:00 0 
7f78c40b5000-7f78c8000000 ---p 00000000 00:00 0 
7f78c8000000-7f78c8021000 rw-p 00000000 00:00 0 
7f78c8021000-7f78cc000000 ---p 00000000 00:00 0 
7f78cc000000-7f78cc021000 rw-p 00000000 00:00 0 
7f78cc021000-7f78d0000000 ---p 00000000 00:00 0 
7f78d0000000-7f78d0021000 rw-p 00000000 00:00 0 
7f78d0021000-7f78d4000000 ---p 00000000 00:00 0 
7f78d4000000-7f78d4021000 rw-p 00000000 00:00 0 
7f78d4021000-7f78d8000000 ---p 00000000 00:00 0 
7f78d8000000-7f78d8021000 rw-p 00000000 00:00 0 
7f78d8021000-7f78dc000000 ---p 00000000 00:00 0 
7f78dc040000-7f78dc048000 r-xp 00000000 08:01 4728267                    /usr/lib/x86_64-linux-gnu/libpciaccess.so.0.11.1
7f78dc048000-7f78dc248000 ---p 00008000 08:01 4728267                    /usr/lib/x86_64-linux-gnu/libpciaccess.so.0.11.1
7f78dc248000-7f78dc249000 r--p 00008000 08:01 4728267                    /usr/lib/x86_64-linux-gnu/libpciaccess.so.0.11.1
7f78dc249000-7f78dc24a000 rw-p 00009000 08:01 4728267                    /usr/lib/x86_64-linux-gnu/libpciaccess.so.0.11.1
7f78dc24a000-7f78dc255000 r-xp 00000000 08:01 4727612                    /usr/lib/x86_64-linux-gnu/libdrm_radeon.so.1.0.1
7f78dc255000-7f78dc454000 ---p 0000b000 08:01 4727612                    /usr/lib/x86_64-linux-gnu/libdrm_radeon.so.1.0.1
7f78dc454000-7f78dc455000 r--p 0000a000 08:01 4727612                    /usr/lib/x86_64-linux-gnu/libdrm_radeon.so.1.0.1
7f78dc455000-7f78dc456000 rw-p 0000b000 08:01 4727612                    /usr/lib/x86_64-linux-gnu/libdrm_radeon.so.1.0.1
7f78dc456000-7f78dc45d000 r-xp 00000000 08:01 4727610                    /usr/lib/x86_64-linux-gnu/libdrm_nouveau.so.2.0.0
7f78dc45d000-7f78dc65c000 ---p 00007000 08:01 4727610                    /usr/lib/x86_64-linux-gnu/libdrm_nouveau.so.2.0.0
7f78dc65c000-7f78dc65d000 r--p 00006000 08:01 4727610                    /usr/lib/x86_64-linux-gnu/libdrm_nouveau.so.2.0.0
7f78dc65d000-7f78dc65e000 rw-p 00007000 08:01 4727610                    /usr/lib/x86_64-linux-gnu/libdrm_nouveau.so.2.0.0
7f78dc65e000-7f78dc680000 r-xp 00000000 08:01 4727608                    /usr/lib/x86_64-linux-gnu/libdrm_intel.so.1.0.0
7f78dc680000-7f78dc880000 ---p 00022000 08:01 4727608                    /usr/lib/x86_64-linux-gnu/libdrm_intel.so.1.0.0
7f78dc880000-7f78dc881000 r--p 00022000 08:01 4727608                    /usr/lib/x86_64-linux-gnu/libdrm_intel.so.1.0.0
7f78dc881000-7f78dc882000 rw-p 00023000 08:01 4727608                    /usr/lib/x86_64-linux-gnu/libdrm_intel.so.1.0.0
7f78dc882000-7f78dc892000 r-xp 00000000 08:01 4727604                    /usr/lib/x86_64-linux-gnu/libdrm.so.2.4.0
7f78dc892000-7f78dca92000 ---p 00010000 08:01 4727604                    /usr/lib/x86_64-linux-gnu/libdrm.so.2.4.0
7f78dca92000-7f78dca93000 r--p 00010000 08:01 4727604                    /usr/lib/x86_64-linux-gnu/libdrm.so.2.4.0
7f78dca93000-7f78dca94000 rw-p 00011000 08:01 4727604                    /usr/lib/x86_64-linux-gnu/libdrm.so.2.4.0
7f78dca94000-7f78dca98000 r-xp 00000000 08:01 4728684                    /usr/lib/x86_64-linux-gnu/libxcb-dri2.so.0.0.0
7f78dca98000-7f78dcc97000 ---p 00004000 08:01 4728684                    /usr/lib/x86_64-linux-gnu/libxcb-dri2.so.0.0.0
7f78dcc97000-7f78dcc98000 r--p 00003000 08:01 4728684                    /usr/lib/x86_64-linux-gnu/libxcb-dri2.so.0.0.0
7f78dcc98000-7f78dcc99000 rw-p 00004000 08:01 4728684                    /usr/lib/x86_64-linux-gnu/libxcb-dri2.so.0.0.0
7f78dcc99000-7f78dccb0000 r-xp 00000000 08:01 4728688                    /usr/lib/x86_64-linux-gnu/libxcb-glx.so.0.0.0
7f78dccb0000-7f78dceaf000 ---p 00017000 08:01 4728688                    /usr/lib/x86_64-linux-gnu/libxcb-glx.so.0.0.0
7f78dceaf000-7f78dceb1000 r--p 00016000 08:01 4728688                    /usr/lib/x86_64-linux-gnu/libxcb-glx.so.0.0.0
7f78dceb1000-7f78dceb2000 rw-p 00018000 08:01 4728688                    /usr/lib/x86_64-linux-gnu/libxcb-glx.so.0.0.0
7f78dceb2000-7f78dceb3000 r-xp 00000000 08:01 4727286                    /usr/lib/x86_64-linux-gnu/libX11-xcb.so.1.0.0
7f78dceb3000-7f78dd0b2000 ---p 00001000 08:01 4727286                    /usr/lib/x86_64-linux-gnu/libX11-xcb.so.1.0.0
7f78dd0b2000-7f78dd0b3000 r--p 00000000 08:01 4727286                    /usr/lib/x86_64-linux-gnu/libX11-xcb.so.1.0.0
7f78dd0b3000-7f78dd0b4000 rw-p 00001000 08:01 4727286                    /usr/lib/x86_64-linux-gnu/libX11-xcb.so.1.0.0
7f78dd0b4000-7f78dd0b6000 r-xp 00000000 08:01 4727301                    /usr/lib/x86_64-linux-gnu/libXdamage.so.1.1.0
7f78dd0b6000-7f78dd2b5000 ---p 00002000 08:01 4727301                    /usr/lib/x86_64-linux-gnu/libXdamage.so.1.1.0
7f78dd2b5000-7f78dd2b6000 r--p 00001000 08:01 4727301                    /usr/lib/x86_64-linux-gnu/libXdamage.so.1.1.0
7f78dd2b6000-7f78dd2b7000 rw-p 00002000 08:01 4727301                    /usr/lib/x86_64-linux-gnu/libXdamage.so.1.1.0
7f78dd2b7000-7f78dd2e3000 r-xp 00000000 08:01 4727805                    /usr/lib/x86_64-linux-gnu/libglapi.so.0.0.0
7f78dd2e3000-7f78dd4e2000 ---p 0002c000 08:01 4727805                    /usr/lib/x86_64-linux-gnu/libglapi.so.0.0.0
7f78dd4e2000-7f78dd4e6000 r--p 0002b000 08:01 4727805                    /usr/lib/x86_64-linux-gnu/libglapi.so.0.0.0
7f78dd4e6000-7f78dd4e7000 rw-p 0002f000 08:01 4727805                    /usr/lib/x86_64-linux-gnu/libglapi.so.0.0.0
7f78dd4e7000-7f78dd4e8000 rw-p 00000000 00:00 0 
7f78dd4e8000-7f78dd4e9000 r-xp 00000000 08:01 4728728                    /usr/lib/x86_64-linux-gnu/libxshmfence.so.1.0.0
7f78dd4e9000-7f78dd6e9000 ---p 00001000 08:01 4728728                    /usr/lib/x86_64-linux-gnu/libxshmfence.so.1.0.0
7f78dd6e9000-7f78dd6ea000 r--p 00001000 08:01 4728728                    /usr/lib/x86_64-linux-gnu/libxshmfence.so.1.0.0
7f78dd6ea000-7f78dd6eb000 rw-p 00002000 08:01 4728728                    /usr/lib/x86_64-linux-gnu/libxshmfence.so.1.0.0
7f78dd6eb000-7f78dd6f0000 r-xp 00000000 08:01 4728708                    /usr/lib/x86_64-linux-gnu/libxcb-sync.so.1.0.0
7f78dd6f0000-7f78dd8f0000 ---p 00005000 08:01 4728708                    /usr/lib/x86_64-linux-gnu/libxcb-sync.so.1.0.0
7f78dd8f0000-7f78dd8f1000 r--p 00005000 08:01 4728708                    /usr/lib/x86_64-linux-gnu/libxcb-sync.so.1.0.0
7f78dd8f1000-7f78dd8f2000 rw-p 00006000 08:01 4728708                    /usr/lib/x86_64-linux-gnu/libxcb-sync.so.1.0.0
7f78dd8f2000-7f78dd8f4000 r-xp 00000000 08:01 4728696                    /usr/lib/x86_64-linux-gnu/libxcb-present.so.0.0.0
7f78dd8f4000-7f78ddaf3000 ---p 00002000 08:01 4728696                    /usr/lib/x86_64-linux-gnu/libxcb-present.so.0.0.0
7f78ddaf3000-7f78ddaf4000 r--p 00001000 08:01 4728696                    /usr/lib/x86_64-linux-gnu/libxcb-present.so.0.0.0
7f78ddaf4000-7f78ddaf5000 rw-p 00002000 08:01 4728696                    /usr/lib/x86_64-linux-gnu/libxcb-present.so.0.0.0
7f78ddaf5000-7f78ddaf7000 r-xp 00000000 08:01 4728686                    /usr/lib/x86_64-linux-gnu/libxcb-dri3.so.0.0.0
7f78ddaf7000-7f78ddcf6000 ---p 00002000 08:01 4728686                    /usr/lib/x86_64-linux-gnu/libxcb-dri3.so.0.0.0
7f78ddcf6000-7f78ddcf7000 r--p 00001000 08:01 4728686                    /usr/lib/x86_64-linux-gnu/libxcb-dri3.so.0.0.0
7f78ddcf7000-7f78ddcf8000 rw-p 00002000 08:01 4728686                    /usr/lib/x86_64-linux-gnu/libxcb-dri3.so.0.0.0
7f78ddcf8000-7f78ddd1e000 r-xp 00000000 08:01 2757058                    /lib/x86_64-linux-gnu/libexpat.so.1.6.0
7f78ddd1e000-7f78ddf1e000 ---p 00026000 08:01 2757058                    /lib/x86_64-linux-gnu/libexpat.so.1.6.0
7f78ddf1e000-7f78ddf20000 r--p 00026000 08:01 2757058                    /lib/x86_64-linux-gnu/libexpat.so.1.6.0
7f78ddf20000-7f78ddf21000 rw-p 00028000 08:01 2757058                    /lib/x86_64-linux-gnu/libexpat.so.1.6.0
7f78ddf21000-7f78ddf91000 r-xp 00000000 08:01 4984410                    /usr/lib/x86_64-linux-gnu/mesa/libGL.so.1.2.0
7f78ddf91000-7f78de190000 ---p 00070000 08:01 4984410                    /usr/lib/x86_64-linux-gnu/mesa/libGL.so.1.2.0
7f78de190000-7f78de193000 r--p 0006f000 08:01 4984410                    /usr/lib/x86_64-linux-gnu/mesa/libGL.so.1.2.0
7f78de193000-7f78de194000 rw-p 00072000 08:01 4984410                    /usr/lib/x86_64-linux-gnu/mesa/libGL.so.1.2.0
7f78de194000-7f78de195000 rw-p 00000000 00:00 0 
7f78de195000-7f78de198000 ---p 00000000 00:00 0 
7f78de198000-7f78de296000 rw-p 00000000 00:00 0 
7f78de296000-7f78de297000 ---p 00000000 00:00 0 
7f78de297000-7f78de397000 rw-p 00000000 00:00 0 
7f78de397000-7f78de398000 ---p 00000000 00:00 0 
7f78de398000-7f78deb98000 rw-p 00000000 00:00 0 
7f78deb98000-7f78debc2000 r-xp 00000000 08:01 4728589                    /usr/lib/x86_64-linux-gnu/libvorbis.so.0.4.8
7f78debc2000-7f78dedc1000 ---p 0002a000 08:01 4728589                    /usr/lib/x86_64-linux-gnu/libvorbis.so.0.4.8
7f78dedc1000-7f78dedc2000 r--p 00029000 08:01 4728589                    /usr/lib/x86_64-linux-gnu/libvorbis.so.0.4.8
7f78dedc2000-7f78dedc3000 rw-p 0002a000 08:01 4728589                    /usr/lib/x86_64-linux-gnu/libvorbis.so.0.4.8
7f78dedc3000-7f78dedca000 r-xp 00000000 08:01 4728225                    /usr/lib/x86_64-linux-gnu/libogg.so.0.8.2
7f78dedca000-7f78defca000 ---p 00007000 08:01 4728225                    /usr/lib/x86_64-linux-gnu/libogg.so.0.8.2
7f78defca000-7f78defcb000 r--p 00007000 08:01 4728225                    /usr/lib/x86_64-linux-gnu/libogg.so.0.8.2
7f78defcb000-7f78defcc000 rw-p 00008000 08:01 4728225                    /usr/lib/x86_64-linux-gnu/libogg.so.0.8.2
7f78defcc000-7f78defde000 r-xp 00000000 08:01 2757434                    /lib/x86_64-linux-gnu/libgpg-error.so.0.17.0
7f78defde000-7f78df1de000 ---p 00012000 08:01 2757434                    /lib/x86_64-linux-gnu/libgpg-error.so.0.17.0
7f78df1de000-7f78df1df000 r--p 00012000 08:01 2757434                    /lib/x86_64-linux-gnu/libgpg-error.so.0.17.0
7f78df1df000-7f78df1e0000 rw-p 00013000 08:01 2757434                    /lib/x86_64-linux-gnu/libgpg-error.so.0.17.0
7f78df1e0000-7f78e1000000 rw-p 00000000 00:00 0 
7f78e1022000-7f78e1090000 r-xp 00000000 08:01 2757519                    /lib/x86_64-linux-gnu/libpcre.so.3.13.2
7f78e1090000-7f78e1290000 ---p 0006e000 08:01 2757519                    /lib/x86_64-linux-gnu/libpcre.so.3.13.2
7f78e1290000-7f78e1291000 r--p 0006e000 08:01 2757519                    /lib/x86_64-linux-gnu/libpcre.so.3.13.2
7f78e1291000-7f78e1292000 rw-p 0006f000 08:01 2757519                    /lib/x86_64-linux-gnu/libpcre.so.3.13.2
7f78e1292000-7f78e12a9000 r-xp 00000000 08:01 2757542                    /lib/x86_64-linux-gnu/libresolv-2.23.so
7f78e12a9000-7f78e14a9000 ---p 00017000 08:01 2757542                    /lib/x86_64-linux-gnu/libresolv-2.23.so
7f78e14a9000-7f78e14aa000 r--p 00017000 08:01 2757542                    /lib/x86_64-linux-gnu/libresolv-2.23.so
7f78e14aa000-7f78e14ab000 rw-p 00018000 08:01 2757542                    /lib/x86_64-linux-gnu/libresolv-2.23.so
7f78e14ab000-7f78e14ad000 rw-p 00000000 00:00 0 
7f78e14ad000-7f78e153a000 r-xp 00000000 08:01 4728591                    /usr/lib/x86_64-linux-gnu/libvorbisenc.so.2.0.11
7f78e153a000-7f78e1739000 ---p 0008d000 08:01 4728591                    /usr/lib/x86_64-linux-gnu/libvorbisenc.so.2.0.11
7f78e1739000-7f78e1755000 r--p 0008c000 08:01 4728591                    /usr/lib/x86_64-linux-gnu/libvorbisenc.so.2.0.11
7f78e1755000-7f78e1756000 rw-p 000a8000 08:01 4728591                    /usr/lib/x86_64-linux-gnu/libvorbisenc.so.2.0.11
7f78e1756000-7f78e17c9000 r-xp 00000000 08:01 4727142                    /usr/lib/x86_64-linux-gnu/libFLAC.so.8.3.0
7f78e17c9000-7f78e19c9000 ---p 00073000 08:01 4727142                    /usr/lib/x86_64-linux-gnu/libFLAC.so.8.3.0
7f78e19c9000-7f78e19ca000 r--p 00073000 08:01 4727142                    /usr/lib/x86_64-linux-gnu/libFLAC.so.8.3.0
7f78e19ca000-7f78e19cb000 rw-p 00074000 08:01 4727142                    /usr/lib/x86_64-linux-gnu/libFLAC.so.8.3.0
7f78e19cb000-7f78e1aa2000 r-xp 00000000 08:01 2757430                    /lib/x86_64-linux-gnu/libgcrypt.so.20.0.5
7f78e1aa2000-7f78e1ca2000 ---p 000d7000 08:01 2757430                    /lib/x86_64-linux-gnu/libgcrypt.so.20.0.5
7f78e1ca2000-7f78e1ca3000 r--p 000d7000 08:01 2757430                    /lib/x86_64-linux-gnu/libgcrypt.so.20.0.5
7f78e1ca3000-7f78e1cab000 rw-p 000d8000 08:01 2757430                    /lib/x86_64-linux-gnu/libgcrypt.so.20.0.5
7f78e1cab000-7f78e1cac000 rw-p 00000000 00:00 0 
7f78e1cac000-7f78e1ccd000 r-xp 00000000 08:01 2757457                    /lib/x86_64-linux-gnu/liblzma.so.5.0.0
7f78e1ccd000-7f78e1ecc000 ---p 00021000 08:01 2757457                    /lib/x86_64-linux-gnu/liblzma.so.5.0.0
7f78e1ecc000-7f78e1ecd000 r--p 00020000 08:01 2757457                    /lib/x86_64-linux-gnu/liblzma.so.5.0.0
7f78e1ecd000-7f78e1ece000 rw-p 00021000 08:01 2757457                    /lib/x86_64-linux-gnu/liblzma.so.5.0.0
7f78e1ece000-7f78e1eed000 r-xp 00000000 08:01 2757548                    /lib/x86_64-linux-gnu/libselinux.so.1
7f78e1eed000-7f78e20ec000 ---p 0001f000 08:01 2757548                    /lib/x86_64-linux-gnu/libselinux.so.1
7f78e20ec000-7f78e20ed000 r--p 0001e000 08:01 2757548                    /lib/x86_64-linux-gnu/libselinux.so.1
7f78e20ed000-7f78e20ee000 rw-p 0001f000 08:01 2757548                    /lib/x86_64-linux-gnu/libselinux.so.1
7f78e20ee000-7f78e20f0000 rw-p 00000000 00:00 0 
7f78e20f0000-7f78e20f5000 r-xp 00000000 08:01 4727396                    /usr/lib/x86_64-linux-gnu/libasyncns.so.0.3.1
7f78e20f5000-7f78e22f4000 ---p 00005000 08:01 4727396                    /usr/lib/x86_64-linux-gnu/libasyncns.so.0.3.1
7f78e22f4000-7f78e22f5000 r--p 00004000 08:01 4727396                    /usr/lib/x86_64-linux-gnu/libasyncns.so.0.3.1
7f78e22f5000-7f78e22f6000 rw-p 00005000 08:01 4727396                    /usr/lib/x86_64-linux-gnu/libasyncns.so.0.3.1
7f78e22f6000-7f78e2359000 r-xp 00000000 08:01 4725157                    /usr/lib/x86_64-linux-gnu/libsndfile.so.1.0.25
7f78e2359000-7f78e2559000 ---p 00063000 08:01 4725157                    /usr/lib/x86_64-linux-gnu/libsndfile.so.1.0.25
7f78e2559000-7f78e255b000 r--p 00063000 08:01 4725157                    /usr/lib/x86_64-linux-gnu/libsndfile.so.1.0.25
7f78e255b000-7f78e255c000 rw-p 00065000 08:01 4725157                    /usr/lib/x86_64-linux-gnu/libsndfile.so.1.0.25
7f78e255c000-7f78e2560000 rw-p 00000000 00:00 0 
7f78e2560000-7f78e2568000 r-xp 00000000 08:01 2757576                    /lib/x86_64-linux-gnu/libwrap.so.0.7.6
7f78e2568000-7f78e2767000 ---p 00008000 08:01 2757576                    /lib/x86_64-linux-gnu/libwrap.so.0.7.6
7f78e2767000-7f78e2768000 r--p 00007000 08:01 2757576                    /lib/x86_64-linux-gnu/libwrap.so.0.7.6
7f78e2768000-7f78e2769000 rw-p 00008000 08:01 2757576                    /lib/x86_64-linux-gnu/libwrap.so.0.7.6
7f78e2769000-7f78e276a000 rw-p 00000000 00:00 0 
7f78e276a000-7f78e27ea000 r-xp 00000000 08:01 2752517                    /lib/x86_64-linux-gnu/libsystemd.so.0.14.0
7f78e27ea000-7f78e27ed000 r--p 0007f000 08:01 2752517                    /lib/x86_64-linux-gnu/libsystemd.so.0.14.0
7f78e27ed000-7f78e27ee000 rw-p 00082000 08:01 2752517                    /lib/x86_64-linux-gnu/libsystemd.so.0.14.0
7f78e27ee000-7f78e27ef000 rw-p 00000000 00:00 0 
7f78e27ef000-7f78e2839000 r-xp 00000000 08:01 2752540                    /lib/x86_64-linux-gnu/libdbus-1.so.3.14.6
7f78e2839000-7f78e2a39000 ---p 0004a000 08:01 2752540                    /lib/x86_64-linux-gnu/libdbus-1.so.3.14.6
7f78e2a39000-7f78e2a3a000 r--p 0004a000 08:01 2752540                    /lib/x86_64-linux-gnu/libdbus-1.so.3.14.6
7f78e2a3a000-7f78e2a3b000 rw-p 0004b000 08:01 2752540                    /lib/x86_64-linux-gnu/libdbus-1.so.3.14.6
7f78e2a3b000-7f78e2ab5000 r-xp 00000000 08:01 4984918                    /usr/lib/x86_64-linux-gnu/pulseaudio/libpulsecommon-8.0.so
7f78e2ab5000-7f78e2cb4000 ---p 0007a000 08:01 4984918                    /usr/lib/x86_64-linux-gnu/pulseaudio/libpulsecommon-8.0.so
7f78e2cb4000-7f78e2cb5000 r--p 00079000 08:01 4984918                    /usr/lib/x86_64-linux-gnu/pulseaudio/libpulsecommon-8.0.so
7f78e2cb5000-7f78e2cb6000 rw-p 0007a000 08:01 4984918                    /usr/lib/x86_64-linux-gnu/pulseaudio/libpulsecommon-8.0.so
7f78e2cb6000-7f78e2cc0000 r-xp 00000000 08:01 2757449                    /lib/x86_64-linux-gnu/libjson-c.so.2.0.0
7f78e2cc0000-7f78e2ebf000 ---p 0000a000 08:01 2757449                    /lib/x86_64-linux-gnu/libjson-c.so.2.0.0
7f78e2ebf000-7f78e2ec0000 r--p 00009000 08:01 2757449                    /lib/x86_64-linux-gnu/libjson-c.so.2.0.0
7f78e2ec0000-7f78e2ec1000 rw-p 0000a000 08:01 2757449                    /lib/x86_64-linux-gnu/libjson-c.so.2.0.0
7f78e2ec1000-7f78e2f0f000 r-xp 00000000 08:01 4728317                    /usr/lib/x86_64-linux-gnu/libpulse.so.0.19.0
7f78e2f0f000-7f78e310f000 ---p 0004e000 08:01 4728317                    /usr/lib/x86_64-linux-gnu/libpulse.so.0.19.0
7f78e310f000-7f78e3110000 r--p 0004e000 08:01 4728317                    /usr/lib/x86_64-linux-gnu/libpulse.so.0.19.0
7f78e3110000-7f78e3111000 rw-p 0004f000 08:01 4728317                    /usr/lib/x86_64-linux-gnu/libpulse.so.0.19.0
7f78e3111000-7f78e3166000 r-xp 00000000 08:01 1970581                    /tmp/libgdxfoysal/31ce78a2/libopenal64.so
7f78e3166000-7f78e3365000 ---p 00055000 08:01 1970581                    /tmp/libgdxfoysal/31ce78a2/libopenal64.so
7f78e3365000-7f78e3368000 r--p 00054000 08:01 1970581                    /tmp/libgdxfoysal/31ce78a2/libopenal64.so
7f78e3368000-7f78e3369000 rw-p 00057000 08:01 1970581                    /tmp/libgdxfoysal/31ce78a2/libopenal64.so
7f78e3369000-7f78e336a000 rw-p 00000000 00:00 0 
7f78e336a000-7f78e336f000 r-xp 00000000 08:01 4727343                    /usr/lib/x86_64-linux-gnu/libXxf86vm.so.1.0.0
7f78e336f000-7f78e356e000 ---p 00005000 08:01 4727343                    /usr/lib/x86_64-linux-gnu/libXxf86vm.so.1.0.0
7f78e356e000-7f78e356f000 r--p 00004000 08:01 4727343                    /usr/lib/x86_64-linux-gnu/libXxf86vm.so.1.0.0
7f78e356f000-7f78e3570000 rw-p 00005000 08:01 4727343                    /usr/lib/x86_64-linux-gnu/libXxf86vm.so.1.0.0
7f78e3570000-7f78e357a000 r-xp 00000000 08:01 4727325                    /usr/lib/x86_64-linux-gnu/libXrandr.so.2.2.0
7f78e357a000-7f78e3779000 ---p 0000a000 08:01 4727325                    /usr/lib/x86_64-linux-gnu/libXrandr.so.2.2.0
7f78e3779000-7f78e377a000 r--p 00009000 08:01 4727325                    /usr/lib/x86_64-linux-gnu/libXrandr.so.2.2.0
7f78e377a000-7f78e377b000 rw-p 0000a000 08:01 4727325                    /usr/lib/x86_64-linux-gnu/libXrandr.so.2.2.0
7f78e377b000-7f78e37eb000 r-xp 00000000 08:01 1970580                    /tmp/libgdxfoysal/31ce78a2/liblwjgl64.so
7f78e37eb000-7f78e39eb000 ---p 00070000 08:01 1970580                    /tmp/libgdxfoysal/31ce78a2/liblwjgl64.so
7f78e39eb000-7f78e39ed000 r--p 00070000 08:01 1970580                    /tmp/libgdxfoysal/31ce78a2/liblwjgl64.so
7f78e39ed000-7f78e39ee000 rw-p 00072000 08:01 1970580                    /tmp/libgdxfoysal/31ce78a2/liblwjgl64.so
7f78e39ee000-7f78e39ef000 r-xp 00000000 08:01 4723430                    /usr/lib/jvm/java-8-openjdk-amd64/jre/lib/amd64/libjawt.so
7f78e39ef000-7f78e3bee000 ---p 00001000 08:01 4723430                    /usr/lib/jvm/java-8-openjdk-amd64/jre/lib/amd64/libjawt.so
7f78e3bee000-7f78e3bef000 r--p 00000000 08:01 4723430                    /usr/lib/jvm/java-8-openjdk-amd64/jre/lib/amd64/libjawt.so
7f78e3bef000-7f78e3bf0000 rw-p 00001000 08:01 4723430                    /usr/lib/jvm/java-8-openjdk-amd64/jre/lib/amd64/libjawt.so
7f78e3bf0000-7f78e3bf5000 r-xp 00000000 08:01 4727307                    /usr/lib/x86_64-linux-gnu/libXfixes.so.3.1.0
7f78e3bf5000-7f78e3df4000 ---p 00005000 08:01 4727307                    /usr/lib/x86_64-linux-gnu/libXfixes.so.3.1.0
7f78e3df4000-7f78e3df5000 r--p 00004000 08:01 4727307                    /usr/lib/x86_64-linux-gnu/libXfixes.so.3.1.0
7f78e3df5000-7f78e3df6000 rw-p 00005000 08:01 4727307                    /usr/lib/x86_64-linux-gnu/libXfixes.so.3.1.0
7f78e3df6000-7f78e3dff000 r-xp 00000000 08:01 4727299                    /usr/lib/x86_64-linux-gnu/libXcursor.so.1.0.2
7f78e3dff000-7f78e3ffe000 ---p 00009000 08:01 4727299                    /usr/lib/x86_64-linux-gnu/libXcursor.so.1.0.2
7f78e3ffe000-7f78e3fff000 r--p 00008000 08:01 4727299                    /usr/lib/x86_64-linux-gnu/libXcursor.so.1.0.2
7f78e3fff000-7f78e4000000 rw-p 00009000 08:01 4727299                    /usr/lib/x86_64-linux-gnu/libXcursor.so.1.0.2
7f78e4000000-7f78e4021000 rw-p 00000000 00:00 0 
7f78e4021000-7f78e8000000 ---p 00000000 00:00 0 
7f78e803d000-7f78e8040000 ---p 00000000 00:00 0 
7f78e8040000-7f78e8076000 rw-p 00000000 00:00 0 
7f78e8076000-7f78e8079000 ---p 00000000 00:00 0 
7f78e8079000-7f78e8177000 rw-p 00000000 00:00 0 
7f78e8177000-7f78e817a000 ---p 00000000 00:00 0 
7f78e817a000-7f78e8278000 rw-p 00000000 00:00 0 
7f78e8278000-7f78e829c000 r-xp 00000000 08:01 2757531                    /lib/x86_64-linux-gnu/libpng12.so.0.54.0
7f78e829c000-7f78e849b000 ---p 00024000 08:01 2757531                    /lib/x86_64-linux-gnu/libpng12.so.0.54.0
7f78e849b000-7f78e849c000 r--p 00023000 08:01 2757531                    /lib/x86_64-linux-gnu/libpng12.so.0.54.0
7f78e849c000-7f78e849d000 rw-p 00024000 08:01 2757531                    /lib/x86_64-linux-gnu/libpng12.so.0.54.0
7f78e849d000-7f78e8541000 r-xp 00000000 08:01 4727730                    /usr/lib/x86_64-linux-gnu/libfreetype.so.6.12.1
7f78e8541000-7f78e8740000 ---p 000a4000 08:01 4727730                    /usr/lib/x86_64-linux-gnu/libfreetype.so.6.12.1
7f78e8740000-7f78e8746000 r--p 000a3000 08:01 4727730                    /usr/lib/x86_64-linux-gnu/libfreetype.so.6.12.1
7f78e8746000-7f78e8747000 rw-p 000a9000 08:01 4727730                    /usr/lib/x86_64-linux-gnu/libfreetype.so.6.12.1
7f78e8751000-7f78e8755000 rw-s 00000000 00:18 727                        /i915 (deleted)
7f78e8755000-7f78e875a000 rw-s 00000000 00:18 721                        /i915 (deleted)
7f78e875a000-7f78e875b000 rwxp 00000000 00:00 0 
7f78e875b000-7f78e875c000 rw-s 00000000 00:05 134488                     /memfd:xshmfence (deleted)
7f78e875c000-7f78e8760000 rw-s 00000000 00:18 676                        /i915 (deleted)
7f78e8760000-7f78e8765000 rw-s 00000000 00:18 608                        /i915 (deleted)
7f78e8765000-7f78e87b6000 r-xp 00000000 08:01 4723441                    /usr/lib/jvm/java-8-openjdk-amd64/jre/lib/amd64/libfontmanager.so
7f78e87b6000-7f78e89b6000 ---p 00051000 08:01 4723441                    /usr/lib/jvm/java-8-openjdk-amd64/jre/lib/amd64/libfontmanager.so
7f78e89b6000-7f78e89b8000 r--p 00051000 08:01 4723441                    /usr/lib/jvm/java-8-openjdk-amd64/jre/lib/amd64/libfontmanager.so
7f78e89b8000-7f78e89b9000 rw-p 00053000 08:01 4723441                    /usr/lib/jvm/java-8-openjdk-amd64/jre/lib/amd64/libfontmanager.so
7f78e89b9000-7f78e89be000 r-xp 00000000 08:01 4727303                    /usr/lib/x86_64-linux-gnu/libXdmcp.so.6.0.0
7f78e89be000-7f78e8bbd000 ---p 00005000 08:01 4727303                    /usr/lib/x86_64-linux-gnu/libXdmcp.so.6.0.0
7f78e8bbd000-7f78e8bbe000 r--p 00004000 08:01 4727303                    /usr/lib/x86_64-linux-gnu/libXdmcp.so.6.0.0
7f78e8bbe000-7f78e8bbf000 rw-p 00005000 08:01 4727303                    /usr/lib/x86_64-linux-gnu/libXdmcp.so.6.0.0
7f78e8bbf000-7f78e8bc1000 r-xp 00000000 08:01 4727292                    /usr/lib/x86_64-linux-gnu/libXau.so.6.0.0
7f78e8bc1000-7f78e8dc1000 ---p 00002000 08:01 4727292                    /usr/lib/x86_64-linux-gnu/libXau.so.6.0.0
7f78e8dc1000-7f78e8dc2000 r--p 00002000 08:01 4727292                    /usr/lib/x86_64-linux-gnu/libXau.so.6.0.0
7f78e8dc2000-7f78e8dc3000 rw-p 00003000 08:01 4727292                    /usr/lib/x86_64-linux-gnu/libXau.so.6.0.0
7f78e8dc3000-7f78e8de4000 r-xp 00000000 08:01 4728716                    /usr/lib/x86_64-linux-gnu/libxcb.so.1.1.0
7f78e8de4000-7f78e8fe3000 ---p 00021000 08:01 4728716                    /usr/lib/x86_64-linux-gnu/libxcb.so.1.1.0
7f78e8fe3000-7f78e8fe4000 r--p 00020000 08:01 4728716                    /usr/lib/x86_64-linux-gnu/libxcb.so.1.1.0
7f78e8fe4000-7f78e8fe5000 rw-p 00021000 08:01 4728716                    /usr/lib/x86_64-linux-gnu/libxcb.so.1.1.0
7f78e8fe5000-7f78e8ff4000 r-xp 00000000 08:01 4727315                    /usr/lib/x86_64-linux-gnu/libXi.so.6.1.0
7f78e8ff4000-7f78e91f3000 ---p 0000f000 08:01 4727315                    /usr/lib/x86_64-linux-gnu/libXi.so.6.1.0
7f78e91f3000-7f78e91f4000 r--p 0000e000 08:01 4727315                    /usr/lib/x86_64-linux-gnu/libXi.so.6.1.0
7f78e91f4000-7f78e91f5000 rw-p 0000f000 08:01 4727315                    /usr/lib/x86_64-linux-gnu/libXi.so.6.1.0
7f78e91f5000-7f78e91fa000 r-xp 00000000 08:01 4727333                    /usr/lib/x86_64-linux-gnu/libXtst.so.6.1.0
7f78e91fa000-7f78e93f9000 ---p 00005000 08:01 4727333                    /usr/lib/x86_64-linux-gnu/libXtst.so.6.1.0
7f78e93f9000-7f78e93fa000 r--p 00004000 08:01 4727333                    /usr/lib/x86_64-linux-gnu/libXtst.so.6.1.0
7f78e93fa000-7f78e93fb000 rw-p 00005000 08:01 4727333                    /usr/lib/x86_64-linux-gnu/libXtst.so.6.1.0
7f78e93fb000-7f78e9404000 r-xp 00000000 08:01 4727327                    /usr/lib/x86_64-linux-gnu/libXrender.so.1.3.0
7f78e9404000-7f78e9603000 ---p 00009000 08:01 4727327                    /usr/lib/x86_64-linux-gnu/libXrender.so.1.3.0
7f78e9603000-7f78e9604000 r--p 00008000 08:01 4727327                    /usr/lib/x86_64-linux-gnu/libXrender.so.1.3.0
7f78e9604000-7f78e9605000 rw-p 00009000 08:01 4727327                    /usr/lib/x86_64-linux-gnu/libXrender.so.1.3.0
7f78e9605000-7f78e973a000 r-xp 00000000 08:01 4727288                    /usr/lib/x86_64-linux-gnu/libX11.so.6.3.0
7f78e973a000-7f78e993a000 ---p 00135000 08:01 4727288                    /usr/lib/x86_64-linux-gnu/libX11.so.6.3.0
7f78e993a000-7f78e993b000 r--p 00135000 08:01 4727288                    /usr/lib/x86_64-linux-gnu/libX11.so.6.3.0
7f78e993b000-7f78e993f000 rw-p 00136000 08:01 4727288                    /usr/lib/x86_64-linux-gnu/libX11.so.6.3.0
7f78e993f000-7f78e9950000 r-xp 00000000 08:01 4727305                    /usr/lib/x86_64-linux-gnu/libXext.so.6.4.0
7f78e9950000-7f78e9b4f000 ---p 00011000 08:01 4727305                    /usr/lib/x86_64-linux-gnu/libXext.so.6.4.0
7f78e9b4f000-7f78e9b50000 r--p 00010000 08:01 4727305                    /usr/lib/x86_64-linux-gnu/libXext.so.6.4.0
7f78e9b50000-7f78e9b51000 rw-p 00011000 08:01 4727305                    /usr/lib/x86_64-linux-gnu/libXext.so.6.4.0
7f78e9b51000-7f78e9b55000 rw-s 00000000 00:18 670                        /i915 (deleted)
7f78e9b55000-7f78e9b5c000 r--s 00000000 08:01 4983605                    /usr/lib/x86_64-linux-gnu/gconv/gconv-modules.cache
7f78e9b5c000-7f78e9b6f000 r--s 00346000 08:01 4724250                    /usr/lib/jvm/java-8-openjdk-amd64/jre/lib/resources.jar
7f78e9b6f000-7f78e9bca000 r-xp 00000000 08:01 4723422                    /usr/lib/jvm/java-8-openjdk-amd64/jre/lib/amd64/libawt_xawt.so
7f78e9bca000-7f78e9dc9000 ---p 0005b000 08:01 4723422                    /usr/lib/jvm/java-8-openjdk-amd64/jre/lib/amd64/libawt_xawt.so
7f78e9dc9000-7f78e9dca000 r--p 0005a000 08:01 4723422                    /usr/lib/jvm/java-8-openjdk-amd64/jre/lib/amd64/libawt_xawt.so
7f78e9dca000-7f78e9dcd000 rw-p 0005b000 08:01 4723422                    /usr/lib/jvm/java-8-openjdk-amd64/jre/lib/amd64/libawt_xawt.so
7f78e9dcd000-7f78e9dcf000 rw-p 00000000 00:00 0 
7f78e9dcf000-7f78e9e6e000 r-xp 00000000 08:01 4723424                    /usr/lib/jvm/java-8-openjdk-amd64/jre/lib/amd64/libawt.so
7f78e9e6e000-7f78ea06e000 ---p 0009f000 08:01 4723424                    /usr/lib/jvm/java-8-openjdk-amd64/jre/lib/amd64/libawt.so
7f78ea06e000-7f78ea06f000 r--p 0009f000 08:01 4723424                    /usr/lib/jvm/java-8-openjdk-amd64/jre/lib/amd64/libawt.so
7f78ea06f000-7f78ea07a000 rw-p 000a0000 08:01 4723424                    /usr/lib/jvm/java-8-openjdk-amd64/jre/lib/amd64/libawt.so
7f78ea07a000-7f78ea09f000 rw-p 00000000 00:00 0 
7f78ea09f000-7f78ea0a3000 r--s 000a1000 08:01 4724252                    /usr/lib/jvm/java-8-openjdk-amd64/jre/lib/jsse.jar
7f78ea0a3000-7f78ea0d7000 r-xp 00000000 08:01 1970578                    /tmp/libgdxfoysal/3db1ff57/libgdx64.so
7f78ea0d7000-7f78ea2d7000 ---p 00034000 08:01 1970578                    /tmp/libgdxfoysal/3db1ff57/libgdx64.so
7f78ea2d7000-7f78ea2d8000 r--p 00034000 08:01 1970578                    /tmp/libgdxfoysal/3db1ff57/libgdx64.so
7f78ea2d8000-7f78ea2d9000 rw-p 00035000 08:01 1970578                    /tmp/libgdxfoysal/3db1ff57/libgdx64.so
7f78ea2d9000-7f78ea2da000 r--s 00002000 08:03 1966785                    /home/foysal/.gradle/caches/modules-2/files-2.1/net.java.jinput/jinput-platform/2.0.5/53f9c919f34d2ca9de8c51fc4e1e8282029a9232/jinput-platform-2.0.5-natives-osx.jar
7f78ea2da000-7f78ea2db000 r--s 00025000 08:03 1966783                    /home/foysal/.gradle/caches/modules-2/files-2.1/net.java.jinput/jinput-platform/2.0.5/385ee093e01f587f30ee1c8a2ee7d408fd732e16/jinput-platform-2.0.5-natives-windows.jar
7f78ea2db000-7f78ea2dc000 r--s 00002000 08:03 1966781                    /home/foysal/.gradle/caches/modules-2/files-2.1/net.java.jinput/jinput-platform/2.0.5/7ff832a6eb9ab6a767f1ade2b548092d0fa64795/jinput-platform-2.0.5-natives-linux.jar
7f78ea2dc000-7f78ea2dd000 r--s 00001000 08:03 1966779                    /home/foysal/.gradle/caches/modules-2/files-2.1/net.java.jutils/jutils/1.0.0/e12fe1fda814bd348c1579329c86943d2cd3c6a6/jutils-1.0.0.jar
7f78ea2dd000-7f78ea2e1000 r--s 0002f000 08:03 1966777                    /home/foysal/.gradle/caches/modules-2/files-2.1/net.java.jinput/jinput/2.0.5/39c7796b469a600f72380316f6b1f11db6c2c7c4/jinput-2.0.5.jar
7f78ea2e1000-7f78ea2e2000 r--s 00068000 08:03 1966789                    /home/foysal/.gradle/caches/modules-2/files-2.1/org.lwjgl.lwjgl/lwjgl-platform/2.9.2/d55b46b40b40249d627a83a7f7f22649709d70c3/lwjgl-platform-2.9.2-natives-osx.jar
7f78ea2e2000-7f78ea2e3000 r--s 0008d000 08:03 1966791                    /home/foysal/.gradle/caches/modules-2/files-2.1/org.lwjgl.lwjgl/lwjgl-platform/2.9.2/d276cdf61fe2b516c7b7f4aa1b8dea91dbdc8d56/lwjgl-platform-2.9.2-natives-linux.jar
7f78ea2e3000-7f78ea2e4000 r--s 00095000 08:03 1966775                    /home/foysal/.gradle/caches/modules-2/files-2.1/org.lwjgl.lwjgl/lwjgl-platform/2.9.2/510c7d317f5e9e700b9cfaac5fd38bdebf0702e0/lwjgl-platform-2.9.2-natives-windows.jar
7f78ea2e4000-7f78ea2e6000 r--s 00017000 08:03 1966769                    /home/foysal/.gradle/caches/modules-2/files-2.1/org.jcraft/jorbis/0.0.17/8872d22b293e8f5d7d56ff92be966e6dc28ebdc6/jorbis-0.0.17.jar
7f78ea2e6000-7f78ea2e7000 r--s 00015000 08:03 1966767                    /home/foysal/.gradle/caches/modules-2/files-2.1/com.badlogicgames.jlayer/jlayer/1.0.1-gdx/7cca83cec5c1b2f011362f4d85aabd71a73b049d/jlayer-1.0.1-gdx.jar
7f78ea2e7000-7f78ea2f5000 r--s 000f2000 08:03 1966793                    /home/foysal/.gradle/caches/modules-2/files-2.1/org.lwjgl.lwjgl/lwjgl/2.9.2/a9d80fe5935c7a9149f6584d9777cfd471f65489/lwjgl-2.9.2.jar
7f78ea2f5000-7f78ea2f9000 r--s 00027000 08:03 1966771                    /home/foysal/.gradle/caches/modules-2/files-2.1/org.lwjgl.lwjgl/lwjgl_util/2.9.2/4b9e37300a87799856e0bd15ed81663cdb6b0947/lwjgl_util-2.9.2.jar
7f78ea2f9000-7f78ea2fa000 r--s 000e8000 08:03 2097429                    /home/foysal/.gradle/caches/modules-2/files-2.1/com.badlogicgames.gdx/gdx-box2d-platform/1.9.9/72b2916f45f3f948896eda931cd597f7e698340f/gdx-box2d-platform-1.9.9-natives-desktop.jar
7f78ea2fa000-7f78ea2fd000 r--s 00021000 08:03 1966773                    /home/foysal/.gradle/caches/modules-2/files-2.1/com.badlogicgames.gdx/gdx-backend-lwjgl/1.9.9/ca8911cb94c0bfeb59f99e46ca9b92440958fb0e/gdx-backend-lwjgl-1.9.9.jar
7f78ea2fd000-7f78ea319000 r--s 001be000 08:03 1966665                    /home/foysal/.gradle/caches/modules-2/files-2.1/com.badlogicgames.gdx/gdx/1.9.9/bf26f2f816b3cfe37ac6e66615391c30714b7030/gdx-1.9.9.jar
7f78ea319000-7f78ea31b000 r--s 00010000 08:03 2097417                    /home/foysal/.gradle/caches/modules-2/files-2.1/com.badlogicgames.gdx/gdx-box2d/1.9.9/e9a43c50fbe4f1e26dd0af5d2e78d125549e7f6b/gdx-box2d-1.9.9.jar
7f78ea31b000-7f78ea31f000 r--s 00029000 08:03 2885163                    /home/foysal/.gradle/caches/modules-2/files-2.1/net.dermetfan.libgdx-utils/libgdx-utils/0.13.4/27affad2873d1c9c366a2290fc51f3927f3a5f83/libgdx-utils-0.13.4.jar
7f78ea31f000-7f78ea323000 r--s 0001e000 08:03 2885157                    /home/foysal/.gradle/caches/modules-2/files-2.1/net.dermetfan.libgdx-utils/libgdx-utils-box2d/0.13.4/918d79a20ea3c898cdb3611782c5b2bfa6ec575b/libgdx-utils-box2d-0.13.4.jar
7f78ea323000-7f78ea325000 r--s 00008000 08:01 4724283                    /usr/lib/jvm/java-8-openjdk-amd64/jre/lib/ext/sunec.jar
7f78ea325000-7f78ea340000 r--s 001d6000 08:01 4724280                    /usr/lib/jvm/java-8-openjdk-amd64/jre/lib/ext/nashorn.jar
7f78ea340000-7f78ea35b000 r--s 00394000 08:01 4724279                    /usr/lib/jvm/java-8-openjdk-amd64/jre/lib/ext/cldrdata.jar
7f78ea35b000-7f78ea35c000 ---p 00000000 00:00 0 
7f78ea35c000-7f78ea45c000 rw-p 00000000 00:00 0 
7f78ea45c000-7f78ea45f000 ---p 00000000 00:00 0 
7f78ea45f000-7f78ea55d000 rw-p 00000000 00:00 0 
7f78ea55d000-7f78ea560000 ---p 00000000 00:00 0 
7f78ea560000-7f78ea65e000 rw-p 00000000 00:00 0 
7f78ea65e000-7f78ea661000 ---p 00000000 00:00 0 
7f78ea661000-7f78ea75f000 rw-p 00000000 00:00 0 
7f78ea75f000-7f78ea762000 ---p 00000000 00:00 0 
7f78ea762000-7f78ea860000 rw-p 00000000 00:00 0 
7f78ea860000-7f78ea863000 ---p 00000000 00:00 0 
7f78ea863000-7f78ea961000 rw-p 00000000 00:00 0 
7f78ea961000-7f78eb370000 r--p 00000000 08:01 4726095                    /usr/lib/locale/locale-archive
7f78eb370000-7f78eb373000 ---p 00000000 00:00 0 
7f78eb373000-7f78eb471000 rw-p 00000000 00:00 0 
7f78eb471000-7f78eb474000 ---p 00000000 00:00 0 
7f78eb474000-7f78eb572000 rw-p 00000000 00:00 0 
7f78eb572000-7f78eb573000 ---p 00000000 00:00 0 
7f78eb573000-7f78ec000000 rw-p 00000000 00:00 0 
7f78ec000000-7f78ec021000 rw-p 00000000 00:00 0 
7f78ec021000-7f78f0000000 ---p 00000000 00:00 0 
7f78f0000000-7f78f000a000 r--s 00116000 08:01 4724287                    /usr/lib/jvm/java-8-openjdk-amd64/jre/lib/ext/localedata.jar
7f78f000a000-7f78f0631000 rw-p 00000000 00:00 0 
7f78f0631000-7f78f0800000 r--s 03c3b000 08:01 4724248                    /usr/lib/jvm/java-8-openjdk-amd64/jre/lib/rt.jar
7f78f0800000-7f78f1000000 rw-p 00000000 00:00 0 
7f78f1000000-7f78f1290000 rwxp 00000000 00:00 0 
7f78f1290000-7f7900000000 ---p 00000000 00:00 0 
7f7900000000-7f790043a000 rw-p 00000000 00:00 0 
7f790043a000-7f7904000000 ---p 00000000 00:00 0 
7f7904000000-7f7904005000 r--s 0003c000 08:01 4724284                    /usr/lib/jvm/java-8-openjdk-amd64/jre/lib/ext/sunjce_provider.jar
7f7904005000-7f790425d000 rw-p 00000000 00:00 0 
7f790425d000-7f790425e000 ---p 00000000 00:00 0 
7f790425e000-7f790435e000 rw-p 00000000 00:00 0 
7f790435e000-7f790435f000 ---p 00000000 00:00 0 
7f790435f000-7f790445f000 rw-p 00000000 00:00 0 
7f790445f000-7f7904460000 ---p 00000000 00:00 0 
7f7904460000-7f7904560000 rw-p 00000000 00:00 0 
7f7904560000-7f7904561000 ---p 00000000 00:00 0 
7f7904561000-7f7904676000 rw-p 00000000 00:00 0 
7f7904676000-7f79047a3000 ---p 00000000 00:00 0 
7f79047a3000-7f79047b8000 rw-p 00000000 00:00 0 
7f79047b8000-7f79048e4000 ---p 00000000 00:00 0 
7f79048e4000-7f79048ef000 rw-p 00000000 00:00 0 
7f79048ef000-7f7904985000 ---p 00000000 00:00 0 
7f7904985000-7f7904991000 rw-p 00000000 00:00 0 
7f7904991000-7f7904d46000 ---p 00000000 00:00 0 
7f7904d46000-7f7904d4e000 r-xp 00000000 08:01 4724246                    /usr/lib/jvm/java-8-openjdk-amd64/jre/lib/amd64/libzip.so
7f7904d4e000-7f7904f4d000 ---p 00008000 08:01 4724246                    /usr/lib/jvm/java-8-openjdk-amd64/jre/lib/amd64/libzip.so
7f7904f4d000-7f7904f4e000 r--p 00007000 08:01 4724246                    /usr/lib/jvm/java-8-openjdk-amd64/jre/lib/amd64/libzip.so
7f7904f4e000-7f7904f4f000 rw-p 00008000 08:01 4724246                    /usr/lib/jvm/java-8-openjdk-amd64/jre/lib/amd64/libzip.so
7f7904f4f000-7f7904f5a000 r-xp 00000000 08:01 2757489                    /lib/x86_64-linux-gnu/libnss_files-2.23.so
7f7904f5a000-7f7905159000 ---p 0000b000 08:01 2757489                    /lib/x86_64-linux-gnu/libnss_files-2.23.so
7f7905159000-7f790515a000 r--p 0000a000 08:01 2757489                    /lib/x86_64-linux-gnu/libnss_files-2.23.so
7f790515a000-7f790515b000 rw-p 0000b000 08:01 2757489                    /lib/x86_64-linux-gnu/libnss_files-2.23.so
7f790515b000-7f7905161000 rw-p 00000000 00:00 0 
7f7905161000-7f790516c000 r-xp 00000000 08:01 2757499                    /lib/x86_64-linux-gnu/libnss_nis-2.23.so
7f790516c000-7f790536b000 ---p 0000b000 08:01 2757499                    /lib/x86_64-linux-gnu/libnss_nis-2.23.so
7f790536b000-7f790536c000 r--p 0000a000 08:01 2757499                    /lib/x86_64-linux-gnu/libnss_nis-2.23.so
7f790536c000-7f790536d000 rw-p 0000b000 08:01 2757499                    /lib/x86_64-linux-gnu/libnss_nis-2.23.so
7f790536d000-7f7905383000 r-xp 00000000 08:01 2757483                    /lib/x86_64-linux-gnu/libnsl-2.23.so
7f7905383000-7f7905582000 ---p 00016000 08:01 2757483                    /lib/x86_64-linux-gnu/libnsl-2.23.so
7f7905582000-7f7905583000 r--p 00015000 08:01 2757483                    /lib/x86_64-linux-gnu/libnsl-2.23.so
7f7905583000-7f7905584000 rw-p 00016000 08:01 2757483                    /lib/x86_64-linux-gnu/libnsl-2.23.so
7f7905584000-7f7905586000 rw-p 00000000 00:00 0 
7f7905586000-7f790558e000 r-xp 00000000 08:01 2757485                    /lib/x86_64-linux-gnu/libnss_compat-2.23.so
7f790558e000-7f790578d000 ---p 00008000 08:01 2757485                    /lib/x86_64-linux-gnu/libnss_compat-2.23.so
7f790578d000-7f790578e000 r--p 00007000 08:01 2757485                    /lib/x86_64-linux-gnu/libnss_compat-2.23.so
7f790578e000-7f790578f000 rw-p 00008000 08:01 2757485                    /lib/x86_64-linux-gnu/libnss_compat-2.23.so
7f790578f000-7f79057bb000 r-xp 00000000 08:01 4723440                    /usr/lib/jvm/java-8-openjdk-amd64/jre/lib/amd64/libjava.so
7f79057bb000-7f79059ba000 ---p 0002c000 08:01 4723440                    /usr/lib/jvm/java-8-openjdk-amd64/jre/lib/amd64/libjava.so
7f79059ba000-7f79059bb000 r--p 0002b000 08:01 4723440                    /usr/lib/jvm/java-8-openjdk-amd64/jre/lib/amd64/libjava.so
7f79059bb000-7f79059bd000 rw-p 0002c000 08:01 4723440                    /usr/lib/jvm/java-8-openjdk-amd64/jre/lib/amd64/libjava.so
7f79059bd000-7f79059cc000 r-xp 00000000 08:01 4723428                    /usr/lib/jvm/java-8-openjdk-amd64/jre/lib/amd64/libverify.so
7f79059cc000-7f7905bcb000 ---p 0000f000 08:01 4723428                    /usr/lib/jvm/java-8-openjdk-amd64/jre/lib/amd64/libverify.so
7f7905bcb000-7f7905bcd000 r--p 0000e000 08:01 4723428                    /usr/lib/jvm/java-8-openjdk-amd64/jre/lib/amd64/libverify.so
7f7905bcd000-7f7905bce000 rw-p 00010000 08:01 4723428                    /usr/lib/jvm/java-8-openjdk-amd64/jre/lib/amd64/libverify.so
7f7905bce000-7f7905bd5000 r-xp 00000000 08:01 2757544                    /lib/x86_64-linux-gnu/librt-2.23.so
7f7905bd5000-7f7905dd4000 ---p 00007000 08:01 2757544                    /lib/x86_64-linux-gnu/librt-2.23.so
7f7905dd4000-7f7905dd5000 r--p 00006000 08:01 2757544                    /lib/x86_64-linux-gnu/librt-2.23.so
7f7905dd5000-7f7905dd6000 rw-p 00007000 08:01 2757544                    /lib/x86_64-linux-gnu/librt-2.23.so
7f7905dd6000-7f7905dec000 r-xp 00000000 08:01 2757428                    /lib/x86_64-linux-gnu/libgcc_s.so.1
7f7905dec000-7f7905feb000 ---p 00016000 08:01 2757428                    /lib/x86_64-linux-gnu/libgcc_s.so.1
7f7905feb000-7f7905fec000 rw-p 00015000 08:01 2757428                    /lib/x86_64-linux-gnu/libgcc_s.so.1
7f7905fec000-7f79060f4000 r-xp 00000000 08:01 2757460                    /lib/x86_64-linux-gnu/libm-2.23.so
7f79060f4000-7f79062f3000 ---p 00108000 08:01 2757460                    /lib/x86_64-linux-gnu/libm-2.23.so
7f79062f3000-7f79062f4000 r--p 00107000 08:01 2757460                    /lib/x86_64-linux-gnu/libm-2.23.so
7f79062f4000-7f79062f5000 rw-p 00108000 08:01 2757460                    /lib/x86_64-linux-gnu/libm-2.23.so
7f79062f5000-7f7906467000 r-xp 00000000 08:01 4728465                    /usr/lib/x86_64-linux-gnu/libstdc++.so.6.0.21
7f7906467000-7f7906667000 ---p 00172000 08:01 4728465                    /usr/lib/x86_64-linux-gnu/libstdc++.so.6.0.21
7f7906667000-7f7906671000 r--p 00172000 08:01 4728465                    /usr/lib/x86_64-linux-gnu/libstdc++.so.6.0.21
7f7906671000-7f7906673000 rw-p 0017c000 08:01 4728465                    /usr/lib/x86_64-linux-gnu/libstdc++.so.6.0.21
7f7906673000-7f7906677000 rw-p 00000000 00:00 0 
7f7906677000-7f79072db000 r-xp 00000000 08:01 4723438                    /usr/lib/jvm/java-8-openjdk-amd64/jre/lib/amd64/server/libjvm.so
7f79072db000-7f79074da000 ---p 00c64000 08:01 4723438                    /usr/lib/jvm/java-8-openjdk-amd64/jre/lib/amd64/server/libjvm.so
7f79074da000-7f790756e000 r--p 00c63000 08:01 4723438                    /usr/lib/jvm/java-8-openjdk-amd64/jre/lib/amd64/server/libjvm.so
7f790756e000-7f7907597000 rw-p 00cf7000 08:01 4723438                    /usr/lib/jvm/java-8-openjdk-amd64/jre/lib/amd64/server/libjvm.so
7f7907597000-7f79075c7000 rw-p 00000000 00:00 0 
7f79075c7000-7f79075df000 r-xp 00000000 08:01 2757536                    /lib/x86_64-linux-gnu/libpthread-2.23.so
7f79075df000-7f79077de000 ---p 00018000 08:01 2757536                    /lib/x86_64-linux-gnu/libpthread-2.23.so
7f79077de000-7f79077df000 r--p 00017000 08:01 2757536                    /lib/x86_64-linux-gnu/libpthread-2.23.so
7f79077df000-7f79077e0000 rw-p 00018000 08:01 2757536                    /lib/x86_64-linux-gnu/libpthread-2.23.so
7f79077e0000-7f79077e4000 rw-p 00000000 00:00 0 
7f79077e4000-7f79077e7000 r-xp 00000000 08:01 2757414                    /lib/x86_64-linux-gnu/libdl-2.23.so
7f79077e7000-7f79079e6000 ---p 00003000 08:01 2757414                    /lib/x86_64-linux-gnu/libdl-2.23.so
7f79079e6000-7f79079e7000 r--p 00002000 08:01 2757414                    /lib/x86_64-linux-gnu/libdl-2.23.so
7f79079e7000-7f79079e8000 rw-p 00003000 08:01 2757414                    /lib/x86_64-linux-gnu/libdl-2.23.so
7f79079e8000-7f7907a01000 r-xp 00000000 08:01 2757581                    /lib/x86_64-linux-gnu/libz.so.1.2.8
7f7907a01000-7f7907c00000 ---p 00019000 08:01 2757581                    /lib/x86_64-linux-gnu/libz.so.1.2.8
7f7907c00000-7f7907c01000 r--p 00018000 08:01 2757581                    /lib/x86_64-linux-gnu/libz.so.1.2.8
7f7907c01000-7f7907c02000 rw-p 00019000 08:01 2757581                    /lib/x86_64-linux-gnu/libz.so.1.2.8
7f7907c02000-7f7907dc2000 r-xp 00000000 08:01 2757390                    /lib/x86_64-linux-gnu/libc-2.23.so
7f7907dc2000-7f7907fc2000 ---p 001c0000 08:01 2757390                    /lib/x86_64-linux-gnu/libc-2.23.so
7f7907fc2000-7f7907fc6000 r--p 001c0000 08:01 2757390                    /lib/x86_64-linux-gnu/libc-2.23.so
7f7907fc6000-7f7907fc8000 rw-p 001c4000 08:01 2757390                    /lib/x86_64-linux-gnu/libc-2.23.so
7f7907fc8000-7f7907fcc000 rw-p 00000000 00:00 0 
7f7907fcc000-7f7907fd9000 r-xp 00000000 08:01 4723477                    /usr/lib/jvm/java-8-openjdk-amd64/jre/lib/amd64/jli/libjli.so
7f7907fd9000-7f79081d8000 ---p 0000d000 08:01 4723477                    /usr/lib/jvm/java-8-openjdk-amd64/jre/lib/amd64/jli/libjli.so
7f79081d8000-7f79081d9000 r--p 0000c000 08:01 4723477                    /usr/lib/jvm/java-8-openjdk-amd64/jre/lib/amd64/jli/libjli.so
7f79081d9000-7f79081da000 rw-p 0000d000 08:01 4723477                    /usr/lib/jvm/java-8-openjdk-amd64/jre/lib/amd64/jli/libjli.so
7f79081da000-7f7908200000 r-xp 00000000 08:01 2757362                    /lib/x86_64-linux-gnu/ld-2.23.so
7f7908200000-7f7908201000 r--s 000ba000 08:03 1966787                    /home/foysal/.gradle/caches/modules-2/files-2.1/com.badlogicgames.gdx/gdx-platform/1.9.9/7e644cfafdb436b13b24ac7993ffab17f306b64d/gdx-platform-1.9.9-natives-desktop.jar
7f7908201000-7f7908203000 r--s 00001000 08:01 4724286                    /usr/lib/jvm/java-8-openjdk-amd64/jre/lib/ext/dnsns.jar
7f7908203000-7f7908204000 r--s 00010000 08:01 4724282                    /usr/lib/jvm/java-8-openjdk-amd64/jre/lib/ext/zipfs.jar
7f7908204000-7f7908207000 r--s 0000f000 08:01 4724278                    /usr/lib/jvm/java-8-openjdk-amd64/jre/lib/ext/icedtea-sound.jar
7f7908207000-7f790820a000 r--s 00039000 08:01 4724288                    /usr/lib/jvm/java-8-openjdk-amd64/jre/lib/ext/sunpkcs11.jar
7f790820a000-7f79082db000 rw-p 00000000 00:00 0 
7f79082db000-7f79082de000 ---p 00000000 00:00 0 
7f79082de000-7f79083e0000 rw-p 00000000 00:00 0 
7f79083e0000-7f79083e1000 r--s 0000a000 08:01 4724285                    /usr/lib/jvm/java-8-openjdk-amd64/jre/lib/ext/jaccess.jar
7f79083e1000-7f79083f4000 rw-p 00000000 00:00 0 
7f79083f4000-7f79083fc000 rw-s 00000000 08:01 1970564                    /tmp/hsperfdata_foysal/19647
7f79083fc000-7f79083fd000 rw-p 00000000 00:00 0 
7f79083fd000-7f79083fe000 r--p 00000000 00:00 0 
7f79083fe000-7f79083ff000 rw-p 00000000 00:00 0 
7f79083ff000-7f7908400000 r--p 00025000 08:01 2757362                    /lib/x86_64-linux-gnu/ld-2.23.so
7f7908400000-7f7908401000 rw-p 00026000 08:01 2757362                    /lib/x86_64-linux-gnu/ld-2.23.so
7f7908401000-7f7908402000 rw-p 00000000 00:00 0 
7ffc9f07d000-7ffc9f09f000 rw-p 00000000 00:00 0                          [stack]
7ffc9f193000-7ffc9f196000 r--p 00000000 00:00 0                          [vvar]
7ffc9f196000-7ffc9f198000 r-xp 00000000 00:00 0                          [vdso]
ffffffffff600000-ffffffffff601000 r-xp 00000000 00:00 0                  [vsyscall]

VM Arguments:
jvm_args: -Dfile.encoding=UTF-8 
java_command: com.mygdx.game.desktop.DesktopLauncher
java_class_path (initial): /home/foysal/Documents/project/desktop/bin/main:/home/foysal/Documents/project/desktop/bin/default:/home/foysal/Documents/project/core/bin/main:/home/foysal/.gradle/caches/modules-2/files-2.1/net.dermetfan.libgdx-utils/libgdx-utils-box2d/0.13.4/918d79a20ea3c898cdb3611782c5b2bfa6ec575b/libgdx-utils-box2d-0.13.4.jar:/home/foysal/.gradle/caches/modules-2/files-2.1/net.dermetfan.libgdx-utils/libgdx-utils/0.13.4/27affad2873d1c9c366a2290fc51f3927f3a5f83/libgdx-utils-0.13.4.jar:/home/foysal/.gradle/caches/modules-2/files-2.1/com.badlogicgames.gdx/gdx-box2d/1.9.9/e9a43c50fbe4f1e26dd0af5d2e78d125549e7f6b/gdx-box2d-1.9.9.jar:/home/foysal/.gradle/caches/modules-2/files-2.1/com.badlogicgames.gdx/gdx/1.9.9/bf26f2f816b3cfe37ac6e66615391c30714b7030/gdx-1.9.9.jar:/home/foysal/.gradle/caches/modules-2/files-2.1/com.badlogicgames.gdx/gdx-backend-lwjgl/1.9.9/ca8911cb94c0bfeb59f99e46ca9b92440958fb0e/gdx-backend-lwjgl-1.9.9.jar:/home/foysal/.gradle/caches/modules-2/files-2.1/com.badlogicgames.gdx/gdx-platform/1.9.9/7e644cfafdb436b13b24ac7993ffab17f306b64d/gdx-platform-1.9.9-natives-desktop.jar:/home/foysal/.gradle/caches/modules-2/files-2.1/com.badlogicgames.gdx/gdx-box2d-platform/1.9.9/72b2916f45f3f948896eda931cd597f7e698340f/gdx-box2d-platform-1.9.9-natives-desktop.jar:/home/foysal/.gradle/caches/modules-2/files-2.1/org.lwjgl.lwjgl/lwjgl_util/2.9.2/4b9e37300a87799856e0bd15ed81663cdb6b0947/lwjgl_util-2.9.2.jar:/home/foysal/.gradle/caches/modules-2/files-2.1/org.lwjgl.lwjgl/lwjgl/2.9.2/a9d80fe5935c7a9149f6584d9777cfd471f65489/lwjgl-2.9.2.jar:/home/foysal/.gradle/caches/modules-2/files-2.1/com.badlogicgames.jlayer/jlayer/1.0.1-gdx/7cca83cec5c1b2f011362f4d85aabd71a73b049d/jlayer-1.0.1-gdx.jar:/home/foysal/.gradle/caches/modules-2/files-2.1/org.jcraft/jorbis/0.0.17/8872d22b293e8f5d7d56ff92be966e6dc28ebdc6/jorbis-0.0.17.jar:/home/foysal/.gradle/caches/modules-2/files-2.1/org.lwjgl.lwjgl/lwjgl-platform/2.9.2/510c7d317f5e9e700b9cfaac5fd38bdebf0702e0/lwjgl-platform
Launcher Type: SUN_STANDARD

Environment Variables:
PATH=/home/foysal/bin:/home/foysal/.local/bin:/usr/local/sbin:/usr/local/bin:/usr/sbin:/usr/bin:/sbin:/bin:/usr/games:/usr/local/games:/snap/bin
SHELL=/bin/bash
DISPLAY=:0

Signal Handlers:
SIGSEGV: [libjvm.so+0xa765a0], sa_mask[0]=11111111011111111101111111111110, sa_flags=SA_RESTART|SA_SIGINFO
SIGBUS: [libjvm.so+0xa765a0], sa_mask[0]=11111111011111111101111111111110, sa_flags=SA_RESTART|SA_SIGINFO
SIGFPE: [libjvm.so+0x8bd800], sa_mask[0]=11111111011111111101111111111110, sa_flags=SA_RESTART|SA_SIGINFO
SIGPIPE: [libjvm.so+0x8bd800], sa_mask[0]=11111111011111111101111111111110, sa_flags=SA_RESTART|SA_SIGINFO
SIGXFSZ: [libjvm.so+0x8bd800], sa_mask[0]=11111111011111111101111111111110, sa_flags=SA_RESTART|SA_SIGINFO
SIGILL: [libjvm.so+0x8bd800], sa_mask[0]=11111111011111111101111111111110, sa_flags=SA_RESTART|SA_SIGINFO
SIGUSR1: SIG_DFL, sa_mask[0]=00000000000000000000000000000000, sa_flags=none
SIGUSR2: [libjvm.so+0x8bd6b0], sa_mask[0]=00100000000000000000000000000000, sa_flags=SA_RESTART|SA_SIGINFO
SIGHUP: [libjvm.so+0x8bdd40], sa_mask[0]=11111111011111111101111111111110, sa_flags=SA_RESTART|SA_SIGINFO
SIGINT: [libjvm.so+0x8bdd40], sa_mask[0]=11111111011111111101111111111110, sa_flags=SA_RESTART|SA_SIGINFO
SIGTERM: [libjvm.so+0x8bdd40], sa_mask[0]=11111111011111111101111111111110, sa_flags=SA_RESTART|SA_SIGINFO
SIGQUIT: [libjvm.so+0x8bdd40], sa_mask[0]=11111111011111111101111111111110, sa_flags=SA_RESTART|SA_SIGINFO


---------------  S Y S T E M  ---------------

OS:DISTRIB_ID=Ubuntu
DISTRIB_RELEASE=16.04
DISTRIB_CODENAME=xenial
DISTRIB_DESCRIPTION="Ubuntu 16.04.6 LTS"

uname:Linux 4.15.0-54-generic #58~16.04.1-Ubuntu SMP Mon Jun 24 13:21:41 UTC 2019 x86_64
libc:glibc 2.23 NPTL 2.23 
rlimit: STACK 8192k, CORE 0k, NPROC 15175, NOFILE 1048576, AS infinity
load average:1.86 1.80 1.91

/proc/meminfo:
MemTotal:        3945256 kB
MemFree:          141416 kB
MemAvailable:     630916 kB
Buffers:           30784 kB
Cached:          1051824 kB
SwapCached:         1300 kB
Active:          2628192 kB
Inactive:         939496 kB
Active(anon):    2287464 kB
Inactive(anon):   623520 kB
Active(file):     340728 kB
Inactive(file):   315976 kB
Unevictable:         160 kB
Mlocked:             160 kB
SwapTotal:       3999740 kB
SwapFree:        3963644 kB
Dirty:              9144 kB
Writeback:             0 kB
AnonPages:       2484060 kB
Mapped:           463524 kB
Shmem:            425896 kB
Slab:             114128 kB
SReclaimable:      70736 kB
SUnreclaim:        43392 kB
KernelStack:       11584 kB
PageTables:        57640 kB
NFS_Unstable:          0 kB
Bounce:                0 kB
WritebackTmp:          0 kB
CommitLimit:     5972368 kB
Committed_AS:    8900524 kB
VmallocTotal:   34359738367 kB
VmallocUsed:           0 kB
VmallocChunk:          0 kB
HardwareCorrupted:     0 kB
AnonHugePages:      6144 kB
ShmemHugePages:        0 kB
ShmemPmdMapped:        0 kB
CmaTotal:              0 kB
CmaFree:               0 kB
HugePages_Total:       0
HugePages_Free:        0
HugePages_Rsvd:        0
HugePages_Surp:        0
Hugepagesize:       2048 kB
DirectMap4k:      192800 kB
DirectMap2M:     3907584 kB

container (cgroup) information:
container_type: cgroupv1
cpu_cpuset_cpus: 0-3
cpu_memory_nodes: 0
active_processor_count: 4
cpu_quota: -1
cpu_period: 100000
cpu_shares: -1
memory_limit_in_bytes: -1
memory_and_swap_limit_in_bytes: -2
memory_soft_limit_in_bytes: -1
memory_usage_in_bytes: 3653664768
memory_max_usage_in_bytes: 2097152


CPU:total 4 (initial active 4) (2 cores per cpu, 2 threads per core) family 6 model 42 stepping 7, cmov, cx8, fxsr, mmx, sse, sse2, sse3, ssse3, sse4.1, sse4.2, popcnt, avx, clmul, ht, tsc, tscinvbit

/proc/cpuinfo:
processor	: 0
vendor_id	: GenuineIntel
cpu family	: 6
model		: 42
model name	: Intel(R) Core(TM) i3-2350M CPU @ 2.30GHz
stepping	: 7
microcode	: 0x2f
cpu MHz		: 1078.105
cache size	: 3072 KB
physical id	: 0
siblings	: 4
core id		: 0
cpu cores	: 2
apicid		: 0
initial apicid	: 0
fpu		: yes
fpu_exception	: yes
cpuid level	: 13
wp		: yes
flags		: fpu vme de pse tsc msr pae mce cx8 apic sep mtrr pge mca cmov pat pse36 clflush dts acpi mmx fxsr sse sse2 ss ht tm pbe syscall nx rdtscp lm constant_tsc arch_perfmon pebs bts rep_good nopl xtopology nonstop_tsc cpuid aperfmperf pni pclmulqdq dtes64 monitor ds_cpl vmx est tm2 ssse3 cx16 xtpr pdcm pcid sse4_1 sse4_2 x2apic popcnt tsc_deadline_timer xsave avx lahf_lm epb pti ssbd ibrs ibpb stibp tpr_shadow vnmi flexpriority ept vpid xsaveopt dtherm arat pln pts md_clear flush_l1d
bugs		: cpu_meltdown spectre_v1 spectre_v2 spec_store_bypass l1tf mds
bogomips	: 4589.43
clflush size	: 64
cache_alignment	: 64
address sizes	: 36 bits physical, 48 bits virtual
power management:

processor	: 1
vendor_id	: GenuineIntel
cpu family	: 6
model		: 42
model name	: Intel(R) Core(TM) i3-2350M CPU @ 2.30GHz
stepping	: 7
microcode	: 0x2f
cpu MHz		: 1225.771
cache size	: 3072 KB
physical id	: 0
siblings	: 4
core id		: 1
cpu cores	: 2
apicid		: 2
initial apicid	: 2
fpu		: yes
fpu_exception	: yes
cpuid level	: 13
wp		: yes
flags		: fpu vme de pse tsc msr pae mce cx8 apic sep mtrr pge mca cmov pat pse36 clflush dts acpi mmx fxsr sse sse2 ss ht tm pbe syscall nx rdtscp lm constant_tsc arch_perfmon pebs bts rep_good nopl xtopology nonstop_tsc cpuid aperfmperf pni pclmulqdq dtes64 monitor ds_cpl vmx est tm2 ssse3 cx16 xtpr pdcm pcid sse4_1 sse4_2 x2apic popcnt tsc_deadline_timer xsave avx lahf_lm epb pti ssbd ibrs ibpb stibp tpr_shadow vnmi flexpriority ept vpid xsaveopt dtherm arat pln pts md_clear flush_l1d
bugs		: cpu_meltdown spectre_v1 spectre_v2 spec_store_bypass l1tf mds
bogomips	: 4589.43
clflush size	: 64
cache_alignment	: 64
address sizes	: 36 bits physical, 48 bits virtual
power management:

processor	: 2
vendor_id	: GenuineIntel
cpu family	: 6
model		: 42
model name	: Intel(R) Core(TM) i3-2350M CPU @ 2.30GHz
stepping	: 7
microcode	: 0x2f
cpu MHz		: 1278.907
cache size	: 3072 KB
physical id	: 0
siblings	: 4
core id		: 0
cpu cores	: 2
apicid		: 1
initial apicid	: 1
fpu		: yes
fpu_exception	: yes
cpuid level	: 13
wp		: yes
flags		: fpu vme de pse tsc msr pae mce cx8 apic sep mtrr pge mca cmov pat pse36 clflush dts acpi mmx fxsr sse sse2 ss ht tm pbe syscall nx rdtscp lm constant_tsc arch_perfmon pebs bts rep_good nopl xtopology nonstop_tsc cpuid aperfmperf pni pclmulqdq dtes64 monitor ds_cpl vmx est tm2 ssse3 cx16 xtpr pdcm pcid sse4_1 sse4_2 x2apic popcnt tsc_deadline_timer xsave avx lahf_lm epb pti ssbd ibrs ibpb stibp tpr_shadow vnmi flexpriority ept vpid xsaveopt dtherm arat pln pts md_clear flush_l1d
bugs		: cpu_meltdown spectre_v1 spectre_v2 spec_store_bypass l1tf mds
bogomips	: 4589.43
clflush size	: 64
cache_alignment	: 64
address sizes	: 36 bits physical, 48 bits virtual
power management:

processor	: 3
vendor_id	: GenuineIntel
cpu family	: 6
model		: 42
model name	: Intel(R) Core(TM) i3-2350M CPU @ 2.30GHz
stepping	: 7
microcode	: 0x2f
cpu MHz		: 1182.922
cache size	: 3072 KB
physical id	: 0
siblings	: 4
core id		: 1
cpu cores	: 2
apicid		: 3
initial apicid	: 3
fpu		: yes
fpu_exception	: yes
cpuid level	: 13
wp		: yes
flags		: fpu vme de pse tsc msr pae mce cx8 apic sep mtrr pge mca cmov pat pse36 clflush dts acpi mmx fxsr sse sse2 ss ht tm pbe syscall nx rdtscp lm constant_tsc arch_perfmon pebs bts rep_good nopl xtopology nonstop_tsc cpuid aperfmperf pni pclmulqdq dtes64 monitor ds_cpl vmx est tm2 ssse3 cx16 xtpr pdcm pcid sse4_1 sse4_2 x2apic popcnt tsc_deadline_timer xsave avx lahf_lm epb pti ssbd ibrs ibpb stibp tpr_shadow vnmi flexpriority ept vpid xsaveopt dtherm arat pln pts md_clear flush_l1d
bugs		: cpu_meltdown spectre_v1 spectre_v2 spec_store_bypass l1tf mds
bogomips	: 4589.43
clflush size	: 64
cache_alignment	: 64
address sizes	: 36 bits physical, 48 bits virtual
power management:



Memory: 4k page, physical 3945256k(141448k free), swap 3999740k(3963644k free)

vm_info: OpenJDK 64-Bit Server VM (25.212-b03) for linux-amd64 JRE (1.8.0_212-8u212-b03-0ubuntu1.16.04.1-b03), built on Apr 26 2019 02:02:50 by "buildd" with gcc 5.4.0 20160609

time: Fri Jul 12 16:59:41 2019
timezone: +06
elapsed time: 1 seconds (0d 0h 0m 1s)

