#
# A fatal error has been detected by the Java Runtime Environment:
#
#  SIGSEGV (0xb) at pc=0x00007fa383de66f6, pid=18043, tid=0x00007fa39c3e6700
#
# JRE version: OpenJDK Runtime Environment (8.0_212-b03) (build 1.8.0_212-8u212-b03-0ubuntu1.16.04.1-b03)
# Java VM: OpenJDK 64-Bit Server VM (25.212-b03 mixed mode linux-amd64 compressed oops)
# Problematic frame:
# C  [libgdx-box2d64.so+0x356f6]  b2Fixture::Create(b2BlockAllocator*, b2Body*, b2FixtureDef const*)+0x56
#
# Failed to write core dump. Core dumps have been disabled. To enable core dumping, try "ulimit -c unlimited" before starting Java again
#
# If you would like to submit a bug report, please visit:
#   http://bugreport.java.com/bugreport/crash.jsp
# The crash happened outside the Java Virtual Machine in native code.
# See problematic frame for where to report the bug.
#

---------------  T H R E A D  ---------------

Current thread (0x00007fa3e842f000):  JavaThread "LWJGL Application" [_thread_in_native, id=18068, stack(0x00007fa39c2e6000,0x00007fa39c3e7000)]

siginfo: si_signo: 11 (SIGSEGV), si_code: 1 (SEGV_MAPERR), si_addr: 0x0000000000000010

Registers:
RAX=0x0000000000000000, RBX=0x00007fa374a23dd0, RCX=0x00007fa39c3e5650, RDX=0x00007fa374a1fe20
RSP=0x00007fa39c3e55f0, RBP=0x00007fa39c3e5650, RSI=0x00007fa374550830, RDI=0x00007fa374a19520
R8 =0x0000000000000000, R9 =0x0000000000000001, R10=0x00007fa3d90183db, R11=0x00007fa3f10cd780
R12=0x00007fa374550830, R13=0x00007fa374550830, R14=0x00007fa39c3e57b0, R15=0x00007fa3e842f000
RIP=0x00007fa383de66f6, EFLAGS=0x0000000000010206, CSGSFS=0x002b000000000033, ERR=0x0000000000000004
  TRAPNO=0x000000000000000e

Top of Stack: (sp=0x00007fa39c3e55f0)
0x00007fa39c3e55f0:   00007fa374a1fe20 00007fa374a1fe20
0x00007fa39c3e5600:   00007fa374a23dd0 00007fa374550830
0x00007fa39c3e5610:   00007fa39c3e5650 00007fa383de5151
0x00007fa39c3e5620:   00000000ecdd4f48 00007fa383bcc8f8
0x00007fa39c3e5630:   00007fa39c3e5738 0000000000000000
0x00007fa39c3e5640:   00007fa383bcc8f8 00007fa383dec5de
0x00007fa39c3e5650:   00007fa374a19520 0000000000000000
0x00007fa39c3e5660:   000000003f000000 0001db0000000000
0x00007fa39c3e5670:   00007fa30000ffff ae4cdb957f7f1900
0x00007fa39c3e5680:   00007fa3d8de4ff0 00007fa3d9018407
0x00007fa39c3e5690:   00007fa3ffffffff 0000000000000000
0x00007fa39c3e56a0:   00007fa3d8de5028 0000000000000000
0x00007fa39c3e56b0:   00007fa39c3e56c8 00007fa39c3e5720
0x00007fa39c3e56c0:   00007fa3d9007a40 0000000000000001
0x00007fa39c3e56d0:   00000000ecb93f28 0000000000000001
0x00007fa39c3e56e0:   00007fa39c3e56e0 00007fa3d8de2f97
0x00007fa39c3e56f0:   00007fa39c3e57b0 00007fa39c3e56f8
0x00007fa39c3e5700:   0000000000000000 00007fa39c3e57b0
0x00007fa39c3e5710:   00007fa383bd1028 0000000000000000
0x00007fa39c3e5720:   00007fa383bcc8f8 0000000000000000
0x00007fa39c3e5730:   00007fa39c3e5758 00007fa39c3e57f8
0x00007fa39c3e5740:   00007fa3d9007b10 0000000000000000
0x00007fa39c3e5750:   00007fa3d9011a57 0000000000000000
0x00007fa39c3e5760:   00000000ffffffff 0000000000000001
0x00007fa39c3e5770:   0000000000000000 0000000000000000
0x00007fa39c3e5780:   0000000000000000 000000003f000000
0x00007fa39c3e5790:   00007fa374a19520 00000000ecdd4cf0
0x00007fa39c3e57a0:   00007fa374a1fe20 00007fa3d9007d80
0x00007fa39c3e57b0:   00000000ecdd4cf0 00007fa39c3e57b8
0x00007fa39c3e57c0:   00007fa383bcc7f9 00007fa39c3e5828
0x00007fa39c3e57d0:   00007fa383bd1028 0000000000000000
0x00007fa39c3e57e0:   00007fa383bcc870 00007fa39c3e5758 

Instructions: (pc=0x00007fa383de66f6)
0x00007fa383de66d6:   48 c7 47 08 00 00 00 00 89 47 34 0f b7 41 22 66
0x00007fa383de66e6:   89 47 38 0f b6 41 1c 88 47 3a 48 8b 39 48 8b 07
0x00007fa383de66f6:   ff 50 10 48 8b 10 48 89 c7 48 89 43 18 ff 52 18
0x00007fa383de6706:   89 c6 41 89 c4 4c 89 ef c1 e6 05 e8 fa 12 fe ff 

Register to memory mapping:

RAX=0x0000000000000000 is an unknown value
RBX=0x00007fa374a23dd0 is an unknown value
RCX=0x00007fa39c3e5650 is pointing into the stack for thread: 0x00007fa3e842f000
RDX=0x00007fa374a1fe20 is an unknown value
RSP=0x00007fa39c3e55f0 is pointing into the stack for thread: 0x00007fa3e842f000
RBP=0x00007fa39c3e5650 is pointing into the stack for thread: 0x00007fa3e842f000
RSI=0x00007fa374550830 is an unknown value
RDI=0x00007fa374a19520 is an unknown value
R8 =0x0000000000000000 is an unknown value
R9 =0x0000000000000001 is an unknown value
R10=0x00007fa3d90183db is at code_begin+859 in an Interpreter codelet
method entry point (kind = native)  [0x00007fa3d9018080, 0x00007fa3d9018a00]  2432 bytes
R11=0x00007fa3f10cd780: <offset 0x969780> in /usr/lib/jvm/java-8-openjdk-amd64/jre/lib/amd64/server/libjvm.so at 0x00007fa3f0764000
R12=0x00007fa374550830 is an unknown value
R13=0x00007fa374550830 is an unknown value
R14=0x00007fa39c3e57b0 is pointing into the stack for thread: 0x00007fa3e842f000
R15=0x00007fa3e842f000 is a thread


Stack: [0x00007fa39c2e6000,0x00007fa39c3e7000],  sp=0x00007fa39c3e55f0,  free space=1021k
Native frames: (J=compiled Java code, j=interpreted, Vv=VM code, C=native code)
C  [libgdx-box2d64.so+0x356f6]  b2Fixture::Create(b2BlockAllocator*, b2Body*, b2FixtureDef const*)+0x56
C  0x0000000000000000

Java frames: (J=compiled Java code, j=interpreted, Vv=VM code)
j  com.badlogic.gdx.physics.box2d.Body.jniCreateFixture(JJFFFZSSS)J+0
j  com.badlogic.gdx.physics.box2d.Body.createFixture(Lcom/badlogic/gdx/physics/box2d/FixtureDef;)Lcom/badlogic/gdx/physics/box2d/Fixture;+49
j  com.mygdx.game.Play.show()V+227
j  com.badlogic.gdx.Game.setScreen(Lcom/badlogic/gdx/Screen;)V+32
j  com.mygdx.game.gameClass.create()V+8
j  com.badlogic.gdx.backends.lwjgl.LwjglApplication.mainLoop()V+29
j  com.badlogic.gdx.backends.lwjgl.LwjglApplication$1.run()V+27
v  ~StubRoutines::call_stub

---------------  P R O C E S S  ---------------

Java Threads: ( => current thread )
  0x00007fa374019800 JavaThread "process reaper" daemon [_thread_blocked, id=18070, stack(0x00007fa39c2ad000,0x00007fa39c2e6000)]
  0x00007fa3e800c000 JavaThread "DestroyJavaVM" [_thread_blocked, id=18049, stack(0x00007fa3f23c8000,0x00007fa3f24c9000)]
=>0x00007fa3e842f000 JavaThread "LWJGL Application" [_thread_in_native, id=18068, stack(0x00007fa39c2e6000,0x00007fa39c3e7000)]
  0x00007fa3e8385800 JavaThread "AWT-XAWT" daemon [_thread_in_native, id=18064, stack(0x00007fa39feff000,0x00007fa3a0000000)]
  0x00007fa3e8364800 JavaThread "Java2D Disposer" daemon [_thread_blocked, id=18063, stack(0x00007fa3c8444000,0x00007fa3c8545000)]
  0x00007fa3e80ca800 JavaThread "Service Thread" daemon [_thread_blocked, id=18061, stack(0x00007fa3ca6e2000,0x00007fa3ca7e3000)]
  0x00007fa3e80bf000 JavaThread "C1 CompilerThread2" daemon [_thread_blocked, id=18060, stack(0x00007fa3ca7e3000,0x00007fa3ca8e4000)]
  0x00007fa3e80bd800 JavaThread "C2 CompilerThread1" daemon [_thread_blocked, id=18059, stack(0x00007fa3ca8e4000,0x00007fa3ca9e5000)]
  0x00007fa3e80ba800 JavaThread "C2 CompilerThread0" daemon [_thread_blocked, id=18058, stack(0x00007fa3ca9e5000,0x00007fa3caae6000)]
  0x00007fa3e80b9000 JavaThread "Signal Dispatcher" daemon [_thread_blocked, id=18057, stack(0x00007fa3caae6000,0x00007fa3cabe7000)]
  0x00007fa3e8086000 JavaThread "Finalizer" daemon [_thread_blocked, id=18056, stack(0x00007fa3cb5f6000,0x00007fa3cb6f7000)]
  0x00007fa3e8083000 JavaThread "Reference Handler" daemon [_thread_blocked, id=18055, stack(0x00007fa3cb6f7000,0x00007fa3cb7f8000)]

Other Threads:
  0x00007fa3e8079800 VMThread [stack: 0x00007fa3cb7f8000,0x00007fa3cb8f9000] [id=18054]
  0x00007fa3e80cd000 WatcherThread [stack: 0x00007fa3ca5e1000,0x00007fa3ca6e2000] [id=18062]

VM state:not at safepoint (normal execution)

VM Mutex/Monitor currently owned by a thread: None

heap address: 0x00000000c3c00000, size: 964 MB, Compressed Oops mode: 32-bit
Narrow klass base: 0x0000000000000000, Narrow klass shift: 3
Compressed class space size: 1073741824 Address: 0x0000000100000000

Heap:
 PSYoungGen      total 18432K, used 15421K [0x00000000ebf00000, 0x00000000ed380000, 0x0000000100000000)
  eden space 15872K, 97% used [0x00000000ebf00000,0x00000000ece0f4b8,0x00000000ece80000)
  from space 2560K, 0% used [0x00000000ed100000,0x00000000ed100000,0x00000000ed380000)
  to   space 2560K, 0% used [0x00000000ece80000,0x00000000ece80000,0x00000000ed100000)
 ParOldGen       total 42496K, used 0K [0x00000000c3c00000, 0x00000000c6580000, 0x00000000ebf00000)
  object space 42496K, 0% used [0x00000000c3c00000,0x00000000c3c00000,0x00000000c6580000)
 Metaspace       used 9111K, capacity 9309K, committed 9472K, reserved 1058816K
  class space    used 863K, capacity 935K, committed 1024K, reserved 1048576K

Card table byte_map: [0x00007fa3ee890000,0x00007fa3eea73000] byte_map_base: 0x00007fa3ee272000

Marking Bits: (ParMarkBitMap*) 0x00007fa3f1697580
 Begin Bits: [0x00007fa3ec52a000, 0x00007fa3ed43a000)
 End Bits:   [0x00007fa3ed43a000, 0x00007fa3ee34a000)

Polling page: 0x00007fa3f24ea000

CodeCache: size=245760Kb used=2576Kb max_used=2576Kb free=243183Kb
 bounds [0x00007fa3d9000000, 0x00007fa3d9290000, 0x00007fa3e8000000]
 total_blobs=1176 nmethods=584 adapters=507
 compilation: enabled

Compilation events (10 events):
Event: 1.069 Thread 0x00007fa3e80bf000  580       3       java.util.jar.Attributes::getValue (9 bytes)
Event: 1.070 Thread 0x00007fa3e80bf000 nmethod 580 0x00007fa3d9281bd0 code [0x00007fa3d9281d60, 0x00007fa3d92820c8]
Event: 1.070 Thread 0x00007fa3e80bf000  581       3       java.util.jar.Attributes::get (11 bytes)
Event: 1.070 Thread 0x00007fa3e80bf000 nmethod 581 0x00007fa3d927d9d0 code [0x00007fa3d927db40, 0x00007fa3d927dd68]
Event: 1.071 Thread 0x00007fa3e80bf000  582   !   3       java.util.zip.ZipFile$ZipFileInflaterInputStream::close (67 bytes)
Event: 1.071 Thread 0x00007fa3e80bf000 nmethod 582 0x00007fa3d9282410 code [0x00007fa3d92825e0, 0x00007fa3d9282dd8]
Event: 1.071 Thread 0x00007fa3e80bf000  583       3       java.util.zip.InflaterInputStream::close (34 bytes)
Event: 1.072 Thread 0x00007fa3e80bf000 nmethod 583 0x00007fa3d9283190 code [0x00007fa3d9283320, 0x00007fa3d9283618]
Event: 1.072 Thread 0x00007fa3e80bf000  584       3       java.util.zip.ZipEntry::getSize (5 bytes)
Event: 1.072 Thread 0x00007fa3e80bf000 nmethod 584 0x00007fa3d9283710 code [0x00007fa3d9283860, 0x00007fa3d92839b0]

GC Heap History (0 events):
No events

Deoptimization events (3 events):
Event: 0.188 Thread 0x00007fa3e800c000 Uncommon trap: reason=unstable_if action=reinterpret pc=0x00007fa3d9145478 method=java.lang.String.indexOf([CII[CIII)I @ 134
Event: 0.215 Thread 0x00007fa3e800c000 Uncommon trap: reason=unstable_if action=reinterpret pc=0x00007fa3d9134b44 method=java.lang.String.indexOf(II)I @ 49
Event: 0.502 Thread 0x00007fa3e842f000 Uncommon trap: reason=unstable_if action=reinterpret pc=0x00007fa3d91c03bc method=java.lang.String.replace(CC)Ljava/lang/String; @ 26

Classes redefined (0 events):
No events

Internal exceptions (10 events):
Event: 0.415 Thread 0x00007fa3e800c000 Exception <a 'java/security/PrivilegedActionException'> (0x00000000ec4f38f8) thrown at [/build/openjdk-8-lHVHKD/openjdk-8-8u212-b03/src/hotspot/src/share/vm/prims/jvm.cpp, line 1502]
Event: 0.415 Thread 0x00007fa3e800c000 Exception <a 'java/security/PrivilegedActionException'> (0x00000000ec4f4550) thrown at [/build/openjdk-8-lHVHKD/openjdk-8-8u212-b03/src/hotspot/src/share/vm/prims/jvm.cpp, line 1502]
Event: 0.415 Thread 0x00007fa3e800c000 Exception <a 'java/security/PrivilegedActionException'> (0x00000000ec4f5178) thrown at [/build/openjdk-8-lHVHKD/openjdk-8-8u212-b03/src/hotspot/src/share/vm/prims/jvm.cpp, line 1502]
Event: 0.415 Thread 0x00007fa3e800c000 Exception <a 'java/security/PrivilegedActionException'> (0x00000000ec4f72c8) thrown at [/build/openjdk-8-lHVHKD/openjdk-8-8u212-b03/src/hotspot/src/share/vm/prims/jvm.cpp, line 1502]
Event: 0.415 Thread 0x00007fa3e800c000 Exception <a 'java/security/PrivilegedActionException'> (0x00000000ec4f7f20) thrown at [/build/openjdk-8-lHVHKD/openjdk-8-8u212-b03/src/hotspot/src/share/vm/prims/jvm.cpp, line 1502]
Event: 0.415 Thread 0x00007fa3e800c000 Exception <a 'java/security/PrivilegedActionException'> (0x00000000ec4f8b48) thrown at [/build/openjdk-8-lHVHKD/openjdk-8-8u212-b03/src/hotspot/src/share/vm/prims/jvm.cpp, line 1502]
Event: 0.415 Thread 0x00007fa3e800c000 Exception <a 'java/security/PrivilegedActionException'> (0x00000000ec4faa50) thrown at [/build/openjdk-8-lHVHKD/openjdk-8-8u212-b03/src/hotspot/src/share/vm/prims/jvm.cpp, line 1502]
Event: 0.415 Thread 0x00007fa3e800c000 Exception <a 'java/security/PrivilegedActionException'> (0x00000000ec4fb6a8) thrown at [/build/openjdk-8-lHVHKD/openjdk-8-8u212-b03/src/hotspot/src/share/vm/prims/jvm.cpp, line 1502]
Event: 0.416 Thread 0x00007fa3e800c000 Exception <a 'java/security/PrivilegedActionException'> (0x00000000ec4fc2d0) thrown at [/build/openjdk-8-lHVHKD/openjdk-8-8u212-b03/src/hotspot/src/share/vm/prims/jvm.cpp, line 1502]
Event: 0.538 Thread 0x00007fa3e842f000 Exception <a 'java/lang/NoClassDefFoundError': org/lwjgl/opengles/GLContext> (0x00000000ec7ef720) thrown at [/build/openjdk-8-lHVHKD/openjdk-8-8u212-b03/src/hotspot/src/share/vm/classfile/systemDictionary.cpp, line 199]

Events (10 events):
Event: 1.074 loading class com/badlogic/gdx/physics/box2d/MassData
Event: 1.074 loading class com/badlogic/gdx/physics/box2d/MassData done
Event: 1.074 loading class com/badlogic/gdx/physics/box2d/Fixture
Event: 1.074 loading class com/badlogic/gdx/physics/box2d/Fixture done
Event: 1.075 loading class com/badlogic/gdx/physics/box2d/CircleShape
Event: 1.075 loading class com/badlogic/gdx/physics/box2d/CircleShape done
Event: 1.075 loading class com/badlogic/gdx/physics/box2d/EdgeShape
Event: 1.075 loading class com/badlogic/gdx/physics/box2d/EdgeShape done
Event: 1.075 loading class com/badlogic/gdx/physics/box2d/ChainShape
Event: 1.075 loading class com/badlogic/gdx/physics/box2d/ChainShape done


Dynamic libraries:
00400000-00401000 r-xp 00000000 08:01 4723398                            /usr/lib/jvm/java-8-openjdk-amd64/jre/bin/java
00600000-00601000 r--p 00000000 08:01 4723398                            /usr/lib/jvm/java-8-openjdk-amd64/jre/bin/java
00601000-00602000 rw-p 00001000 08:01 4723398                            /usr/lib/jvm/java-8-openjdk-amd64/jre/bin/java
00e9c000-00ebd000 rw-p 00000000 00:00 0                                  [heap]
c3c00000-c6580000 rw-p 00000000 00:00 0 
c6580000-ebf00000 ---p 00000000 00:00 0 
ebf00000-ed380000 rw-p 00000000 00:00 0 
ed380000-100000000 ---p 00000000 00:00 0 
100000000-100100000 rw-p 00000000 00:00 0 
100100000-140000000 ---p 00000000 00:00 0 
7fa374000000-7fa374a30000 rw-p 00000000 00:00 0 
7fa374a30000-7fa378000000 ---p 00000000 00:00 0 
7fa378000000-7fa378021000 rw-p 00000000 00:00 0 
7fa378021000-7fa37c000000 ---p 00000000 00:00 0 
7fa37c000000-7fa37c021000 rw-p 00000000 00:00 0 
7fa37c021000-7fa380000000 ---p 00000000 00:00 0 
7fa383bb1000-7fa383bf1000 rw-p 00000000 00:00 0 
7fa383bf1000-7fa383db1000 ---p 00000000 00:00 0 
7fa383db1000-7fa383dfd000 r-xp 00000000 08:01 1970585                    /tmp/libgdxfoysal/38f2459b/libgdx-box2d64.so
7fa383dfd000-7fa383ffc000 ---p 0004c000 08:01 1970585                    /tmp/libgdxfoysal/38f2459b/libgdx-box2d64.so
7fa383ffc000-7fa383ffe000 r--p 0004b000 08:01 1970585                    /tmp/libgdxfoysal/38f2459b/libgdx-box2d64.so
7fa383ffe000-7fa383fff000 rw-p 0004d000 08:01 1970585                    /tmp/libgdxfoysal/38f2459b/libgdx-box2d64.so
7fa383fff000-7fa388000000 rw-s 00000000 00:19 20                         /dev/shm/pulse-shm-1812835152
7fa388000000-7fa388021000 rw-p 00000000 00:00 0 
7fa388021000-7fa38c000000 ---p 00000000 00:00 0 
7fa38c042000-7fa38d3f3000 rw-p 00000000 00:00 0 
7fa38d3f3000-7fa38d467000 rw-p 00000000 00:00 0 
7fa38d53e000-7fa38d546000 r-xp 00000000 08:01 4728267                    /usr/lib/x86_64-linux-gnu/libpciaccess.so.0.11.1
7fa38d546000-7fa38d746000 ---p 00008000 08:01 4728267                    /usr/lib/x86_64-linux-gnu/libpciaccess.so.0.11.1
7fa38d746000-7fa38d747000 r--p 00008000 08:01 4728267                    /usr/lib/x86_64-linux-gnu/libpciaccess.so.0.11.1
7fa38d747000-7fa38d748000 rw-p 00009000 08:01 4728267                    /usr/lib/x86_64-linux-gnu/libpciaccess.so.0.11.1
7fa38d748000-7fa38d753000 r-xp 00000000 08:01 4727612                    /usr/lib/x86_64-linux-gnu/libdrm_radeon.so.1.0.1
7fa38d753000-7fa38d952000 ---p 0000b000 08:01 4727612                    /usr/lib/x86_64-linux-gnu/libdrm_radeon.so.1.0.1
7fa38d952000-7fa38d953000 r--p 0000a000 08:01 4727612                    /usr/lib/x86_64-linux-gnu/libdrm_radeon.so.1.0.1
7fa38d953000-7fa38d954000 rw-p 0000b000 08:01 4727612                    /usr/lib/x86_64-linux-gnu/libdrm_radeon.so.1.0.1
7fa38d954000-7fa38d95b000 r-xp 00000000 08:01 4727610                    /usr/lib/x86_64-linux-gnu/libdrm_nouveau.so.2.0.0
7fa38d95b000-7fa38db5a000 ---p 00007000 08:01 4727610                    /usr/lib/x86_64-linux-gnu/libdrm_nouveau.so.2.0.0
7fa38db5a000-7fa38db5b000 r--p 00006000 08:01 4727610                    /usr/lib/x86_64-linux-gnu/libdrm_nouveau.so.2.0.0
7fa38db5b000-7fa38db5c000 rw-p 00007000 08:01 4727610                    /usr/lib/x86_64-linux-gnu/libdrm_nouveau.so.2.0.0
7fa38db5c000-7fa38db7e000 r-xp 00000000 08:01 4727608                    /usr/lib/x86_64-linux-gnu/libdrm_intel.so.1.0.0
7fa38db7e000-7fa38dd7e000 ---p 00022000 08:01 4727608                    /usr/lib/x86_64-linux-gnu/libdrm_intel.so.1.0.0
7fa38dd7e000-7fa38dd7f000 r--p 00022000 08:01 4727608                    /usr/lib/x86_64-linux-gnu/libdrm_intel.so.1.0.0
7fa38dd7f000-7fa38dd80000 rw-p 00023000 08:01 4727608                    /usr/lib/x86_64-linux-gnu/libdrm_intel.so.1.0.0
7fa38dd80000-7fa38e660000 r-xp 00000000 08:01 4983000                    /usr/lib/x86_64-linux-gnu/dri/i965_dri.so
7fa38e660000-7fa38e860000 ---p 008e0000 08:01 4983000                    /usr/lib/x86_64-linux-gnu/dri/i965_dri.so
7fa38e860000-7fa38e8b0000 r--p 008e0000 08:01 4983000                    /usr/lib/x86_64-linux-gnu/dri/i965_dri.so
7fa38e8b0000-7fa38e8bb000 rw-p 00930000 08:01 4983000                    /usr/lib/x86_64-linux-gnu/dri/i965_dri.so
7fa38e8bb000-7fa38e960000 rw-p 00000000 00:00 0 
7fa38e960000-7fa38e970000 r-xp 00000000 08:01 4727604                    /usr/lib/x86_64-linux-gnu/libdrm.so.2.4.0
7fa38e970000-7fa38eb70000 ---p 00010000 08:01 4727604                    /usr/lib/x86_64-linux-gnu/libdrm.so.2.4.0
7fa38eb70000-7fa38eb71000 r--p 00010000 08:01 4727604                    /usr/lib/x86_64-linux-gnu/libdrm.so.2.4.0
7fa38eb71000-7fa38eb72000 rw-p 00011000 08:01 4727604                    /usr/lib/x86_64-linux-gnu/libdrm.so.2.4.0
7fa38eb72000-7fa38eb76000 r-xp 00000000 08:01 4728684                    /usr/lib/x86_64-linux-gnu/libxcb-dri2.so.0.0.0
7fa38eb76000-7fa38ed75000 ---p 00004000 08:01 4728684                    /usr/lib/x86_64-linux-gnu/libxcb-dri2.so.0.0.0
7fa38ed75000-7fa38ed76000 r--p 00003000 08:01 4728684                    /usr/lib/x86_64-linux-gnu/libxcb-dri2.so.0.0.0
7fa38ed76000-7fa38ed77000 rw-p 00004000 08:01 4728684                    /usr/lib/x86_64-linux-gnu/libxcb-dri2.so.0.0.0
7fa38ed77000-7fa38ed8e000 r-xp 00000000 08:01 4728688                    /usr/lib/x86_64-linux-gnu/libxcb-glx.so.0.0.0
7fa38ed8e000-7fa38ef8d000 ---p 00017000 08:01 4728688                    /usr/lib/x86_64-linux-gnu/libxcb-glx.so.0.0.0
7fa38ef8d000-7fa38ef8f000 r--p 00016000 08:01 4728688                    /usr/lib/x86_64-linux-gnu/libxcb-glx.so.0.0.0
7fa38ef8f000-7fa38ef90000 rw-p 00018000 08:01 4728688                    /usr/lib/x86_64-linux-gnu/libxcb-glx.so.0.0.0
7fa38ef90000-7fa38ef91000 r-xp 00000000 08:01 4727286                    /usr/lib/x86_64-linux-gnu/libX11-xcb.so.1.0.0
7fa38ef91000-7fa38f190000 ---p 00001000 08:01 4727286                    /usr/lib/x86_64-linux-gnu/libX11-xcb.so.1.0.0
7fa38f190000-7fa38f191000 r--p 00000000 08:01 4727286                    /usr/lib/x86_64-linux-gnu/libX11-xcb.so.1.0.0
7fa38f191000-7fa38f192000 rw-p 00001000 08:01 4727286                    /usr/lib/x86_64-linux-gnu/libX11-xcb.so.1.0.0
7fa38f192000-7fa38f194000 r-xp 00000000 08:01 4727301                    /usr/lib/x86_64-linux-gnu/libXdamage.so.1.1.0
7fa38f194000-7fa38f393000 ---p 00002000 08:01 4727301                    /usr/lib/x86_64-linux-gnu/libXdamage.so.1.1.0
7fa38f393000-7fa38f394000 r--p 00001000 08:01 4727301                    /usr/lib/x86_64-linux-gnu/libXdamage.so.1.1.0
7fa38f394000-7fa38f395000 rw-p 00002000 08:01 4727301                    /usr/lib/x86_64-linux-gnu/libXdamage.so.1.1.0
7fa38f395000-7fa38f3c1000 r-xp 00000000 08:01 4727805                    /usr/lib/x86_64-linux-gnu/libglapi.so.0.0.0
7fa38f3c1000-7fa38f5c0000 ---p 0002c000 08:01 4727805                    /usr/lib/x86_64-linux-gnu/libglapi.so.0.0.0
7fa38f5c0000-7fa38f5c4000 r--p 0002b000 08:01 4727805                    /usr/lib/x86_64-linux-gnu/libglapi.so.0.0.0
7fa38f5c4000-7fa38f5c5000 rw-p 0002f000 08:01 4727805                    /usr/lib/x86_64-linux-gnu/libglapi.so.0.0.0
7fa38f5c5000-7fa38f5c6000 rw-p 00000000 00:00 0 
7fa38f5c6000-7fa38f5c7000 r-xp 00000000 08:01 4728728                    /usr/lib/x86_64-linux-gnu/libxshmfence.so.1.0.0
7fa38f5c7000-7fa38f7c7000 ---p 00001000 08:01 4728728                    /usr/lib/x86_64-linux-gnu/libxshmfence.so.1.0.0
7fa38f7c7000-7fa38f7c8000 r--p 00001000 08:01 4728728                    /usr/lib/x86_64-linux-gnu/libxshmfence.so.1.0.0
7fa38f7c8000-7fa38f7c9000 rw-p 00002000 08:01 4728728                    /usr/lib/x86_64-linux-gnu/libxshmfence.so.1.0.0
7fa38f7c9000-7fa38f7ce000 r-xp 00000000 08:01 4728708                    /usr/lib/x86_64-linux-gnu/libxcb-sync.so.1.0.0
7fa38f7ce000-7fa38f9ce000 ---p 00005000 08:01 4728708                    /usr/lib/x86_64-linux-gnu/libxcb-sync.so.1.0.0
7fa38f9ce000-7fa38f9cf000 r--p 00005000 08:01 4728708                    /usr/lib/x86_64-linux-gnu/libxcb-sync.so.1.0.0
7fa38f9cf000-7fa38f9d0000 rw-p 00006000 08:01 4728708                    /usr/lib/x86_64-linux-gnu/libxcb-sync.so.1.0.0
7fa38f9d0000-7fa38f9d2000 r-xp 00000000 08:01 4728696                    /usr/lib/x86_64-linux-gnu/libxcb-present.so.0.0.0
7fa38f9d2000-7fa38fbd1000 ---p 00002000 08:01 4728696                    /usr/lib/x86_64-linux-gnu/libxcb-present.so.0.0.0
7fa38fbd1000-7fa38fbd2000 r--p 00001000 08:01 4728696                    /usr/lib/x86_64-linux-gnu/libxcb-present.so.0.0.0
7fa38fbd2000-7fa38fbd3000 rw-p 00002000 08:01 4728696                    /usr/lib/x86_64-linux-gnu/libxcb-present.so.0.0.0
7fa38fbd3000-7fa38fbd5000 r-xp 00000000 08:01 4728686                    /usr/lib/x86_64-linux-gnu/libxcb-dri3.so.0.0.0
7fa38fbd5000-7fa38fdd4000 ---p 00002000 08:01 4728686                    /usr/lib/x86_64-linux-gnu/libxcb-dri3.so.0.0.0
7fa38fdd4000-7fa38fdd5000 r--p 00001000 08:01 4728686                    /usr/lib/x86_64-linux-gnu/libxcb-dri3.so.0.0.0
7fa38fdd5000-7fa38fdd6000 rw-p 00002000 08:01 4728686                    /usr/lib/x86_64-linux-gnu/libxcb-dri3.so.0.0.0
7fa38fdd6000-7fa38fdfc000 r-xp 00000000 08:01 2757058                    /lib/x86_64-linux-gnu/libexpat.so.1.6.0
7fa38fdfc000-7fa38fffc000 ---p 00026000 08:01 2757058                    /lib/x86_64-linux-gnu/libexpat.so.1.6.0
7fa38fffc000-7fa38fffe000 r--p 00026000 08:01 2757058                    /lib/x86_64-linux-gnu/libexpat.so.1.6.0
7fa38fffe000-7fa38ffff000 rw-p 00028000 08:01 2757058                    /lib/x86_64-linux-gnu/libexpat.so.1.6.0
7fa38ffff000-7fa394000000 rw-s 00000000 00:19 37                         /dev/shm/pulse-shm-1777078561
7fa394000000-7fa394021000 rw-p 00000000 00:00 0 
7fa394021000-7fa398000000 ---p 00000000 00:00 0 
7fa398000000-7fa398021000 rw-p 00000000 00:00 0 
7fa398021000-7fa39c000000 ---p 00000000 00:00 0 
7fa39c039000-7fa39c0a9000 r-xp 00000000 08:01 4984410                    /usr/lib/x86_64-linux-gnu/mesa/libGL.so.1.2.0
7fa39c0a9000-7fa39c2a8000 ---p 00070000 08:01 4984410                    /usr/lib/x86_64-linux-gnu/mesa/libGL.so.1.2.0
7fa39c2a8000-7fa39c2ab000 r--p 0006f000 08:01 4984410                    /usr/lib/x86_64-linux-gnu/mesa/libGL.so.1.2.0
7fa39c2ab000-7fa39c2ac000 rw-p 00072000 08:01 4984410                    /usr/lib/x86_64-linux-gnu/mesa/libGL.so.1.2.0
7fa39c2ac000-7fa39c2ad000 rw-p 00000000 00:00 0 
7fa39c2ad000-7fa39c2b0000 ---p 00000000 00:00 0 
7fa39c2b0000-7fa39c2e6000 rw-p 00000000 00:00 0 
7fa39c2e6000-7fa39c2e9000 ---p 00000000 00:00 0 
7fa39c2e9000-7fa39c3e7000 rw-p 00000000 00:00 0 
7fa39c3e7000-7fa39c3e8000 ---p 00000000 00:00 0 
7fa39c3e8000-7fa39c4e8000 rw-p 00000000 00:00 0 
7fa39c4e8000-7fa39c4e9000 ---p 00000000 00:00 0 
7fa39c4e9000-7fa39cce9000 rw-p 00000000 00:00 0 
7fa39cce9000-7fa39cd13000 r-xp 00000000 08:01 4728589                    /usr/lib/x86_64-linux-gnu/libvorbis.so.0.4.8
7fa39cd13000-7fa39cf12000 ---p 0002a000 08:01 4728589                    /usr/lib/x86_64-linux-gnu/libvorbis.so.0.4.8
7fa39cf12000-7fa39cf13000 r--p 00029000 08:01 4728589                    /usr/lib/x86_64-linux-gnu/libvorbis.so.0.4.8
7fa39cf13000-7fa39cf14000 rw-p 0002a000 08:01 4728589                    /usr/lib/x86_64-linux-gnu/libvorbis.so.0.4.8
7fa39cf14000-7fa39cf1b000 r-xp 00000000 08:01 4728225                    /usr/lib/x86_64-linux-gnu/libogg.so.0.8.2
7fa39cf1b000-7fa39d11b000 ---p 00007000 08:01 4728225                    /usr/lib/x86_64-linux-gnu/libogg.so.0.8.2
7fa39d11b000-7fa39d11c000 r--p 00007000 08:01 4728225                    /usr/lib/x86_64-linux-gnu/libogg.so.0.8.2
7fa39d11c000-7fa39d11d000 rw-p 00008000 08:01 4728225                    /usr/lib/x86_64-linux-gnu/libogg.so.0.8.2
7fa39d11d000-7fa39d12f000 r-xp 00000000 08:01 2757434                    /lib/x86_64-linux-gnu/libgpg-error.so.0.17.0
7fa39d12f000-7fa39d32f000 ---p 00012000 08:01 2757434                    /lib/x86_64-linux-gnu/libgpg-error.so.0.17.0
7fa39d32f000-7fa39d330000 r--p 00012000 08:01 2757434                    /lib/x86_64-linux-gnu/libgpg-error.so.0.17.0
7fa39d330000-7fa39d331000 rw-p 00013000 08:01 2757434                    /lib/x86_64-linux-gnu/libgpg-error.so.0.17.0
7fa39d331000-7fa39d39f000 r-xp 00000000 08:01 2757519                    /lib/x86_64-linux-gnu/libpcre.so.3.13.2
7fa39d39f000-7fa39d59f000 ---p 0006e000 08:01 2757519                    /lib/x86_64-linux-gnu/libpcre.so.3.13.2
7fa39d59f000-7fa39d5a0000 r--p 0006e000 08:01 2757519                    /lib/x86_64-linux-gnu/libpcre.so.3.13.2
7fa39d5a0000-7fa39d5a1000 rw-p 0006f000 08:01 2757519                    /lib/x86_64-linux-gnu/libpcre.so.3.13.2
7fa39d5a1000-7fa39d5b8000 r-xp 00000000 08:01 2757542                    /lib/x86_64-linux-gnu/libresolv-2.23.so
7fa39d5b8000-7fa39d7b8000 ---p 00017000 08:01 2757542                    /lib/x86_64-linux-gnu/libresolv-2.23.so
7fa39d7b8000-7fa39d7b9000 r--p 00017000 08:01 2757542                    /lib/x86_64-linux-gnu/libresolv-2.23.so
7fa39d7b9000-7fa39d7ba000 rw-p 00018000 08:01 2757542                    /lib/x86_64-linux-gnu/libresolv-2.23.so
7fa39d7ba000-7fa39d7bc000 rw-p 00000000 00:00 0 
7fa39d7bc000-7fa39d849000 r-xp 00000000 08:01 4728591                    /usr/lib/x86_64-linux-gnu/libvorbisenc.so.2.0.11
7fa39d849000-7fa39da48000 ---p 0008d000 08:01 4728591                    /usr/lib/x86_64-linux-gnu/libvorbisenc.so.2.0.11
7fa39da48000-7fa39da64000 r--p 0008c000 08:01 4728591                    /usr/lib/x86_64-linux-gnu/libvorbisenc.so.2.0.11
7fa39da64000-7fa39da65000 rw-p 000a8000 08:01 4728591                    /usr/lib/x86_64-linux-gnu/libvorbisenc.so.2.0.11
7fa39da65000-7fa39dad8000 r-xp 00000000 08:01 4727142                    /usr/lib/x86_64-linux-gnu/libFLAC.so.8.3.0
7fa39dad8000-7fa39dcd8000 ---p 00073000 08:01 4727142                    /usr/lib/x86_64-linux-gnu/libFLAC.so.8.3.0
7fa39dcd8000-7fa39dcd9000 r--p 00073000 08:01 4727142                    /usr/lib/x86_64-linux-gnu/libFLAC.so.8.3.0
7fa39dcd9000-7fa39dcda000 rw-p 00074000 08:01 4727142                    /usr/lib/x86_64-linux-gnu/libFLAC.so.8.3.0
7fa39dcda000-7fa39ddb1000 r-xp 00000000 08:01 2757430                    /lib/x86_64-linux-gnu/libgcrypt.so.20.0.5
7fa39ddb1000-7fa39dfb1000 ---p 000d7000 08:01 2757430                    /lib/x86_64-linux-gnu/libgcrypt.so.20.0.5
7fa39dfb1000-7fa39dfb2000 r--p 000d7000 08:01 2757430                    /lib/x86_64-linux-gnu/libgcrypt.so.20.0.5
7fa39dfb2000-7fa39dfba000 rw-p 000d8000 08:01 2757430                    /lib/x86_64-linux-gnu/libgcrypt.so.20.0.5
7fa39dfba000-7fa39dfbb000 rw-p 00000000 00:00 0 
7fa39dfbb000-7fa39dfdc000 r-xp 00000000 08:01 2757457                    /lib/x86_64-linux-gnu/liblzma.so.5.0.0
7fa39dfdc000-7fa39e1db000 ---p 00021000 08:01 2757457                    /lib/x86_64-linux-gnu/liblzma.so.5.0.0
7fa39e1db000-7fa39e1dc000 r--p 00020000 08:01 2757457                    /lib/x86_64-linux-gnu/liblzma.so.5.0.0
7fa39e1dc000-7fa39e1dd000 rw-p 00021000 08:01 2757457                    /lib/x86_64-linux-gnu/liblzma.so.5.0.0
7fa39e1dd000-7fa39e1fc000 r-xp 00000000 08:01 2757548                    /lib/x86_64-linux-gnu/libselinux.so.1
7fa39e1fc000-7fa39e3fb000 ---p 0001f000 08:01 2757548                    /lib/x86_64-linux-gnu/libselinux.so.1
7fa39e3fb000-7fa39e3fc000 r--p 0001e000 08:01 2757548                    /lib/x86_64-linux-gnu/libselinux.so.1
7fa39e3fc000-7fa39e3fd000 rw-p 0001f000 08:01 2757548                    /lib/x86_64-linux-gnu/libselinux.so.1
7fa39e3fd000-7fa39e3ff000 rw-p 00000000 00:00 0 
7fa39e3ff000-7fa39e404000 r-xp 00000000 08:01 4727396                    /usr/lib/x86_64-linux-gnu/libasyncns.so.0.3.1
7fa39e404000-7fa39e603000 ---p 00005000 08:01 4727396                    /usr/lib/x86_64-linux-gnu/libasyncns.so.0.3.1
7fa39e603000-7fa39e604000 r--p 00004000 08:01 4727396                    /usr/lib/x86_64-linux-gnu/libasyncns.so.0.3.1
7fa39e604000-7fa39e605000 rw-p 00005000 08:01 4727396                    /usr/lib/x86_64-linux-gnu/libasyncns.so.0.3.1
7fa39e605000-7fa39e668000 r-xp 00000000 08:01 4725157                    /usr/lib/x86_64-linux-gnu/libsndfile.so.1.0.25
7fa39e668000-7fa39e868000 ---p 00063000 08:01 4725157                    /usr/lib/x86_64-linux-gnu/libsndfile.so.1.0.25
7fa39e868000-7fa39e86a000 r--p 00063000 08:01 4725157                    /usr/lib/x86_64-linux-gnu/libsndfile.so.1.0.25
7fa39e86a000-7fa39e86b000 rw-p 00065000 08:01 4725157                    /usr/lib/x86_64-linux-gnu/libsndfile.so.1.0.25
7fa39e86b000-7fa39e86f000 rw-p 00000000 00:00 0 
7fa39e86f000-7fa39e877000 r-xp 00000000 08:01 2757576                    /lib/x86_64-linux-gnu/libwrap.so.0.7.6
7fa39e877000-7fa39ea76000 ---p 00008000 08:01 2757576                    /lib/x86_64-linux-gnu/libwrap.so.0.7.6
7fa39ea76000-7fa39ea77000 r--p 00007000 08:01 2757576                    /lib/x86_64-linux-gnu/libwrap.so.0.7.6
7fa39ea77000-7fa39ea78000 rw-p 00008000 08:01 2757576                    /lib/x86_64-linux-gnu/libwrap.so.0.7.6
7fa39ea78000-7fa39ea79000 rw-p 00000000 00:00 0 
7fa39ea79000-7fa39eaf9000 r-xp 00000000 08:01 2752517                    /lib/x86_64-linux-gnu/libsystemd.so.0.14.0
7fa39eaf9000-7fa39eafc000 r--p 0007f000 08:01 2752517                    /lib/x86_64-linux-gnu/libsystemd.so.0.14.0
7fa39eafc000-7fa39eafd000 rw-p 00082000 08:01 2752517                    /lib/x86_64-linux-gnu/libsystemd.so.0.14.0
7fa39eafd000-7fa39eafe000 rw-p 00000000 00:00 0 
7fa39eafe000-7fa39eb48000 r-xp 00000000 08:01 2752540                    /lib/x86_64-linux-gnu/libdbus-1.so.3.14.6
7fa39eb48000-7fa39ed48000 ---p 0004a000 08:01 2752540                    /lib/x86_64-linux-gnu/libdbus-1.so.3.14.6
7fa39ed48000-7fa39ed49000 r--p 0004a000 08:01 2752540                    /lib/x86_64-linux-gnu/libdbus-1.so.3.14.6
7fa39ed49000-7fa39ed4a000 rw-p 0004b000 08:01 2752540                    /lib/x86_64-linux-gnu/libdbus-1.so.3.14.6
7fa39ed4a000-7fa39edc4000 r-xp 00000000 08:01 4984918                    /usr/lib/x86_64-linux-gnu/pulseaudio/libpulsecommon-8.0.so
7fa39edc4000-7fa39efc3000 ---p 0007a000 08:01 4984918                    /usr/lib/x86_64-linux-gnu/pulseaudio/libpulsecommon-8.0.so
7fa39efc3000-7fa39efc4000 r--p 00079000 08:01 4984918                    /usr/lib/x86_64-linux-gnu/pulseaudio/libpulsecommon-8.0.so
7fa39efc4000-7fa39efc5000 rw-p 0007a000 08:01 4984918                    /usr/lib/x86_64-linux-gnu/pulseaudio/libpulsecommon-8.0.so
7fa39efc5000-7fa39efcf000 r-xp 00000000 08:01 2757449                    /lib/x86_64-linux-gnu/libjson-c.so.2.0.0
7fa39efcf000-7fa39f1ce000 ---p 0000a000 08:01 2757449                    /lib/x86_64-linux-gnu/libjson-c.so.2.0.0
7fa39f1ce000-7fa39f1cf000 r--p 00009000 08:01 2757449                    /lib/x86_64-linux-gnu/libjson-c.so.2.0.0
7fa39f1cf000-7fa39f1d0000 rw-p 0000a000 08:01 2757449                    /lib/x86_64-linux-gnu/libjson-c.so.2.0.0
7fa39f1d0000-7fa39f21e000 r-xp 00000000 08:01 4728317                    /usr/lib/x86_64-linux-gnu/libpulse.so.0.19.0
7fa39f21e000-7fa39f41e000 ---p 0004e000 08:01 4728317                    /usr/lib/x86_64-linux-gnu/libpulse.so.0.19.0
7fa39f41e000-7fa39f41f000 r--p 0004e000 08:01 4728317                    /usr/lib/x86_64-linux-gnu/libpulse.so.0.19.0
7fa39f41f000-7fa39f420000 rw-p 0004f000 08:01 4728317                    /usr/lib/x86_64-linux-gnu/libpulse.so.0.19.0
7fa39f420000-7fa39f475000 r-xp 00000000 08:01 1970581                    /tmp/libgdxfoysal/31ce78a2/libopenal64.so
7fa39f475000-7fa39f674000 ---p 00055000 08:01 1970581                    /tmp/libgdxfoysal/31ce78a2/libopenal64.so
7fa39f674000-7fa39f677000 r--p 00054000 08:01 1970581                    /tmp/libgdxfoysal/31ce78a2/libopenal64.so
7fa39f677000-7fa39f678000 rw-p 00057000 08:01 1970581                    /tmp/libgdxfoysal/31ce78a2/libopenal64.so
7fa39f678000-7fa39f679000 rw-p 00000000 00:00 0 
7fa39f679000-7fa39f67e000 r-xp 00000000 08:01 4727343                    /usr/lib/x86_64-linux-gnu/libXxf86vm.so.1.0.0
7fa39f67e000-7fa39f87d000 ---p 00005000 08:01 4727343                    /usr/lib/x86_64-linux-gnu/libXxf86vm.so.1.0.0
7fa39f87d000-7fa39f87e000 r--p 00004000 08:01 4727343                    /usr/lib/x86_64-linux-gnu/libXxf86vm.so.1.0.0
7fa39f87e000-7fa39f87f000 rw-p 00005000 08:01 4727343                    /usr/lib/x86_64-linux-gnu/libXxf86vm.so.1.0.0
7fa39f87f000-7fa39f889000 r-xp 00000000 08:01 4727325                    /usr/lib/x86_64-linux-gnu/libXrandr.so.2.2.0
7fa39f889000-7fa39fa88000 ---p 0000a000 08:01 4727325                    /usr/lib/x86_64-linux-gnu/libXrandr.so.2.2.0
7fa39fa88000-7fa39fa89000 r--p 00009000 08:01 4727325                    /usr/lib/x86_64-linux-gnu/libXrandr.so.2.2.0
7fa39fa89000-7fa39fa8a000 rw-p 0000a000 08:01 4727325                    /usr/lib/x86_64-linux-gnu/libXrandr.so.2.2.0
7fa39fa8a000-7fa39fafa000 r-xp 00000000 08:01 1970580                    /tmp/libgdxfoysal/31ce78a2/liblwjgl64.so
7fa39fafa000-7fa39fcfa000 ---p 00070000 08:01 1970580                    /tmp/libgdxfoysal/31ce78a2/liblwjgl64.so
7fa39fcfa000-7fa39fcfc000 r--p 00070000 08:01 1970580                    /tmp/libgdxfoysal/31ce78a2/liblwjgl64.so
7fa39fcfc000-7fa39fcfd000 rw-p 00072000 08:01 1970580                    /tmp/libgdxfoysal/31ce78a2/liblwjgl64.so
7fa39fcfd000-7fa39fcfe000 r-xp 00000000 08:01 4723430                    /usr/lib/jvm/java-8-openjdk-amd64/jre/lib/amd64/libjawt.so
7fa39fcfe000-7fa39fefd000 ---p 00001000 08:01 4723430                    /usr/lib/jvm/java-8-openjdk-amd64/jre/lib/amd64/libjawt.so
7fa39fefd000-7fa39fefe000 r--p 00000000 08:01 4723430                    /usr/lib/jvm/java-8-openjdk-amd64/jre/lib/amd64/libjawt.so
7fa39fefe000-7fa39feff000 rw-p 00001000 08:01 4723430                    /usr/lib/jvm/java-8-openjdk-amd64/jre/lib/amd64/libjawt.so
7fa39feff000-7fa39ff02000 ---p 00000000 00:00 0 
7fa39ff02000-7fa3a0000000 rw-p 00000000 00:00 0 
7fa3a0000000-7fa3a0021000 rw-p 00000000 00:00 0 
7fa3a0021000-7fa3a4000000 ---p 00000000 00:00 0 
7fa3a4000000-7fa3a4021000 rw-p 00000000 00:00 0 
7fa3a4021000-7fa3a8000000 ---p 00000000 00:00 0 
7fa3a8000000-7fa3a8107000 rw-p 00000000 00:00 0 
7fa3a8107000-7fa3ac000000 ---p 00000000 00:00 0 
7fa3ac000000-7fa3ac24f000 rw-p 00000000 00:00 0 
7fa3ac24f000-7fa3b0000000 ---p 00000000 00:00 0 
7fa3b0000000-7fa3b0021000 rw-p 00000000 00:00 0 
7fa3b0021000-7fa3b4000000 ---p 00000000 00:00 0 
7fa3b4000000-7fa3b40d3000 rw-p 00000000 00:00 0 
7fa3b40d3000-7fa3b8000000 ---p 00000000 00:00 0 
7fa3b8000000-7fa3b8021000 rw-p 00000000 00:00 0 
7fa3b8021000-7fa3bc000000 ---p 00000000 00:00 0 
7fa3bc000000-7fa3bc021000 rw-p 00000000 00:00 0 
7fa3bc021000-7fa3c0000000 ---p 00000000 00:00 0 
7fa3c0000000-7fa3c0021000 rw-p 00000000 00:00 0 
7fa3c0021000-7fa3c4000000 ---p 00000000 00:00 0 
7fa3c4000000-7fa3c4021000 rw-p 00000000 00:00 0 
7fa3c4021000-7fa3c8000000 ---p 00000000 00:00 0 
7fa3c8034000-7fa3c8039000 r-xp 00000000 08:01 4727307                    /usr/lib/x86_64-linux-gnu/libXfixes.so.3.1.0
7fa3c8039000-7fa3c8238000 ---p 00005000 08:01 4727307                    /usr/lib/x86_64-linux-gnu/libXfixes.so.3.1.0
7fa3c8238000-7fa3c8239000 r--p 00004000 08:01 4727307                    /usr/lib/x86_64-linux-gnu/libXfixes.so.3.1.0
7fa3c8239000-7fa3c823a000 rw-p 00005000 08:01 4727307                    /usr/lib/x86_64-linux-gnu/libXfixes.so.3.1.0
7fa3c823a000-7fa3c8243000 r-xp 00000000 08:01 4727299                    /usr/lib/x86_64-linux-gnu/libXcursor.so.1.0.2
7fa3c8243000-7fa3c8442000 ---p 00009000 08:01 4727299                    /usr/lib/x86_64-linux-gnu/libXcursor.so.1.0.2
7fa3c8442000-7fa3c8443000 r--p 00008000 08:01 4727299                    /usr/lib/x86_64-linux-gnu/libXcursor.so.1.0.2
7fa3c8443000-7fa3c8444000 rw-p 00009000 08:01 4727299                    /usr/lib/x86_64-linux-gnu/libXcursor.so.1.0.2
7fa3c8444000-7fa3c8447000 ---p 00000000 00:00 0 
7fa3c8447000-7fa3c8545000 rw-p 00000000 00:00 0 
7fa3c8545000-7fa3c8569000 r-xp 00000000 08:01 2757531                    /lib/x86_64-linux-gnu/libpng12.so.0.54.0
7fa3c8569000-7fa3c8768000 ---p 00024000 08:01 2757531                    /lib/x86_64-linux-gnu/libpng12.so.0.54.0
7fa3c8768000-7fa3c8769000 r--p 00023000 08:01 2757531                    /lib/x86_64-linux-gnu/libpng12.so.0.54.0
7fa3c8769000-7fa3c876a000 rw-p 00024000 08:01 2757531                    /lib/x86_64-linux-gnu/libpng12.so.0.54.0
7fa3c876a000-7fa3c880e000 r-xp 00000000 08:01 4727730                    /usr/lib/x86_64-linux-gnu/libfreetype.so.6.12.1
7fa3c880e000-7fa3c8a0d000 ---p 000a4000 08:01 4727730                    /usr/lib/x86_64-linux-gnu/libfreetype.so.6.12.1
7fa3c8a0d000-7fa3c8a13000 r--p 000a3000 08:01 4727730                    /usr/lib/x86_64-linux-gnu/libfreetype.so.6.12.1
7fa3c8a13000-7fa3c8a14000 rw-p 000a9000 08:01 4727730                    /usr/lib/x86_64-linux-gnu/libfreetype.so.6.12.1
7fa3c8a1e000-7fa3c8a22000 rw-s 00000000 00:18 648                        /i915 (deleted)
7fa3c8a22000-7fa3c8a27000 rw-s 00000000 00:18 645                        /i915 (deleted)
7fa3c8a27000-7fa3c8a28000 rwxp 00000000 00:00 0 
7fa3c8a28000-7fa3c8a29000 rw-s 00000000 00:05 124114                     /memfd:xshmfence (deleted)
7fa3c8a29000-7fa3c8a2d000 rw-s 00000000 00:18 545                        /i915 (deleted)
7fa3c8a2d000-7fa3c8a32000 rw-s 00000000 00:18 537                        /i915 (deleted)
7fa3c8a32000-7fa3c8a83000 r-xp 00000000 08:01 4723441                    /usr/lib/jvm/java-8-openjdk-amd64/jre/lib/amd64/libfontmanager.so
7fa3c8a83000-7fa3c8c83000 ---p 00051000 08:01 4723441                    /usr/lib/jvm/java-8-openjdk-amd64/jre/lib/amd64/libfontmanager.so
7fa3c8c83000-7fa3c8c85000 r--p 00051000 08:01 4723441                    /usr/lib/jvm/java-8-openjdk-amd64/jre/lib/amd64/libfontmanager.so
7fa3c8c85000-7fa3c8c86000 rw-p 00053000 08:01 4723441                    /usr/lib/jvm/java-8-openjdk-amd64/jre/lib/amd64/libfontmanager.so
7fa3c8c86000-7fa3c8c8b000 r-xp 00000000 08:01 4727303                    /usr/lib/x86_64-linux-gnu/libXdmcp.so.6.0.0
7fa3c8c8b000-7fa3c8e8a000 ---p 00005000 08:01 4727303                    /usr/lib/x86_64-linux-gnu/libXdmcp.so.6.0.0
7fa3c8e8a000-7fa3c8e8b000 r--p 00004000 08:01 4727303                    /usr/lib/x86_64-linux-gnu/libXdmcp.so.6.0.0
7fa3c8e8b000-7fa3c8e8c000 rw-p 00005000 08:01 4727303                    /usr/lib/x86_64-linux-gnu/libXdmcp.so.6.0.0
7fa3c8e8c000-7fa3c8e8e000 r-xp 00000000 08:01 4727292                    /usr/lib/x86_64-linux-gnu/libXau.so.6.0.0
7fa3c8e8e000-7fa3c908e000 ---p 00002000 08:01 4727292                    /usr/lib/x86_64-linux-gnu/libXau.so.6.0.0
7fa3c908e000-7fa3c908f000 r--p 00002000 08:01 4727292                    /usr/lib/x86_64-linux-gnu/libXau.so.6.0.0
7fa3c908f000-7fa3c9090000 rw-p 00003000 08:01 4727292                    /usr/lib/x86_64-linux-gnu/libXau.so.6.0.0
7fa3c9090000-7fa3c90b1000 r-xp 00000000 08:01 4728716                    /usr/lib/x86_64-linux-gnu/libxcb.so.1.1.0
7fa3c90b1000-7fa3c92b0000 ---p 00021000 08:01 4728716                    /usr/lib/x86_64-linux-gnu/libxcb.so.1.1.0
7fa3c92b0000-7fa3c92b1000 r--p 00020000 08:01 4728716                    /usr/lib/x86_64-linux-gnu/libxcb.so.1.1.0
7fa3c92b1000-7fa3c92b2000 rw-p 00021000 08:01 4728716                    /usr/lib/x86_64-linux-gnu/libxcb.so.1.1.0
7fa3c92b2000-7fa3c92c1000 r-xp 00000000 08:01 4727315                    /usr/lib/x86_64-linux-gnu/libXi.so.6.1.0
7fa3c92c1000-7fa3c94c0000 ---p 0000f000 08:01 4727315                    /usr/lib/x86_64-linux-gnu/libXi.so.6.1.0
7fa3c94c0000-7fa3c94c1000 r--p 0000e000 08:01 4727315                    /usr/lib/x86_64-linux-gnu/libXi.so.6.1.0
7fa3c94c1000-7fa3c94c2000 rw-p 0000f000 08:01 4727315                    /usr/lib/x86_64-linux-gnu/libXi.so.6.1.0
7fa3c94c2000-7fa3c94c7000 r-xp 00000000 08:01 4727333                    /usr/lib/x86_64-linux-gnu/libXtst.so.6.1.0
7fa3c94c7000-7fa3c96c6000 ---p 00005000 08:01 4727333                    /usr/lib/x86_64-linux-gnu/libXtst.so.6.1.0
7fa3c96c6000-7fa3c96c7000 r--p 00004000 08:01 4727333                    /usr/lib/x86_64-linux-gnu/libXtst.so.6.1.0
7fa3c96c7000-7fa3c96c8000 rw-p 00005000 08:01 4727333                    /usr/lib/x86_64-linux-gnu/libXtst.so.6.1.0
7fa3c96c8000-7fa3c96d1000 r-xp 00000000 08:01 4727327                    /usr/lib/x86_64-linux-gnu/libXrender.so.1.3.0
7fa3c96d1000-7fa3c98d0000 ---p 00009000 08:01 4727327                    /usr/lib/x86_64-linux-gnu/libXrender.so.1.3.0
7fa3c98d0000-7fa3c98d1000 r--p 00008000 08:01 4727327                    /usr/lib/x86_64-linux-gnu/libXrender.so.1.3.0
7fa3c98d1000-7fa3c98d2000 rw-p 00009000 08:01 4727327                    /usr/lib/x86_64-linux-gnu/libXrender.so.1.3.0
7fa3c98d2000-7fa3c9a07000 r-xp 00000000 08:01 4727288                    /usr/lib/x86_64-linux-gnu/libX11.so.6.3.0
7fa3c9a07000-7fa3c9c07000 ---p 00135000 08:01 4727288                    /usr/lib/x86_64-linux-gnu/libX11.so.6.3.0
7fa3c9c07000-7fa3c9c08000 r--p 00135000 08:01 4727288                    /usr/lib/x86_64-linux-gnu/libX11.so.6.3.0
7fa3c9c08000-7fa3c9c0c000 rw-p 00136000 08:01 4727288                    /usr/lib/x86_64-linux-gnu/libX11.so.6.3.0
7fa3c9c0c000-7fa3c9c1d000 r-xp 00000000 08:01 4727305                    /usr/lib/x86_64-linux-gnu/libXext.so.6.4.0
7fa3c9c1d000-7fa3c9e1c000 ---p 00011000 08:01 4727305                    /usr/lib/x86_64-linux-gnu/libXext.so.6.4.0
7fa3c9e1c000-7fa3c9e1d000 r--p 00010000 08:01 4727305                    /usr/lib/x86_64-linux-gnu/libXext.so.6.4.0
7fa3c9e1d000-7fa3c9e1e000 rw-p 00011000 08:01 4727305                    /usr/lib/x86_64-linux-gnu/libXext.so.6.4.0
7fa3c9e1e000-7fa3c9e22000 rw-s 00000000 00:18 538                        /i915 (deleted)
7fa3c9e22000-7fa3c9e29000 r--s 00000000 08:01 4983605                    /usr/lib/x86_64-linux-gnu/gconv/gconv-modules.cache
7fa3c9e29000-7fa3c9e3c000 r--s 00346000 08:01 4724250                    /usr/lib/jvm/java-8-openjdk-amd64/jre/lib/resources.jar
7fa3c9e3c000-7fa3c9e97000 r-xp 00000000 08:01 4723422                    /usr/lib/jvm/java-8-openjdk-amd64/jre/lib/amd64/libawt_xawt.so
7fa3c9e97000-7fa3ca096000 ---p 0005b000 08:01 4723422                    /usr/lib/jvm/java-8-openjdk-amd64/jre/lib/amd64/libawt_xawt.so
7fa3ca096000-7fa3ca097000 r--p 0005a000 08:01 4723422                    /usr/lib/jvm/java-8-openjdk-amd64/jre/lib/amd64/libawt_xawt.so
7fa3ca097000-7fa3ca09a000 rw-p 0005b000 08:01 4723422                    /usr/lib/jvm/java-8-openjdk-amd64/jre/lib/amd64/libawt_xawt.so
7fa3ca09a000-7fa3ca09c000 rw-p 00000000 00:00 0 
7fa3ca09c000-7fa3ca13b000 r-xp 00000000 08:01 4723424                    /usr/lib/jvm/java-8-openjdk-amd64/jre/lib/amd64/libawt.so
7fa3ca13b000-7fa3ca33b000 ---p 0009f000 08:01 4723424                    /usr/lib/jvm/java-8-openjdk-amd64/jre/lib/amd64/libawt.so
7fa3ca33b000-7fa3ca33c000 r--p 0009f000 08:01 4723424                    /usr/lib/jvm/java-8-openjdk-amd64/jre/lib/amd64/libawt.so
7fa3ca33c000-7fa3ca347000 rw-p 000a0000 08:01 4723424                    /usr/lib/jvm/java-8-openjdk-amd64/jre/lib/amd64/libawt.so
7fa3ca347000-7fa3ca36c000 rw-p 00000000 00:00 0 
7fa3ca36c000-7fa3ca370000 r--s 000a1000 08:01 4724252                    /usr/lib/jvm/java-8-openjdk-amd64/jre/lib/jsse.jar
7fa3ca370000-7fa3ca3a4000 r-xp 00000000 08:01 1970578                    /tmp/libgdxfoysal/3db1ff57/libgdx64.so
7fa3ca3a4000-7fa3ca5a4000 ---p 00034000 08:01 1970578                    /tmp/libgdxfoysal/3db1ff57/libgdx64.so
7fa3ca5a4000-7fa3ca5a5000 r--p 00034000 08:01 1970578                    /tmp/libgdxfoysal/3db1ff57/libgdx64.so
7fa3ca5a5000-7fa3ca5a6000 rw-p 00035000 08:01 1970578                    /tmp/libgdxfoysal/3db1ff57/libgdx64.so
7fa3ca5a6000-7fa3ca5a7000 r--s 00002000 08:03 1966785                    /home/foysal/.gradle/caches/modules-2/files-2.1/net.java.jinput/jinput-platform/2.0.5/53f9c919f34d2ca9de8c51fc4e1e8282029a9232/jinput-platform-2.0.5-natives-osx.jar
7fa3ca5a7000-7fa3ca5a8000 r--s 00025000 08:03 1966783                    /home/foysal/.gradle/caches/modules-2/files-2.1/net.java.jinput/jinput-platform/2.0.5/385ee093e01f587f30ee1c8a2ee7d408fd732e16/jinput-platform-2.0.5-natives-windows.jar
7fa3ca5a8000-7fa3ca5a9000 r--s 00002000 08:03 1966781                    /home/foysal/.gradle/caches/modules-2/files-2.1/net.java.jinput/jinput-platform/2.0.5/7ff832a6eb9ab6a767f1ade2b548092d0fa64795/jinput-platform-2.0.5-natives-linux.jar
7fa3ca5a9000-7fa3ca5aa000 r--s 00001000 08:03 1966779                    /home/foysal/.gradle/caches/modules-2/files-2.1/net.java.jutils/jutils/1.0.0/e12fe1fda814bd348c1579329c86943d2cd3c6a6/jutils-1.0.0.jar
7fa3ca5aa000-7fa3ca5ae000 r--s 0002f000 08:03 1966777                    /home/foysal/.gradle/caches/modules-2/files-2.1/net.java.jinput/jinput/2.0.5/39c7796b469a600f72380316f6b1f11db6c2c7c4/jinput-2.0.5.jar
7fa3ca5ae000-7fa3ca5af000 r--s 00068000 08:03 1966789                    /home/foysal/.gradle/caches/modules-2/files-2.1/org.lwjgl.lwjgl/lwjgl-platform/2.9.2/d55b46b40b40249d627a83a7f7f22649709d70c3/lwjgl-platform-2.9.2-natives-osx.jar
7fa3ca5af000-7fa3ca5b0000 r--s 0008d000 08:03 1966791                    /home/foysal/.gradle/caches/modules-2/files-2.1/org.lwjgl.lwjgl/lwjgl-platform/2.9.2/d276cdf61fe2b516c7b7f4aa1b8dea91dbdc8d56/lwjgl-platform-2.9.2-natives-linux.jar
7fa3ca5b0000-7fa3ca5b1000 r--s 00095000 08:03 1966775                    /home/foysal/.gradle/caches/modules-2/files-2.1/org.lwjgl.lwjgl/lwjgl-platform/2.9.2/510c7d317f5e9e700b9cfaac5fd38bdebf0702e0/lwjgl-platform-2.9.2-natives-windows.jar
7fa3ca5b1000-7fa3ca5b3000 r--s 00017000 08:03 1966769                    /home/foysal/.gradle/caches/modules-2/files-2.1/org.jcraft/jorbis/0.0.17/8872d22b293e8f5d7d56ff92be966e6dc28ebdc6/jorbis-0.0.17.jar
7fa3ca5b3000-7fa3ca5c1000 r--s 000f2000 08:03 1966793                    /home/foysal/.gradle/caches/modules-2/files-2.1/org.lwjgl.lwjgl/lwjgl/2.9.2/a9d80fe5935c7a9149f6584d9777cfd471f65489/lwjgl-2.9.2.jar
7fa3ca5c1000-7fa3ca5c5000 r--s 00027000 08:03 1966771                    /home/foysal/.gradle/caches/modules-2/files-2.1/org.lwjgl.lwjgl/lwjgl_util/2.9.2/4b9e37300a87799856e0bd15ed81663cdb6b0947/lwjgl_util-2.9.2.jar
7fa3ca5c5000-7fa3ca5e1000 r--s 001be000 08:03 1966665                    /home/foysal/.gradle/caches/modules-2/files-2.1/com.badlogicgames.gdx/gdx/1.9.9/bf26f2f816b3cfe37ac6e66615391c30714b7030/gdx-1.9.9.jar
7fa3ca5e1000-7fa3ca5e2000 ---p 00000000 00:00 0 
7fa3ca5e2000-7fa3ca6e2000 rw-p 00000000 00:00 0 
7fa3ca6e2000-7fa3ca6e5000 ---p 00000000 00:00 0 
7fa3ca6e5000-7fa3ca7e3000 rw-p 00000000 00:00 0 
7fa3ca7e3000-7fa3ca7e6000 ---p 00000000 00:00 0 
7fa3ca7e6000-7fa3ca8e4000 rw-p 00000000 00:00 0 
7fa3ca8e4000-7fa3ca8e7000 ---p 00000000 00:00 0 
7fa3ca8e7000-7fa3ca9e5000 rw-p 00000000 00:00 0 
7fa3ca9e5000-7fa3ca9e8000 ---p 00000000 00:00 0 
7fa3ca9e8000-7fa3caae6000 rw-p 00000000 00:00 0 
7fa3caae6000-7fa3caae9000 ---p 00000000 00:00 0 
7fa3caae9000-7fa3cabe7000 rw-p 00000000 00:00 0 
7fa3cabe7000-7fa3cb5f6000 r--p 00000000 08:01 4726095                    /usr/lib/locale/locale-archive
7fa3cb5f6000-7fa3cb5f9000 ---p 00000000 00:00 0 
7fa3cb5f9000-7fa3cb6f7000 rw-p 00000000 00:00 0 
7fa3cb6f7000-7fa3cb6fa000 ---p 00000000 00:00 0 
7fa3cb6fa000-7fa3cb7f8000 rw-p 00000000 00:00 0 
7fa3cb7f8000-7fa3cb7f9000 ---p 00000000 00:00 0 
7fa3cb7f9000-7fa3cc000000 rw-p 00000000 00:00 0 
7fa3cc000000-7fa3cc021000 rw-p 00000000 00:00 0 
7fa3cc021000-7fa3d0000000 ---p 00000000 00:00 0 
7fa3d0000000-7fa3d0021000 rw-p 00000000 00:00 0 
7fa3d0021000-7fa3d4000000 ---p 00000000 00:00 0 
7fa3d4000000-7fa3d4021000 rw-p 00000000 00:00 0 
7fa3d4021000-7fa3d8000000 ---p 00000000 00:00 0 
7fa3d8000000-7fa3d8001000 r--s 00015000 08:03 1966767                    /home/foysal/.gradle/caches/modules-2/files-2.1/com.badlogicgames.jlayer/jlayer/1.0.1-gdx/7cca83cec5c1b2f011362f4d85aabd71a73b049d/jlayer-1.0.1-gdx.jar
7fa3d8001000-7fa3d8002000 r--s 000e8000 08:03 2097429                    /home/foysal/.gradle/caches/modules-2/files-2.1/com.badlogicgames.gdx/gdx-box2d-platform/1.9.9/72b2916f45f3f948896eda931cd597f7e698340f/gdx-box2d-platform-1.9.9-natives-desktop.jar
7fa3d8002000-7fa3d8005000 r--s 00021000 08:03 1966773                    /home/foysal/.gradle/caches/modules-2/files-2.1/com.badlogicgames.gdx/gdx-backend-lwjgl/1.9.9/ca8911cb94c0bfeb59f99e46ca9b92440958fb0e/gdx-backend-lwjgl-1.9.9.jar
7fa3d8005000-7fa3d8007000 r--s 00010000 08:03 2097417                    /home/foysal/.gradle/caches/modules-2/files-2.1/com.badlogicgames.gdx/gdx-box2d/1.9.9/e9a43c50fbe4f1e26dd0af5d2e78d125549e7f6b/gdx-box2d-1.9.9.jar
7fa3d8007000-7fa3d800b000 r--s 00029000 08:03 2885163                    /home/foysal/.gradle/caches/modules-2/files-2.1/net.dermetfan.libgdx-utils/libgdx-utils/0.13.4/27affad2873d1c9c366a2290fc51f3927f3a5f83/libgdx-utils-0.13.4.jar
7fa3d800b000-7fa3d800f000 r--s 0001e000 08:03 2885157                    /home/foysal/.gradle/caches/modules-2/files-2.1/net.dermetfan.libgdx-utils/libgdx-utils-box2d/0.13.4/918d79a20ea3c898cdb3611782c5b2bfa6ec575b/libgdx-utils-box2d-0.13.4.jar
7fa3d800f000-7fa3d802a000 r--s 001d6000 08:01 4724280                    /usr/lib/jvm/java-8-openjdk-amd64/jre/lib/ext/nashorn.jar
7fa3d802a000-7fa3d8045000 r--s 00394000 08:01 4724279                    /usr/lib/jvm/java-8-openjdk-amd64/jre/lib/ext/cldrdata.jar
7fa3d8045000-7fa3d804f000 r--s 00116000 08:01 4724287                    /usr/lib/jvm/java-8-openjdk-amd64/jre/lib/ext/localedata.jar
7fa3d804f000-7fa3d8054000 r--s 0003c000 08:01 4724284                    /usr/lib/jvm/java-8-openjdk-amd64/jre/lib/ext/sunjce_provider.jar
7fa3d8054000-7fa3d9000000 rw-p 00000000 00:00 0 
7fa3d9000000-7fa3d9290000 rwxp 00000000 00:00 0 
7fa3d9290000-7fa3e8000000 ---p 00000000 00:00 0 
7fa3e8000000-7fa3e843a000 rw-p 00000000 00:00 0 
7fa3e843a000-7fa3ec000000 ---p 00000000 00:00 0 
7fa3ec000000-7fa3ec002000 r--s 00008000 08:01 4724283                    /usr/lib/jvm/java-8-openjdk-amd64/jre/lib/ext/sunec.jar
7fa3ec002000-7fa3ec103000 rw-p 00000000 00:00 0 
7fa3ec103000-7fa3ec2d2000 r--s 03c3b000 08:01 4724248                    /usr/lib/jvm/java-8-openjdk-amd64/jre/lib/rt.jar
7fa3ec2d2000-7fa3ee34a000 rw-p 00000000 00:00 0 
7fa3ee34a000-7fa3ee34b000 ---p 00000000 00:00 0 
7fa3ee34b000-7fa3ee44b000 rw-p 00000000 00:00 0 
7fa3ee44b000-7fa3ee44c000 ---p 00000000 00:00 0 
7fa3ee44c000-7fa3ee54c000 rw-p 00000000 00:00 0 
7fa3ee54c000-7fa3ee54d000 ---p 00000000 00:00 0 
7fa3ee54d000-7fa3ee64d000 rw-p 00000000 00:00 0 
7fa3ee64d000-7fa3ee64e000 ---p 00000000 00:00 0 
7fa3ee64e000-7fa3ee763000 rw-p 00000000 00:00 0 
7fa3ee763000-7fa3ee890000 ---p 00000000 00:00 0 
7fa3ee890000-7fa3ee8a5000 rw-p 00000000 00:00 0 
7fa3ee8a5000-7fa3ee9d1000 ---p 00000000 00:00 0 
7fa3ee9d1000-7fa3ee9dc000 rw-p 00000000 00:00 0 
7fa3ee9dc000-7fa3eea72000 ---p 00000000 00:00 0 
7fa3eea72000-7fa3eea7e000 rw-p 00000000 00:00 0 
7fa3eea7e000-7fa3eee33000 ---p 00000000 00:00 0 
7fa3eee33000-7fa3eee3b000 r-xp 00000000 08:01 4724246                    /usr/lib/jvm/java-8-openjdk-amd64/jre/lib/amd64/libzip.so
7fa3eee3b000-7fa3ef03a000 ---p 00008000 08:01 4724246                    /usr/lib/jvm/java-8-openjdk-amd64/jre/lib/amd64/libzip.so
7fa3ef03a000-7fa3ef03b000 r--p 00007000 08:01 4724246                    /usr/lib/jvm/java-8-openjdk-amd64/jre/lib/amd64/libzip.so
7fa3ef03b000-7fa3ef03c000 rw-p 00008000 08:01 4724246                    /usr/lib/jvm/java-8-openjdk-amd64/jre/lib/amd64/libzip.so
7fa3ef03c000-7fa3ef047000 r-xp 00000000 08:01 2757489                    /lib/x86_64-linux-gnu/libnss_files-2.23.so
7fa3ef047000-7fa3ef246000 ---p 0000b000 08:01 2757489                    /lib/x86_64-linux-gnu/libnss_files-2.23.so
7fa3ef246000-7fa3ef247000 r--p 0000a000 08:01 2757489                    /lib/x86_64-linux-gnu/libnss_files-2.23.so
7fa3ef247000-7fa3ef248000 rw-p 0000b000 08:01 2757489                    /lib/x86_64-linux-gnu/libnss_files-2.23.so
7fa3ef248000-7fa3ef24e000 rw-p 00000000 00:00 0 
7fa3ef24e000-7fa3ef259000 r-xp 00000000 08:01 2757499                    /lib/x86_64-linux-gnu/libnss_nis-2.23.so
7fa3ef259000-7fa3ef458000 ---p 0000b000 08:01 2757499                    /lib/x86_64-linux-gnu/libnss_nis-2.23.so
7fa3ef458000-7fa3ef459000 r--p 0000a000 08:01 2757499                    /lib/x86_64-linux-gnu/libnss_nis-2.23.so
7fa3ef459000-7fa3ef45a000 rw-p 0000b000 08:01 2757499                    /lib/x86_64-linux-gnu/libnss_nis-2.23.so
7fa3ef45a000-7fa3ef470000 r-xp 00000000 08:01 2757483                    /lib/x86_64-linux-gnu/libnsl-2.23.so
7fa3ef470000-7fa3ef66f000 ---p 00016000 08:01 2757483                    /lib/x86_64-linux-gnu/libnsl-2.23.so
7fa3ef66f000-7fa3ef670000 r--p 00015000 08:01 2757483                    /lib/x86_64-linux-gnu/libnsl-2.23.so
7fa3ef670000-7fa3ef671000 rw-p 00016000 08:01 2757483                    /lib/x86_64-linux-gnu/libnsl-2.23.so
7fa3ef671000-7fa3ef673000 rw-p 00000000 00:00 0 
7fa3ef673000-7fa3ef67b000 r-xp 00000000 08:01 2757485                    /lib/x86_64-linux-gnu/libnss_compat-2.23.so
7fa3ef67b000-7fa3ef87a000 ---p 00008000 08:01 2757485                    /lib/x86_64-linux-gnu/libnss_compat-2.23.so
7fa3ef87a000-7fa3ef87b000 r--p 00007000 08:01 2757485                    /lib/x86_64-linux-gnu/libnss_compat-2.23.so
7fa3ef87b000-7fa3ef87c000 rw-p 00008000 08:01 2757485                    /lib/x86_64-linux-gnu/libnss_compat-2.23.so
7fa3ef87c000-7fa3ef8a8000 r-xp 00000000 08:01 4723440                    /usr/lib/jvm/java-8-openjdk-amd64/jre/lib/amd64/libjava.so
7fa3ef8a8000-7fa3efaa7000 ---p 0002c000 08:01 4723440                    /usr/lib/jvm/java-8-openjdk-amd64/jre/lib/amd64/libjava.so
7fa3efaa7000-7fa3efaa8000 r--p 0002b000 08:01 4723440                    /usr/lib/jvm/java-8-openjdk-amd64/jre/lib/amd64/libjava.so
7fa3efaa8000-7fa3efaaa000 rw-p 0002c000 08:01 4723440                    /usr/lib/jvm/java-8-openjdk-amd64/jre/lib/amd64/libjava.so
7fa3efaaa000-7fa3efab9000 r-xp 00000000 08:01 4723428                    /usr/lib/jvm/java-8-openjdk-amd64/jre/lib/amd64/libverify.so
7fa3efab9000-7fa3efcb8000 ---p 0000f000 08:01 4723428                    /usr/lib/jvm/java-8-openjdk-amd64/jre/lib/amd64/libverify.so
7fa3efcb8000-7fa3efcba000 r--p 0000e000 08:01 4723428                    /usr/lib/jvm/java-8-openjdk-amd64/jre/lib/amd64/libverify.so
7fa3efcba000-7fa3efcbb000 rw-p 00010000 08:01 4723428                    /usr/lib/jvm/java-8-openjdk-amd64/jre/lib/amd64/libverify.so
7fa3efcbb000-7fa3efcc2000 r-xp 00000000 08:01 2757544                    /lib/x86_64-linux-gnu/librt-2.23.so
7fa3efcc2000-7fa3efec1000 ---p 00007000 08:01 2757544                    /lib/x86_64-linux-gnu/librt-2.23.so
7fa3efec1000-7fa3efec2000 r--p 00006000 08:01 2757544                    /lib/x86_64-linux-gnu/librt-2.23.so
7fa3efec2000-7fa3efec3000 rw-p 00007000 08:01 2757544                    /lib/x86_64-linux-gnu/librt-2.23.so
7fa3efec3000-7fa3efed9000 r-xp 00000000 08:01 2757428                    /lib/x86_64-linux-gnu/libgcc_s.so.1
7fa3efed9000-7fa3f00d8000 ---p 00016000 08:01 2757428                    /lib/x86_64-linux-gnu/libgcc_s.so.1
7fa3f00d8000-7fa3f00d9000 rw-p 00015000 08:01 2757428                    /lib/x86_64-linux-gnu/libgcc_s.so.1
7fa3f00d9000-7fa3f01e1000 r-xp 00000000 08:01 2757460                    /lib/x86_64-linux-gnu/libm-2.23.so
7fa3f01e1000-7fa3f03e0000 ---p 00108000 08:01 2757460                    /lib/x86_64-linux-gnu/libm-2.23.so
7fa3f03e0000-7fa3f03e1000 r--p 00107000 08:01 2757460                    /lib/x86_64-linux-gnu/libm-2.23.so
7fa3f03e1000-7fa3f03e2000 rw-p 00108000 08:01 2757460                    /lib/x86_64-linux-gnu/libm-2.23.so
7fa3f03e2000-7fa3f0554000 r-xp 00000000 08:01 4728465                    /usr/lib/x86_64-linux-gnu/libstdc++.so.6.0.21
7fa3f0554000-7fa3f0754000 ---p 00172000 08:01 4728465                    /usr/lib/x86_64-linux-gnu/libstdc++.so.6.0.21
7fa3f0754000-7fa3f075e000 r--p 00172000 08:01 4728465                    /usr/lib/x86_64-linux-gnu/libstdc++.so.6.0.21
7fa3f075e000-7fa3f0760000 rw-p 0017c000 08:01 4728465                    /usr/lib/x86_64-linux-gnu/libstdc++.so.6.0.21
7fa3f0760000-7fa3f0764000 rw-p 00000000 00:00 0 
7fa3f0764000-7fa3f13c8000 r-xp 00000000 08:01 4723438                    /usr/lib/jvm/java-8-openjdk-amd64/jre/lib/amd64/server/libjvm.so
7fa3f13c8000-7fa3f15c7000 ---p 00c64000 08:01 4723438                    /usr/lib/jvm/java-8-openjdk-amd64/jre/lib/amd64/server/libjvm.so
7fa3f15c7000-7fa3f165b000 r--p 00c63000 08:01 4723438                    /usr/lib/jvm/java-8-openjdk-amd64/jre/lib/amd64/server/libjvm.so
7fa3f165b000-7fa3f1684000 rw-p 00cf7000 08:01 4723438                    /usr/lib/jvm/java-8-openjdk-amd64/jre/lib/amd64/server/libjvm.so
7fa3f1684000-7fa3f16b4000 rw-p 00000000 00:00 0 
7fa3f16b4000-7fa3f16cc000 r-xp 00000000 08:01 2757536                    /lib/x86_64-linux-gnu/libpthread-2.23.so
7fa3f16cc000-7fa3f18cb000 ---p 00018000 08:01 2757536                    /lib/x86_64-linux-gnu/libpthread-2.23.so
7fa3f18cb000-7fa3f18cc000 r--p 00017000 08:01 2757536                    /lib/x86_64-linux-gnu/libpthread-2.23.so
7fa3f18cc000-7fa3f18cd000 rw-p 00018000 08:01 2757536                    /lib/x86_64-linux-gnu/libpthread-2.23.so
7fa3f18cd000-7fa3f18d1000 rw-p 00000000 00:00 0 
7fa3f18d1000-7fa3f18d4000 r-xp 00000000 08:01 2757414                    /lib/x86_64-linux-gnu/libdl-2.23.so
7fa3f18d4000-7fa3f1ad3000 ---p 00003000 08:01 2757414                    /lib/x86_64-linux-gnu/libdl-2.23.so
7fa3f1ad3000-7fa3f1ad4000 r--p 00002000 08:01 2757414                    /lib/x86_64-linux-gnu/libdl-2.23.so
7fa3f1ad4000-7fa3f1ad5000 rw-p 00003000 08:01 2757414                    /lib/x86_64-linux-gnu/libdl-2.23.so
7fa3f1ad5000-7fa3f1aee000 r-xp 00000000 08:01 2757581                    /lib/x86_64-linux-gnu/libz.so.1.2.8
7fa3f1aee000-7fa3f1ced000 ---p 00019000 08:01 2757581                    /lib/x86_64-linux-gnu/libz.so.1.2.8
7fa3f1ced000-7fa3f1cee000 r--p 00018000 08:01 2757581                    /lib/x86_64-linux-gnu/libz.so.1.2.8
7fa3f1cee000-7fa3f1cef000 rw-p 00019000 08:01 2757581                    /lib/x86_64-linux-gnu/libz.so.1.2.8
7fa3f1cef000-7fa3f1eaf000 r-xp 00000000 08:01 2757390                    /lib/x86_64-linux-gnu/libc-2.23.so
7fa3f1eaf000-7fa3f20af000 ---p 001c0000 08:01 2757390                    /lib/x86_64-linux-gnu/libc-2.23.so
7fa3f20af000-7fa3f20b3000 r--p 001c0000 08:01 2757390                    /lib/x86_64-linux-gnu/libc-2.23.so
7fa3f20b3000-7fa3f20b5000 rw-p 001c4000 08:01 2757390                    /lib/x86_64-linux-gnu/libc-2.23.so
7fa3f20b5000-7fa3f20b9000 rw-p 00000000 00:00 0 
7fa3f20b9000-7fa3f20c6000 r-xp 00000000 08:01 4723477                    /usr/lib/jvm/java-8-openjdk-amd64/jre/lib/amd64/jli/libjli.so
7fa3f20c6000-7fa3f22c5000 ---p 0000d000 08:01 4723477                    /usr/lib/jvm/java-8-openjdk-amd64/jre/lib/amd64/jli/libjli.so
7fa3f22c5000-7fa3f22c6000 r--p 0000c000 08:01 4723477                    /usr/lib/jvm/java-8-openjdk-amd64/jre/lib/amd64/jli/libjli.so
7fa3f22c6000-7fa3f22c7000 rw-p 0000d000 08:01 4723477                    /usr/lib/jvm/java-8-openjdk-amd64/jre/lib/amd64/jli/libjli.so
7fa3f22c7000-7fa3f22ed000 r-xp 00000000 08:01 2757362                    /lib/x86_64-linux-gnu/ld-2.23.so
7fa3f22ed000-7fa3f22ee000 r--s 000ba000 08:03 1966787                    /home/foysal/.gradle/caches/modules-2/files-2.1/com.badlogicgames.gdx/gdx-platform/1.9.9/7e644cfafdb436b13b24ac7993ffab17f306b64d/gdx-platform-1.9.9-natives-desktop.jar
7fa3f22ee000-7fa3f22f0000 r--s 00001000 08:01 4724286                    /usr/lib/jvm/java-8-openjdk-amd64/jre/lib/ext/dnsns.jar
7fa3f22f0000-7fa3f22f1000 r--s 00010000 08:01 4724282                    /usr/lib/jvm/java-8-openjdk-amd64/jre/lib/ext/zipfs.jar
7fa3f22f1000-7fa3f22f4000 r--s 0000f000 08:01 4724278                    /usr/lib/jvm/java-8-openjdk-amd64/jre/lib/ext/icedtea-sound.jar
7fa3f22f4000-7fa3f22f7000 r--s 00039000 08:01 4724288                    /usr/lib/jvm/java-8-openjdk-amd64/jre/lib/ext/sunpkcs11.jar
7fa3f22f7000-7fa3f23c8000 rw-p 00000000 00:00 0 
7fa3f23c8000-7fa3f23cb000 ---p 00000000 00:00 0 
7fa3f23cb000-7fa3f24cd000 rw-p 00000000 00:00 0 
7fa3f24cd000-7fa3f24ce000 r--s 0000a000 08:01 4724285                    /usr/lib/jvm/java-8-openjdk-amd64/jre/lib/ext/jaccess.jar
7fa3f24ce000-7fa3f24e1000 rw-p 00000000 00:00 0 
7fa3f24e1000-7fa3f24e9000 rw-s 00000000 08:01 1970564                    /tmp/hsperfdata_foysal/18043
7fa3f24e9000-7fa3f24ea000 rw-p 00000000 00:00 0 
7fa3f24ea000-7fa3f24eb000 r--p 00000000 00:00 0 
7fa3f24eb000-7fa3f24ec000 rw-p 00000000 00:00 0 
7fa3f24ec000-7fa3f24ed000 r--p 00025000 08:01 2757362                    /lib/x86_64-linux-gnu/ld-2.23.so
7fa3f24ed000-7fa3f24ee000 rw-p 00026000 08:01 2757362                    /lib/x86_64-linux-gnu/ld-2.23.so
7fa3f24ee000-7fa3f24ef000 rw-p 00000000 00:00 0 
7ffe6bbdf000-7ffe6bc01000 rw-p 00000000 00:00 0                          [stack]
7ffe6bd69000-7ffe6bd6c000 r--p 00000000 00:00 0                          [vvar]
7ffe6bd6c000-7ffe6bd6e000 r-xp 00000000 00:00 0                          [vdso]
ffffffffff600000-ffffffffff601000 r-xp 00000000 00:00 0                  [vsyscall]

VM Arguments:
jvm_args: -Dfile.encoding=UTF-8 
java_command: com.mygdx.game.desktop.DesktopLauncher
java_class_path (initial): /home/foysal/Documents/project/desktop/bin/main:/home/foysal/Documents/project/desktop/bin/default:/home/foysal/Documents/project/core/bin/main:/home/foysal/.gradle/caches/modules-2/files-2.1/net.dermetfan.libgdx-utils/libgdx-utils-box2d/0.13.4/918d79a20ea3c898cdb3611782c5b2bfa6ec575b/libgdx-utils-box2d-0.13.4.jar:/home/foysal/.gradle/caches/modules-2/files-2.1/net.dermetfan.libgdx-utils/libgdx-utils/0.13.4/27affad2873d1c9c366a2290fc51f3927f3a5f83/libgdx-utils-0.13.4.jar:/home/foysal/.gradle/caches/modules-2/files-2.1/com.badlogicgames.gdx/gdx-box2d/1.9.9/e9a43c50fbe4f1e26dd0af5d2e78d125549e7f6b/gdx-box2d-1.9.9.jar:/home/foysal/.gradle/caches/modules-2/files-2.1/com.badlogicgames.gdx/gdx/1.9.9/bf26f2f816b3cfe37ac6e66615391c30714b7030/gdx-1.9.9.jar:/home/foysal/.gradle/caches/modules-2/files-2.1/com.badlogicgames.gdx/gdx-backend-lwjgl/1.9.9/ca8911cb94c0bfeb59f99e46ca9b92440958fb0e/gdx-backend-lwjgl-1.9.9.jar:/home/foysal/.gradle/caches/modules-2/files-2.1/com.badlogicgames.gdx/gdx-platform/1.9.9/7e644cfafdb436b13b24ac7993ffab17f306b64d/gdx-platform-1.9.9-natives-desktop.jar:/home/foysal/.gradle/caches/modules-2/files-2.1/com.badlogicgames.gdx/gdx-box2d-platform/1.9.9/72b2916f45f3f948896eda931cd597f7e698340f/gdx-box2d-platform-1.9.9-natives-desktop.jar:/home/foysal/.gradle/caches/modules-2/files-2.1/org.lwjgl.lwjgl/lwjgl_util/2.9.2/4b9e37300a87799856e0bd15ed81663cdb6b0947/lwjgl_util-2.9.2.jar:/home/foysal/.gradle/caches/modules-2/files-2.1/org.lwjgl.lwjgl/lwjgl/2.9.2/a9d80fe5935c7a9149f6584d9777cfd471f65489/lwjgl-2.9.2.jar:/home/foysal/.gradle/caches/modules-2/files-2.1/com.badlogicgames.jlayer/jlayer/1.0.1-gdx/7cca83cec5c1b2f011362f4d85aabd71a73b049d/jlayer-1.0.1-gdx.jar:/home/foysal/.gradle/caches/modules-2/files-2.1/org.jcraft/jorbis/0.0.17/8872d22b293e8f5d7d56ff92be966e6dc28ebdc6/jorbis-0.0.17.jar:/home/foysal/.gradle/caches/modules-2/files-2.1/org.lwjgl.lwjgl/lwjgl-platform/2.9.2/510c7d317f5e9e700b9cfaac5fd38bdebf0702e0/lwjgl-platform
Launcher Type: SUN_STANDARD

Environment Variables:
PATH=/home/foysal/bin:/home/foysal/.local/bin:/usr/local/sbin:/usr/local/bin:/usr/sbin:/usr/bin:/sbin:/bin:/usr/games:/usr/local/games:/snap/bin
SHELL=/bin/bash
DISPLAY=:0

Signal Handlers:
SIGSEGV: [libjvm.so+0xa765a0], sa_mask[0]=11111111011111111101111111111110, sa_flags=SA_RESTART|SA_SIGINFO
SIGBUS: [libjvm.so+0xa765a0], sa_mask[0]=11111111011111111101111111111110, sa_flags=SA_RESTART|SA_SIGINFO
SIGFPE: [libjvm.so+0x8bd800], sa_mask[0]=11111111011111111101111111111110, sa_flags=SA_RESTART|SA_SIGINFO
SIGPIPE: [libjvm.so+0x8bd800], sa_mask[0]=11111111011111111101111111111110, sa_flags=SA_RESTART|SA_SIGINFO
SIGXFSZ: [libjvm.so+0x8bd800], sa_mask[0]=11111111011111111101111111111110, sa_flags=SA_RESTART|SA_SIGINFO
SIGILL: [libjvm.so+0x8bd800], sa_mask[0]=11111111011111111101111111111110, sa_flags=SA_RESTART|SA_SIGINFO
SIGUSR1: SIG_DFL, sa_mask[0]=00000000000000000000000000000000, sa_flags=none
SIGUSR2: [libjvm.so+0x8bd6b0], sa_mask[0]=00100000000000000000000000000000, sa_flags=SA_RESTART|SA_SIGINFO
SIGHUP: [libjvm.so+0x8bdd40], sa_mask[0]=11111111011111111101111111111110, sa_flags=SA_RESTART|SA_SIGINFO
SIGINT: [libjvm.so+0x8bdd40], sa_mask[0]=11111111011111111101111111111110, sa_flags=SA_RESTART|SA_SIGINFO
SIGTERM: [libjvm.so+0x8bdd40], sa_mask[0]=11111111011111111101111111111110, sa_flags=SA_RESTART|SA_SIGINFO
SIGQUIT: [libjvm.so+0x8bdd40], sa_mask[0]=11111111011111111101111111111110, sa_flags=SA_RESTART|SA_SIGINFO


---------------  S Y S T E M  ---------------

OS:DISTRIB_ID=Ubuntu
DISTRIB_RELEASE=16.04
DISTRIB_CODENAME=xenial
DISTRIB_DESCRIPTION="Ubuntu 16.04.6 LTS"

uname:Linux 4.15.0-54-generic #58~16.04.1-Ubuntu SMP Mon Jun 24 13:21:41 UTC 2019 x86_64
libc:glibc 2.23 NPTL 2.23 
rlimit: STACK 8192k, CORE 0k, NPROC 15175, NOFILE 1048576, AS infinity
load average:1.87 2.27 2.17

/proc/meminfo:
MemTotal:        3945256 kB
MemFree:          115468 kB
MemAvailable:     714380 kB
Buffers:           27168 kB
Cached:          1173952 kB
SwapCached:         1496 kB
Active:          2588800 kB
Inactive:        1003668 kB
Active(anon):    2190364 kB
Inactive(anon):   636792 kB
Active(file):     398436 kB
Inactive(file):   366876 kB
Unevictable:         160 kB
Mlocked:             160 kB
SwapTotal:       3999740 kB
SwapFree:        3979772 kB
Dirty:              8652 kB
Writeback:             0 kB
AnonPages:       2390128 kB
Mapped:           530628 kB
Shmem:            435808 kB
Slab:             115624 kB
SReclaimable:      72344 kB
SUnreclaim:        43280 kB
KernelStack:       11600 kB
PageTables:        57440 kB
NFS_Unstable:          0 kB
Bounce:                0 kB
WritebackTmp:          0 kB
CommitLimit:     5972368 kB
Committed_AS:    8830608 kB
VmallocTotal:   34359738367 kB
VmallocUsed:           0 kB
VmallocChunk:          0 kB
HardwareCorrupted:     0 kB
AnonHugePages:      6144 kB
ShmemHugePages:        0 kB
ShmemPmdMapped:        0 kB
CmaTotal:              0 kB
CmaFree:               0 kB
HugePages_Total:       0
HugePages_Free:        0
HugePages_Rsvd:        0
HugePages_Surp:        0
Hugepagesize:       2048 kB
DirectMap4k:      190752 kB
DirectMap2M:     3909632 kB

container (cgroup) information:
container_type: cgroupv1
cpu_cpuset_cpus: 0-3
cpu_memory_nodes: 0
active_processor_count: 4
cpu_quota: -1
cpu_period: 100000
cpu_shares: -1
memory_limit_in_bytes: -1
memory_and_swap_limit_in_bytes: -2
memory_soft_limit_in_bytes: -1
memory_usage_in_bytes: 3678904320
memory_max_usage_in_bytes: 2097152


CPU:total 4 (initial active 4) (2 cores per cpu, 2 threads per core) family 6 model 42 stepping 7, cmov, cx8, fxsr, mmx, sse, sse2, sse3, ssse3, sse4.1, sse4.2, popcnt, avx, clmul, ht, tsc, tscinvbit

/proc/cpuinfo:
processor	: 0
vendor_id	: GenuineIntel
cpu family	: 6
model		: 42
model name	: Intel(R) Core(TM) i3-2350M CPU @ 2.30GHz
stepping	: 7
microcode	: 0x2f
cpu MHz		: 887.119
cache size	: 3072 KB
physical id	: 0
siblings	: 4
core id		: 0
cpu cores	: 2
apicid		: 0
initial apicid	: 0
fpu		: yes
fpu_exception	: yes
cpuid level	: 13
wp		: yes
flags		: fpu vme de pse tsc msr pae mce cx8 apic sep mtrr pge mca cmov pat pse36 clflush dts acpi mmx fxsr sse sse2 ss ht tm pbe syscall nx rdtscp lm constant_tsc arch_perfmon pebs bts rep_good nopl xtopology nonstop_tsc cpuid aperfmperf pni pclmulqdq dtes64 monitor ds_cpl vmx est tm2 ssse3 cx16 xtpr pdcm pcid sse4_1 sse4_2 x2apic popcnt tsc_deadline_timer xsave avx lahf_lm epb pti ssbd ibrs ibpb stibp tpr_shadow vnmi flexpriority ept vpid xsaveopt dtherm arat pln pts md_clear flush_l1d
bugs		: cpu_meltdown spectre_v1 spectre_v2 spec_store_bypass l1tf mds
bogomips	: 4589.43
clflush size	: 64
cache_alignment	: 64
address sizes	: 36 bits physical, 48 bits virtual
power management:

processor	: 1
vendor_id	: GenuineIntel
cpu family	: 6
model		: 42
model name	: Intel(R) Core(TM) i3-2350M CPU @ 2.30GHz
stepping	: 7
microcode	: 0x2f
cpu MHz		: 1014.547
cache size	: 3072 KB
physical id	: 0
siblings	: 4
core id		: 1
cpu cores	: 2
apicid		: 2
initial apicid	: 2
fpu		: yes
fpu_exception	: yes
cpuid level	: 13
wp		: yes
flags		: fpu vme de pse tsc msr pae mce cx8 apic sep mtrr pge mca cmov pat pse36 clflush dts acpi mmx fxsr sse sse2 ss ht tm pbe syscall nx rdtscp lm constant_tsc arch_perfmon pebs bts rep_good nopl xtopology nonstop_tsc cpuid aperfmperf pni pclmulqdq dtes64 monitor ds_cpl vmx est tm2 ssse3 cx16 xtpr pdcm pcid sse4_1 sse4_2 x2apic popcnt tsc_deadline_timer xsave avx lahf_lm epb pti ssbd ibrs ibpb stibp tpr_shadow vnmi flexpriority ept vpid xsaveopt dtherm arat pln pts md_clear flush_l1d
bugs		: cpu_meltdown spectre_v1 spectre_v2 spec_store_bypass l1tf mds
bogomips	: 4589.43
clflush size	: 64
cache_alignment	: 64
address sizes	: 36 bits physical, 48 bits virtual
power management:

processor	: 2
vendor_id	: GenuineIntel
cpu family	: 6
model		: 42
model name	: Intel(R) Core(TM) i3-2350M CPU @ 2.30GHz
stepping	: 7
microcode	: 0x2f
cpu MHz		: 811.356
cache size	: 3072 KB
physical id	: 0
siblings	: 4
core id		: 0
cpu cores	: 2
apicid		: 1
initial apicid	: 1
fpu		: yes
fpu_exception	: yes
cpuid level	: 13
wp		: yes
flags		: fpu vme de pse tsc msr pae mce cx8 apic sep mtrr pge mca cmov pat pse36 clflush dts acpi mmx fxsr sse sse2 ss ht tm pbe syscall nx rdtscp lm constant_tsc arch_perfmon pebs bts rep_good nopl xtopology nonstop_tsc cpuid aperfmperf pni pclmulqdq dtes64 monitor ds_cpl vmx est tm2 ssse3 cx16 xtpr pdcm pcid sse4_1 sse4_2 x2apic popcnt tsc_deadline_timer xsave avx lahf_lm epb pti ssbd ibrs ibpb stibp tpr_shadow vnmi flexpriority ept vpid xsaveopt dtherm arat pln pts md_clear flush_l1d
bugs		: cpu_meltdown spectre_v1 spectre_v2 spec_store_bypass l1tf mds
bogomips	: 4589.43
clflush size	: 64
cache_alignment	: 64
address sizes	: 36 bits physical, 48 bits virtual
power management:

processor	: 3
vendor_id	: GenuineIntel
cpu family	: 6
model		: 42
model name	: Intel(R) Core(TM) i3-2350M CPU @ 2.30GHz
stepping	: 7
microcode	: 0x2f
cpu MHz		: 905.105
cache size	: 3072 KB
physical id	: 0
siblings	: 4
core id		: 1
cpu cores	: 2
apicid		: 3
initial apicid	: 3
fpu		: yes
fpu_exception	: yes
cpuid level	: 13
wp		: yes
flags		: fpu vme de pse tsc msr pae mce cx8 apic sep mtrr pge mca cmov pat pse36 clflush dts acpi mmx fxsr sse sse2 ss ht tm pbe syscall nx rdtscp lm constant_tsc arch_perfmon pebs bts rep_good nopl xtopology nonstop_tsc cpuid aperfmperf pni pclmulqdq dtes64 monitor ds_cpl vmx est tm2 ssse3 cx16 xtpr pdcm pcid sse4_1 sse4_2 x2apic popcnt tsc_deadline_timer xsave avx lahf_lm epb pti ssbd ibrs ibpb stibp tpr_shadow vnmi flexpriority ept vpid xsaveopt dtherm arat pln pts md_clear flush_l1d
bugs		: cpu_meltdown spectre_v1 spectre_v2 spec_store_bypass l1tf mds
bogomips	: 4589.43
clflush size	: 64
cache_alignment	: 64
address sizes	: 36 bits physical, 48 bits virtual
power management:



Memory: 4k page, physical 3945256k(115468k free), swap 3999740k(3979772k free)

vm_info: OpenJDK 64-Bit Server VM (25.212-b03) for linux-amd64 JRE (1.8.0_212-8u212-b03-0ubuntu1.16.04.1-b03), built on Apr 26 2019 02:02:50 by "buildd" with gcc 5.4.0 20160609

time: Fri Jul 12 16:41:12 2019
timezone: +06
elapsed time: 1 seconds (0d 0h 0m 1s)

