#
# A fatal error has been detected by the Java Runtime Environment:
#
#  SIGSEGV (0xb) at pc=0x00007fbc20a626f6, pid=17599, tid=0x00007fbc286d6700
#
# JRE version: OpenJDK Runtime Environment (8.0_212-b03) (build 1.8.0_212-8u212-b03-0ubuntu1.16.04.1-b03)
# Java VM: OpenJDK 64-Bit Server VM (25.212-b03 mixed mode linux-amd64 compressed oops)
# Problematic frame:
# C  [libgdx-box2d64.so+0x356f6]  b2Fixture::Create(b2BlockAllocator*, b2Body*, b2FixtureDef const*)+0x56
#
# Failed to write core dump. Core dumps have been disabled. To enable core dumping, try "ulimit -c unlimited" before starting Java again
#
# If you would like to submit a bug report, please visit:
#   http://bugreport.java.com/bugreport/crash.jsp
# The crash happened outside the Java Virtual Machine in native code.
# See problematic frame for where to report the bug.
#

---------------  T H R E A D  ---------------

Current thread (0x00007fbc7442f000):  JavaThread "LWJGL Application" [_thread_in_native, id=17627, stack(0x00007fbc285d6000,0x00007fbc286d7000)]

siginfo: si_signo: 11 (SIGSEGV), si_code: 1 (SEGV_MAPERR), si_addr: 0x0000000000000010

Registers:
RAX=0x0000000000000000, RBX=0x00007fbbfca23b10, RCX=0x00007fbc286d5650, RDX=0x00007fbbfca1fb60
RSP=0x00007fbc286d55f0, RBP=0x00007fbc286d5650, RSI=0x00007fbbfc5507e0, RDI=0x00007fbbfc5cdd30
R8 =0x0000000000000000, R9 =0x0000000000000001, R10=0x00007fbc650183db, R11=0x00007fbc7cbbb780
R12=0x00007fbbfc5507e0, R13=0x00007fbbfc5507e0, R14=0x00007fbc286d57b0, R15=0x00007fbc7442f000
RIP=0x00007fbc20a626f6, EFLAGS=0x0000000000010206, CSGSFS=0x002b000000000033, ERR=0x0000000000000004
  TRAPNO=0x000000000000000e

Top of Stack: (sp=0x00007fbc286d55f0)
0x00007fbc286d55f0:   00007fbbfca1fb60 00007fbbfca1fb60
0x00007fbc286d5600:   00007fbbfca23b10 00007fbbfc5507e0
0x00007fbc286d5610:   00007fbc286d5650 00007fbc20a61151
0x00007fbc286d5620:   00000000ecdd4fc0 00007fbc208488f8
0x00007fbc286d5630:   00007fbc286d5738 0000000000000000
0x00007fbc286d5640:   00007fbc208488f8 00007fbc20a685de
0x00007fbc286d5650:   00007fbbfc5cdd30 0000000000000000
0x00007fbc286d5660:   000000003f000000 0001810000000000
0x00007fbc286d5670:   00007fbc0000ffff fa48e832c7625b00
0x00007fbc286d5680:   00007fbc64c02ff0 00007fbc65018407
0x00007fbc286d5690:   00007fbcffffffff 0000000000000000
0x00007fbc286d56a0:   00007fbc64c03028 0000000000000000
0x00007fbc286d56b0:   00007fbc286d56c8 00007fbc286d5720
0x00007fbc286d56c0:   00007fbc65007a40 0000000000000001
0x00007fbc286d56d0:   00000000ecb93f98 0000000000000001
0x00007fbc286d56e0:   00007fbc286d56e0 00007fbc64c00f97
0x00007fbc286d56f0:   00007fbc286d57b0 00007fbc286d56f8
0x00007fbc286d5700:   0000000000000000 00007fbc286d57b0
0x00007fbc286d5710:   00007fbc2084d028 0000000000000000
0x00007fbc286d5720:   00007fbc208488f8 0000000000000000
0x00007fbc286d5730:   00007fbc286d5758 00007fbc286d57f8
0x00007fbc286d5740:   00007fbc65007b10 0000000000000000
0x00007fbc286d5750:   00007fbc65011a57 0000000000000000
0x00007fbc286d5760:   00000000ffffffff 0000000000000001
0x00007fbc286d5770:   0000000000000000 0000000000000000
0x00007fbc286d5780:   0000000000000000 000000003f000000
0x00007fbc286d5790:   00007fbbfc5cdd30 00000000ecdd4d68
0x00007fbc286d57a0:   00007fbbfca1fb60 00007fbc65007d80
0x00007fbc286d57b0:   00000000ecdd4d68 00007fbc286d57b8
0x00007fbc286d57c0:   00007fbc208487f9 00007fbc286d5828
0x00007fbc286d57d0:   00007fbc2084d028 0000000000000000
0x00007fbc286d57e0:   00007fbc20848870 00007fbc286d5758 

Instructions: (pc=0x00007fbc20a626f6)
0x00007fbc20a626d6:   48 c7 47 08 00 00 00 00 89 47 34 0f b7 41 22 66
0x00007fbc20a626e6:   89 47 38 0f b6 41 1c 88 47 3a 48 8b 39 48 8b 07
0x00007fbc20a626f6:   ff 50 10 48 8b 10 48 89 c7 48 89 43 18 ff 52 18
0x00007fbc20a62706:   89 c6 41 89 c4 4c 89 ef c1 e6 05 e8 fa 12 fe ff 

Register to memory mapping:

RAX=0x0000000000000000 is an unknown value
RBX=0x00007fbbfca23b10 is an unknown value
RCX=0x00007fbc286d5650 is pointing into the stack for thread: 0x00007fbc7442f000
RDX=0x00007fbbfca1fb60 is an unknown value
RSP=0x00007fbc286d55f0 is pointing into the stack for thread: 0x00007fbc7442f000
RBP=0x00007fbc286d5650 is pointing into the stack for thread: 0x00007fbc7442f000
RSI=0x00007fbbfc5507e0 is an unknown value
RDI=0x00007fbbfc5cdd30 is an unknown value
R8 =0x0000000000000000 is an unknown value
R9 =0x0000000000000001 is an unknown value
R10=0x00007fbc650183db is at code_begin+859 in an Interpreter codelet
method entry point (kind = native)  [0x00007fbc65018080, 0x00007fbc65018a00]  2432 bytes
R11=0x00007fbc7cbbb780: <offset 0x969780> in /usr/lib/jvm/java-8-openjdk-amd64/jre/lib/amd64/server/libjvm.so at 0x00007fbc7c252000
R12=0x00007fbbfc5507e0 is an unknown value
R13=0x00007fbbfc5507e0 is an unknown value
R14=0x00007fbc286d57b0 is pointing into the stack for thread: 0x00007fbc7442f000
R15=0x00007fbc7442f000 is a thread


Stack: [0x00007fbc285d6000,0x00007fbc286d7000],  sp=0x00007fbc286d55f0,  free space=1021k
Native frames: (J=compiled Java code, j=interpreted, Vv=VM code, C=native code)
C  [libgdx-box2d64.so+0x356f6]  b2Fixture::Create(b2BlockAllocator*, b2Body*, b2FixtureDef const*)+0x56
C  0x0000000000000000

Java frames: (J=compiled Java code, j=interpreted, Vv=VM code)
j  com.badlogic.gdx.physics.box2d.Body.jniCreateFixture(JJFFFZSSS)J+0
j  com.badlogic.gdx.physics.box2d.Body.createFixture(Lcom/badlogic/gdx/physics/box2d/FixtureDef;)Lcom/badlogic/gdx/physics/box2d/Fixture;+49
j  com.mygdx.game.Play.show()V+227
j  com.badlogic.gdx.Game.setScreen(Lcom/badlogic/gdx/Screen;)V+32
j  com.mygdx.game.gameClass.create()V+8
j  com.badlogic.gdx.backends.lwjgl.LwjglApplication.mainLoop()V+29
j  com.badlogic.gdx.backends.lwjgl.LwjglApplication$1.run()V+27
v  ~StubRoutines::call_stub

---------------  P R O C E S S  ---------------

Java Threads: ( => current thread )
  0x00007fbbfc002800 JavaThread "process reaper" daemon [_thread_blocked, id=17629, stack(0x00007fbc2859d000,0x00007fbc285d6000)]
  0x00007fbc7400c000 JavaThread "DestroyJavaVM" [_thread_blocked, id=17602, stack(0x00007fbc7deb6000,0x00007fbc7dfb7000)]
=>0x00007fbc7442f000 JavaThread "LWJGL Application" [_thread_in_native, id=17627, stack(0x00007fbc285d6000,0x00007fbc286d7000)]
  0x00007fbc74385800 JavaThread "AWT-XAWT" daemon [_thread_in_native, id=17621, stack(0x00007fbc2b9ee000,0x00007fbc2baef000)]
  0x00007fbc74364800 JavaThread "Java2D Disposer" daemon [_thread_blocked, id=17620, stack(0x00007fbc2beff000,0x00007fbc2c000000)]
  0x00007fbc740ca800 JavaThread "Service Thread" daemon [_thread_blocked, id=17617, stack(0x00007fbc521dd000,0x00007fbc522de000)]
  0x00007fbc740bf000 JavaThread "C1 CompilerThread2" daemon [_thread_blocked, id=17616, stack(0x00007fbc522de000,0x00007fbc523df000)]
  0x00007fbc740bd800 JavaThread "C2 CompilerThread1" daemon [_thread_blocked, id=17615, stack(0x00007fbc523df000,0x00007fbc524e0000)]
  0x00007fbc740ba800 JavaThread "C2 CompilerThread0" daemon [_thread_blocked, id=17614, stack(0x00007fbc524e0000,0x00007fbc525e1000)]
  0x00007fbc740b9000 JavaThread "Signal Dispatcher" daemon [_thread_blocked, id=17613, stack(0x00007fbc525e1000,0x00007fbc526e2000)]
  0x00007fbc74086000 JavaThread "Finalizer" daemon [_thread_blocked, id=17612, stack(0x00007fbc530f1000,0x00007fbc531f2000)]
  0x00007fbc74083000 JavaThread "Reference Handler" daemon [_thread_blocked, id=17611, stack(0x00007fbc531f2000,0x00007fbc532f3000)]

Other Threads:
  0x00007fbc74079800 VMThread [stack: 0x00007fbc532f3000,0x00007fbc533f4000] [id=17610]
  0x00007fbc740cd000 WatcherThread [stack: 0x00007fbc520dc000,0x00007fbc521dd000] [id=17618]

VM state:not at safepoint (normal execution)

VM Mutex/Monitor currently owned by a thread: None

heap address: 0x00000000c3c00000, size: 964 MB, Compressed Oops mode: 32-bit
Narrow klass base: 0x0000000000000000, Narrow klass shift: 3
Compressed class space size: 1073741824 Address: 0x0000000100000000

Heap:
 PSYoungGen      total 18432K, used 15426K [0x00000000ebf00000, 0x00000000ed380000, 0x0000000100000000)
  eden space 15872K, 97% used [0x00000000ebf00000,0x00000000ece10af0,0x00000000ece80000)
  from space 2560K, 0% used [0x00000000ed100000,0x00000000ed100000,0x00000000ed380000)
  to   space 2560K, 0% used [0x00000000ece80000,0x00000000ece80000,0x00000000ed100000)
 ParOldGen       total 42496K, used 0K [0x00000000c3c00000, 0x00000000c6580000, 0x00000000ebf00000)
  object space 42496K, 0% used [0x00000000c3c00000,0x00000000c3c00000,0x00000000c6580000)
 Metaspace       used 9113K, capacity 9309K, committed 9472K, reserved 1058816K
  class space    used 863K, capacity 935K, committed 1024K, reserved 1048576K

Card table byte_map: [0x00007fbc7a37e000,0x00007fbc7a561000] byte_map_base: 0x00007fbc79d60000

Marking Bits: (ParMarkBitMap*) 0x00007fbc7d185580
 Begin Bits: [0x00007fbc78018000, 0x00007fbc78f28000)
 End Bits:   [0x00007fbc78f28000, 0x00007fbc79e38000)

Polling page: 0x00007fbc7dfd8000

CodeCache: size=245760Kb used=2554Kb max_used=2554Kb free=243205Kb
 bounds [0x00007fbc65000000, 0x00007fbc65280000, 0x00007fbc74000000]
 total_blobs=1177 nmethods=585 adapters=507
 compilation: enabled

Compilation events (10 events):
Event: 1.301 Thread 0x00007fbc740bf000  581       3       java.util.jar.Attributes::getValue (9 bytes)
Event: 1.301 Thread 0x00007fbc740bf000 nmethod 581 0x00007fbc6527c4d0 code [0x00007fbc6527c660, 0x00007fbc6527c9c8]
Event: 1.301 Thread 0x00007fbc740bf000  582       3       java.util.jar.Attributes::get (11 bytes)
Event: 1.301 Thread 0x00007fbc740bf000 nmethod 582 0x00007fbc6527cb10 code [0x00007fbc6527cc80, 0x00007fbc6527cea8]
Event: 1.303 Thread 0x00007fbc740bf000  583   !   3       java.util.zip.ZipFile$ZipFileInflaterInputStream::close (67 bytes)
Event: 1.303 Thread 0x00007fbc740bf000 nmethod 583 0x00007fbc6527d150 code [0x00007fbc6527d320, 0x00007fbc6527db18]
Event: 1.303 Thread 0x00007fbc740bf000  584       3       java.util.zip.InflaterInputStream::close (34 bytes)
Event: 1.304 Thread 0x00007fbc740bf000 nmethod 584 0x00007fbc6527ded0 code [0x00007fbc6527e060, 0x00007fbc6527e358]
Event: 1.305 Thread 0x00007fbc740bf000  585       3       java.util.zip.ZipEntry::getSize (5 bytes)
Event: 1.306 Thread 0x00007fbc740bf000 nmethod 585 0x00007fbc6527e450 code [0x00007fbc6527e5a0, 0x00007fbc6527e6f0]

GC Heap History (0 events):
No events

Deoptimization events (2 events):
Event: 0.232 Thread 0x00007fbc7400c000 Uncommon trap: reason=unstable_if action=reinterpret pc=0x00007fbc651370c4 method=java.lang.String.indexOf(II)I @ 49
Event: 0.655 Thread 0x00007fbc7442f000 Uncommon trap: reason=unstable_if action=reinterpret pc=0x00007fbc651be7fc method=java.lang.String.replace(CC)Ljava/lang/String; @ 26

Classes redefined (0 events):
No events

Internal exceptions (10 events):
Event: 0.506 Thread 0x00007fbc7400c000 Exception <a 'java/security/PrivilegedActionException'> (0x00000000ec4f38f8) thrown at [/build/openjdk-8-lHVHKD/openjdk-8-8u212-b03/src/hotspot/src/share/vm/prims/jvm.cpp, line 1502]
Event: 0.507 Thread 0x00007fbc7400c000 Exception <a 'java/security/PrivilegedActionException'> (0x00000000ec4f4550) thrown at [/build/openjdk-8-lHVHKD/openjdk-8-8u212-b03/src/hotspot/src/share/vm/prims/jvm.cpp, line 1502]
Event: 0.507 Thread 0x00007fbc7400c000 Exception <a 'java/security/PrivilegedActionException'> (0x00000000ec4f5178) thrown at [/build/openjdk-8-lHVHKD/openjdk-8-8u212-b03/src/hotspot/src/share/vm/prims/jvm.cpp, line 1502]
Event: 0.507 Thread 0x00007fbc7400c000 Exception <a 'java/security/PrivilegedActionException'> (0x00000000ec4f72c8) thrown at [/build/openjdk-8-lHVHKD/openjdk-8-8u212-b03/src/hotspot/src/share/vm/prims/jvm.cpp, line 1502]
Event: 0.507 Thread 0x00007fbc7400c000 Exception <a 'java/security/PrivilegedActionException'> (0x00000000ec4f7f20) thrown at [/build/openjdk-8-lHVHKD/openjdk-8-8u212-b03/src/hotspot/src/share/vm/prims/jvm.cpp, line 1502]
Event: 0.507 Thread 0x00007fbc7400c000 Exception <a 'java/security/PrivilegedActionException'> (0x00000000ec4f8b48) thrown at [/build/openjdk-8-lHVHKD/openjdk-8-8u212-b03/src/hotspot/src/share/vm/prims/jvm.cpp, line 1502]
Event: 0.507 Thread 0x00007fbc7400c000 Exception <a 'java/security/PrivilegedActionException'> (0x00000000ec4faa50) thrown at [/build/openjdk-8-lHVHKD/openjdk-8-8u212-b03/src/hotspot/src/share/vm/prims/jvm.cpp, line 1502]
Event: 0.507 Thread 0x00007fbc7400c000 Exception <a 'java/security/PrivilegedActionException'> (0x00000000ec4fb6a8) thrown at [/build/openjdk-8-lHVHKD/openjdk-8-8u212-b03/src/hotspot/src/share/vm/prims/jvm.cpp, line 1502]
Event: 0.508 Thread 0x00007fbc7400c000 Exception <a 'java/security/PrivilegedActionException'> (0x00000000ec4fc2d0) thrown at [/build/openjdk-8-lHVHKD/openjdk-8-8u212-b03/src/hotspot/src/share/vm/prims/jvm.cpp, line 1502]
Event: 0.693 Thread 0x00007fbc7442f000 Exception <a 'java/lang/NoClassDefFoundError': org/lwjgl/opengles/GLContext> (0x00000000ec7ef720) thrown at [/build/openjdk-8-lHVHKD/openjdk-8-8u212-b03/src/hotspot/src/share/vm/classfile/systemDictionary.cpp, line 199]

Events (10 events):
Event: 1.307 loading class com/badlogic/gdx/physics/box2d/MassData
Event: 1.307 loading class com/badlogic/gdx/physics/box2d/MassData done
Event: 1.308 loading class com/badlogic/gdx/physics/box2d/Fixture
Event: 1.308 loading class com/badlogic/gdx/physics/box2d/Fixture done
Event: 1.308 loading class com/badlogic/gdx/physics/box2d/CircleShape
Event: 1.308 loading class com/badlogic/gdx/physics/box2d/CircleShape done
Event: 1.308 loading class com/badlogic/gdx/physics/box2d/EdgeShape
Event: 1.308 loading class com/badlogic/gdx/physics/box2d/EdgeShape done
Event: 1.309 loading class com/badlogic/gdx/physics/box2d/ChainShape
Event: 1.309 loading class com/badlogic/gdx/physics/box2d/ChainShape done


Dynamic libraries:
00400000-00401000 r-xp 00000000 08:01 4723398                            /usr/lib/jvm/java-8-openjdk-amd64/jre/bin/java
00600000-00601000 r--p 00000000 08:01 4723398                            /usr/lib/jvm/java-8-openjdk-amd64/jre/bin/java
00601000-00602000 rw-p 00001000 08:01 4723398                            /usr/lib/jvm/java-8-openjdk-amd64/jre/bin/java
0250d000-0252e000 rw-p 00000000 00:00 0                                  [heap]
c3c00000-c6580000 rw-p 00000000 00:00 0 
c6580000-ebf00000 ---p 00000000 00:00 0 
ebf00000-ed380000 rw-p 00000000 00:00 0 
ed380000-100000000 ---p 00000000 00:00 0 
100000000-100100000 rw-p 00000000 00:00 0 
100100000-140000000 ---p 00000000 00:00 0 
7fbbfc000000-7fbbfca30000 rw-p 00000000 00:00 0 
7fbbfca30000-7fbc00000000 ---p 00000000 00:00 0 
7fbc00000000-7fbc00021000 rw-p 00000000 00:00 0 
7fbc00021000-7fbc04000000 ---p 00000000 00:00 0 
7fbc04000000-7fbc04021000 rw-p 00000000 00:00 0 
7fbc04021000-7fbc08000000 ---p 00000000 00:00 0 
7fbc0bfff000-7fbc10000000 rw-s 00000000 00:19 20                         /dev/shm/pulse-shm-1812835152
7fbc10000000-7fbc10021000 rw-p 00000000 00:00 0 
7fbc10021000-7fbc14000000 ---p 00000000 00:00 0 
7fbc16f3a000-7fbc17fff000 rw-p 00000000 00:00 0 
7fbc17fff000-7fbc1c000000 rw-s 00000000 00:19 46                         /dev/shm/pulse-shm-2346398460
7fbc1c000000-7fbc1c021000 rw-p 00000000 00:00 0 
7fbc1c021000-7fbc20000000 ---p 00000000 00:00 0 
7fbc2082d000-7fbc2086d000 rw-p 00000000 00:00 0 
7fbc2086d000-7fbc20a2d000 ---p 00000000 00:00 0 
7fbc20a2d000-7fbc20a79000 r-xp 00000000 08:01 1970585                    /tmp/libgdxfoysal/38f2459b/libgdx-box2d64.so
7fbc20a79000-7fbc20c78000 ---p 0004c000 08:01 1970585                    /tmp/libgdxfoysal/38f2459b/libgdx-box2d64.so
7fbc20c78000-7fbc20c7a000 r--p 0004b000 08:01 1970585                    /tmp/libgdxfoysal/38f2459b/libgdx-box2d64.so
7fbc20c7a000-7fbc20c7b000 rw-p 0004d000 08:01 1970585                    /tmp/libgdxfoysal/38f2459b/libgdx-box2d64.so
7fbc20c7b000-7fbc20f67000 rw-p 00000000 00:00 0 
7fbc20f67000-7fbc20f6f000 r-xp 00000000 08:01 4728267                    /usr/lib/x86_64-linux-gnu/libpciaccess.so.0.11.1
7fbc20f6f000-7fbc2116f000 ---p 00008000 08:01 4728267                    /usr/lib/x86_64-linux-gnu/libpciaccess.so.0.11.1
7fbc2116f000-7fbc21170000 r--p 00008000 08:01 4728267                    /usr/lib/x86_64-linux-gnu/libpciaccess.so.0.11.1
7fbc21170000-7fbc21171000 rw-p 00009000 08:01 4728267                    /usr/lib/x86_64-linux-gnu/libpciaccess.so.0.11.1
7fbc21171000-7fbc2117c000 r-xp 00000000 08:01 4727612                    /usr/lib/x86_64-linux-gnu/libdrm_radeon.so.1.0.1
7fbc2117c000-7fbc2137b000 ---p 0000b000 08:01 4727612                    /usr/lib/x86_64-linux-gnu/libdrm_radeon.so.1.0.1
7fbc2137b000-7fbc2137c000 r--p 0000a000 08:01 4727612                    /usr/lib/x86_64-linux-gnu/libdrm_radeon.so.1.0.1
7fbc2137c000-7fbc2137d000 rw-p 0000b000 08:01 4727612                    /usr/lib/x86_64-linux-gnu/libdrm_radeon.so.1.0.1
7fbc2137d000-7fbc21384000 r-xp 00000000 08:01 4727610                    /usr/lib/x86_64-linux-gnu/libdrm_nouveau.so.2.0.0
7fbc21384000-7fbc21583000 ---p 00007000 08:01 4727610                    /usr/lib/x86_64-linux-gnu/libdrm_nouveau.so.2.0.0
7fbc21583000-7fbc21584000 r--p 00006000 08:01 4727610                    /usr/lib/x86_64-linux-gnu/libdrm_nouveau.so.2.0.0
7fbc21584000-7fbc21585000 rw-p 00007000 08:01 4727610                    /usr/lib/x86_64-linux-gnu/libdrm_nouveau.so.2.0.0
7fbc21585000-7fbc215a7000 r-xp 00000000 08:01 4727608                    /usr/lib/x86_64-linux-gnu/libdrm_intel.so.1.0.0
7fbc215a7000-7fbc217a7000 ---p 00022000 08:01 4727608                    /usr/lib/x86_64-linux-gnu/libdrm_intel.so.1.0.0
7fbc217a7000-7fbc217a8000 r--p 00022000 08:01 4727608                    /usr/lib/x86_64-linux-gnu/libdrm_intel.so.1.0.0
7fbc217a8000-7fbc217a9000 rw-p 00023000 08:01 4727608                    /usr/lib/x86_64-linux-gnu/libdrm_intel.so.1.0.0
7fbc217a9000-7fbc22089000 r-xp 00000000 08:01 4983000                    /usr/lib/x86_64-linux-gnu/dri/i965_dri.so
7fbc22089000-7fbc22289000 ---p 008e0000 08:01 4983000                    /usr/lib/x86_64-linux-gnu/dri/i965_dri.so
7fbc22289000-7fbc222d9000 r--p 008e0000 08:01 4983000                    /usr/lib/x86_64-linux-gnu/dri/i965_dri.so
7fbc222d9000-7fbc222e4000 rw-p 00930000 08:01 4983000                    /usr/lib/x86_64-linux-gnu/dri/i965_dri.so
7fbc222e4000-7fbc22389000 rw-p 00000000 00:00 0 
7fbc22389000-7fbc22399000 r-xp 00000000 08:01 4727604                    /usr/lib/x86_64-linux-gnu/libdrm.so.2.4.0
7fbc22399000-7fbc22599000 ---p 00010000 08:01 4727604                    /usr/lib/x86_64-linux-gnu/libdrm.so.2.4.0
7fbc22599000-7fbc2259a000 r--p 00010000 08:01 4727604                    /usr/lib/x86_64-linux-gnu/libdrm.so.2.4.0
7fbc2259a000-7fbc2259b000 rw-p 00011000 08:01 4727604                    /usr/lib/x86_64-linux-gnu/libdrm.so.2.4.0
7fbc2259b000-7fbc2259f000 r-xp 00000000 08:01 4728684                    /usr/lib/x86_64-linux-gnu/libxcb-dri2.so.0.0.0
7fbc2259f000-7fbc2279e000 ---p 00004000 08:01 4728684                    /usr/lib/x86_64-linux-gnu/libxcb-dri2.so.0.0.0
7fbc2279e000-7fbc2279f000 r--p 00003000 08:01 4728684                    /usr/lib/x86_64-linux-gnu/libxcb-dri2.so.0.0.0
7fbc2279f000-7fbc227a0000 rw-p 00004000 08:01 4728684                    /usr/lib/x86_64-linux-gnu/libxcb-dri2.so.0.0.0
7fbc227a0000-7fbc227b7000 r-xp 00000000 08:01 4728688                    /usr/lib/x86_64-linux-gnu/libxcb-glx.so.0.0.0
7fbc227b7000-7fbc229b6000 ---p 00017000 08:01 4728688                    /usr/lib/x86_64-linux-gnu/libxcb-glx.so.0.0.0
7fbc229b6000-7fbc229b8000 r--p 00016000 08:01 4728688                    /usr/lib/x86_64-linux-gnu/libxcb-glx.so.0.0.0
7fbc229b8000-7fbc229b9000 rw-p 00018000 08:01 4728688                    /usr/lib/x86_64-linux-gnu/libxcb-glx.so.0.0.0
7fbc229b9000-7fbc229ba000 r-xp 00000000 08:01 4727286                    /usr/lib/x86_64-linux-gnu/libX11-xcb.so.1.0.0
7fbc229ba000-7fbc22bb9000 ---p 00001000 08:01 4727286                    /usr/lib/x86_64-linux-gnu/libX11-xcb.so.1.0.0
7fbc22bb9000-7fbc22bba000 r--p 00000000 08:01 4727286                    /usr/lib/x86_64-linux-gnu/libX11-xcb.so.1.0.0
7fbc22bba000-7fbc22bbb000 rw-p 00001000 08:01 4727286                    /usr/lib/x86_64-linux-gnu/libX11-xcb.so.1.0.0
7fbc22bbb000-7fbc22bbd000 r-xp 00000000 08:01 4727301                    /usr/lib/x86_64-linux-gnu/libXdamage.so.1.1.0
7fbc22bbd000-7fbc22dbc000 ---p 00002000 08:01 4727301                    /usr/lib/x86_64-linux-gnu/libXdamage.so.1.1.0
7fbc22dbc000-7fbc22dbd000 r--p 00001000 08:01 4727301                    /usr/lib/x86_64-linux-gnu/libXdamage.so.1.1.0
7fbc22dbd000-7fbc22dbe000 rw-p 00002000 08:01 4727301                    /usr/lib/x86_64-linux-gnu/libXdamage.so.1.1.0
7fbc22dbe000-7fbc22dea000 r-xp 00000000 08:01 4727805                    /usr/lib/x86_64-linux-gnu/libglapi.so.0.0.0
7fbc22dea000-7fbc22fe9000 ---p 0002c000 08:01 4727805                    /usr/lib/x86_64-linux-gnu/libglapi.so.0.0.0
7fbc22fe9000-7fbc22fed000 r--p 0002b000 08:01 4727805                    /usr/lib/x86_64-linux-gnu/libglapi.so.0.0.0
7fbc22fed000-7fbc22fee000 rw-p 0002f000 08:01 4727805                    /usr/lib/x86_64-linux-gnu/libglapi.so.0.0.0
7fbc22fee000-7fbc22fef000 rw-p 00000000 00:00 0 
7fbc22fef000-7fbc22ff0000 r-xp 00000000 08:01 4728728                    /usr/lib/x86_64-linux-gnu/libxshmfence.so.1.0.0
7fbc22ff0000-7fbc231f0000 ---p 00001000 08:01 4728728                    /usr/lib/x86_64-linux-gnu/libxshmfence.so.1.0.0
7fbc231f0000-7fbc231f1000 r--p 00001000 08:01 4728728                    /usr/lib/x86_64-linux-gnu/libxshmfence.so.1.0.0
7fbc231f1000-7fbc231f2000 rw-p 00002000 08:01 4728728                    /usr/lib/x86_64-linux-gnu/libxshmfence.so.1.0.0
7fbc231f2000-7fbc231f7000 r-xp 00000000 08:01 4728708                    /usr/lib/x86_64-linux-gnu/libxcb-sync.so.1.0.0
7fbc231f7000-7fbc233f7000 ---p 00005000 08:01 4728708                    /usr/lib/x86_64-linux-gnu/libxcb-sync.so.1.0.0
7fbc233f7000-7fbc233f8000 r--p 00005000 08:01 4728708                    /usr/lib/x86_64-linux-gnu/libxcb-sync.so.1.0.0
7fbc233f8000-7fbc233f9000 rw-p 00006000 08:01 4728708                    /usr/lib/x86_64-linux-gnu/libxcb-sync.so.1.0.0
7fbc233f9000-7fbc233fb000 r-xp 00000000 08:01 4728696                    /usr/lib/x86_64-linux-gnu/libxcb-present.so.0.0.0
7fbc233fb000-7fbc235fa000 ---p 00002000 08:01 4728696                    /usr/lib/x86_64-linux-gnu/libxcb-present.so.0.0.0
7fbc235fa000-7fbc235fb000 r--p 00001000 08:01 4728696                    /usr/lib/x86_64-linux-gnu/libxcb-present.so.0.0.0
7fbc235fb000-7fbc235fc000 rw-p 00002000 08:01 4728696                    /usr/lib/x86_64-linux-gnu/libxcb-present.so.0.0.0
7fbc235fc000-7fbc235fe000 r-xp 00000000 08:01 4728686                    /usr/lib/x86_64-linux-gnu/libxcb-dri3.so.0.0.0
7fbc235fe000-7fbc237fd000 ---p 00002000 08:01 4728686                    /usr/lib/x86_64-linux-gnu/libxcb-dri3.so.0.0.0
7fbc237fd000-7fbc237fe000 r--p 00001000 08:01 4728686                    /usr/lib/x86_64-linux-gnu/libxcb-dri3.so.0.0.0
7fbc237fe000-7fbc237ff000 rw-p 00002000 08:01 4728686                    /usr/lib/x86_64-linux-gnu/libxcb-dri3.so.0.0.0
7fbc237ff000-7fbc23800000 ---p 00000000 00:00 0 
7fbc23800000-7fbc24000000 rw-p 00000000 00:00 0 
7fbc24000000-7fbc24021000 rw-p 00000000 00:00 0 
7fbc24021000-7fbc28000000 ---p 00000000 00:00 0 
7fbc28002000-7fbc28076000 rw-p 00000000 00:00 0 
7fbc28100000-7fbc28126000 r-xp 00000000 08:01 2757058                    /lib/x86_64-linux-gnu/libexpat.so.1.6.0
7fbc28126000-7fbc28326000 ---p 00026000 08:01 2757058                    /lib/x86_64-linux-gnu/libexpat.so.1.6.0
7fbc28326000-7fbc28328000 r--p 00026000 08:01 2757058                    /lib/x86_64-linux-gnu/libexpat.so.1.6.0
7fbc28328000-7fbc28329000 rw-p 00028000 08:01 2757058                    /lib/x86_64-linux-gnu/libexpat.so.1.6.0
7fbc28329000-7fbc28399000 r-xp 00000000 08:01 4984410                    /usr/lib/x86_64-linux-gnu/mesa/libGL.so.1.2.0
7fbc28399000-7fbc28598000 ---p 00070000 08:01 4984410                    /usr/lib/x86_64-linux-gnu/mesa/libGL.so.1.2.0
7fbc28598000-7fbc2859b000 r--p 0006f000 08:01 4984410                    /usr/lib/x86_64-linux-gnu/mesa/libGL.so.1.2.0
7fbc2859b000-7fbc2859c000 rw-p 00072000 08:01 4984410                    /usr/lib/x86_64-linux-gnu/mesa/libGL.so.1.2.0
7fbc2859c000-7fbc2859d000 rw-p 00000000 00:00 0 
7fbc2859d000-7fbc285a0000 ---p 00000000 00:00 0 
7fbc285a0000-7fbc285d6000 rw-p 00000000 00:00 0 
7fbc285d6000-7fbc285d9000 ---p 00000000 00:00 0 
7fbc285d9000-7fbc286d7000 rw-p 00000000 00:00 0 
7fbc286d7000-7fbc286d8000 ---p 00000000 00:00 0 
7fbc286d8000-7fbc287d8000 rw-p 00000000 00:00 0 
7fbc287d8000-7fbc28802000 r-xp 00000000 08:01 4728589                    /usr/lib/x86_64-linux-gnu/libvorbis.so.0.4.8
7fbc28802000-7fbc28a01000 ---p 0002a000 08:01 4728589                    /usr/lib/x86_64-linux-gnu/libvorbis.so.0.4.8
7fbc28a01000-7fbc28a02000 r--p 00029000 08:01 4728589                    /usr/lib/x86_64-linux-gnu/libvorbis.so.0.4.8
7fbc28a02000-7fbc28a03000 rw-p 0002a000 08:01 4728589                    /usr/lib/x86_64-linux-gnu/libvorbis.so.0.4.8
7fbc28a03000-7fbc28a0a000 r-xp 00000000 08:01 4728225                    /usr/lib/x86_64-linux-gnu/libogg.so.0.8.2
7fbc28a0a000-7fbc28c0a000 ---p 00007000 08:01 4728225                    /usr/lib/x86_64-linux-gnu/libogg.so.0.8.2
7fbc28c0a000-7fbc28c0b000 r--p 00007000 08:01 4728225                    /usr/lib/x86_64-linux-gnu/libogg.so.0.8.2
7fbc28c0b000-7fbc28c0c000 rw-p 00008000 08:01 4728225                    /usr/lib/x86_64-linux-gnu/libogg.so.0.8.2
7fbc28c0c000-7fbc28c1e000 r-xp 00000000 08:01 2757434                    /lib/x86_64-linux-gnu/libgpg-error.so.0.17.0
7fbc28c1e000-7fbc28e1e000 ---p 00012000 08:01 2757434                    /lib/x86_64-linux-gnu/libgpg-error.so.0.17.0
7fbc28e1e000-7fbc28e1f000 r--p 00012000 08:01 2757434                    /lib/x86_64-linux-gnu/libgpg-error.so.0.17.0
7fbc28e1f000-7fbc28e20000 rw-p 00013000 08:01 2757434                    /lib/x86_64-linux-gnu/libgpg-error.so.0.17.0
7fbc28e20000-7fbc28e8e000 r-xp 00000000 08:01 2757519                    /lib/x86_64-linux-gnu/libpcre.so.3.13.2
7fbc28e8e000-7fbc2908e000 ---p 0006e000 08:01 2757519                    /lib/x86_64-linux-gnu/libpcre.so.3.13.2
7fbc2908e000-7fbc2908f000 r--p 0006e000 08:01 2757519                    /lib/x86_64-linux-gnu/libpcre.so.3.13.2
7fbc2908f000-7fbc29090000 rw-p 0006f000 08:01 2757519                    /lib/x86_64-linux-gnu/libpcre.so.3.13.2
7fbc29090000-7fbc290a7000 r-xp 00000000 08:01 2757542                    /lib/x86_64-linux-gnu/libresolv-2.23.so
7fbc290a7000-7fbc292a7000 ---p 00017000 08:01 2757542                    /lib/x86_64-linux-gnu/libresolv-2.23.so
7fbc292a7000-7fbc292a8000 r--p 00017000 08:01 2757542                    /lib/x86_64-linux-gnu/libresolv-2.23.so
7fbc292a8000-7fbc292a9000 rw-p 00018000 08:01 2757542                    /lib/x86_64-linux-gnu/libresolv-2.23.so
7fbc292a9000-7fbc292ab000 rw-p 00000000 00:00 0 
7fbc292ab000-7fbc29338000 r-xp 00000000 08:01 4728591                    /usr/lib/x86_64-linux-gnu/libvorbisenc.so.2.0.11
7fbc29338000-7fbc29537000 ---p 0008d000 08:01 4728591                    /usr/lib/x86_64-linux-gnu/libvorbisenc.so.2.0.11
7fbc29537000-7fbc29553000 r--p 0008c000 08:01 4728591                    /usr/lib/x86_64-linux-gnu/libvorbisenc.so.2.0.11
7fbc29553000-7fbc29554000 rw-p 000a8000 08:01 4728591                    /usr/lib/x86_64-linux-gnu/libvorbisenc.so.2.0.11
7fbc29554000-7fbc295c7000 r-xp 00000000 08:01 4727142                    /usr/lib/x86_64-linux-gnu/libFLAC.so.8.3.0
7fbc295c7000-7fbc297c7000 ---p 00073000 08:01 4727142                    /usr/lib/x86_64-linux-gnu/libFLAC.so.8.3.0
7fbc297c7000-7fbc297c8000 r--p 00073000 08:01 4727142                    /usr/lib/x86_64-linux-gnu/libFLAC.so.8.3.0
7fbc297c8000-7fbc297c9000 rw-p 00074000 08:01 4727142                    /usr/lib/x86_64-linux-gnu/libFLAC.so.8.3.0
7fbc297c9000-7fbc298a0000 r-xp 00000000 08:01 2757430                    /lib/x86_64-linux-gnu/libgcrypt.so.20.0.5
7fbc298a0000-7fbc29aa0000 ---p 000d7000 08:01 2757430                    /lib/x86_64-linux-gnu/libgcrypt.so.20.0.5
7fbc29aa0000-7fbc29aa1000 r--p 000d7000 08:01 2757430                    /lib/x86_64-linux-gnu/libgcrypt.so.20.0.5
7fbc29aa1000-7fbc29aa9000 rw-p 000d8000 08:01 2757430                    /lib/x86_64-linux-gnu/libgcrypt.so.20.0.5
7fbc29aa9000-7fbc29aaa000 rw-p 00000000 00:00 0 
7fbc29aaa000-7fbc29acb000 r-xp 00000000 08:01 2757457                    /lib/x86_64-linux-gnu/liblzma.so.5.0.0
7fbc29acb000-7fbc29cca000 ---p 00021000 08:01 2757457                    /lib/x86_64-linux-gnu/liblzma.so.5.0.0
7fbc29cca000-7fbc29ccb000 r--p 00020000 08:01 2757457                    /lib/x86_64-linux-gnu/liblzma.so.5.0.0
7fbc29ccb000-7fbc29ccc000 rw-p 00021000 08:01 2757457                    /lib/x86_64-linux-gnu/liblzma.so.5.0.0
7fbc29ccc000-7fbc29ceb000 r-xp 00000000 08:01 2757548                    /lib/x86_64-linux-gnu/libselinux.so.1
7fbc29ceb000-7fbc29eea000 ---p 0001f000 08:01 2757548                    /lib/x86_64-linux-gnu/libselinux.so.1
7fbc29eea000-7fbc29eeb000 r--p 0001e000 08:01 2757548                    /lib/x86_64-linux-gnu/libselinux.so.1
7fbc29eeb000-7fbc29eec000 rw-p 0001f000 08:01 2757548                    /lib/x86_64-linux-gnu/libselinux.so.1
7fbc29eec000-7fbc29eee000 rw-p 00000000 00:00 0 
7fbc29eee000-7fbc29ef3000 r-xp 00000000 08:01 4727396                    /usr/lib/x86_64-linux-gnu/libasyncns.so.0.3.1
7fbc29ef3000-7fbc2a0f2000 ---p 00005000 08:01 4727396                    /usr/lib/x86_64-linux-gnu/libasyncns.so.0.3.1
7fbc2a0f2000-7fbc2a0f3000 r--p 00004000 08:01 4727396                    /usr/lib/x86_64-linux-gnu/libasyncns.so.0.3.1
7fbc2a0f3000-7fbc2a0f4000 rw-p 00005000 08:01 4727396                    /usr/lib/x86_64-linux-gnu/libasyncns.so.0.3.1
7fbc2a0f4000-7fbc2a157000 r-xp 00000000 08:01 4725157                    /usr/lib/x86_64-linux-gnu/libsndfile.so.1.0.25
7fbc2a157000-7fbc2a357000 ---p 00063000 08:01 4725157                    /usr/lib/x86_64-linux-gnu/libsndfile.so.1.0.25
7fbc2a357000-7fbc2a359000 r--p 00063000 08:01 4725157                    /usr/lib/x86_64-linux-gnu/libsndfile.so.1.0.25
7fbc2a359000-7fbc2a35a000 rw-p 00065000 08:01 4725157                    /usr/lib/x86_64-linux-gnu/libsndfile.so.1.0.25
7fbc2a35a000-7fbc2a35e000 rw-p 00000000 00:00 0 
7fbc2a35e000-7fbc2a366000 r-xp 00000000 08:01 2757576                    /lib/x86_64-linux-gnu/libwrap.so.0.7.6
7fbc2a366000-7fbc2a565000 ---p 00008000 08:01 2757576                    /lib/x86_64-linux-gnu/libwrap.so.0.7.6
7fbc2a565000-7fbc2a566000 r--p 00007000 08:01 2757576                    /lib/x86_64-linux-gnu/libwrap.so.0.7.6
7fbc2a566000-7fbc2a567000 rw-p 00008000 08:01 2757576                    /lib/x86_64-linux-gnu/libwrap.so.0.7.6
7fbc2a567000-7fbc2a568000 rw-p 00000000 00:00 0 
7fbc2a568000-7fbc2a5e8000 r-xp 00000000 08:01 2752517                    /lib/x86_64-linux-gnu/libsystemd.so.0.14.0
7fbc2a5e8000-7fbc2a5eb000 r--p 0007f000 08:01 2752517                    /lib/x86_64-linux-gnu/libsystemd.so.0.14.0
7fbc2a5eb000-7fbc2a5ec000 rw-p 00082000 08:01 2752517                    /lib/x86_64-linux-gnu/libsystemd.so.0.14.0
7fbc2a5ec000-7fbc2a5ed000 rw-p 00000000 00:00 0 
7fbc2a5ed000-7fbc2a637000 r-xp 00000000 08:01 2752540                    /lib/x86_64-linux-gnu/libdbus-1.so.3.14.6
7fbc2a637000-7fbc2a837000 ---p 0004a000 08:01 2752540                    /lib/x86_64-linux-gnu/libdbus-1.so.3.14.6
7fbc2a837000-7fbc2a838000 r--p 0004a000 08:01 2752540                    /lib/x86_64-linux-gnu/libdbus-1.so.3.14.6
7fbc2a838000-7fbc2a839000 rw-p 0004b000 08:01 2752540                    /lib/x86_64-linux-gnu/libdbus-1.so.3.14.6
7fbc2a839000-7fbc2a8b3000 r-xp 00000000 08:01 4984918                    /usr/lib/x86_64-linux-gnu/pulseaudio/libpulsecommon-8.0.so
7fbc2a8b3000-7fbc2aab2000 ---p 0007a000 08:01 4984918                    /usr/lib/x86_64-linux-gnu/pulseaudio/libpulsecommon-8.0.so
7fbc2aab2000-7fbc2aab3000 r--p 00079000 08:01 4984918                    /usr/lib/x86_64-linux-gnu/pulseaudio/libpulsecommon-8.0.so
7fbc2aab3000-7fbc2aab4000 rw-p 0007a000 08:01 4984918                    /usr/lib/x86_64-linux-gnu/pulseaudio/libpulsecommon-8.0.so
7fbc2aab4000-7fbc2aabe000 r-xp 00000000 08:01 2757449                    /lib/x86_64-linux-gnu/libjson-c.so.2.0.0
7fbc2aabe000-7fbc2acbd000 ---p 0000a000 08:01 2757449                    /lib/x86_64-linux-gnu/libjson-c.so.2.0.0
7fbc2acbd000-7fbc2acbe000 r--p 00009000 08:01 2757449                    /lib/x86_64-linux-gnu/libjson-c.so.2.0.0
7fbc2acbe000-7fbc2acbf000 rw-p 0000a000 08:01 2757449                    /lib/x86_64-linux-gnu/libjson-c.so.2.0.0
7fbc2acbf000-7fbc2ad0d000 r-xp 00000000 08:01 4728317                    /usr/lib/x86_64-linux-gnu/libpulse.so.0.19.0
7fbc2ad0d000-7fbc2af0d000 ---p 0004e000 08:01 4728317                    /usr/lib/x86_64-linux-gnu/libpulse.so.0.19.0
7fbc2af0d000-7fbc2af0e000 r--p 0004e000 08:01 4728317                    /usr/lib/x86_64-linux-gnu/libpulse.so.0.19.0
7fbc2af0e000-7fbc2af0f000 rw-p 0004f000 08:01 4728317                    /usr/lib/x86_64-linux-gnu/libpulse.so.0.19.0
7fbc2af0f000-7fbc2af64000 r-xp 00000000 08:01 1970581                    /tmp/libgdxfoysal/31ce78a2/libopenal64.so
7fbc2af64000-7fbc2b163000 ---p 00055000 08:01 1970581                    /tmp/libgdxfoysal/31ce78a2/libopenal64.so
7fbc2b163000-7fbc2b166000 r--p 00054000 08:01 1970581                    /tmp/libgdxfoysal/31ce78a2/libopenal64.so
7fbc2b166000-7fbc2b167000 rw-p 00057000 08:01 1970581                    /tmp/libgdxfoysal/31ce78a2/libopenal64.so
7fbc2b167000-7fbc2b168000 rw-p 00000000 00:00 0 
7fbc2b168000-7fbc2b16d000 r-xp 00000000 08:01 4727343                    /usr/lib/x86_64-linux-gnu/libXxf86vm.so.1.0.0
7fbc2b16d000-7fbc2b36c000 ---p 00005000 08:01 4727343                    /usr/lib/x86_64-linux-gnu/libXxf86vm.so.1.0.0
7fbc2b36c000-7fbc2b36d000 r--p 00004000 08:01 4727343                    /usr/lib/x86_64-linux-gnu/libXxf86vm.so.1.0.0
7fbc2b36d000-7fbc2b36e000 rw-p 00005000 08:01 4727343                    /usr/lib/x86_64-linux-gnu/libXxf86vm.so.1.0.0
7fbc2b36e000-7fbc2b378000 r-xp 00000000 08:01 4727325                    /usr/lib/x86_64-linux-gnu/libXrandr.so.2.2.0
7fbc2b378000-7fbc2b577000 ---p 0000a000 08:01 4727325                    /usr/lib/x86_64-linux-gnu/libXrandr.so.2.2.0
7fbc2b577000-7fbc2b578000 r--p 00009000 08:01 4727325                    /usr/lib/x86_64-linux-gnu/libXrandr.so.2.2.0
7fbc2b578000-7fbc2b579000 rw-p 0000a000 08:01 4727325                    /usr/lib/x86_64-linux-gnu/libXrandr.so.2.2.0
7fbc2b579000-7fbc2b5e9000 r-xp 00000000 08:01 1970580                    /tmp/libgdxfoysal/31ce78a2/liblwjgl64.so
7fbc2b5e9000-7fbc2b7e9000 ---p 00070000 08:01 1970580                    /tmp/libgdxfoysal/31ce78a2/liblwjgl64.so
7fbc2b7e9000-7fbc2b7eb000 r--p 00070000 08:01 1970580                    /tmp/libgdxfoysal/31ce78a2/liblwjgl64.so
7fbc2b7eb000-7fbc2b7ec000 rw-p 00072000 08:01 1970580                    /tmp/libgdxfoysal/31ce78a2/liblwjgl64.so
7fbc2b7ec000-7fbc2b7ed000 r-xp 00000000 08:01 4723430                    /usr/lib/jvm/java-8-openjdk-amd64/jre/lib/amd64/libjawt.so
7fbc2b7ed000-7fbc2b9ec000 ---p 00001000 08:01 4723430                    /usr/lib/jvm/java-8-openjdk-amd64/jre/lib/amd64/libjawt.so
7fbc2b9ec000-7fbc2b9ed000 r--p 00000000 08:01 4723430                    /usr/lib/jvm/java-8-openjdk-amd64/jre/lib/amd64/libjawt.so
7fbc2b9ed000-7fbc2b9ee000 rw-p 00001000 08:01 4723430                    /usr/lib/jvm/java-8-openjdk-amd64/jre/lib/amd64/libjawt.so
7fbc2b9ee000-7fbc2b9f1000 ---p 00000000 00:00 0 
7fbc2b9f1000-7fbc2baef000 rw-p 00000000 00:00 0 
7fbc2baef000-7fbc2baf4000 r-xp 00000000 08:01 4727307                    /usr/lib/x86_64-linux-gnu/libXfixes.so.3.1.0
7fbc2baf4000-7fbc2bcf3000 ---p 00005000 08:01 4727307                    /usr/lib/x86_64-linux-gnu/libXfixes.so.3.1.0
7fbc2bcf3000-7fbc2bcf4000 r--p 00004000 08:01 4727307                    /usr/lib/x86_64-linux-gnu/libXfixes.so.3.1.0
7fbc2bcf4000-7fbc2bcf5000 rw-p 00005000 08:01 4727307                    /usr/lib/x86_64-linux-gnu/libXfixes.so.3.1.0
7fbc2bcf5000-7fbc2bcfe000 r-xp 00000000 08:01 4727299                    /usr/lib/x86_64-linux-gnu/libXcursor.so.1.0.2
7fbc2bcfe000-7fbc2befd000 ---p 00009000 08:01 4727299                    /usr/lib/x86_64-linux-gnu/libXcursor.so.1.0.2
7fbc2befd000-7fbc2befe000 r--p 00008000 08:01 4727299                    /usr/lib/x86_64-linux-gnu/libXcursor.so.1.0.2
7fbc2befe000-7fbc2beff000 rw-p 00009000 08:01 4727299                    /usr/lib/x86_64-linux-gnu/libXcursor.so.1.0.2
7fbc2beff000-7fbc2bf02000 ---p 00000000 00:00 0 
7fbc2bf02000-7fbc2c000000 rw-p 00000000 00:00 0 
7fbc2c000000-7fbc2c021000 rw-p 00000000 00:00 0 
7fbc2c021000-7fbc30000000 ---p 00000000 00:00 0 
7fbc30000000-7fbc30021000 rw-p 00000000 00:00 0 
7fbc30021000-7fbc34000000 ---p 00000000 00:00 0 
7fbc34000000-7fbc340cd000 rw-p 00000000 00:00 0 
7fbc340cd000-7fbc38000000 ---p 00000000 00:00 0 
7fbc38000000-7fbc38286000 rw-p 00000000 00:00 0 
7fbc38286000-7fbc3c000000 ---p 00000000 00:00 0 
7fbc3c000000-7fbc3c021000 rw-p 00000000 00:00 0 
7fbc3c021000-7fbc40000000 ---p 00000000 00:00 0 
7fbc40000000-7fbc400a0000 rw-p 00000000 00:00 0 
7fbc400a0000-7fbc44000000 ---p 00000000 00:00 0 
7fbc44000000-7fbc44021000 rw-p 00000000 00:00 0 
7fbc44021000-7fbc48000000 ---p 00000000 00:00 0 
7fbc48000000-7fbc48021000 rw-p 00000000 00:00 0 
7fbc48021000-7fbc4c000000 ---p 00000000 00:00 0 
7fbc4c000000-7fbc4c021000 rw-p 00000000 00:00 0 
7fbc4c021000-7fbc50000000 ---p 00000000 00:00 0 
7fbc50033000-7fbc50057000 r-xp 00000000 08:01 2757531                    /lib/x86_64-linux-gnu/libpng12.so.0.54.0
7fbc50057000-7fbc50256000 ---p 00024000 08:01 2757531                    /lib/x86_64-linux-gnu/libpng12.so.0.54.0
7fbc50256000-7fbc50257000 r--p 00023000 08:01 2757531                    /lib/x86_64-linux-gnu/libpng12.so.0.54.0
7fbc50257000-7fbc50258000 rw-p 00024000 08:01 2757531                    /lib/x86_64-linux-gnu/libpng12.so.0.54.0
7fbc50258000-7fbc502fc000 r-xp 00000000 08:01 4727730                    /usr/lib/x86_64-linux-gnu/libfreetype.so.6.12.1
7fbc502fc000-7fbc504fb000 ---p 000a4000 08:01 4727730                    /usr/lib/x86_64-linux-gnu/libfreetype.so.6.12.1
7fbc504fb000-7fbc50501000 r--p 000a3000 08:01 4727730                    /usr/lib/x86_64-linux-gnu/libfreetype.so.6.12.1
7fbc50501000-7fbc50502000 rw-p 000a9000 08:01 4727730                    /usr/lib/x86_64-linux-gnu/libfreetype.so.6.12.1
7fbc5050c000-7fbc50510000 rw-s 00000000 00:18 463                        /i915 (deleted)
7fbc50510000-7fbc50515000 rw-s 00000000 00:18 252                        /i915 (deleted)
7fbc50515000-7fbc50516000 rwxp 00000000 00:00 0 
7fbc50516000-7fbc50517000 rw-s 00000000 00:05 121179                     /memfd:xshmfence (deleted)
7fbc50517000-7fbc5051b000 rw-s 00000000 00:18 559                        /i915 (deleted)
7fbc5051b000-7fbc50520000 rw-s 00000000 00:18 449                        /i915 (deleted)
7fbc50520000-7fbc50571000 r-xp 00000000 08:01 4723441                    /usr/lib/jvm/java-8-openjdk-amd64/jre/lib/amd64/libfontmanager.so
7fbc50571000-7fbc50771000 ---p 00051000 08:01 4723441                    /usr/lib/jvm/java-8-openjdk-amd64/jre/lib/amd64/libfontmanager.so
7fbc50771000-7fbc50773000 r--p 00051000 08:01 4723441                    /usr/lib/jvm/java-8-openjdk-amd64/jre/lib/amd64/libfontmanager.so
7fbc50773000-7fbc50774000 rw-p 00053000 08:01 4723441                    /usr/lib/jvm/java-8-openjdk-amd64/jre/lib/amd64/libfontmanager.so
7fbc50774000-7fbc50779000 r-xp 00000000 08:01 4727303                    /usr/lib/x86_64-linux-gnu/libXdmcp.so.6.0.0
7fbc50779000-7fbc50978000 ---p 00005000 08:01 4727303                    /usr/lib/x86_64-linux-gnu/libXdmcp.so.6.0.0
7fbc50978000-7fbc50979000 r--p 00004000 08:01 4727303                    /usr/lib/x86_64-linux-gnu/libXdmcp.so.6.0.0
7fbc50979000-7fbc5097a000 rw-p 00005000 08:01 4727303                    /usr/lib/x86_64-linux-gnu/libXdmcp.so.6.0.0
7fbc5097a000-7fbc5097c000 r-xp 00000000 08:01 4727292                    /usr/lib/x86_64-linux-gnu/libXau.so.6.0.0
7fbc5097c000-7fbc50b7c000 ---p 00002000 08:01 4727292                    /usr/lib/x86_64-linux-gnu/libXau.so.6.0.0
7fbc50b7c000-7fbc50b7d000 r--p 00002000 08:01 4727292                    /usr/lib/x86_64-linux-gnu/libXau.so.6.0.0
7fbc50b7d000-7fbc50b7e000 rw-p 00003000 08:01 4727292                    /usr/lib/x86_64-linux-gnu/libXau.so.6.0.0
7fbc50b7e000-7fbc50b9f000 r-xp 00000000 08:01 4728716                    /usr/lib/x86_64-linux-gnu/libxcb.so.1.1.0
7fbc50b9f000-7fbc50d9e000 ---p 00021000 08:01 4728716                    /usr/lib/x86_64-linux-gnu/libxcb.so.1.1.0
7fbc50d9e000-7fbc50d9f000 r--p 00020000 08:01 4728716                    /usr/lib/x86_64-linux-gnu/libxcb.so.1.1.0
7fbc50d9f000-7fbc50da0000 rw-p 00021000 08:01 4728716                    /usr/lib/x86_64-linux-gnu/libxcb.so.1.1.0
7fbc50da0000-7fbc50daf000 r-xp 00000000 08:01 4727315                    /usr/lib/x86_64-linux-gnu/libXi.so.6.1.0
7fbc50daf000-7fbc50fae000 ---p 0000f000 08:01 4727315                    /usr/lib/x86_64-linux-gnu/libXi.so.6.1.0
7fbc50fae000-7fbc50faf000 r--p 0000e000 08:01 4727315                    /usr/lib/x86_64-linux-gnu/libXi.so.6.1.0
7fbc50faf000-7fbc50fb0000 rw-p 0000f000 08:01 4727315                    /usr/lib/x86_64-linux-gnu/libXi.so.6.1.0
7fbc50fb0000-7fbc50fb5000 r-xp 00000000 08:01 4727333                    /usr/lib/x86_64-linux-gnu/libXtst.so.6.1.0
7fbc50fb5000-7fbc511b4000 ---p 00005000 08:01 4727333                    /usr/lib/x86_64-linux-gnu/libXtst.so.6.1.0
7fbc511b4000-7fbc511b5000 r--p 00004000 08:01 4727333                    /usr/lib/x86_64-linux-gnu/libXtst.so.6.1.0
7fbc511b5000-7fbc511b6000 rw-p 00005000 08:01 4727333                    /usr/lib/x86_64-linux-gnu/libXtst.so.6.1.0
7fbc511b6000-7fbc511bf000 r-xp 00000000 08:01 4727327                    /usr/lib/x86_64-linux-gnu/libXrender.so.1.3.0
7fbc511bf000-7fbc513be000 ---p 00009000 08:01 4727327                    /usr/lib/x86_64-linux-gnu/libXrender.so.1.3.0
7fbc513be000-7fbc513bf000 r--p 00008000 08:01 4727327                    /usr/lib/x86_64-linux-gnu/libXrender.so.1.3.0
7fbc513bf000-7fbc513c0000 rw-p 00009000 08:01 4727327                    /usr/lib/x86_64-linux-gnu/libXrender.so.1.3.0
7fbc513c0000-7fbc514f5000 r-xp 00000000 08:01 4727288                    /usr/lib/x86_64-linux-gnu/libX11.so.6.3.0
7fbc514f5000-7fbc516f5000 ---p 00135000 08:01 4727288                    /usr/lib/x86_64-linux-gnu/libX11.so.6.3.0
7fbc516f5000-7fbc516f6000 r--p 00135000 08:01 4727288                    /usr/lib/x86_64-linux-gnu/libX11.so.6.3.0
7fbc516f6000-7fbc516fa000 rw-p 00136000 08:01 4727288                    /usr/lib/x86_64-linux-gnu/libX11.so.6.3.0
7fbc516fa000-7fbc5170b000 r-xp 00000000 08:01 4727305                    /usr/lib/x86_64-linux-gnu/libXext.so.6.4.0
7fbc5170b000-7fbc5190a000 ---p 00011000 08:01 4727305                    /usr/lib/x86_64-linux-gnu/libXext.so.6.4.0
7fbc5190a000-7fbc5190b000 r--p 00010000 08:01 4727305                    /usr/lib/x86_64-linux-gnu/libXext.so.6.4.0
7fbc5190b000-7fbc5190c000 rw-p 00011000 08:01 4727305                    /usr/lib/x86_64-linux-gnu/libXext.so.6.4.0
7fbc5190c000-7fbc51910000 rw-s 00000000 00:18 491                        /i915 (deleted)
7fbc51910000-7fbc51917000 r--s 00000000 08:01 4983605                    /usr/lib/x86_64-linux-gnu/gconv/gconv-modules.cache
7fbc51917000-7fbc5192a000 r--s 00346000 08:01 4724250                    /usr/lib/jvm/java-8-openjdk-amd64/jre/lib/resources.jar
7fbc5192a000-7fbc51985000 r-xp 00000000 08:01 4723422                    /usr/lib/jvm/java-8-openjdk-amd64/jre/lib/amd64/libawt_xawt.so
7fbc51985000-7fbc51b84000 ---p 0005b000 08:01 4723422                    /usr/lib/jvm/java-8-openjdk-amd64/jre/lib/amd64/libawt_xawt.so
7fbc51b84000-7fbc51b85000 r--p 0005a000 08:01 4723422                    /usr/lib/jvm/java-8-openjdk-amd64/jre/lib/amd64/libawt_xawt.so
7fbc51b85000-7fbc51b88000 rw-p 0005b000 08:01 4723422                    /usr/lib/jvm/java-8-openjdk-amd64/jre/lib/amd64/libawt_xawt.so
7fbc51b88000-7fbc51b8a000 rw-p 00000000 00:00 0 
7fbc51b8a000-7fbc51c29000 r-xp 00000000 08:01 4723424                    /usr/lib/jvm/java-8-openjdk-amd64/jre/lib/amd64/libawt.so
7fbc51c29000-7fbc51e29000 ---p 0009f000 08:01 4723424                    /usr/lib/jvm/java-8-openjdk-amd64/jre/lib/amd64/libawt.so
7fbc51e29000-7fbc51e2a000 r--p 0009f000 08:01 4723424                    /usr/lib/jvm/java-8-openjdk-amd64/jre/lib/amd64/libawt.so
7fbc51e2a000-7fbc51e35000 rw-p 000a0000 08:01 4723424                    /usr/lib/jvm/java-8-openjdk-amd64/jre/lib/amd64/libawt.so
7fbc51e35000-7fbc51e5a000 rw-p 00000000 00:00 0 
7fbc51e5a000-7fbc51e5e000 r--s 000a1000 08:01 4724252                    /usr/lib/jvm/java-8-openjdk-amd64/jre/lib/jsse.jar
7fbc51e5e000-7fbc51e92000 r-xp 00000000 08:01 1970578                    /tmp/libgdxfoysal/3db1ff57/libgdx64.so
7fbc51e92000-7fbc52092000 ---p 00034000 08:01 1970578                    /tmp/libgdxfoysal/3db1ff57/libgdx64.so
7fbc52092000-7fbc52093000 r--p 00034000 08:01 1970578                    /tmp/libgdxfoysal/3db1ff57/libgdx64.so
7fbc52093000-7fbc52094000 rw-p 00035000 08:01 1970578                    /tmp/libgdxfoysal/3db1ff57/libgdx64.so
7fbc52094000-7fbc52095000 r--s 00002000 08:03 1966785                    /home/foysal/.gradle/caches/modules-2/files-2.1/net.java.jinput/jinput-platform/2.0.5/53f9c919f34d2ca9de8c51fc4e1e8282029a9232/jinput-platform-2.0.5-natives-osx.jar
7fbc52095000-7fbc52096000 r--s 00025000 08:03 1966783                    /home/foysal/.gradle/caches/modules-2/files-2.1/net.java.jinput/jinput-platform/2.0.5/385ee093e01f587f30ee1c8a2ee7d408fd732e16/jinput-platform-2.0.5-natives-windows.jar
7fbc52096000-7fbc52097000 r--s 00002000 08:03 1966781                    /home/foysal/.gradle/caches/modules-2/files-2.1/net.java.jinput/jinput-platform/2.0.5/7ff832a6eb9ab6a767f1ade2b548092d0fa64795/jinput-platform-2.0.5-natives-linux.jar
7fbc52097000-7fbc520a5000 r--s 000f2000 08:03 1966793                    /home/foysal/.gradle/caches/modules-2/files-2.1/org.lwjgl.lwjgl/lwjgl/2.9.2/a9d80fe5935c7a9149f6584d9777cfd471f65489/lwjgl-2.9.2.jar
7fbc520a5000-7fbc520c1000 r--s 001be000 08:03 1966665                    /home/foysal/.gradle/caches/modules-2/files-2.1/com.badlogicgames.gdx/gdx/1.9.9/bf26f2f816b3cfe37ac6e66615391c30714b7030/gdx-1.9.9.jar
7fbc520c1000-7fbc520dc000 r--s 001d6000 08:01 4724280                    /usr/lib/jvm/java-8-openjdk-amd64/jre/lib/ext/nashorn.jar
7fbc520dc000-7fbc520dd000 ---p 00000000 00:00 0 
7fbc520dd000-7fbc521dd000 rw-p 00000000 00:00 0 
7fbc521dd000-7fbc521e0000 ---p 00000000 00:00 0 
7fbc521e0000-7fbc522de000 rw-p 00000000 00:00 0 
7fbc522de000-7fbc522e1000 ---p 00000000 00:00 0 
7fbc522e1000-7fbc523df000 rw-p 00000000 00:00 0 
7fbc523df000-7fbc523e2000 ---p 00000000 00:00 0 
7fbc523e2000-7fbc524e0000 rw-p 00000000 00:00 0 
7fbc524e0000-7fbc524e3000 ---p 00000000 00:00 0 
7fbc524e3000-7fbc525e1000 rw-p 00000000 00:00 0 
7fbc525e1000-7fbc525e4000 ---p 00000000 00:00 0 
7fbc525e4000-7fbc526e2000 rw-p 00000000 00:00 0 
7fbc526e2000-7fbc530f1000 r--p 00000000 08:01 4726095                    /usr/lib/locale/locale-archive
7fbc530f1000-7fbc530f4000 ---p 00000000 00:00 0 
7fbc530f4000-7fbc531f2000 rw-p 00000000 00:00 0 
7fbc531f2000-7fbc531f5000 ---p 00000000 00:00 0 
7fbc531f5000-7fbc532f3000 rw-p 00000000 00:00 0 
7fbc532f3000-7fbc532f4000 ---p 00000000 00:00 0 
7fbc532f4000-7fbc54000000 rw-p 00000000 00:00 0 
7fbc54000000-7fbc54021000 rw-p 00000000 00:00 0 
7fbc54021000-7fbc58000000 ---p 00000000 00:00 0 
7fbc58000000-7fbc58021000 rw-p 00000000 00:00 0 
7fbc58021000-7fbc5c000000 ---p 00000000 00:00 0 
7fbc5c000000-7fbc5c021000 rw-p 00000000 00:00 0 
7fbc5c021000-7fbc60000000 ---p 00000000 00:00 0 
7fbc60000000-7fbc60021000 rw-p 00000000 00:00 0 
7fbc60021000-7fbc64000000 ---p 00000000 00:00 0 
7fbc64000000-7fbc64001000 r--s 00001000 08:03 1966779                    /home/foysal/.gradle/caches/modules-2/files-2.1/net.java.jutils/jutils/1.0.0/e12fe1fda814bd348c1579329c86943d2cd3c6a6/jutils-1.0.0.jar
7fbc64001000-7fbc64005000 r--s 0002f000 08:03 1966777                    /home/foysal/.gradle/caches/modules-2/files-2.1/net.java.jinput/jinput/2.0.5/39c7796b469a600f72380316f6b1f11db6c2c7c4/jinput-2.0.5.jar
7fbc64005000-7fbc64006000 r--s 00068000 08:03 1966789                    /home/foysal/.gradle/caches/modules-2/files-2.1/org.lwjgl.lwjgl/lwjgl-platform/2.9.2/d55b46b40b40249d627a83a7f7f22649709d70c3/lwjgl-platform-2.9.2-natives-osx.jar
7fbc64006000-7fbc64007000 r--s 0008d000 08:03 1966791                    /home/foysal/.gradle/caches/modules-2/files-2.1/org.lwjgl.lwjgl/lwjgl-platform/2.9.2/d276cdf61fe2b516c7b7f4aa1b8dea91dbdc8d56/lwjgl-platform-2.9.2-natives-linux.jar
7fbc64007000-7fbc64008000 r--s 00095000 08:03 1966775                    /home/foysal/.gradle/caches/modules-2/files-2.1/org.lwjgl.lwjgl/lwjgl-platform/2.9.2/510c7d317f5e9e700b9cfaac5fd38bdebf0702e0/lwjgl-platform-2.9.2-natives-windows.jar
7fbc64008000-7fbc6400a000 r--s 00017000 08:03 1966769                    /home/foysal/.gradle/caches/modules-2/files-2.1/org.jcraft/jorbis/0.0.17/8872d22b293e8f5d7d56ff92be966e6dc28ebdc6/jorbis-0.0.17.jar
7fbc6400a000-7fbc6400b000 r--s 00015000 08:03 1966767                    /home/foysal/.gradle/caches/modules-2/files-2.1/com.badlogicgames.jlayer/jlayer/1.0.1-gdx/7cca83cec5c1b2f011362f4d85aabd71a73b049d/jlayer-1.0.1-gdx.jar
7fbc6400b000-7fbc6400f000 r--s 00027000 08:03 1966771                    /home/foysal/.gradle/caches/modules-2/files-2.1/org.lwjgl.lwjgl/lwjgl_util/2.9.2/4b9e37300a87799856e0bd15ed81663cdb6b0947/lwjgl_util-2.9.2.jar
7fbc6400f000-7fbc64012000 r--s 00021000 08:03 1966773                    /home/foysal/.gradle/caches/modules-2/files-2.1/com.badlogicgames.gdx/gdx-backend-lwjgl/1.9.9/ca8911cb94c0bfeb59f99e46ca9b92440958fb0e/gdx-backend-lwjgl-1.9.9.jar
7fbc64012000-7fbc64016000 r--s 00029000 08:03 2885163                    /home/foysal/.gradle/caches/modules-2/files-2.1/net.dermetfan.libgdx-utils/libgdx-utils/0.13.4/27affad2873d1c9c366a2290fc51f3927f3a5f83/libgdx-utils-0.13.4.jar
7fbc64016000-7fbc64031000 r--s 00394000 08:01 4724279                    /usr/lib/jvm/java-8-openjdk-amd64/jre/lib/ext/cldrdata.jar
7fbc64031000-7fbc643d9000 rw-p 00000000 00:00 0 
7fbc643d9000-7fbc645a8000 r--s 03c3b000 08:01 4724248                    /usr/lib/jvm/java-8-openjdk-amd64/jre/lib/rt.jar
7fbc645a8000-7fbc65000000 rw-p 00000000 00:00 0 
7fbc65000000-7fbc65280000 rwxp 00000000 00:00 0 
7fbc65280000-7fbc74000000 ---p 00000000 00:00 0 
7fbc74000000-7fbc7443a000 rw-p 00000000 00:00 0 
7fbc7443a000-7fbc78000000 ---p 00000000 00:00 0 
7fbc78000000-7fbc78001000 r--s 000e8000 08:03 2097429                    /home/foysal/.gradle/caches/modules-2/files-2.1/com.badlogicgames.gdx/gdx-box2d-platform/1.9.9/72b2916f45f3f948896eda931cd597f7e698340f/gdx-box2d-platform-1.9.9-natives-desktop.jar
7fbc78001000-7fbc78003000 r--s 00010000 08:03 2097417                    /home/foysal/.gradle/caches/modules-2/files-2.1/com.badlogicgames.gdx/gdx-box2d/1.9.9/e9a43c50fbe4f1e26dd0af5d2e78d125549e7f6b/gdx-box2d-1.9.9.jar
7fbc78003000-7fbc78007000 r--s 0001e000 08:03 2885157                    /home/foysal/.gradle/caches/modules-2/files-2.1/net.dermetfan.libgdx-utils/libgdx-utils-box2d/0.13.4/918d79a20ea3c898cdb3611782c5b2bfa6ec575b/libgdx-utils-box2d-0.13.4.jar
7fbc78007000-7fbc78009000 r--s 00008000 08:01 4724283                    /usr/lib/jvm/java-8-openjdk-amd64/jre/lib/ext/sunec.jar
7fbc78009000-7fbc78013000 r--s 00116000 08:01 4724287                    /usr/lib/jvm/java-8-openjdk-amd64/jre/lib/ext/localedata.jar
7fbc78013000-7fbc78018000 r--s 0003c000 08:01 4724284                    /usr/lib/jvm/java-8-openjdk-amd64/jre/lib/ext/sunjce_provider.jar
7fbc78018000-7fbc79e38000 rw-p 00000000 00:00 0 
7fbc79e38000-7fbc79e39000 ---p 00000000 00:00 0 
7fbc79e39000-7fbc79f39000 rw-p 00000000 00:00 0 
7fbc79f39000-7fbc79f3a000 ---p 00000000 00:00 0 
7fbc79f3a000-7fbc7a03a000 rw-p 00000000 00:00 0 
7fbc7a03a000-7fbc7a03b000 ---p 00000000 00:00 0 
7fbc7a03b000-7fbc7a13b000 rw-p 00000000 00:00 0 
7fbc7a13b000-7fbc7a13c000 ---p 00000000 00:00 0 
7fbc7a13c000-7fbc7a251000 rw-p 00000000 00:00 0 
7fbc7a251000-7fbc7a37e000 ---p 00000000 00:00 0 
7fbc7a37e000-7fbc7a393000 rw-p 00000000 00:00 0 
7fbc7a393000-7fbc7a4bf000 ---p 00000000 00:00 0 
7fbc7a4bf000-7fbc7a4ca000 rw-p 00000000 00:00 0 
7fbc7a4ca000-7fbc7a560000 ---p 00000000 00:00 0 
7fbc7a560000-7fbc7a56b000 rw-p 00000000 00:00 0 
7fbc7a56b000-7fbc7a921000 ---p 00000000 00:00 0 
7fbc7a921000-7fbc7a929000 r-xp 00000000 08:01 4724246                    /usr/lib/jvm/java-8-openjdk-amd64/jre/lib/amd64/libzip.so
7fbc7a929000-7fbc7ab28000 ---p 00008000 08:01 4724246                    /usr/lib/jvm/java-8-openjdk-amd64/jre/lib/amd64/libzip.so
7fbc7ab28000-7fbc7ab29000 r--p 00007000 08:01 4724246                    /usr/lib/jvm/java-8-openjdk-amd64/jre/lib/amd64/libzip.so
7fbc7ab29000-7fbc7ab2a000 rw-p 00008000 08:01 4724246                    /usr/lib/jvm/java-8-openjdk-amd64/jre/lib/amd64/libzip.so
7fbc7ab2a000-7fbc7ab35000 r-xp 00000000 08:01 2757489                    /lib/x86_64-linux-gnu/libnss_files-2.23.so
7fbc7ab35000-7fbc7ad34000 ---p 0000b000 08:01 2757489                    /lib/x86_64-linux-gnu/libnss_files-2.23.so
7fbc7ad34000-7fbc7ad35000 r--p 0000a000 08:01 2757489                    /lib/x86_64-linux-gnu/libnss_files-2.23.so
7fbc7ad35000-7fbc7ad36000 rw-p 0000b000 08:01 2757489                    /lib/x86_64-linux-gnu/libnss_files-2.23.so
7fbc7ad36000-7fbc7ad3c000 rw-p 00000000 00:00 0 
7fbc7ad3c000-7fbc7ad47000 r-xp 00000000 08:01 2757499                    /lib/x86_64-linux-gnu/libnss_nis-2.23.so
7fbc7ad47000-7fbc7af46000 ---p 0000b000 08:01 2757499                    /lib/x86_64-linux-gnu/libnss_nis-2.23.so
7fbc7af46000-7fbc7af47000 r--p 0000a000 08:01 2757499                    /lib/x86_64-linux-gnu/libnss_nis-2.23.so
7fbc7af47000-7fbc7af48000 rw-p 0000b000 08:01 2757499                    /lib/x86_64-linux-gnu/libnss_nis-2.23.so
7fbc7af48000-7fbc7af5e000 r-xp 00000000 08:01 2757483                    /lib/x86_64-linux-gnu/libnsl-2.23.so
7fbc7af5e000-7fbc7b15d000 ---p 00016000 08:01 2757483                    /lib/x86_64-linux-gnu/libnsl-2.23.so
7fbc7b15d000-7fbc7b15e000 r--p 00015000 08:01 2757483                    /lib/x86_64-linux-gnu/libnsl-2.23.so
7fbc7b15e000-7fbc7b15f000 rw-p 00016000 08:01 2757483                    /lib/x86_64-linux-gnu/libnsl-2.23.so
7fbc7b15f000-7fbc7b161000 rw-p 00000000 00:00 0 
7fbc7b161000-7fbc7b169000 r-xp 00000000 08:01 2757485                    /lib/x86_64-linux-gnu/libnss_compat-2.23.so
7fbc7b169000-7fbc7b368000 ---p 00008000 08:01 2757485                    /lib/x86_64-linux-gnu/libnss_compat-2.23.so
7fbc7b368000-7fbc7b369000 r--p 00007000 08:01 2757485                    /lib/x86_64-linux-gnu/libnss_compat-2.23.so
7fbc7b369000-7fbc7b36a000 rw-p 00008000 08:01 2757485                    /lib/x86_64-linux-gnu/libnss_compat-2.23.so
7fbc7b36a000-7fbc7b396000 r-xp 00000000 08:01 4723440                    /usr/lib/jvm/java-8-openjdk-amd64/jre/lib/amd64/libjava.so
7fbc7b396000-7fbc7b595000 ---p 0002c000 08:01 4723440                    /usr/lib/jvm/java-8-openjdk-amd64/jre/lib/amd64/libjava.so
7fbc7b595000-7fbc7b596000 r--p 0002b000 08:01 4723440                    /usr/lib/jvm/java-8-openjdk-amd64/jre/lib/amd64/libjava.so
7fbc7b596000-7fbc7b598000 rw-p 0002c000 08:01 4723440                    /usr/lib/jvm/java-8-openjdk-amd64/jre/lib/amd64/libjava.so
7fbc7b598000-7fbc7b5a7000 r-xp 00000000 08:01 4723428                    /usr/lib/jvm/java-8-openjdk-amd64/jre/lib/amd64/libverify.so
7fbc7b5a7000-7fbc7b7a6000 ---p 0000f000 08:01 4723428                    /usr/lib/jvm/java-8-openjdk-amd64/jre/lib/amd64/libverify.so
7fbc7b7a6000-7fbc7b7a8000 r--p 0000e000 08:01 4723428                    /usr/lib/jvm/java-8-openjdk-amd64/jre/lib/amd64/libverify.so
7fbc7b7a8000-7fbc7b7a9000 rw-p 00010000 08:01 4723428                    /usr/lib/jvm/java-8-openjdk-amd64/jre/lib/amd64/libverify.so
7fbc7b7a9000-7fbc7b7b0000 r-xp 00000000 08:01 2757544                    /lib/x86_64-linux-gnu/librt-2.23.so
7fbc7b7b0000-7fbc7b9af000 ---p 00007000 08:01 2757544                    /lib/x86_64-linux-gnu/librt-2.23.so
7fbc7b9af000-7fbc7b9b0000 r--p 00006000 08:01 2757544                    /lib/x86_64-linux-gnu/librt-2.23.so
7fbc7b9b0000-7fbc7b9b1000 rw-p 00007000 08:01 2757544                    /lib/x86_64-linux-gnu/librt-2.23.so
7fbc7b9b1000-7fbc7b9c7000 r-xp 00000000 08:01 2757428                    /lib/x86_64-linux-gnu/libgcc_s.so.1
7fbc7b9c7000-7fbc7bbc6000 ---p 00016000 08:01 2757428                    /lib/x86_64-linux-gnu/libgcc_s.so.1
7fbc7bbc6000-7fbc7bbc7000 rw-p 00015000 08:01 2757428                    /lib/x86_64-linux-gnu/libgcc_s.so.1
7fbc7bbc7000-7fbc7bccf000 r-xp 00000000 08:01 2757460                    /lib/x86_64-linux-gnu/libm-2.23.so
7fbc7bccf000-7fbc7bece000 ---p 00108000 08:01 2757460                    /lib/x86_64-linux-gnu/libm-2.23.so
7fbc7bece000-7fbc7becf000 r--p 00107000 08:01 2757460                    /lib/x86_64-linux-gnu/libm-2.23.so
7fbc7becf000-7fbc7bed0000 rw-p 00108000 08:01 2757460                    /lib/x86_64-linux-gnu/libm-2.23.so
7fbc7bed0000-7fbc7c042000 r-xp 00000000 08:01 4728465                    /usr/lib/x86_64-linux-gnu/libstdc++.so.6.0.21
7fbc7c042000-7fbc7c242000 ---p 00172000 08:01 4728465                    /usr/lib/x86_64-linux-gnu/libstdc++.so.6.0.21
7fbc7c242000-7fbc7c24c000 r--p 00172000 08:01 4728465                    /usr/lib/x86_64-linux-gnu/libstdc++.so.6.0.21
7fbc7c24c000-7fbc7c24e000 rw-p 0017c000 08:01 4728465                    /usr/lib/x86_64-linux-gnu/libstdc++.so.6.0.21
7fbc7c24e000-7fbc7c252000 rw-p 00000000 00:00 0 
7fbc7c252000-7fbc7ceb6000 r-xp 00000000 08:01 4723438                    /usr/lib/jvm/java-8-openjdk-amd64/jre/lib/amd64/server/libjvm.so
7fbc7ceb6000-7fbc7d0b5000 ---p 00c64000 08:01 4723438                    /usr/lib/jvm/java-8-openjdk-amd64/jre/lib/amd64/server/libjvm.so
7fbc7d0b5000-7fbc7d149000 r--p 00c63000 08:01 4723438                    /usr/lib/jvm/java-8-openjdk-amd64/jre/lib/amd64/server/libjvm.so
7fbc7d149000-7fbc7d172000 rw-p 00cf7000 08:01 4723438                    /usr/lib/jvm/java-8-openjdk-amd64/jre/lib/amd64/server/libjvm.so
7fbc7d172000-7fbc7d1a2000 rw-p 00000000 00:00 0 
7fbc7d1a2000-7fbc7d1ba000 r-xp 00000000 08:01 2757536                    /lib/x86_64-linux-gnu/libpthread-2.23.so
7fbc7d1ba000-7fbc7d3b9000 ---p 00018000 08:01 2757536                    /lib/x86_64-linux-gnu/libpthread-2.23.so
7fbc7d3b9000-7fbc7d3ba000 r--p 00017000 08:01 2757536                    /lib/x86_64-linux-gnu/libpthread-2.23.so
7fbc7d3ba000-7fbc7d3bb000 rw-p 00018000 08:01 2757536                    /lib/x86_64-linux-gnu/libpthread-2.23.so
7fbc7d3bb000-7fbc7d3bf000 rw-p 00000000 00:00 0 
7fbc7d3bf000-7fbc7d3c2000 r-xp 00000000 08:01 2757414                    /lib/x86_64-linux-gnu/libdl-2.23.so
7fbc7d3c2000-7fbc7d5c1000 ---p 00003000 08:01 2757414                    /lib/x86_64-linux-gnu/libdl-2.23.so
7fbc7d5c1000-7fbc7d5c2000 r--p 00002000 08:01 2757414                    /lib/x86_64-linux-gnu/libdl-2.23.so
7fbc7d5c2000-7fbc7d5c3000 rw-p 00003000 08:01 2757414                    /lib/x86_64-linux-gnu/libdl-2.23.so
7fbc7d5c3000-7fbc7d5dc000 r-xp 00000000 08:01 2757581                    /lib/x86_64-linux-gnu/libz.so.1.2.8
7fbc7d5dc000-7fbc7d7db000 ---p 00019000 08:01 2757581                    /lib/x86_64-linux-gnu/libz.so.1.2.8
7fbc7d7db000-7fbc7d7dc000 r--p 00018000 08:01 2757581                    /lib/x86_64-linux-gnu/libz.so.1.2.8
7fbc7d7dc000-7fbc7d7dd000 rw-p 00019000 08:01 2757581                    /lib/x86_64-linux-gnu/libz.so.1.2.8
7fbc7d7dd000-7fbc7d99d000 r-xp 00000000 08:01 2757390                    /lib/x86_64-linux-gnu/libc-2.23.so
7fbc7d99d000-7fbc7db9d000 ---p 001c0000 08:01 2757390                    /lib/x86_64-linux-gnu/libc-2.23.so
7fbc7db9d000-7fbc7dba1000 r--p 001c0000 08:01 2757390                    /lib/x86_64-linux-gnu/libc-2.23.so
7fbc7dba1000-7fbc7dba3000 rw-p 001c4000 08:01 2757390                    /lib/x86_64-linux-gnu/libc-2.23.so
7fbc7dba3000-7fbc7dba7000 rw-p 00000000 00:00 0 
7fbc7dba7000-7fbc7dbb4000 r-xp 00000000 08:01 4723477                    /usr/lib/jvm/java-8-openjdk-amd64/jre/lib/amd64/jli/libjli.so
7fbc7dbb4000-7fbc7ddb3000 ---p 0000d000 08:01 4723477                    /usr/lib/jvm/java-8-openjdk-amd64/jre/lib/amd64/jli/libjli.so
7fbc7ddb3000-7fbc7ddb4000 r--p 0000c000 08:01 4723477                    /usr/lib/jvm/java-8-openjdk-amd64/jre/lib/amd64/jli/libjli.so
7fbc7ddb4000-7fbc7ddb5000 rw-p 0000d000 08:01 4723477                    /usr/lib/jvm/java-8-openjdk-amd64/jre/lib/amd64/jli/libjli.so
7fbc7ddb5000-7fbc7dddb000 r-xp 00000000 08:01 2757362                    /lib/x86_64-linux-gnu/ld-2.23.so
7fbc7dddb000-7fbc7dddc000 r--s 000ba000 08:03 1966787                    /home/foysal/.gradle/caches/modules-2/files-2.1/com.badlogicgames.gdx/gdx-platform/1.9.9/7e644cfafdb436b13b24ac7993ffab17f306b64d/gdx-platform-1.9.9-natives-desktop.jar
7fbc7dddc000-7fbc7ddde000 r--s 00001000 08:01 4724286                    /usr/lib/jvm/java-8-openjdk-amd64/jre/lib/ext/dnsns.jar
7fbc7ddde000-7fbc7dddf000 r--s 00010000 08:01 4724282                    /usr/lib/jvm/java-8-openjdk-amd64/jre/lib/ext/zipfs.jar
7fbc7dddf000-7fbc7dde2000 r--s 0000f000 08:01 4724278                    /usr/lib/jvm/java-8-openjdk-amd64/jre/lib/ext/icedtea-sound.jar
7fbc7dde2000-7fbc7dde5000 r--s 00039000 08:01 4724288                    /usr/lib/jvm/java-8-openjdk-amd64/jre/lib/ext/sunpkcs11.jar
7fbc7dde5000-7fbc7deb6000 rw-p 00000000 00:00 0 
7fbc7deb6000-7fbc7deb9000 ---p 00000000 00:00 0 
7fbc7deb9000-7fbc7dfbb000 rw-p 00000000 00:00 0 
7fbc7dfbb000-7fbc7dfbc000 r--s 0000a000 08:01 4724285                    /usr/lib/jvm/java-8-openjdk-amd64/jre/lib/ext/jaccess.jar
7fbc7dfbc000-7fbc7dfcf000 rw-p 00000000 00:00 0 
7fbc7dfcf000-7fbc7dfd7000 rw-s 00000000 08:01 1970564                    /tmp/hsperfdata_foysal/17599
7fbc7dfd7000-7fbc7dfd8000 rw-p 00000000 00:00 0 
7fbc7dfd8000-7fbc7dfd9000 r--p 00000000 00:00 0 
7fbc7dfd9000-7fbc7dfda000 rw-p 00000000 00:00 0 
7fbc7dfda000-7fbc7dfdb000 r--p 00025000 08:01 2757362                    /lib/x86_64-linux-gnu/ld-2.23.so
7fbc7dfdb000-7fbc7dfdc000 rw-p 00026000 08:01 2757362                    /lib/x86_64-linux-gnu/ld-2.23.so
7fbc7dfdc000-7fbc7dfdd000 rw-p 00000000 00:00 0 
7ffcf189f000-7ffcf18c1000 rw-p 00000000 00:00 0                          [stack]
7ffcf19c9000-7ffcf19cc000 r--p 00000000 00:00 0                          [vvar]
7ffcf19cc000-7ffcf19ce000 r-xp 00000000 00:00 0                          [vdso]
ffffffffff600000-ffffffffff601000 r-xp 00000000 00:00 0                  [vsyscall]

VM Arguments:
jvm_args: -Dfile.encoding=UTF-8 
java_command: com.mygdx.game.desktop.DesktopLauncher
java_class_path (initial): /home/foysal/Documents/project/desktop/bin/main:/home/foysal/Documents/project/desktop/bin/default:/home/foysal/Documents/project/core/bin/main:/home/foysal/.gradle/caches/modules-2/files-2.1/net.dermetfan.libgdx-utils/libgdx-utils-box2d/0.13.4/918d79a20ea3c898cdb3611782c5b2bfa6ec575b/libgdx-utils-box2d-0.13.4.jar:/home/foysal/.gradle/caches/modules-2/files-2.1/net.dermetfan.libgdx-utils/libgdx-utils/0.13.4/27affad2873d1c9c366a2290fc51f3927f3a5f83/libgdx-utils-0.13.4.jar:/home/foysal/.gradle/caches/modules-2/files-2.1/com.badlogicgames.gdx/gdx-box2d/1.9.9/e9a43c50fbe4f1e26dd0af5d2e78d125549e7f6b/gdx-box2d-1.9.9.jar:/home/foysal/.gradle/caches/modules-2/files-2.1/com.badlogicgames.gdx/gdx/1.9.9/bf26f2f816b3cfe37ac6e66615391c30714b7030/gdx-1.9.9.jar:/home/foysal/.gradle/caches/modules-2/files-2.1/com.badlogicgames.gdx/gdx-backend-lwjgl/1.9.9/ca8911cb94c0bfeb59f99e46ca9b92440958fb0e/gdx-backend-lwjgl-1.9.9.jar:/home/foysal/.gradle/caches/modules-2/files-2.1/com.badlogicgames.gdx/gdx-platform/1.9.9/7e644cfafdb436b13b24ac7993ffab17f306b64d/gdx-platform-1.9.9-natives-desktop.jar:/home/foysal/.gradle/caches/modules-2/files-2.1/com.badlogicgames.gdx/gdx-box2d-platform/1.9.9/72b2916f45f3f948896eda931cd597f7e698340f/gdx-box2d-platform-1.9.9-natives-desktop.jar:/home/foysal/.gradle/caches/modules-2/files-2.1/org.lwjgl.lwjgl/lwjgl_util/2.9.2/4b9e37300a87799856e0bd15ed81663cdb6b0947/lwjgl_util-2.9.2.jar:/home/foysal/.gradle/caches/modules-2/files-2.1/org.lwjgl.lwjgl/lwjgl/2.9.2/a9d80fe5935c7a9149f6584d9777cfd471f65489/lwjgl-2.9.2.jar:/home/foysal/.gradle/caches/modules-2/files-2.1/com.badlogicgames.jlayer/jlayer/1.0.1-gdx/7cca83cec5c1b2f011362f4d85aabd71a73b049d/jlayer-1.0.1-gdx.jar:/home/foysal/.gradle/caches/modules-2/files-2.1/org.jcraft/jorbis/0.0.17/8872d22b293e8f5d7d56ff92be966e6dc28ebdc6/jorbis-0.0.17.jar:/home/foysal/.gradle/caches/modules-2/files-2.1/org.lwjgl.lwjgl/lwjgl-platform/2.9.2/510c7d317f5e9e700b9cfaac5fd38bdebf0702e0/lwjgl-platform
Launcher Type: SUN_STANDARD

Environment Variables:
PATH=/home/foysal/bin:/home/foysal/.local/bin:/usr/local/sbin:/usr/local/bin:/usr/sbin:/usr/bin:/sbin:/bin:/usr/games:/usr/local/games:/snap/bin
SHELL=/bin/bash
DISPLAY=:0

Signal Handlers:
SIGSEGV: [libjvm.so+0xa765a0], sa_mask[0]=11111111011111111101111111111110, sa_flags=SA_RESTART|SA_SIGINFO
SIGBUS: [libjvm.so+0xa765a0], sa_mask[0]=11111111011111111101111111111110, sa_flags=SA_RESTART|SA_SIGINFO
SIGFPE: [libjvm.so+0x8bd800], sa_mask[0]=11111111011111111101111111111110, sa_flags=SA_RESTART|SA_SIGINFO
SIGPIPE: [libjvm.so+0x8bd800], sa_mask[0]=11111111011111111101111111111110, sa_flags=SA_RESTART|SA_SIGINFO
SIGXFSZ: [libjvm.so+0x8bd800], sa_mask[0]=11111111011111111101111111111110, sa_flags=SA_RESTART|SA_SIGINFO
SIGILL: [libjvm.so+0x8bd800], sa_mask[0]=11111111011111111101111111111110, sa_flags=SA_RESTART|SA_SIGINFO
SIGUSR1: SIG_DFL, sa_mask[0]=00000000000000000000000000000000, sa_flags=none
SIGUSR2: [libjvm.so+0x8bd6b0], sa_mask[0]=00100000000000000000000000000000, sa_flags=SA_RESTART|SA_SIGINFO
SIGHUP: [libjvm.so+0x8bdd40], sa_mask[0]=11111111011111111101111111111110, sa_flags=SA_RESTART|SA_SIGINFO
SIGINT: [libjvm.so+0x8bdd40], sa_mask[0]=11111111011111111101111111111110, sa_flags=SA_RESTART|SA_SIGINFO
SIGTERM: [libjvm.so+0x8bdd40], sa_mask[0]=11111111011111111101111111111110, sa_flags=SA_RESTART|SA_SIGINFO
SIGQUIT: [libjvm.so+0x8bdd40], sa_mask[0]=11111111011111111101111111111110, sa_flags=SA_RESTART|SA_SIGINFO


---------------  S Y S T E M  ---------------

OS:DISTRIB_ID=Ubuntu
DISTRIB_RELEASE=16.04
DISTRIB_CODENAME=xenial
DISTRIB_DESCRIPTION="Ubuntu 16.04.6 LTS"

uname:Linux 4.15.0-54-generic #58~16.04.1-Ubuntu SMP Mon Jun 24 13:21:41 UTC 2019 x86_64
libc:glibc 2.23 NPTL 2.23 
rlimit: STACK 8192k, CORE 0k, NPROC 15175, NOFILE 1048576, AS infinity
load average:2.47 2.12 2.08

/proc/meminfo:
MemTotal:        3945256 kB
MemFree:          106480 kB
MemAvailable:     661408 kB
Buffers:           29700 kB
Cached:          1118308 kB
SwapCached:         1356 kB
Active:          2613912 kB
Inactive:         988216 kB
Active(anon):    2253056 kB
Inactive(anon):   627728 kB
Active(file):     360856 kB
Inactive(file):   360488 kB
Unevictable:         160 kB
Mlocked:             160 kB
SwapTotal:       3999740 kB
SwapFree:        3985916 kB
Dirty:             71992 kB
Writeback:             0 kB
AnonPages:       2452980 kB
Mapped:           550912 kB
Shmem:            426664 kB
Slab:             115440 kB
SReclaimable:      72308 kB
SUnreclaim:        43132 kB
KernelStack:       11632 kB
PageTables:        57384 kB
NFS_Unstable:          0 kB
Bounce:                0 kB
WritebackTmp:          0 kB
CommitLimit:     5972368 kB
Committed_AS:    8780564 kB
VmallocTotal:   34359738367 kB
VmallocUsed:           0 kB
VmallocChunk:          0 kB
HardwareCorrupted:     0 kB
AnonHugePages:      6144 kB
ShmemHugePages:        0 kB
ShmemPmdMapped:        0 kB
CmaTotal:              0 kB
CmaFree:               0 kB
HugePages_Total:       0
HugePages_Free:        0
HugePages_Rsvd:        0
HugePages_Surp:        0
Hugepagesize:       2048 kB
DirectMap4k:      190752 kB
DirectMap2M:     3909632 kB

container (cgroup) information:
container_type: cgroupv1
cpu_cpuset_cpus: 0-3
cpu_memory_nodes: 0
active_processor_count: 4
cpu_quota: -1
cpu_period: 100000
cpu_shares: -1
memory_limit_in_bytes: -1
memory_and_swap_limit_in_bytes: -2
memory_soft_limit_in_bytes: -1
memory_usage_in_bytes: 3688861696
memory_max_usage_in_bytes: 2097152


CPU:total 4 (initial active 4) (2 cores per cpu, 2 threads per core) family 6 model 42 stepping 7, cmov, cx8, fxsr, mmx, sse, sse2, sse3, ssse3, sse4.1, sse4.2, popcnt, avx, clmul, ht, tsc, tscinvbit

/proc/cpuinfo:
processor	: 0
vendor_id	: GenuineIntel
cpu family	: 6
model		: 42
model name	: Intel(R) Core(TM) i3-2350M CPU @ 2.30GHz
stepping	: 7
microcode	: 0x2f
cpu MHz		: 1727.868
cache size	: 3072 KB
physical id	: 0
siblings	: 4
core id		: 0
cpu cores	: 2
apicid		: 0
initial apicid	: 0
fpu		: yes
fpu_exception	: yes
cpuid level	: 13
wp		: yes
flags		: fpu vme de pse tsc msr pae mce cx8 apic sep mtrr pge mca cmov pat pse36 clflush dts acpi mmx fxsr sse sse2 ss ht tm pbe syscall nx rdtscp lm constant_tsc arch_perfmon pebs bts rep_good nopl xtopology nonstop_tsc cpuid aperfmperf pni pclmulqdq dtes64 monitor ds_cpl vmx est tm2 ssse3 cx16 xtpr pdcm pcid sse4_1 sse4_2 x2apic popcnt tsc_deadline_timer xsave avx lahf_lm epb pti ssbd ibrs ibpb stibp tpr_shadow vnmi flexpriority ept vpid xsaveopt dtherm arat pln pts md_clear flush_l1d
bugs		: cpu_meltdown spectre_v1 spectre_v2 spec_store_bypass l1tf mds
bogomips	: 4589.43
clflush size	: 64
cache_alignment	: 64
address sizes	: 36 bits physical, 48 bits virtual
power management:

processor	: 1
vendor_id	: GenuineIntel
cpu family	: 6
model		: 42
model name	: Intel(R) Core(TM) i3-2350M CPU @ 2.30GHz
stepping	: 7
microcode	: 0x2f
cpu MHz		: 1381.272
cache size	: 3072 KB
physical id	: 0
siblings	: 4
core id		: 1
cpu cores	: 2
apicid		: 2
initial apicid	: 2
fpu		: yes
fpu_exception	: yes
cpuid level	: 13
wp		: yes
flags		: fpu vme de pse tsc msr pae mce cx8 apic sep mtrr pge mca cmov pat pse36 clflush dts acpi mmx fxsr sse sse2 ss ht tm pbe syscall nx rdtscp lm constant_tsc arch_perfmon pebs bts rep_good nopl xtopology nonstop_tsc cpuid aperfmperf pni pclmulqdq dtes64 monitor ds_cpl vmx est tm2 ssse3 cx16 xtpr pdcm pcid sse4_1 sse4_2 x2apic popcnt tsc_deadline_timer xsave avx lahf_lm epb pti ssbd ibrs ibpb stibp tpr_shadow vnmi flexpriority ept vpid xsaveopt dtherm arat pln pts md_clear flush_l1d
bugs		: cpu_meltdown spectre_v1 spectre_v2 spec_store_bypass l1tf mds
bogomips	: 4589.43
clflush size	: 64
cache_alignment	: 64
address sizes	: 36 bits physical, 48 bits virtual
power management:

processor	: 2
vendor_id	: GenuineIntel
cpu family	: 6
model		: 42
model name	: Intel(R) Core(TM) i3-2350M CPU @ 2.30GHz
stepping	: 7
microcode	: 0x2f
cpu MHz		: 1572.700
cache size	: 3072 KB
physical id	: 0
siblings	: 4
core id		: 0
cpu cores	: 2
apicid		: 1
initial apicid	: 1
fpu		: yes
fpu_exception	: yes
cpuid level	: 13
wp		: yes
flags		: fpu vme de pse tsc msr pae mce cx8 apic sep mtrr pge mca cmov pat pse36 clflush dts acpi mmx fxsr sse sse2 ss ht tm pbe syscall nx rdtscp lm constant_tsc arch_perfmon pebs bts rep_good nopl xtopology nonstop_tsc cpuid aperfmperf pni pclmulqdq dtes64 monitor ds_cpl vmx est tm2 ssse3 cx16 xtpr pdcm pcid sse4_1 sse4_2 x2apic popcnt tsc_deadline_timer xsave avx lahf_lm epb pti ssbd ibrs ibpb stibp tpr_shadow vnmi flexpriority ept vpid xsaveopt dtherm arat pln pts md_clear flush_l1d
bugs		: cpu_meltdown spectre_v1 spectre_v2 spec_store_bypass l1tf mds
bogomips	: 4589.43
clflush size	: 64
cache_alignment	: 64
address sizes	: 36 bits physical, 48 bits virtual
power management:

processor	: 3
vendor_id	: GenuineIntel
cpu family	: 6
model		: 42
model name	: Intel(R) Core(TM) i3-2350M CPU @ 2.30GHz
stepping	: 7
microcode	: 0x2f
cpu MHz		: 1573.487
cache size	: 3072 KB
physical id	: 0
siblings	: 4
core id		: 1
cpu cores	: 2
apicid		: 3
initial apicid	: 3
fpu		: yes
fpu_exception	: yes
cpuid level	: 13
wp		: yes
flags		: fpu vme de pse tsc msr pae mce cx8 apic sep mtrr pge mca cmov pat pse36 clflush dts acpi mmx fxsr sse sse2 ss ht tm pbe syscall nx rdtscp lm constant_tsc arch_perfmon pebs bts rep_good nopl xtopology nonstop_tsc cpuid aperfmperf pni pclmulqdq dtes64 monitor ds_cpl vmx est tm2 ssse3 cx16 xtpr pdcm pcid sse4_1 sse4_2 x2apic popcnt tsc_deadline_timer xsave avx lahf_lm epb pti ssbd ibrs ibpb stibp tpr_shadow vnmi flexpriority ept vpid xsaveopt dtherm arat pln pts md_clear flush_l1d
bugs		: cpu_meltdown spectre_v1 spectre_v2 spec_store_bypass l1tf mds
bogomips	: 4589.43
clflush size	: 64
cache_alignment	: 64
address sizes	: 36 bits physical, 48 bits virtual
power management:



Memory: 4k page, physical 3945256k(106480k free), swap 3999740k(3985916k free)

vm_info: OpenJDK 64-Bit Server VM (25.212-b03) for linux-amd64 JRE (1.8.0_212-8u212-b03-0ubuntu1.16.04.1-b03), built on Apr 26 2019 02:02:50 by "buildd" with gcc 5.4.0 20160609

time: Fri Jul 12 16:37:27 2019
timezone: +06
elapsed time: 1 seconds (0d 0h 0m 1s)

